Log file open, 07/15/21 13:47:45
LogWindows: Failed to load 'aqProf.dll' (GetLastError=126)
LogWindows: File 'aqProf.dll' does not exist
LogWindows: Failed to load 'VtuneApi.dll' (GetLastError=126)
LogWindows: File 'VtuneApi.dll' does not exist
LogWindows: Failed to load 'VtuneApi32e.dll' (GetLastError=126)
LogWindows: File 'VtuneApi32e.dll' does not exist
LogConsoleResponse: Display: Failed to find resolution value strings in scalability ini. Falling back to default.
LogConsoleResponse: Display: Failed to find resolution value strings in scalability ini. Falling back to default.
LogInit: Display: Running engine for game: UnrealPong
LogPlatformFile: Not using cached read wrapper
LogTaskGraph: Started task graph with 5 named threads and 35 total threads with 3 sets of task threads.
LogStats: Stats thread started at 0.420792
LogICUInternationalization: ICU TimeZone Detection - Raw Offset: -7:00, Platform Override: ''
LogInit: Display: Loading text-based GConfig....
LogPluginManager: Mounting plugin MeshPainting
LogPluginManager: Mounting plugin XGEController
LogPluginManager: Mounting plugin Paper2D
LogPluginManager: Mounting plugin LiveLink
LogPluginManager: Mounting plugin EnvironmentQueryEditor
LogPluginManager: Mounting plugin AISupport
LogPluginManager: Mounting plugin GameplayCameras
LogPluginManager: Mounting plugin LightPropagationVolume
LogPluginManager: Mounting plugin CameraShakePreviewer
LogPluginManager: Mounting plugin OodleData
LogPluginManager: Mounting plugin AssetManagerEditor
LogPluginManager: Mounting plugin OodleNetwork
LogPluginManager: Mounting plugin CryptoKeys
LogPluginManager: Mounting plugin CurveEditorTools
LogPluginManager: Mounting plugin AnimationSharing
LogPluginManager: Mounting plugin DataValidation
LogPluginManager: Mounting plugin FacialAnimation
LogPluginManager: Mounting plugin GeometryMode
LogPluginManager: Mounting plugin GameplayTagsEditor
LogPluginManager: Mounting plugin MaterialAnalyzer
LogPluginManager: Mounting plugin MacGraphicsSwitching
LogPluginManager: Mounting plugin PluginBrowser
LogPluginManager: Mounting plugin MobileLauncherProfileWizard
LogPluginManager: Mounting plugin SpeedTreeImporter
LogPluginManager: Mounting plugin AlembicImporter
LogPluginManager: Mounting plugin DatasmithContent
LogPluginManager: Mounting plugin BackChannel
LogPluginManager: Mounting plugin AutomationUtils
LogPluginManager: Mounting plugin Niagara
LogPluginManager: Mounting plugin ChaosCloth
LogPluginManager: Mounting plugin ChaosClothEditor
LogPluginManager: Mounting plugin VariantManagerContent
LogPluginManager: Mounting plugin ChaosEditor
LogPluginManager: Mounting plugin ChaosSolverPlugin
LogPluginManager: Mounting plugin ChaosNiagara
LogPluginManager: Mounting plugin CharacterAI
LogPluginManager: Mounting plugin GeometryCache
LogPluginManager: Mounting plugin GeometryCollectionPlugin
LogPluginManager: Mounting plugin GeometryProcessing
LogPluginManager: Mounting plugin OpenImageDenoise
LogPluginManager: Mounting plugin MotoSynth
LogPluginManager: Mounting plugin PlanarCut
LogPluginManager: Mounting plugin PlatformCrypto
LogPluginManager: Mounting plugin ProxyLODPlugin
LogPluginManager: Mounting plugin PythonScriptPlugin
LogPluginManager: Mounting plugin SkeletalReduction
LogPluginManager: Mounting plugin LuminPlatformFeatures
LogPluginManager: Mounting plugin MagicLeap
LogPluginManager: Mounting plugin MagicLeapLightEstimation
LogPluginManager: Mounting plugin MagicLeapMedia
LogPluginManager: Mounting plugin MagicLeapPassableWorld
LogPluginManager: Mounting plugin MLSDK
LogPluginManager: Mounting plugin AndroidMedia
LogPluginManager: Mounting plugin AvfMedia
LogPluginManager: Mounting plugin HardwareEncoders
LogPluginManager: Mounting plugin ImgMedia
LogPluginManager: Mounting plugin MediaCompositing
LogPluginManager: Mounting plugin MediaPlayerEditor
LogPluginManager: Mounting plugin WebMMedia
LogPluginManager: Mounting plugin WmfMedia
LogPluginManager: Mounting plugin TcpMessaging
LogPluginManager: Mounting plugin ActorSequence
LogPluginManager: Mounting plugin UdpMessaging
LogPluginManager: Mounting plugin LevelSequenceEditor
LogPluginManager: Mounting plugin MatineeToLevelSequence
LogPluginManager: Mounting plugin TemplateSequence
LogPluginManager: Mounting plugin OnlineSubsystem
LogPluginManager: Mounting plugin OnlineSubsystemNull
LogPluginManager: Mounting plugin LauncherChunkInstaller
LogPluginManager: Mounting plugin OnlineSubsystemUtils
LogPluginManager: Mounting plugin ActorLayerUtilities
LogPluginManager: Mounting plugin AndroidDeviceProfileSelector
LogPluginManager: Mounting plugin AndroidPermission
LogPluginManager: Mounting plugin AppleImageUtils
LogPluginManager: Mounting plugin AndroidMoviePlayer
LogPluginManager: Mounting plugin AppleMoviePlayer
LogPluginManager: Mounting plugin ArchVisCharacter
LogPluginManager: Mounting plugin AssetTags
LogPluginManager: Mounting plugin AudioCapture
LogPluginManager: Mounting plugin AudioSynesthesia
LogPluginManager: Mounting plugin CableComponent
LogPluginManager: Mounting plugin ChunkDownloader
LogPluginManager: Mounting plugin CustomMeshComponent
LogPluginManager: Mounting plugin EditableMesh
LogPluginManager: Mounting plugin ExampleDeviceProfileSelector
LogPluginManager: Mounting plugin GoogleCloudMessaging
LogPluginManager: Mounting plugin GooglePAD
LogPluginManager: Mounting plugin LinuxDeviceProfileSelector
LogPluginManager: Mounting plugin IOSDeviceProfileSelector
LogPluginManager: Mounting plugin LocationServicesBPLibrary
LogPluginManager: Mounting plugin MobilePatchingUtils
LogPluginManager: Mounting plugin OpenXR
LogPluginManager: Mounting plugin ScreenshotTools
LogPluginManager: Mounting plugin OpenXREyeTracker
LogPluginManager: Mounting plugin OpenXRHandTracking
LogPluginManager: Mounting plugin PostSplashScreen
LogPluginManager: Mounting plugin PhysXVehicles
LogPluginManager: Mounting plugin PropertyAccessEditor
LogPluginManager: Mounting plugin ProceduralMeshComponent
LogPluginManager: Mounting plugin SignificanceManager
LogPluginManager: Mounting plugin SoundFields
LogPluginManager: Mounting plugin RuntimePhysXCooking
LogPluginManager: Mounting plugin Synthesis
LogPluginManager: Mounting plugin WebMMoviePlayer
LogPluginManager: Mounting plugin WindowsMoviePlayer
LogPluginManager: Mounting plugin Takes
LogPluginManager: Mounting plugin CodeLiteSourceCodeAccess
LogPluginManager: Mounting plugin CLionSourceCodeAccess
LogPluginManager: Mounting plugin GitSourceControl
LogPluginManager: Mounting plugin KDevelopSourceCodeAccess
LogPluginManager: Mounting plugin NullSourceCodeAccess
LogPluginManager: Mounting plugin PlasticSourceControl
LogPluginManager: Mounting plugin PixWinPlugin
LogPluginManager: Mounting plugin PerforceSourceControl
LogPluginManager: Mounting plugin PluginUtils
LogPluginManager: Mounting plugin PropertyAccessNode
LogPluginManager: Mounting plugin RiderLink
LogPluginManager: Mounting plugin RiderSourceCodeAccess
LogPluginManager: Mounting plugin TextureFormatOodle
LogPluginManager: Mounting plugin SubversionSourceControl
LogPluginManager: Mounting plugin VisualStudioCodeSourceCodeAccess
LogPluginManager: Mounting plugin UObjectPlugin
LogPluginManager: Mounting plugin XCodeSourceCodeAccess
LogPluginManager: Mounting plugin VisualStudioSourceCodeAccess
LogPluginManager: Mounting plugin ContentBrowserAssetDataSource
LogPluginManager: Mounting plugin ContentBrowserFileDataSource
LogPluginManager: Mounting plugin ContentBrowserClassDataSource
LogPluginManager: Mounting plugin OnlineSubsystemGooglePlay
LogPluginManager: Mounting plugin OnlineSubsystemIOS
LogPluginManager: Mounting plugin OculusVR
LogPluginManager: Mounting plugin SteamVR
LogPluginManager: Mounting plugin BPEditorExtension
LogPluginManager: Mounting plugin EpicStudioAnalytics
LogPluginManager: Mounting plugin ObjectBrowser
LogWindows: Failed to load 'amfrt64.dll' (GetLastError=126)
LogWindows: File 'amfrt64.dll' does not exist
LogD3D11RHI: Loaded GFSDK_Aftermath_Lib.x64.dll
LogD3D11RHI: D3D11 min allowed feature level: 11_0
LogD3D11RHI: D3D11 max allowed feature level: 11_0
LogD3D11RHI: D3D11 adapters:
LogD3D11RHI:    0. 'NVIDIA GeForce GTX 1080' (Feature Level 11_0)
LogD3D11RHI:       8079/0/16354 MB DedicatedVideo/DedicatedSystem/SharedSystem, Outputs:2, VendorId:0x10de
LogD3D11RHI:    1. 'Microsoft Basic Render Driver' (Feature Level 11_0)
LogD3D11RHI:       0/0/16354 MB DedicatedVideo/DedicatedSystem/SharedSystem, Outputs:0, VendorId:0x1414
LogD3D11RHI: Chosen D3D11 Adapter: 0
LogInit: Using libcurl 7.55.1-DEV
LogInit:  - built for x86_64-pc-win32
LogInit:  - supports SSL with OpenSSL/1.1.1
LogInit:  - supports HTTP deflate (compression) using libz 1.2.8
LogInit:  - other features:
LogInit:      CURL_VERSION_SSL
LogInit:      CURL_VERSION_LIBZ
LogInit:      CURL_VERSION_IPV6
LogInit:      CURL_VERSION_ASYNCHDNS
LogInit:      CURL_VERSION_LARGEFILE
LogInit:      CURL_VERSION_IDN
LogInit:  CurlRequestOptions (configurable via config and command line):
LogInit:  - bVerifyPeer = true  - Libcurl will verify peer certificate
LogInit:  - bUseHttpProxy = false  - Libcurl will NOT use HTTP proxy
LogInit:  - bDontReuseConnections = false  - Libcurl will reuse connections
LogInit:  - MaxHostConnections = 16  - Libcurl will limit the number of connections to a host
LogInit:  - LocalHostAddr = Default
LogInit:  - BufferSize = 65536
LogOnline: OSS: Creating online subsystem instance for: NULL
LogInit: WinSock: version 1.1 (2.2), MaxSocks=32767, MaxUdp=65467
LogOnline: OSS: TryLoadSubsystemAndSetDefault: Loaded subsystem for module [NULL]
PixWinPlugin: PIX capture plugin failed to initialize! Check that the process is launched from PIX.
LogOculusPluginWrapper: OculusPlugin initialized successfully
LogHMD: Failed initializing OVRPlugin 1.59.0
LogInit: Build: ++UE4+Release-4.27-CL-0
LogInit: Engine Version: 4.27.0-0+++UE4+Release-4.27
LogInit: Compatible Engine Version: 4.27.0-0+++UE4+Release-4.27
LogInit: Net CL: 0
LogInit: OS: Windows 10 (Release 2009) (), CPU: AMD Ryzen 5 3600 6-Core Processor              , GPU: NVIDIA GeForce GTX 1080
LogInit: Compiled (64-bit): Jul 14 2021 08:36:12
LogInit: Compiled with Visual C++: 19.29.30038.01
LogInit: Build Configuration: Development
LogInit: Branch Name: ++UE4+Release-4.27
LogInit: Command Line:  -skipcompile
LogInit: Base Directory: C:/Users/zonks/Documents/Unreal/Engine/Engine/Binaries/Win64/
LogInit: Allocator: TBB
LogInit: Installed Engine Build: 0
LogDevObjectVersion: Number of dev versions registered: 29
LogDevObjectVersion:   Dev-Blueprints (B0D832E4-1F89-4F0D-ACCF-7EB736FD4AA2): 10
LogDevObjectVersion:   Dev-Build (E1C64328-A22C-4D53-A36C-8E866417BD8C): 0
LogDevObjectVersion:   Dev-Core (375EC13C-06E4-48FB-B500-84F0262A717E): 4
LogDevObjectVersion:   Dev-Editor (E4B068ED-F494-42E9-A231-DA0B2E46BB41): 40
LogDevObjectVersion:   Dev-Framework (CFFC743F-43B0-4480-9391-14DF171D2073): 37
LogDevObjectVersion:   Dev-Mobile (B02B49B5-BB20-44E9-A304-32B752E40360): 3
LogDevObjectVersion:   Dev-Networking (A4E4105C-59A1-49B5-A7C5-40C4547EDFEE): 0
LogDevObjectVersion:   Dev-Online (39C831C9-5AE6-47DC-9A44-9C173E1C8E7C): 0
LogDevObjectVersion:   Dev-Physics (78F01B33-EBEA-4F98-B9B4-84EACCB95AA2): 14
LogDevObjectVersion:   Dev-Platform (6631380F-2D4D-43E0-8009-CF276956A95A): 0
LogDevObjectVersion:   Dev-Rendering (12F88B9F-8875-4AFC-A67C-D90C383ABD29): 45
LogDevObjectVersion:   Dev-Sequencer (7B5AE74C-D270-4C10-A958-57980B212A5A): 13
LogDevObjectVersion:   Dev-VR (D7296918-1DD6-4BDD-9DE2-64A83CC13884): 3
LogDevObjectVersion:   Dev-LoadTimes (C2A15278-BFE7-4AFE-6C17-90FF531DF755): 1
LogDevObjectVersion:   Private-Geometry (6EACA3D4-40EC-4CC1-B786-8BED09428FC5): 3
LogDevObjectVersion:   Dev-AnimPhys (29E575DD-E0A3-4627-9D10-D276232CDCEA): 17
LogDevObjectVersion:   Dev-Anim (AF43A65D-7FD3-4947-9873-3E8ED9C1BB05): 15
LogDevObjectVersion:   Dev-ReflectionCapture (6B266CEC-1EC7-4B8F-A30B-E4D90942FC07): 1
LogDevObjectVersion:   Dev-Automation (0DF73D61-A23F-47EA-B727-89E90C41499A): 1
LogDevObjectVersion:   FortniteMain (601D1886-AC64-4F84-AA16-D3DE0DEAC7D6): 47
LogDevObjectVersion:   FortniteRelease (E7086368-6B23-4C58-8439-1B7016265E91): 1
LogDevObjectVersion:   Dev-Enterprise (9DFFBCD6-494F-0158-E221-12823C92A888): 10
LogDevObjectVersion:   Dev-Niagara (F2AED0AC-9AFE-416F-8664-AA7FFA26D6FC): 1
LogDevObjectVersion:   Dev-Destruction (174F1F0B-B4C6-45A5-B13F-2EE8D0FB917D): 10
LogDevObjectVersion:   Dev-Physics-Ext (35F94A83-E258-406C-A318-09F59610247C): 41
LogDevObjectVersion:   Dev-PhysicsMaterial-Chaos (B68FC16E-8B1B-42E2-B453-215C058844FE): 1
LogDevObjectVersion:   Dev-CineCamera (B2E18506-4273-CFC2-A54E-F4BB758BBA07): 1
LogDevObjectVersion:   Dev-VirtualProduction (64F58936-FD1B-42BA-BA96-7289D5D0FA4E): 1
LogDevObjectVersion:   Dev-MediaFramework (6F0ED827-A609-4895-9C91-998D90180EA4): 2
LogInit: Presizing for max 25165824 objects, including 0 objects not considered by GC, pre-allocating 0 bytes for permanent pool.
LogConfig: Applying CVar settings from Section [/Script/Engine.StreamingSettings] File [C:/Users/zonks/Documents/Unreal/Projects/UnrealPong/Saved/Config/Windows/Engine.ini]
LogConfig: Setting CVar [[s.MinBulkDataSizeForAsyncLoading:131072]]
LogConfig: Setting CVar [[s.AsyncLoadingThreadEnabled:0]]
LogConfig: Setting CVar [[s.EventDrivenLoaderEnabled:1]]
LogConfig: Setting CVar [[s.WarnIfTimeLimitExceeded:0]]
LogConfig: Setting CVar [[s.TimeLimitExceededMultiplier:1.5]]
LogConfig: Setting CVar [[s.TimeLimitExceededMinTime:0.005]]
LogConfig: Setting CVar [[s.UseBackgroundLevelStreaming:1]]
LogConfig: Setting CVar [[s.PriorityAsyncLoadingExtraTime:15.0]]
LogConfig: Setting CVar [[s.LevelStreamingActorsUpdateTimeLimit:5.0]]
LogConfig: Setting CVar [[s.PriorityLevelStreamingActorsUpdateExtraTime:5.0]]
LogConfig: Setting CVar [[s.LevelStreamingComponentsRegistrationGranularity:10]]
LogConfig: Setting CVar [[s.UnregisterComponentsTimeLimit:1.0]]
LogConfig: Setting CVar [[s.LevelStreamingComponentsUnregistrationGranularity:5]]
LogConfig: Setting CVar [[s.FlushStreamingOnExit:1]]
LogInit: Object subsystem initialized
LogConfig: Setting CVar [[con.DebugEarlyDefault:1]]
LogConfig: Setting CVar [[r.setres:1280x720]]
[2021.07.15-19.47.47:224][  0]LogConfig: Setting CVar [[r.VSync:0]]
[2021.07.15-19.47.47:224][  0]LogConfig: Setting CVar [[r.RHICmdBypass:0]]
[2021.07.15-19.47.47:224][  0]LogConfig: Applying CVar settings from Section [/Script/Engine.RendererSettings] File [C:/Users/zonks/Documents/Unreal/Projects/UnrealPong/Saved/Config/Windows/Engine.ini]
[2021.07.15-19.47.47:224][  0]LogConfig: Setting CVar [[r.GPUCrashDebugging:0]]
[2021.07.15-19.47.47:224][  0]LogConfig: Setting CVar [[r.DefaultFeature.AutoExposure.ExtendDefaultLuminanceRange:1]]
[2021.07.15-19.47.47:224][  0]LogConfig: Applying CVar settings from Section [/Script/Engine.RendererOverrideSettings] File [C:/Users/zonks/Documents/Unreal/Projects/UnrealPong/Saved/Config/Windows/Engine.ini]
[2021.07.15-19.47.47:224][  0]LogConfig: Applying CVar settings from Section [/Script/Engine.StreamingSettings] File [C:/Users/zonks/Documents/Unreal/Projects/UnrealPong/Saved/Config/Windows/Engine.ini]
[2021.07.15-19.47.47:224][  0]LogConfig: Setting CVar [[s.MinBulkDataSizeForAsyncLoading:131072]]
[2021.07.15-19.47.47:224][  0]LogConfig: Setting CVar [[s.AsyncLoadingThreadEnabled:0]]
[2021.07.15-19.47.47:224][  0]LogConfig: Setting CVar [[s.EventDrivenLoaderEnabled:1]]
[2021.07.15-19.47.47:224][  0]LogConfig: Setting CVar [[s.WarnIfTimeLimitExceeded:0]]
[2021.07.15-19.47.47:224][  0]LogConfig: Setting CVar [[s.TimeLimitExceededMultiplier:1.5]]
[2021.07.15-19.47.47:224][  0]LogConfig: Setting CVar [[s.TimeLimitExceededMinTime:0.005]]
[2021.07.15-19.47.47:224][  0]LogConfig: Setting CVar [[s.UseBackgroundLevelStreaming:1]]
[2021.07.15-19.47.47:224][  0]LogConfig: Setting CVar [[s.PriorityAsyncLoadingExtraTime:15.0]]
[2021.07.15-19.47.47:224][  0]LogConfig: Setting CVar [[s.LevelStreamingActorsUpdateTimeLimit:5.0]]
[2021.07.15-19.47.47:224][  0]LogConfig: Setting CVar [[s.PriorityLevelStreamingActorsUpdateExtraTime:5.0]]
[2021.07.15-19.47.47:225][  0]LogConfig: Setting CVar [[s.LevelStreamingComponentsRegistrationGranularity:10]]
[2021.07.15-19.47.47:225][  0]LogConfig: Setting CVar [[s.UnregisterComponentsTimeLimit:1.0]]
[2021.07.15-19.47.47:225][  0]LogConfig: Setting CVar [[s.LevelStreamingComponentsUnregistrationGranularity:5]]
[2021.07.15-19.47.47:225][  0]LogConfig: Setting CVar [[s.FlushStreamingOnExit:1]]
[2021.07.15-19.47.47:225][  0]LogConfig: Applying CVar settings from Section [/Script/Engine.GarbageCollectionSettings] File [C:/Users/zonks/Documents/Unreal/Projects/UnrealPong/Saved/Config/Windows/Engine.ini]
[2021.07.15-19.47.47:225][  0]LogConfig: Setting CVar [[gc.MaxObjectsNotConsideredByGC:1]]
[2021.07.15-19.47.47:225][  0]LogConfig: Setting CVar [[gc.SizeOfPermanentObjectPool:0]]
[2021.07.15-19.47.47:225][  0]LogConfig: Setting CVar [[gc.FlushStreamingOnGC:0]]
[2021.07.15-19.47.47:225][  0]LogConfig: Setting CVar [[gc.NumRetriesBeforeForcingGC:10]]
[2021.07.15-19.47.47:225][  0]LogConfig: Setting CVar [[gc.AllowParallelGC:1]]
[2021.07.15-19.47.47:225][  0]LogConfig: Setting CVar [[gc.TimeBetweenPurgingPendingKillObjects:61.1]]
[2021.07.15-19.47.47:225][  0]LogConfig: Setting CVar [[gc.MaxObjectsInEditor:25165824]]
[2021.07.15-19.47.47:225][  0]LogConfig: Setting CVar [[gc.IncrementalBeginDestroyEnabled:1]]
[2021.07.15-19.47.47:225][  0]LogConfig: Setting CVar [[gc.CreateGCClusters:1]]
[2021.07.15-19.47.47:225][  0]LogConfig: Setting CVar [[gc.MinGCClusterSize:5]]
[2021.07.15-19.47.47:225][  0]LogConfig: Setting CVar [[gc.ActorClusteringEnabled:0]]
[2021.07.15-19.47.47:225][  0]LogConfig: Setting CVar [[gc.BlueprintClusteringEnabled:0]]
[2021.07.15-19.47.47:225][  0]LogConfig: Setting CVar [[gc.UseDisregardForGCOnDedicatedServers:0]]
[2021.07.15-19.47.47:225][  0]LogConfig: Setting CVar [[gc.MultithreadedDestructionEnabled:1]]
[2021.07.15-19.47.47:225][  0]LogConfig: Applying CVar settings from Section [/Script/Engine.NetworkSettings] File [C:/Users/zonks/Documents/Unreal/Projects/UnrealPong/Saved/Config/Windows/Engine.ini]
[2021.07.15-19.47.47:225][  0]LogConfig: Applying CVar settings from Section [/Script/UnrealEd.CookerSettings] File [C:/Users/zonks/Documents/Unreal/Projects/UnrealPong/Saved/Config/Windows/Engine.ini]
[2021.07.15-19.47.47:251][  0]LogConfig: Applying CVar settings from Section [ViewDistanceQuality@3] File [C:/Users/zonks/Documents/Unreal/Projects/UnrealPong/Saved/Config/Windows/Scalability.ini]
[2021.07.15-19.47.47:251][  0]LogConfig: Setting CVar [[r.SkeletalMeshLODBias:0]]
[2021.07.15-19.47.47:251][  0]LogConfig: Setting CVar [[r.ViewDistanceScale:1.0]]
[2021.07.15-19.47.47:251][  0]LogConfig: Applying CVar settings from Section [AntiAliasingQuality@3] File [C:/Users/zonks/Documents/Unreal/Projects/UnrealPong/Saved/Config/Windows/Scalability.ini]
[2021.07.15-19.47.47:251][  0]LogConfig: Setting CVar [[r.PostProcessAAQuality:4]]
[2021.07.15-19.47.47:251][  0]LogConfig: Applying CVar settings from Section [ShadowQuality@3] File [C:/Users/zonks/Documents/Unreal/Projects/UnrealPong/Saved/Config/Windows/Scalability.ini]
[2021.07.15-19.47.47:251][  0]LogConfig: Setting CVar [[r.LightFunctionQuality:1]]
[2021.07.15-19.47.47:251][  0]LogConfig: Setting CVar [[r.ShadowQuality:5]]
[2021.07.15-19.47.47:251][  0]LogConfig: Setting CVar [[r.Shadow.CSM.MaxCascades:10]]
[2021.07.15-19.47.47:251][  0]LogConfig: Setting CVar [[r.Shadow.MaxResolution:2048]]
[2021.07.15-19.47.47:251][  0]LogConfig: Setting CVar [[r.Shadow.MaxCSMResolution:2048]]
[2021.07.15-19.47.47:251][  0]LogConfig: Setting CVar [[r.Shadow.RadiusThreshold:0.01]]
[2021.07.15-19.47.47:251][  0]LogConfig: Setting CVar [[r.Shadow.DistanceScale:1.0]]
[2021.07.15-19.47.47:251][  0]LogConfig: Setting CVar [[r.Shadow.CSM.TransitionScale:1.0]]
[2021.07.15-19.47.47:251][  0]LogConfig: Setting CVar [[r.Shadow.PreShadowResolutionFactor:1.0]]
[2021.07.15-19.47.47:252][  0]LogConfig: Setting CVar [[r.DistanceFieldShadowing:1]]
[2021.07.15-19.47.47:252][  0]LogConfig: Setting CVar [[r.DistanceFieldAO:1]]
[2021.07.15-19.47.47:252][  0]LogConfig: Setting CVar [[r.AOQuality:2]]
[2021.07.15-19.47.47:252][  0]LogConfig: Setting CVar [[r.VolumetricFog:1]]
[2021.07.15-19.47.47:252][  0]LogConfig: Setting CVar [[r.VolumetricFog.GridPixelSize:8]]
[2021.07.15-19.47.47:252][  0]LogConfig: Setting CVar [[r.VolumetricFog.GridSizeZ:128]]
[2021.07.15-19.47.47:252][  0]LogConfig: Setting CVar [[r.VolumetricFog.HistoryMissSupersampleCount:4]]
[2021.07.15-19.47.47:252][  0]LogConfig: Setting CVar [[r.LightMaxDrawDistanceScale:1]]
[2021.07.15-19.47.47:252][  0]LogConfig: Setting CVar [[r.CapsuleShadows:1]]
[2021.07.15-19.47.47:252][  0]LogConfig: Applying CVar settings from Section [PostProcessQuality@3] File [C:/Users/zonks/Documents/Unreal/Projects/UnrealPong/Saved/Config/Windows/Scalability.ini]
[2021.07.15-19.47.47:252][  0]LogConfig: Setting CVar [[r.MotionBlurQuality:4]]
[2021.07.15-19.47.47:252][  0]LogConfig: Setting CVar [[r.AmbientOcclusionMipLevelFactor:0.4]]
[2021.07.15-19.47.47:252][  0]LogConfig: Setting CVar [[r.AmbientOcclusionMaxQuality:100]]
[2021.07.15-19.47.47:252][  0]LogConfig: Setting CVar [[r.AmbientOcclusionLevels:-1]]
[2021.07.15-19.47.47:252][  0]LogConfig: Setting CVar [[r.AmbientOcclusionRadiusScale:1.0]]
[2021.07.15-19.47.47:252][  0]LogConfig: Setting CVar [[r.DepthOfFieldQuality:2]]
[2021.07.15-19.47.47:252][  0]LogConfig: Setting CVar [[r.RenderTargetPoolMin:400]]
[2021.07.15-19.47.47:252][  0]LogConfig: Setting CVar [[r.LensFlareQuality:2]]
[2021.07.15-19.47.47:252][  0]LogConfig: Setting CVar [[r.SceneColorFringeQuality:1]]
[2021.07.15-19.47.47:252][  0]LogConfig: Setting CVar [[r.EyeAdaptationQuality:2]]
[2021.07.15-19.47.47:252][  0]LogConfig: Setting CVar [[r.BloomQuality:5]]
[2021.07.15-19.47.47:253][  0]LogConfig: Setting CVar [[r.FastBlurThreshold:100]]
[2021.07.15-19.47.47:253][  0]LogConfig: Setting CVar [[r.Upscale.Quality:3]]
[2021.07.15-19.47.47:253][  0]LogConfig: Setting CVar [[r.Tonemapper.GrainQuantization:1]]
[2021.07.15-19.47.47:253][  0]LogConfig: Setting CVar [[r.LightShaftQuality:1]]
[2021.07.15-19.47.47:253][  0]LogConfig: Setting CVar [[r.Filter.SizeScale:1]]
[2021.07.15-19.47.47:253][  0]LogConfig: Setting CVar [[r.Tonemapper.Quality:5]]
[2021.07.15-19.47.47:253][  0]LogConfig: Setting CVar [[r.DOF.Gather.AccumulatorQuality:1        ; higher gathering accumulator quality]]
[2021.07.15-19.47.47:253][  0]LogConfig: Setting CVar [[r.DOF.Gather.PostfilterMethod:1          ; Median3x3 postfilering method]]
[2021.07.15-19.47.47:253][  0]LogConfig: Setting CVar [[r.DOF.Gather.EnableBokehSettings:0       ; no bokeh simulation when gathering]]
[2021.07.15-19.47.47:253][  0]LogConfig: Setting CVar [[r.DOF.Gather.RingCount:4                 ; medium number of samples when gathering]]
[2021.07.15-19.47.47:253][  0]LogConfig: Setting CVar [[r.DOF.Scatter.ForegroundCompositing:1    ; additive foreground scattering]]
[2021.07.15-19.47.47:253][  0]LogConfig: Setting CVar [[r.DOF.Scatter.BackgroundCompositing:2    ; additive background scattering]]
[2021.07.15-19.47.47:253][  0]LogConfig: Setting CVar [[r.DOF.Scatter.EnableBokehSettings:1      ; bokeh simulation when scattering]]
[2021.07.15-19.47.47:253][  0]LogConfig: Setting CVar [[r.DOF.Scatter.MaxSpriteRatio:0.1         ; only a maximum of 10% of scattered bokeh]]
[2021.07.15-19.47.47:253][  0]LogConfig: Setting CVar [[r.DOF.Recombine.Quality:1                ; cheap slight out of focus]]
[2021.07.15-19.47.47:253][  0]LogConfig: Setting CVar [[r.DOF.Recombine.EnableBokehSettings:0    ; no bokeh simulation on slight out of focus]]
[2021.07.15-19.47.47:253][  0]LogConfig: Setting CVar [[r.DOF.TemporalAAQuality:1                ; more stable temporal accumulation]]
[2021.07.15-19.47.47:253][  0]LogConfig: Setting CVar [[r.DOF.Kernel.MaxForegroundRadius:0.025]]
[2021.07.15-19.47.47:253][  0]LogConfig: Setting CVar [[r.DOF.Kernel.MaxBackgroundRadius:0.025]]
[2021.07.15-19.47.47:253][  0]LogConfig: Applying CVar settings from Section [TextureQuality@3] File [C:/Users/zonks/Documents/Unreal/Projects/UnrealPong/Saved/Config/Windows/Scalability.ini]
[2021.07.15-19.47.47:253][  0]LogConfig: Setting CVar [[r.Streaming.MipBias:0]]
[2021.07.15-19.47.47:254][  0]LogConfig: Setting CVar [[r.Streaming.AmortizeCPUToGPUCopy:0]]
[2021.07.15-19.47.47:254][  0]LogConfig: Setting CVar [[r.Streaming.MaxNumTexturesToStreamPerFrame:0]]
[2021.07.15-19.47.47:254][  0]LogConfig: Setting CVar [[r.Streaming.Boost:1]]
[2021.07.15-19.47.47:254][  0]LogConfig: Setting CVar [[r.MaxAnisotropy:8]]
[2021.07.15-19.47.47:254][  0]LogConfig: Setting CVar [[r.VT.MaxAnisotropy:8]]
[2021.07.15-19.47.47:254][  0]LogConfig: Setting CVar [[r.Streaming.LimitPoolSizeToVRAM:0]]
[2021.07.15-19.47.47:254][  0]LogConfig: Setting CVar [[r.Streaming.PoolSize:1000]]
[2021.07.15-19.47.47:254][  0]LogConfig: Setting CVar [[r.Streaming.MaxEffectiveScreenSize:0]]
[2021.07.15-19.47.47:254][  0]LogConfig: Applying CVar settings from Section [EffectsQuality@3] File [C:/Users/zonks/Documents/Unreal/Projects/UnrealPong/Saved/Config/Windows/Scalability.ini]
[2021.07.15-19.47.47:254][  0]LogConfig: Setting CVar [[r.TranslucencyLightingVolumeDim:64]]
[2021.07.15-19.47.47:254][  0]LogConfig: Setting CVar [[r.RefractionQuality:2]]
[2021.07.15-19.47.47:254][  0]LogConfig: Setting CVar [[r.SSR.Quality:3]]
[2021.07.15-19.47.47:254][  0]LogConfig: Setting CVar [[r.SSR.HalfResSceneColor:0]]
[2021.07.15-19.47.47:254][  0]LogConfig: Setting CVar [[r.SceneColorFormat:4]]
[2021.07.15-19.47.47:254][  0]LogConfig: Setting CVar [[r.DetailMode:2]]
[2021.07.15-19.47.47:254][  0]LogConfig: Setting CVar [[r.TranslucencyVolumeBlur:1]]
[2021.07.15-19.47.47:254][  0]LogConfig: Setting CVar [[r.MaterialQualityLevel:1 ; High quality]]
[2021.07.15-19.47.47:254][  0]LogConfig: Setting CVar [[r.AnisotropicMaterials:1]]
[2021.07.15-19.47.47:254][  0]LogConfig: Setting CVar [[r.SSS.Scale:1]]
[2021.07.15-19.47.47:255][  0]LogConfig: Setting CVar [[r.SSS.SampleSet:2]]
[2021.07.15-19.47.47:255][  0]LogConfig: Setting CVar [[r.SSS.Quality:1]]
[2021.07.15-19.47.47:255][  0]LogConfig: Setting CVar [[r.SSS.HalfRes:0]]
[2021.07.15-19.47.47:255][  0]LogConfig: Setting CVar [[r.SSGI.Quality:3]]
[2021.07.15-19.47.47:255][  0]LogConfig: Setting CVar [[r.EmitterSpawnRateScale:1.0]]
[2021.07.15-19.47.47:255][  0]LogConfig: Setting CVar [[r.ParticleLightQuality:2]]
[2021.07.15-19.47.47:255][  0]LogConfig: Setting CVar [[r.SkyAtmosphere.AerialPerspectiveLUT.FastApplyOnOpaque:1 ; Always have FastSkyLUT 1 in this case to avoid wrong sky]]
[2021.07.15-19.47.47:255][  0]LogConfig: Setting CVar [[r.SkyAtmosphere.AerialPerspectiveLUT.SampleCountMaxPerSlice:4]]
[2021.07.15-19.47.47:255][  0]LogConfig: Setting CVar [[r.SkyAtmosphere.AerialPerspectiveLUT.DepthResolution:16.0]]
[2021.07.15-19.47.47:255][  0]LogConfig: Setting CVar [[r.SkyAtmosphere.FastSkyLUT:1]]
[2021.07.15-19.47.47:255][  0]LogConfig: Setting CVar [[r.SkyAtmosphere.FastSkyLUT.SampleCountMin:4.0]]
[2021.07.15-19.47.47:255][  0]LogConfig: Setting CVar [[r.SkyAtmosphere.FastSkyLUT.SampleCountMax:128.0]]
[2021.07.15-19.47.47:255][  0]LogConfig: Setting CVar [[r.SkyAtmosphere.SampleCountMin:4.0]]
[2021.07.15-19.47.47:255][  0]LogConfig: Setting CVar [[r.SkyAtmosphere.SampleCountMax:128.0]]
[2021.07.15-19.47.47:255][  0]LogConfig: Setting CVar [[r.SkyAtmosphere.TransmittanceLUT.UseSmallFormat:0]]
[2021.07.15-19.47.47:255][  0]LogConfig: Setting CVar [[r.SkyAtmosphere.TransmittanceLUT.SampleCount:10.0]]
[2021.07.15-19.47.47:255][  0]LogConfig: Setting CVar [[r.SkyAtmosphere.MultiScatteringLUT.SampleCount:15.0]]
[2021.07.15-19.47.47:255][  0]LogConfig: Setting CVar [[r.SkyLight.RealTimeReflectionCapture:1]]
[2021.07.15-19.47.47:255][  0]LogConfig: Applying CVar settings from Section [FoliageQuality@3] File [C:/Users/zonks/Documents/Unreal/Projects/UnrealPong/Saved/Config/Windows/Scalability.ini]
[2021.07.15-19.47.47:255][  0]LogConfig: Setting CVar [[foliage.DensityScale:1.0]]
[2021.07.15-19.47.47:256][  0]LogConfig: Setting CVar [[grass.DensityScale:1.0]]
[2021.07.15-19.47.47:256][  0]LogConfig: Applying CVar settings from Section [ShadingQuality@3] File [C:/Users/zonks/Documents/Unreal/Projects/UnrealPong/Saved/Config/Windows/Scalability.ini]
[2021.07.15-19.47.47:256][  0]LogConfig: Setting CVar [[r.HairStrands.SkyLighting.IntegrationType:2]]
[2021.07.15-19.47.47:256][  0]LogConfig: Setting CVar [[r.HairStrands.SkyAO.SampleCount:4]]
[2021.07.15-19.47.47:256][  0]LogConfig: Setting CVar [[r.HairStrands.Visibility.MSAA.SamplePerPixel:4]]
[2021.07.15-19.47.47:256][  0]LogInit: Selected Device Profile: [Windows]
[2021.07.15-19.47.47:256][  0]LogInit: Applying CVar settings loaded from the selected device profile: [Windows]
[2021.07.15-19.47.47:256][  0]LogHAL: Display: Platform has ~ 32 GB [34298351616 / 34359738368 / 32], which maps to Largest [LargestMinGB=32, LargerMinGB=12, DefaultMinGB=8, SmallerMinGB=6, SmallestMinGB=0)
[2021.07.15-19.47.47:256][  0]LogInit: Going up to parent DeviceProfile []
[2021.07.15-19.47.47:256][  0]LogConfig: Applying CVar settings from Section [ViewDistanceQuality@3] File [C:/Users/zonks/Documents/Unreal/Projects/UnrealPong/Saved/Config/Windows/Scalability.ini]
[2021.07.15-19.47.47:256][  0]LogConfig: Setting CVar [[r.SkeletalMeshLODBias:0]]
[2021.07.15-19.47.47:256][  0]LogConfig: Setting CVar [[r.ViewDistanceScale:1.0]]
[2021.07.15-19.47.47:256][  0]LogConfig: Applying CVar settings from Section [AntiAliasingQuality@3] File [C:/Users/zonks/Documents/Unreal/Projects/UnrealPong/Saved/Config/Windows/Scalability.ini]
[2021.07.15-19.47.47:256][  0]LogConfig: Setting CVar [[r.PostProcessAAQuality:4]]
[2021.07.15-19.47.47:256][  0]LogConfig: Applying CVar settings from Section [ShadowQuality@3] File [C:/Users/zonks/Documents/Unreal/Projects/UnrealPong/Saved/Config/Windows/Scalability.ini]
[2021.07.15-19.47.47:256][  0]LogConfig: Setting CVar [[r.LightFunctionQuality:1]]
[2021.07.15-19.47.47:256][  0]LogConfig: Setting CVar [[r.ShadowQuality:5]]
[2021.07.15-19.47.47:256][  0]LogConfig: Setting CVar [[r.Shadow.CSM.MaxCascades:10]]
[2021.07.15-19.47.47:256][  0]LogConfig: Setting CVar [[r.Shadow.MaxResolution:2048]]
[2021.07.15-19.47.47:257][  0]LogConfig: Setting CVar [[r.Shadow.MaxCSMResolution:2048]]
[2021.07.15-19.47.47:257][  0]LogConfig: Setting CVar [[r.Shadow.RadiusThreshold:0.01]]
[2021.07.15-19.47.47:257][  0]LogConfig: Setting CVar [[r.Shadow.DistanceScale:1.0]]
[2021.07.15-19.47.47:257][  0]LogConfig: Setting CVar [[r.Shadow.CSM.TransitionScale:1.0]]
[2021.07.15-19.47.47:257][  0]LogConfig: Setting CVar [[r.Shadow.PreShadowResolutionFactor:1.0]]
[2021.07.15-19.47.47:257][  0]LogConfig: Setting CVar [[r.DistanceFieldShadowing:1]]
[2021.07.15-19.47.47:257][  0]LogConfig: Setting CVar [[r.DistanceFieldAO:1]]
[2021.07.15-19.47.47:257][  0]LogConfig: Setting CVar [[r.AOQuality:2]]
[2021.07.15-19.47.47:257][  0]LogConfig: Setting CVar [[r.VolumetricFog:1]]
[2021.07.15-19.47.47:257][  0]LogConfig: Setting CVar [[r.VolumetricFog.GridPixelSize:8]]
[2021.07.15-19.47.47:257][  0]LogConfig: Setting CVar [[r.VolumetricFog.GridSizeZ:128]]
[2021.07.15-19.47.47:257][  0]LogConfig: Setting CVar [[r.VolumetricFog.HistoryMissSupersampleCount:4]]
[2021.07.15-19.47.47:257][  0]LogConfig: Setting CVar [[r.LightMaxDrawDistanceScale:1]]
[2021.07.15-19.47.47:257][  0]LogConfig: Setting CVar [[r.CapsuleShadows:1]]
[2021.07.15-19.47.47:257][  0]LogConfig: Applying CVar settings from Section [PostProcessQuality@3] File [C:/Users/zonks/Documents/Unreal/Projects/UnrealPong/Saved/Config/Windows/Scalability.ini]
[2021.07.15-19.47.47:257][  0]LogConfig: Setting CVar [[r.MotionBlurQuality:4]]
[2021.07.15-19.47.47:257][  0]LogConfig: Setting CVar [[r.AmbientOcclusionMipLevelFactor:0.4]]
[2021.07.15-19.47.47:257][  0]LogConfig: Setting CVar [[r.AmbientOcclusionMaxQuality:100]]
[2021.07.15-19.47.47:257][  0]LogConfig: Setting CVar [[r.AmbientOcclusionLevels:-1]]
[2021.07.15-19.47.47:257][  0]LogConfig: Setting CVar [[r.AmbientOcclusionRadiusScale:1.0]]
[2021.07.15-19.47.47:257][  0]LogConfig: Setting CVar [[r.DepthOfFieldQuality:2]]
[2021.07.15-19.47.47:257][  0]LogConfig: Setting CVar [[r.RenderTargetPoolMin:400]]
[2021.07.15-19.47.47:258][  0]LogConfig: Setting CVar [[r.LensFlareQuality:2]]
[2021.07.15-19.47.47:258][  0]LogConfig: Setting CVar [[r.SceneColorFringeQuality:1]]
[2021.07.15-19.47.47:258][  0]LogConfig: Setting CVar [[r.EyeAdaptationQuality:2]]
[2021.07.15-19.47.47:258][  0]LogConfig: Setting CVar [[r.BloomQuality:5]]
[2021.07.15-19.47.47:258][  0]LogConfig: Setting CVar [[r.FastBlurThreshold:100]]
[2021.07.15-19.47.47:258][  0]LogConfig: Setting CVar [[r.Upscale.Quality:3]]
[2021.07.15-19.47.47:258][  0]LogConfig: Setting CVar [[r.Tonemapper.GrainQuantization:1]]
[2021.07.15-19.47.47:258][  0]LogConfig: Setting CVar [[r.LightShaftQuality:1]]
[2021.07.15-19.47.47:258][  0]LogConfig: Setting CVar [[r.Filter.SizeScale:1]]
[2021.07.15-19.47.47:258][  0]LogConfig: Setting CVar [[r.Tonemapper.Quality:5]]
[2021.07.15-19.47.47:258][  0]LogConfig: Setting CVar [[r.DOF.Gather.AccumulatorQuality:1        ; higher gathering accumulator quality]]
[2021.07.15-19.47.47:258][  0]LogConfig: Setting CVar [[r.DOF.Gather.PostfilterMethod:1          ; Median3x3 postfilering method]]
[2021.07.15-19.47.47:258][  0]LogConfig: Setting CVar [[r.DOF.Gather.EnableBokehSettings:0       ; no bokeh simulation when gathering]]
[2021.07.15-19.47.47:258][  0]LogConfig: Setting CVar [[r.DOF.Gather.RingCount:4                 ; medium number of samples when gathering]]
[2021.07.15-19.47.47:258][  0]LogConfig: Setting CVar [[r.DOF.Scatter.ForegroundCompositing:1    ; additive foreground scattering]]
[2021.07.15-19.47.47:258][  0]LogConfig: Setting CVar [[r.DOF.Scatter.BackgroundCompositing:2    ; additive background scattering]]
[2021.07.15-19.47.47:258][  0]LogConfig: Setting CVar [[r.DOF.Scatter.EnableBokehSettings:1      ; bokeh simulation when scattering]]
[2021.07.15-19.47.47:258][  0]LogConfig: Setting CVar [[r.DOF.Scatter.MaxSpriteRatio:0.1         ; only a maximum of 10% of scattered bokeh]]
[2021.07.15-19.47.47:258][  0]LogConfig: Setting CVar [[r.DOF.Recombine.Quality:1                ; cheap slight out of focus]]
[2021.07.15-19.47.47:258][  0]LogConfig: Setting CVar [[r.DOF.Recombine.EnableBokehSettings:0    ; no bokeh simulation on slight out of focus]]
[2021.07.15-19.47.47:258][  0]LogConfig: Setting CVar [[r.DOF.TemporalAAQuality:1                ; more stable temporal accumulation]]
[2021.07.15-19.47.47:259][  0]LogConfig: Setting CVar [[r.DOF.Kernel.MaxForegroundRadius:0.025]]
[2021.07.15-19.47.47:259][  0]LogConfig: Setting CVar [[r.DOF.Kernel.MaxBackgroundRadius:0.025]]
[2021.07.15-19.47.47:259][  0]LogConfig: Applying CVar settings from Section [TextureQuality@3] File [C:/Users/zonks/Documents/Unreal/Projects/UnrealPong/Saved/Config/Windows/Scalability.ini]
[2021.07.15-19.47.47:259][  0]LogConfig: Setting CVar [[r.Streaming.MipBias:0]]
[2021.07.15-19.47.47:259][  0]LogConfig: Setting CVar [[r.Streaming.AmortizeCPUToGPUCopy:0]]
[2021.07.15-19.47.47:259][  0]LogConfig: Setting CVar [[r.Streaming.MaxNumTexturesToStreamPerFrame:0]]
[2021.07.15-19.47.47:259][  0]LogConfig: Setting CVar [[r.Streaming.Boost:1]]
[2021.07.15-19.47.47:259][  0]LogConfig: Setting CVar [[r.MaxAnisotropy:8]]
[2021.07.15-19.47.47:259][  0]LogConfig: Setting CVar [[r.VT.MaxAnisotropy:8]]
[2021.07.15-19.47.47:259][  0]LogConfig: Setting CVar [[r.Streaming.LimitPoolSizeToVRAM:0]]
[2021.07.15-19.47.47:259][  0]LogConfig: Setting CVar [[r.Streaming.PoolSize:1000]]
[2021.07.15-19.47.47:259][  0]LogConfig: Setting CVar [[r.Streaming.MaxEffectiveScreenSize:0]]
[2021.07.15-19.47.47:259][  0]LogConfig: Applying CVar settings from Section [EffectsQuality@3] File [C:/Users/zonks/Documents/Unreal/Projects/UnrealPong/Saved/Config/Windows/Scalability.ini]
[2021.07.15-19.47.47:259][  0]LogConfig: Setting CVar [[r.TranslucencyLightingVolumeDim:64]]
[2021.07.15-19.47.47:259][  0]LogConfig: Setting CVar [[r.RefractionQuality:2]]
[2021.07.15-19.47.47:259][  0]LogConfig: Setting CVar [[r.SSR.Quality:3]]
[2021.07.15-19.47.47:259][  0]LogConfig: Setting CVar [[r.SSR.HalfResSceneColor:0]]
[2021.07.15-19.47.47:259][  0]LogConfig: Setting CVar [[r.SceneColorFormat:4]]
[2021.07.15-19.47.47:259][  0]LogConfig: Setting CVar [[r.DetailMode:2]]
[2021.07.15-19.47.47:259][  0]LogConfig: Setting CVar [[r.TranslucencyVolumeBlur:1]]
[2021.07.15-19.47.47:259][  0]LogConfig: Setting CVar [[r.MaterialQualityLevel:1 ; High quality]]
[2021.07.15-19.47.47:259][  0]LogConfig: Setting CVar [[r.AnisotropicMaterials:1]]
[2021.07.15-19.47.47:259][  0]LogConfig: Setting CVar [[r.SSS.Scale:1]]
[2021.07.15-19.47.47:260][  0]LogConfig: Setting CVar [[r.SSS.SampleSet:2]]
[2021.07.15-19.47.47:260][  0]LogConfig: Setting CVar [[r.SSS.Quality:1]]
[2021.07.15-19.47.47:260][  0]LogConfig: Setting CVar [[r.SSS.HalfRes:0]]
[2021.07.15-19.47.47:260][  0]LogConfig: Setting CVar [[r.SSGI.Quality:3]]
[2021.07.15-19.47.47:260][  0]LogConfig: Setting CVar [[r.EmitterSpawnRateScale:1.0]]
[2021.07.15-19.47.47:260][  0]LogConfig: Setting CVar [[r.ParticleLightQuality:2]]
[2021.07.15-19.47.47:260][  0]LogConfig: Setting CVar [[r.SkyAtmosphere.AerialPerspectiveLUT.FastApplyOnOpaque:1 ; Always have FastSkyLUT 1 in this case to avoid wrong sky]]
[2021.07.15-19.47.47:260][  0]LogConfig: Setting CVar [[r.SkyAtmosphere.AerialPerspectiveLUT.SampleCountMaxPerSlice:4]]
[2021.07.15-19.47.47:260][  0]LogConfig: Setting CVar [[r.SkyAtmosphere.AerialPerspectiveLUT.DepthResolution:16.0]]
[2021.07.15-19.47.47:260][  0]LogConfig: Setting CVar [[r.SkyAtmosphere.FastSkyLUT:1]]
[2021.07.15-19.47.47:260][  0]LogConfig: Setting CVar [[r.SkyAtmosphere.FastSkyLUT.SampleCountMin:4.0]]
[2021.07.15-19.47.47:260][  0]LogConfig: Setting CVar [[r.SkyAtmosphere.FastSkyLUT.SampleCountMax:128.0]]
[2021.07.15-19.47.47:260][  0]LogConfig: Setting CVar [[r.SkyAtmosphere.SampleCountMin:4.0]]
[2021.07.15-19.47.47:260][  0]LogConfig: Setting CVar [[r.SkyAtmosphere.SampleCountMax:128.0]]
[2021.07.15-19.47.47:260][  0]LogConfig: Setting CVar [[r.SkyAtmosphere.TransmittanceLUT.UseSmallFormat:0]]
[2021.07.15-19.47.47:260][  0]LogConfig: Setting CVar [[r.SkyAtmosphere.TransmittanceLUT.SampleCount:10.0]]
[2021.07.15-19.47.47:260][  0]LogConfig: Setting CVar [[r.SkyAtmosphere.MultiScatteringLUT.SampleCount:15.0]]
[2021.07.15-19.47.47:260][  0]LogConfig: Setting CVar [[r.SkyLight.RealTimeReflectionCapture:1]]
[2021.07.15-19.47.47:260][  0]LogConfig: Applying CVar settings from Section [FoliageQuality@3] File [C:/Users/zonks/Documents/Unreal/Projects/UnrealPong/Saved/Config/Windows/Scalability.ini]
[2021.07.15-19.47.47:260][  0]LogConfig: Setting CVar [[foliage.DensityScale:1.0]]
[2021.07.15-19.47.47:260][  0]LogConfig: Setting CVar [[grass.DensityScale:1.0]]
[2021.07.15-19.47.47:260][  0]LogConfig: Applying CVar settings from Section [ShadingQuality@3] File [C:/Users/zonks/Documents/Unreal/Projects/UnrealPong/Saved/Config/Windows/Scalability.ini]
[2021.07.15-19.47.47:261][  0]LogConfig: Setting CVar [[r.HairStrands.SkyLighting.IntegrationType:2]]
[2021.07.15-19.47.47:261][  0]LogConfig: Setting CVar [[r.HairStrands.SkyAO.SampleCount:4]]
[2021.07.15-19.47.47:261][  0]LogConfig: Setting CVar [[r.HairStrands.Visibility.MSAA.SamplePerPixel:4]]
[2021.07.15-19.47.47:261][  0]LogConfig: Applying CVar settings from Section [Startup] File [../../../Engine/Config/ConsoleVariables.ini]
[2021.07.15-19.47.47:261][  0]LogConfig: Setting CVar [[net.UseAdaptiveNetUpdateFrequency:0]]
[2021.07.15-19.47.47:261][  0]LogConfig: Setting CVar [[p.chaos.AllowCreatePhysxBodies:1]]
[2021.07.15-19.47.47:261][  0]LogConfig: Setting CVar [[fx.SkipVectorVMBackendOptimizations:1]]
[2021.07.15-19.47.47:261][  0]LogConfig: Applying CVar settings from Section [ConsoleVariables] File [C:/Users/zonks/Documents/Unreal/Projects/UnrealPong/Saved/Config/Windows/Engine.ini]
[2021.07.15-19.47.47:261][  0]LogConfig: Applying CVar settings from Section [ConsoleVariables] File [C:/Users/zonks/Documents/Unreal/Projects/UnrealPong/Saved/Config/Windows/Editor.ini]
[2021.07.15-19.47.47:261][  0]LogInit: Computer: ARGONAUT
[2021.07.15-19.47.47:261][  0]LogInit: User: zonks
[2021.07.15-19.47.47:261][  0]LogInit: CPU Page size=4096, Cores=6
[2021.07.15-19.47.47:261][  0]LogInit: High frequency timer resolution =10.000000 MHz
[2021.07.15-19.47.47:261][  0]LogMemory: Memory total: Physical=31.9GB (32GB approx)
[2021.07.15-19.47.47:261][  0]LogMemory: Platform Memory Stats for Windows
[2021.07.15-19.47.47:262][  0]LogMemory: Process Physical Memory: 148.33 MB used, 148.33 MB peak
[2021.07.15-19.47.47:262][  0]LogMemory: Process Virtual Memory: 140.18 MB used, 145.57 MB peak
[2021.07.15-19.47.47:262][  0]LogMemory: Physical Memory: 17023.71 MB used,  15685.75 MB free, 32709.46 MB total
[2021.07.15-19.47.47:262][  0]LogMemory: Virtual Memory: 134199320.00 MB used,  18411.24 MB free, 134217728.00 MB total
[2021.07.15-19.47.47:271][  0]LogWindows: WindowsPlatformFeatures enabled
[2021.07.15-19.47.47:411][  0]LogInit: Physics initialised using underlying interface: PhysX
[2021.07.15-19.47.47:412][  0]LogInit: Using OS detected language (en-US).
[2021.07.15-19.47.47:412][  0]LogInit: Using OS detected locale (en-US).
[2021.07.15-19.47.47:417][  0]LogTextLocalizationManager: No specific localization for 'en-US' exists, so the 'en' localization will be used.
[2021.07.15-19.47.47:559][  0]LogInit: Setting process to per monitor DPI aware
[2021.07.15-19.47.47:591][  0]LogWindowsTextInputMethodSystem: Display: IME system deactivated.
[2021.07.15-19.47.47:613][  0]LogSlate: New Slate User Created.  User Index 0, Is Virtual User: 0
[2021.07.15-19.47.47:613][  0]LogSlate: Slate User Registered.  User Index 0, Is Virtual User: 0
[2021.07.15-19.47.47:725][  0]LogD3D11RHI: Creating new Direct3DDevice
[2021.07.15-19.47.47:725][  0]LogD3D11RHI:     GPU DeviceId: 0x1b80 (for the marketing name, search the web for "GPU Device Id")
[2021.07.15-19.47.47:725][  0]LogWindows: EnumDisplayDevices:
[2021.07.15-19.47.47:725][  0]LogWindows:    0. 'NVIDIA GeForce GTX 1080' (P:1 D:1)
[2021.07.15-19.47.47:725][  0]LogWindows:    1. 'NVIDIA GeForce GTX 1080' (P:0 D:1)
[2021.07.15-19.47.47:726][  0]LogWindows:    2. 'NVIDIA GeForce GTX 1080' (P:0 D:0)
[2021.07.15-19.47.47:726][  0]LogWindows:    3. 'NVIDIA GeForce GTX 1080' (P:0 D:0)
[2021.07.15-19.47.47:726][  0]LogWindows: DebugString: FoundDriverCount:4 
[2021.07.15-19.47.47:726][  0]LogD3D11RHI:     Adapter Name: NVIDIA GeForce GTX 1080
[2021.07.15-19.47.47:726][  0]LogD3D11RHI:   Driver Version: 471.11 (internal:30.0.14.7111, unified:471.11)
[2021.07.15-19.47.47:726][  0]LogD3D11RHI:      Driver Date: 6-21-2021
[2021.07.15-19.47.47:726][  0]LogRHI: Texture pool is 5655 MB (70% of 8079 MB)
[2021.07.15-19.47.47:794][  0]LogD3D11RHI: RHI has support for 64 bit atomics
[2021.07.15-19.47.47:794][  0]LogD3D11RHI: Async texture creation enabled
[2021.07.15-19.47.47:794][  0]LogD3D11RHI: Array index from any shader is supported
[2021.07.15-19.47.47:810][  0]LogD3D11RHI: GPU Timing Frequency: 1000.000000 (Debug: 2 1)
[2021.07.15-19.47.47:849][  0]LogRHI: GeForceNow SDK initialized: 1
[2021.07.15-19.47.48:264][  0]LogTargetPlatformManager: Display: Loaded TargetPlatform 'AllDesktop'
[2021.07.15-19.47.48:291][  0]LogTargetPlatformManager: Display: Loaded TargetPlatform 'Android'
[2021.07.15-19.47.48:291][  0]LogTargetPlatformManager: Display: Loaded TargetPlatform 'Android_ASTC'
[2021.07.15-19.47.48:291][  0]LogTargetPlatformManager: Display: Loaded TargetPlatform 'Android_DXT'
[2021.07.15-19.47.48:291][  0]LogTargetPlatformManager: Display: Loaded TargetPlatform 'Android_ETC2'
[2021.07.15-19.47.48:291][  0]LogTargetPlatformManager: Display: Loaded TargetPlatform 'AndroidClient'
[2021.07.15-19.47.48:291][  0]LogTargetPlatformManager: Display: Loaded TargetPlatform 'Android_ASTCClient'
[2021.07.15-19.47.48:291][  0]LogTargetPlatformManager: Display: Loaded TargetPlatform 'Android_DXTClient'
[2021.07.15-19.47.48:291][  0]LogTargetPlatformManager: Display: Loaded TargetPlatform 'Android_ETC2Client'
[2021.07.15-19.47.48:291][  0]LogTargetPlatformManager: Display: Loaded TargetPlatform 'Android_Multi'
[2021.07.15-19.47.48:291][  0]LogTargetPlatformManager: Display: Loaded TargetPlatform 'Android_MultiClient'
[2021.07.15-19.47.48:325][  0]LogTargetPlatformManager: Display: Loaded TargetPlatform 'IOSClient'
[2021.07.15-19.47.48:325][  0]LogTargetPlatformManager: Display: Loaded TargetPlatform 'IOS'
[2021.07.15-19.47.48:355][  0]LogTargetPlatformManager: Display: Loaded TargetPlatform 'Lumin'
[2021.07.15-19.47.48:355][  0]LogTargetPlatformManager: Display: Loaded TargetPlatform 'LuminClient'
[2021.07.15-19.47.48:369][  0]LogTargetPlatformManager: Display: Loaded TargetPlatform 'MacNoEditor'
[2021.07.15-19.47.48:380][  0]LogTargetPlatformManager: Display: Loaded TargetPlatform 'Mac'
[2021.07.15-19.47.48:390][  0]LogTargetPlatformManager: Display: Loaded TargetPlatform 'MacClient'
[2021.07.15-19.47.48:401][  0]LogTargetPlatformManager: Display: Loaded TargetPlatform 'MacServer'
[2021.07.15-19.47.48:416][  0]LogTargetPlatformManager: Display: Loaded TargetPlatform 'TVOSClient'
[2021.07.15-19.47.48:416][  0]LogTargetPlatformManager: Display: Loaded TargetPlatform 'TVOS'
[2021.07.15-19.47.48:431][  0]LogTargetPlatformManager: Display: Loaded TargetPlatform 'WindowsNoEditor'
[2021.07.15-19.47.48:442][  0]LogTargetPlatformManager: Display: Loaded TargetPlatform 'Windows'
[2021.07.15-19.47.48:453][  0]LogTargetPlatformManager: Display: Loaded TargetPlatform 'WindowsClient'
[2021.07.15-19.47.48:464][  0]LogTargetPlatformManager: Display: Loaded TargetPlatform 'WindowsServer'
[2021.07.15-19.47.48:464][  0]LogTargetPlatformManager: Display: Building Assets For Windows
[2021.07.15-19.47.48:505][  0]LogAudioDebug: Display: Lib vorbis DLL was dynamically loaded.
[2021.07.15-19.47.48:616][  0]LogTextureFormatOodle: Display: Oodle Texture 2.9.0 init RDO Off
[2021.07.15-19.47.48:756][  0]LogRendererCore: Ray tracing is disabled. Reason: r.RayTracing=0.
[2021.07.15-19.47.48:757][  0]LogShaderCompilers: Guid format shader working directory is 15 characters bigger than the processId version (../../../../Projects/UnrealPong/Intermediate/Shaders/WorkingDirectory/9856/).
[2021.07.15-19.47.48:757][  0]LogShaderCompilers: Cleaned the shader compiler working directory 'C:/Users/zonks/AppData/Local/Temp/UnrealShaderWorkingDir/9B359D9B44937367DD8A17AF02D4E18E/'.
[2021.07.15-19.47.48:757][  0]LogXGEController: Cannot use XGE Controller as Incredibuild is not installed on this machine.
[2021.07.15-19.47.48:757][  0]LogShaderCompilers: Cannot use XGE Shader Compiler as Incredibuild is not installed on this machine.
[2021.07.15-19.47.48:757][  0]LogShaderCompilers: Display: Using Local Shader Compiler.
[2021.07.15-19.47.49:360][  0]LogDerivedDataCache: Display: Max Cache Size: 512 MB
[2021.07.15-19.47.49:396][  0]LogDerivedDataCache: Loaded boot cache 0.03s 94MB ../../../../Projects/UnrealPong/DerivedDataCache/Boot.ddc.
[2021.07.15-19.47.49:396][  0]LogDerivedDataCache: Display: Loaded Boot cache: ../../../../Projects/UnrealPong/DerivedDataCache/Boot.ddc
[2021.07.15-19.47.49:396][  0]LogDerivedDataCache: FDerivedDataBackendGraph:  Pak pak cache file ../../../../Projects/UnrealPong/DerivedDataCache/DDC.ddp not found, will not use a pak cache.
[2021.07.15-19.47.49:397][  0]LogDerivedDataCache: Unable to find inner node Pak for hierarchical cache Hierarchy.
[2021.07.15-19.47.49:397][  0]LogDerivedDataCache: FDerivedDataBackendGraph:  EnginePak pak cache file ../../../Engine/DerivedDataCache/DDC.ddp not found, will not use a pak cache.
[2021.07.15-19.47.49:397][  0]LogDerivedDataCache: Unable to find inner node EnginePak for hierarchical cache Hierarchy.
[2021.07.15-19.47.49:412][  0]LogDerivedDataCache: Speed tests for ../../../Engine/DerivedDataCache took 0.01 seconds
[2021.07.15-19.47.49:412][  0]LogDerivedDataCache: Display: Performance to ../../../Engine/DerivedDataCache: Latency=0.02ms. RandomReadSpeed=1770.50MBs, RandomWriteSpeed=169.17MBs. Assigned SpeedClass 'Local'
[2021.07.15-19.47.49:414][  0]LogDerivedDataCache: Using Local data cache path ../../../Engine/DerivedDataCache: Writable
[2021.07.15-19.47.49:421][  0]LogDerivedDataCache: Warning: Shared data cache path (\\epicgames.net\root\DDC-Global-UE4) is unavailable so cache will be disabled.
[2021.07.15-19.47.49:421][  0]LogDerivedDataCache: Unable to find inner node Shared for hierarchical cache Hierarchy.
[2021.07.15-19.47.49:461][  0]LogSlate: Using FreeType 2.10.0
[2021.07.15-19.47.49:462][  0]LogSlate: SlateFontServices - WITH_FREETYPE: 1, WITH_HARFBUZZ: 1
[2021.07.15-19.47.49:470][  0]LogHMD: Failed to enumerate extensions. Please check that you have a valid OpenXR runtime installed.
[2021.07.15-19.47.49:494][  0]LogAssetRegistry: FAssetRegistry took 0.0027 seconds to start up
[2021.07.15-19.47.49:684][  0]LogInit: Selected Device Profile: [Windows]
[2021.07.15-19.47.49:684][  0]LogInit: Active device profile: [0000020B01256A00][0000020B7393FAC0 49] Windows
[2021.07.15-19.47.49:684][  0]LogInit: Profiles: [0000020B01256A00][0000020B7393FAC0 49] Windows, [0000020B00FED200][0000020B73943C00 49] WindowsNoEditor, [0000020B01256300][0000020B7DCF81C0 49] WindowsServer, [0000020B00FED800][0000020B7DD04300 49] WindowsClient, [0000020B01255D00][0000020B003E8480 49] IOS, [0000020B00FEDC00][0000020B003EC600 49] iPadAir, [0000020B01254200][0000020B73950780 49] iPadAir2, [0000020B00F75500][0000020B73992A40 49] IPadPro, [0000020B00F75600][0000020B7398EA80 49] iPadAir3, [0000020B00FEC700][0000020B01460C00 49] iPadAir4, [0000020B00F76700][0000020B01464D80 49] iPadMini2, [0000020B00FEF300][0000020B7441EF00 49] iPadMini3, [0000020B00F77500][0000020B74423080 49] iPadMini4, [0000020B00FEC800][0000020B74427200 49] iPadMini5, [0000020B00F89100][0000020B7442F4C0 49] iPhone6, [0000020B00F89200][0000020B7442B500 49] iPodTouch6, [0000020B01255B00][0000020B744377C0 49] iPhone7, [0000020B01257000][0000020B74433800 49] iPodTouch7, [0000020B00F88100][0000020B7443B980 49] iPhone5S, [0000020B00FEEC00][0000020B01989B00 49] iPhone6Plus, [0000020B00F88600][0000020B01544100 49] iPhone6S, [0000020B00FEDF00][0000020B003D4240 49] iPhone6SPlus, [0000020B00F89B00][0000020B76D90380 49] iPhone7Plus, [0000020B00FECC00][0000020B76D944C0 49] iPhoneSE, [0000020B00F88B00][0000020B76D9C640 49] iPhone8, [0000020B00FED900][0000020B76DA07C0 49] iPhone8Plus, [0000020B00F8A100][0000020B76DA8940 49] iPhoneX, [0000020B00FEDD00][0000020B76DB6AC0 49] iPhoneXS, [0000020B00F8BD00][0000020B76DBAC40 49] iPhoneXSMax, [0000020B00FED300][0000020B76DBEDC0 49] iPhoneXR, [0000020B00F8A600][0000020B76DC2F40 49] iPhone11, [0000020B00FEC400][0000020B76DC70C0 49] iPhone11Pro, [0000020B00F8B800][0000020B76DCB240 49] iPhone11ProMax, [0000020B00FEFB00][0000020B76DCF3C0 49] iPhoneSE2, [0000020B00F89500][0000020B76DD3540 49] iPhone12Mini, [0000020B00FEE300][0000020B76DD76C0 49] iPhone12, [0000020B00F89F00][0000020B7873B840 49] iPhone12Pro, [0000020B00FEF900][0000020B7873F9C0 49] iPhone12ProMax, [0000020B00F89A00][0000020B0144DB40 49] iPadPro105, [0000020B00FED400][0000020B01450140 49] iPadPro129, [0000020B00F8BF00][0000020B014542C0 49] iPadPro97, [0000020B00FECF00][0000020B76D98400 49] iPadPro2_129, [0000020B00F88800][0000020B0145C540 49] iPad5, [0000020B00FEE800][0000020B74418680 49] iPad6, [0000020B00F89700][0000020B787467C0 49] iPad7, [0000020B00FEE200][0000020B7874E940 49] iPad8, [0000020B00F89400][0000020B78752AC0 49] iPadPro11, [0000020B00FEE000][0000020B78756C40 49] iPadPro2_11, [0000020B00F88400][0000020B014E6DC0 49] iPadPro3_129, [0000020B00FEDA00][0000020B014EAF40 49] iPadPro4_129, [0000020B00F8B500][0000020B018AF0C0 49] AppleTV, [0000020B00FEC200][0000020B018B3240 49] AppleTV4K, [0000020B00F8BE00][0000020B017433C0 49] TVOS, [0000020B00FED500][0000020B01747540 49] Mac, [0000020B00F8B900][0000020B7DD016C0 49] MacClient, [0000020B00FEDE00][0000020B0198D840 49] MacNoEditor, [0000020B00F89D00][0000020B019859C0 49] MacServer, [0000020B00FEE700][0000020B7DCFDB40 49] Linux, [0000020B00F88C00][0000020B78742140 49] LinuxAArch64, [0000020B00FEEB00][0000020B014582C0 49] LinuxNoEditor, [0000020B00F89600][0000020B743DC440 49] LinuxAArch64NoEditor, [0000020B00FEFA00][0000020B7874A580 49] LinuxClient, [0000020B00F8B400][0000020B743E06C0 49] LinuxAArch64Client, [0000020B00FED000][0000020B743E4800 49] LinuxServer, [0000020B00F8AF00][0000020B743E8940 49] LinuxAArch64Server, [0000020B00FEEA00][0000020B743F0AC0 49] Android, [0000020B00F8A800][0000020B743F4C40 49] Android_Low, [0000020B00FEC600][0000020B743F8DC0 49] Android_Mid, [0000020B00F88200][0000020B743FCF40 49] Android_High, [0000020B00FEFE00][0000020B744010C0 49] Android_Default, [0000020B00F8B200][0000020B74405240 49] Android_Adreno4xx, [0000020B00FEC300][0000020B744093C0 49] Android_Adreno5xx_Low, [0000020B00F8AD00][0000020B7440D540 49] Android_Adreno5xx, [0000020B00F75700][0000020B744116C0 49] Android_Adreno6xx, [0000020B01254A00][0000020B74415840 49] Android_Adreno6xx_Vulkan, [0000020B00F74300][0000020B0174B9C0 49] Android_Mali_T6xx, [0000020B01256000][0000020B0174FB40 49] Android_Mali_T7xx, [0000020B00F76E00][0000020B01752140 49] Android_Mali_T8xx, [0000020B01256700][0000020B017562C0 49] Android_Mali_G71, [0000020B00F75E00][0000020B0175A440 49] Android_Mali_G72, [0000020B01257400][0000020B0175E5C0 49] Android_Mali_G72_Vulkan, [0000020B00F75000][0000020B01762740 49] Android_Mali_G76, [0000020B01255600][0000020B743EC880 49] Android_Mali_G76_Vulkan, [0000020B00F75C00][0000020B017669C0 49] Android_Mali_G77, [0000020B01256E00][0000020B0176AB00 49] Android_Mali_G77_Vulkan, [0000020B00F75400][0000020B01772C80 49] Android_Mali_G710, [0000020B01255800][0000020B01776E00 49] Android_Mali_G710_Vulkan, [0000020B00F76000][0000020B0177AF80 49] Android_Vulkan_SM5, [0000020B01254B00][0000020B0177F100 49] Android_PowerVR_G6xxx, [0000020B00F75900][0000020B01783280 49] Android_PowerVR_GT7xxx, [0000020B01256500][0000020B01787400 49] Android_PowerVR_GE8xxx, [0000020B00F74900][0000020B0178B580 49] Android_PowerVR_GM9xxx, [0000020B01257100][0000020B0178F700 49] Android_PowerVR_GM9xxx_Vulkan, [0000020B00F74B00][0000020B01793880 49] Android_TegraK1, [0000020B01256F00][0000020B01797A00 49] Android_Unknown_Vulkan, [0000020B00F77800][0000020B0179BB80 49] Lumin, [0000020B01256C00][0000020B0179E180 49] Lumin_Desktop, [0000020B00F77C00][0000020B017A2300 49] HoloLens, 
[2021.07.15-19.47.49:868][  0]LogMeshReduction: Using QuadricMeshReduction for automatic static mesh reduction
[2021.07.15-19.47.49:868][  0]LogMeshReduction: Using SimplygonMeshReduction for automatic skeletal mesh reduction
[2021.07.15-19.47.49:868][  0]LogMeshReduction: Using ProxyLODMeshReduction for automatic mesh merging
[2021.07.15-19.47.49:868][  0]LogMeshReduction: No distributed automatic mesh merging module available
[2021.07.15-19.47.49:868][  0]LogMeshMerging: No distributed automatic mesh merging module available
[2021.07.15-19.47.49:891][  0]LogNetVersion: UnrealPong 1.0.0, NetCL: 0, EngineNetVer: 17, GameNetVer: 0 (Checksum: 900575368)
[2021.07.15-19.47.50:243][  0]LogHMD: PokeAHoleMaterial loaded successfully
[2021.07.15-19.47.50:248][  0]LogUObjectArray: 17160 objects as part of root set at end of initial load.
[2021.07.15-19.47.50:248][  0]LogUObjectAllocator: 4297728 out of 0 bytes used by permanent object pool.
[2021.07.15-19.47.50:248][  0]LogUObjectArray: CloseDisregardForGC: 0/0 objects in disregard for GC pool
[2021.07.15-19.47.50:863][  0]LogNiagaraDebuggerClient: Niagara Debugger Client Initialized | Session: 499AB9FE48A6D01C6B34449763F2F33B | Instance: 7D3FBF024C02054A841D0BA2F654CB57 (ARGONAUT-9856).
[2021.07.15-19.47.50:953][  0]LogStreaming: Warning: Failed to read file '../../../Engine/Content/Editor/Slate/Niagara/MenuSeparator.png' error.
[2021.07.15-19.47.50:953][  0]LogSlate: Could not find file for Slate resource: ../../../Engine/Content/Editor/Slate/Niagara/MenuSeparator.png
[2021.07.15-19.47.50:954][  0]LogStreaming: Warning: Failed to read file '../../../Engine/Content/Editor/Slate/Niagara/Common/Selector.png' error.
[2021.07.15-19.47.50:954][  0]LogSlate: Could not find file for Slate resource: ../../../Engine/Content/Editor/Slate/Niagara/Common/Selector.png
[2021.07.15-19.47.50:954][  0]LogStreaming: Warning: Failed to read file '../../../Engine/Content/Editor/Slate/Niagara/Common/Selection.png' error.
[2021.07.15-19.47.50:954][  0]LogSlate: Could not find file for Slate resource: ../../../Engine/Content/Editor/Slate/Niagara/Common/Selection.png
[2021.07.15-19.47.50:954][  0]LogStreaming: Warning: Failed to read file '../../../Engine/Content/Editor/Slate/Niagara/Common/DropZoneIndicator_Above.png' error.
[2021.07.15-19.47.50:954][  0]LogSlate: Could not find file for Slate resource: ../../../Engine/Content/Editor/Slate/Niagara/Common/DropZoneIndicator_Above.png
[2021.07.15-19.47.50:954][  0]LogStreaming: Warning: Failed to read file '../../../Engine/Content/Editor/Slate/Niagara/Common/DropZoneIndicator_Onto.png' error.
[2021.07.15-19.47.50:954][  0]LogSlate: Could not find file for Slate resource: ../../../Engine/Content/Editor/Slate/Niagara/Common/DropZoneIndicator_Onto.png
[2021.07.15-19.47.50:954][  0]LogStreaming: Warning: Failed to read file '../../../Engine/Content/Editor/Slate/Niagara/Common/DropZoneIndicator_Below.png' error.
[2021.07.15-19.47.50:954][  0]LogSlate: Could not find file for Slate resource: ../../../Engine/Content/Editor/Slate/Niagara/Common/DropZoneIndicator_Below.png
[2021.07.15-19.47.50:954][  0]LogStreaming: Warning: Failed to read file '../../../Engine/Content/Editor/Slate/Niagara/Common/RoundedSelection_16x.png' error.
[2021.07.15-19.47.50:954][  0]LogSlate: Could not find file for Slate resource: ../../../Engine/Content/Editor/Slate/Niagara/Common/RoundedSelection_16x.png
[2021.07.15-19.47.50:954][  0]LogStreaming: Warning: Failed to read file '../../../Engine/Content/Editor/Slate/Niagara/Common/FlatButton.png' error.
[2021.07.15-19.47.50:954][  0]LogSlate: Could not find file for Slate resource: ../../../Engine/Content/Editor/Slate/Niagara/Common/FlatButton.png
[2021.07.15-19.47.50:954][  0]LogImageWrapper: Warning: PNG Warning: Duplicate iCCP chunk
[2021.07.15-19.47.50:954][  0]LogImageWrapper: Warning: PNG Warning: Duplicate iCCP chunk
[2021.07.15-19.47.50:954][  0]LogPython: Using Python 3.7.7
[2021.07.15-19.47.51:609][  0]LogTcpMessaging: Initializing TcpMessaging bridge
[2021.07.15-19.47.51:633][  0]LogUdpMessaging: Initializing bridge on interface 0.0.0.0:0 to multicast group 230.0.0.1:6666.
[2021.07.15-19.47.51:826][  0]LogEpicStudioAnalytics: StartUp StudioAnalytics
[2021.07.15-19.47.51:828][  0]LogAnalytics: Display: [StudioAnalytics.Dev] APIServer = https://datarouter.ol.epicgames.com/. AppVersion = 4.27.0-0+++UE4+Release-4.27
[2021.07.15-19.47.52:674][  0]LogOpenImageDenoise: OIDN starting up
[2021.07.15-19.47.52:837][  0]LogAndroidPermission: UAndroidPermissionCallbackProxy::GetInstance
[2021.07.15-19.47.52:907][  0]LogAudioCaptureCore: Display: No Audio Capture implementations found. Audio input will be silent.
[2021.07.15-19.47.52:907][  0]LogAudioCaptureCore: Display: No Audio Capture implementations found. Audio input will be silent.
[2021.07.15-19.47.53:146][  0]SourceControl: Source control is disabled
[2021.07.15-19.47.53:146][  0]SourceControl: Source control is disabled
[2021.07.15-19.47.53:157][  0]SourceControl: Source control is disabled
[2021.07.15-19.47.53:170][  0]SourceControl: Source control is disabled
[2021.07.15-19.47.53:204][  0]SourceControl: Source control is disabled
[2021.07.15-19.47.53:214][  0]LogUProjectInfo: Found projects:
[2021.07.15-19.47.53:267][  0]LogCollectionManager: Loaded 0 collections in 0.003031 seconds
[2021.07.15-19.47.53:318][  0]LogFileCache: Scanning file cache for directory 'C:/Users/zonks/Documents/Unreal/Projects/UnrealPong/Saved/Collections/' took 0.00s
[2021.07.15-19.47.53:318][  0]LogFileCache: Scanning file cache for directory 'C:/Users/zonks/Documents/Unreal/Projects/UnrealPong/Content/Developers/zonks/Collections/' took 0.00s
[2021.07.15-19.47.53:319][  0]LogFileCache: Scanning file cache for directory 'C:/Users/zonks/Documents/Unreal/Projects/UnrealPong/Content/Collections/' took 0.00s
[2021.07.15-19.47.53:319][  0]LogOcInput: OculusInput pre-init called
[2021.07.15-19.47.53:568][  0]LogStreaming: Warning: Failed to read file '../../../Engine/Content/Editor/Slate/Niagara/MenuSeparator.png' error.
[2021.07.15-19.47.53:568][  0]LogSlate: Could not find file for Slate resource: ../../../Engine/Content/Editor/Slate/Niagara/MenuSeparator.png
[2021.07.15-19.47.53:569][  0]LogStreaming: Warning: Failed to read file '../../../Engine/Content/Editor/Slate/Niagara/Common/Selector.png' error.
[2021.07.15-19.47.53:569][  0]LogSlate: Could not find file for Slate resource: ../../../Engine/Content/Editor/Slate/Niagara/Common/Selector.png
[2021.07.15-19.47.53:569][  0]LogStreaming: Warning: Failed to read file '../../../Engine/Content/Editor/Slate/Niagara/Common/Selection.png' error.
[2021.07.15-19.47.53:569][  0]LogStreaming: Warning: Failed to read file '../../../Engine/Content/Editor/Slate/Niagara/Common/DropZoneIndicator_Above.png' error.
[2021.07.15-19.47.53:569][  0]LogSlate: Could not find file for Slate resource: ../../../Engine/Content/Editor/Slate/Niagara/Common/Selection.png
[2021.07.15-19.47.53:569][  0]LogSlate: Could not find file for Slate resource: ../../../Engine/Content/Editor/Slate/Niagara/Common/DropZoneIndicator_Above.png
[2021.07.15-19.47.53:569][  0]LogStreaming: Warning: Failed to read file '../../../Engine/Content/Editor/Slate/Niagara/Common/DropZoneIndicator_Onto.png' error.
[2021.07.15-19.47.53:570][  0]LogSlate: Could not find file for Slate resource: ../../../Engine/Content/Editor/Slate/Niagara/Common/DropZoneIndicator_Onto.png
[2021.07.15-19.47.53:570][  0]LogStreaming: Warning: Failed to read file '../../../Engine/Content/Editor/Slate/Niagara/Common/DropZoneIndicator_Below.png' error.
[2021.07.15-19.47.53:570][  0]LogSlate: Could not find file for Slate resource: ../../../Engine/Content/Editor/Slate/Niagara/Common/DropZoneIndicator_Below.png
[2021.07.15-19.47.53:570][  0]LogStreaming: Warning: Failed to read file '../../../Engine/Content/Editor/Slate/Niagara/Common/FlatButton.png' error.
[2021.07.15-19.47.53:570][  0]LogSlate: Could not find file for Slate resource: ../../../Engine/Content/Editor/Slate/Niagara/Common/FlatButton.png
[2021.07.15-19.47.53:570][  0]LogStreaming: Warning: Failed to read file '../../../Engine/Content/Editor/Slate/Niagara/Common/RoundedSelection_16x.png' error.
[2021.07.15-19.47.53:570][  0]LogSlate: Could not find file for Slate resource: ../../../Engine/Content/Editor/Slate/Niagara/Common/RoundedSelection_16x.png
[2021.07.15-19.47.53:570][  0]LogImageWrapper: Warning: PNG Warning: Duplicate iCCP chunk
[2021.07.15-19.47.53:571][  0]LogImageWrapper: Warning: PNG Warning: Duplicate iCCP chunk
[2021.07.15-19.47.53:571][  0]LogClass: Display: IntProperty FPongServerData::CurrentPlayers is not initialized properly. Module:UnrealPong File:Public/Core/PongData.h
[2021.07.15-19.47.53:571][  0]LogClass: Display: 1 Uninitialized script struct members found including 0 object properties
[2021.07.15-19.47.53:572][  0]LogAutomationTest: Warning: Failed to read file '../../../Engine/Content/Editor/Slate/Niagara/MenuSeparator.png' error.
[2021.07.15-19.47.53:572][  0]LogAutomationTest: Warning: Failed to read file '../../../Engine/Content/Editor/Slate/Niagara/Common/Selector.png' error.
[2021.07.15-19.47.53:572][  0]LogAutomationTest: Warning: Failed to read file '../../../Engine/Content/Editor/Slate/Niagara/Common/Selection.png' error.
[2021.07.15-19.47.53:572][  0]LogAutomationTest: Warning: Failed to read file '../../../Engine/Content/Editor/Slate/Niagara/Common/DropZoneIndicator_Above.png' error.
[2021.07.15-19.47.53:572][  0]LogAutomationTest: Warning: Failed to read file '../../../Engine/Content/Editor/Slate/Niagara/Common/DropZoneIndicator_Onto.png' error.
[2021.07.15-19.47.53:572][  0]LogAutomationTest: Warning: Failed to read file '../../../Engine/Content/Editor/Slate/Niagara/Common/DropZoneIndicator_Below.png' error.
[2021.07.15-19.47.53:572][  0]LogAutomationTest: Warning: Failed to read file '../../../Engine/Content/Editor/Slate/Niagara/Common/FlatButton.png' error.
[2021.07.15-19.47.53:573][  0]LogAutomationTest: Warning: Failed to read file '../../../Engine/Content/Editor/Slate/Niagara/Common/RoundedSelection_16x.png' error.
[2021.07.15-19.47.53:573][  0]LogAutomationTest: Warning: PNG Warning: Duplicate iCCP chunk
[2021.07.15-19.47.53:573][  0]LogAutomationTest: Warning: PNG Warning: Duplicate iCCP chunk
[2021.07.15-19.47.53:573][  0]LogEngine: Initializing Engine...
[2021.07.15-19.47.53:574][  0]LogHMD: Failed to enumerate extensions. Please check that you have a valid OpenXR runtime installed.
[2021.07.15-19.47.53:574][  0]LogHMD: Failed to initialize OpenVR with code 110
[2021.07.15-19.47.53:575][  0]LogMagicLeap: Warning: VR disabled because ZI is not enabled.  To enable, in the editor, Edit -> Project Settings -> Plugins -> Magic Leap Plugin -> Enable Zero Iteration
[2021.07.15-19.47.53:575][  0]LogStats: UGameplayTagsManager::InitializeManager -  0.000 s
[2021.07.15-19.47.53:665][  0]LogInit: Initializing FReadOnlyCVARCache
[2021.07.15-19.47.53:680][  0]LogAIModule: Creating AISystem for world Untitled
[2021.07.15-19.47.53:690][  0]LogAudio: Display: Initializing Audio Device Manager...
[2021.07.15-19.47.53:700][  0]LogAudio: Display: Loading Default Audio Settings Objects...
[2021.07.15-19.47.53:700][  0]LogAudio: Display: No default SoundConcurrencyObject specified (or failed to load).
[2021.07.15-19.47.53:701][  0]LogAudio: Display: Audio Device Manager Initialized
[2021.07.15-19.47.53:701][  0]LogAudio: Display: Creating Audio Device:                 Id: 1, Scope: Shared, Realtime: True
[2021.07.15-19.47.53:701][  0]LogAudioMixer: Display: Audio Mixer Platform Settings:
[2021.07.15-19.47.53:701][  0]LogAudioMixer: Display: 	Sample Rate:						  48000
[2021.07.15-19.47.53:701][  0]LogAudioMixer: Display: 	Callback Buffer Frame Size Requested: 256
[2021.07.15-19.47.53:701][  0]LogAudioMixer: Display: 	Callback Buffer Frame Size To Use:	  256
[2021.07.15-19.47.53:702][  0]LogAudioMixer: Display: 	Number of buffers to queue:			  7
[2021.07.15-19.47.53:702][  0]LogAudioMixer: Display: 	Max Channels (voices):				  32
[2021.07.15-19.47.53:702][  0]LogAudioMixer: Display: 	Number of Async Source Workers:		  0
[2021.07.15-19.47.53:702][  0]LogAudio: Display: AudioDevice MaxSources: 32
[2021.07.15-19.47.53:702][  0]LogAudio: Display: Audio Spatialization Plugin: None (built-in).
[2021.07.15-19.47.53:702][  0]LogAudio: Display: Audio Reverb Plugin: None (built-in).
[2021.07.15-19.47.53:702][  0]LogAudio: Display: Audio Occlusion Plugin: None (built-in).
[2021.07.15-19.47.53:703][  0]LogAudioMixer: Display: Initializing audio mixer.
[2021.07.15-19.47.53:741][  0]LogAudioMixer: Display: 0: FrontLeft
[2021.07.15-19.47.53:741][  0]LogAudioMixer: Display: 1: FrontRight
[2021.07.15-19.47.53:785][  0]LogAudioMixer: Display: Using Audio Device VoiceMeeter Input (VB-Audio VoiceMeeter VAIO)
[2021.07.15-19.47.53:786][  0]LogAudioMixer: Display: Initializing Sound Submixes...
[2021.07.15-19.47.53:788][  0]LogAudioMixer: Display: Creating Master Submix 'MasterSubmixDefault'
[2021.07.15-19.47.53:788][  0]LogAudioMixer: Display: Creating Master Submix 'MasterReverbSubmixDefault'
[2021.07.15-19.47.53:789][  0]LogAudioMixer: Display: Creating Master Submix 'MasterEQSubmixDefault'
[2021.07.15-19.47.53:789][  0]LogAudioMixer: FMixerPlatformXAudio2::StartAudioStream() called
[2021.07.15-19.47.53:789][  0]LogAudioMixer: Display: Output buffers initialized: Frames=256, Channels=2, Samples=512
[2021.07.15-19.47.53:790][  0]LogAudioMixer: Display: Starting AudioMixerPlatformInterface::RunInternal()
[2021.07.15-19.47.53:790][  0]LogAudioMixer: Display: FMixerPlatformXAudio2::SubmitBuffer() called for the first time
[2021.07.15-19.47.53:790][  0]LogInit: FAudioDevice initialized.
[2021.07.15-19.47.53:791][  0]LogAudio: Display: Audio Device (ID: 1) registered with world 'Untitled'.
[2021.07.15-19.47.53:791][  0]LogNetVersion: Set ProjectVersion to 1.0.0.0. Version Checksum will be recalculated on next use.
[2021.07.15-19.47.53:838][  0]LogDerivedDataCache: Saved boot cache 0.05s 94MB ../../../../Projects/UnrealPong/DerivedDataCache/Boot.ddc.
[2021.07.15-19.47.53:838][  0]LogInit: Texture streaming: Enabled
[2021.07.15-19.47.53:870][  0]LogAnalytics: Display: [UEEditor.Perforce.Dev] APIServer = https://datarouter.ol.epicgames.com/. AppVersion = 4.27.0-0+++UE4+Release-4.27
[2021.07.15-19.47.53:881][  0]LogEngineSessionManager: EngineSessionManager initialized
[2021.07.15-19.47.53:881][  0]LogEditorSessionSummary: Verbose: Initializing EditorSessionSummaryWriter for editor session tracking
[2021.07.15-19.47.53:883][  0]LogEditorSessionSummary: EditorSessionSummaryWriter initialized
[2021.07.15-19.47.53:919][  0]LogInit: Transaction tracking system initialized
[2021.07.15-19.47.53:986][  0]BlueprintLog: New page: Editor Load
[2021.07.15-19.47.54:147][  0]LocalizationService: Localization service is disabled
[2021.07.15-19.47.54:213][  0]TimingProfiler: Initialize
[2021.07.15-19.47.54:213][  0]TimingProfiler: OnSessionChanged
[2021.07.15-19.47.54:213][  0]LoadingProfiler: Initialize
[2021.07.15-19.47.54:213][  0]LoadingProfiler: OnSessionChanged
[2021.07.15-19.47.54:213][  0]NetworkingProfiler: Initialize
[2021.07.15-19.47.54:213][  0]NetworkingProfiler: OnSessionChanged
[2021.07.15-19.47.54:214][  0]MemoryProfiler: Initialize
[2021.07.15-19.47.54:214][  0]MemoryProfiler: OnSessionChanged
[2021.07.15-19.47.54:421][  0]LogCook: Display: CookSettings for Memory: MemoryMaxUsedVirtual 0MiB, MemoryMaxUsedPhysical 16384MiB, MemoryMinFreeVirtual 0MiB, MemoryMinFreePhysical 1024MiB
[2021.07.15-19.47.54:421][  0]LogFileCache: Scanning file cache for directory 'C:/Users/zonks/Documents/Unreal/Projects/UnrealPong/Content/' took 0.00s
[2021.07.15-19.47.54:421][  0]LogCook: Display: Mobile HDR setting 1
[2021.07.15-19.47.54:538][  0]LogEncoderNVENC: Created D3D11 device for NVENC on 'NVIDIA GeForce GTX 1080'.
[2021.07.15-19.47.55:043][  0]LogStreaming: Warning: Failed to read file '../../../Engine/Content/Editor/Slate/Niagara/MenuSeparator.png' error.
[2021.07.15-19.47.55:043][  0]LogSlate: Could not find file for Slate resource: ../../../Engine/Content/Editor/Slate/Niagara/MenuSeparator.png
[2021.07.15-19.47.55:043][  0]LogStreaming: Warning: Failed to read file '../../../Engine/Content/Editor/Slate/Niagara/Common/Selector.png' error.
[2021.07.15-19.47.55:044][  0]LogSlate: Could not find file for Slate resource: ../../../Engine/Content/Editor/Slate/Niagara/Common/Selector.png
[2021.07.15-19.47.55:044][  0]LogStreaming: Warning: Failed to read file '../../../Engine/Content/Editor/Slate/Niagara/Common/Selection.png' error.
[2021.07.15-19.47.55:044][  0]LogSlate: Could not find file for Slate resource: ../../../Engine/Content/Editor/Slate/Niagara/Common/Selection.png
[2021.07.15-19.47.55:044][  0]LogStreaming: Warning: Failed to read file '../../../Engine/Content/Editor/Slate/Niagara/Common/DropZoneIndicator_Above.png' error.
[2021.07.15-19.47.55:044][  0]LogSlate: Could not find file for Slate resource: ../../../Engine/Content/Editor/Slate/Niagara/Common/DropZoneIndicator_Above.png
[2021.07.15-19.47.55:044][  0]LogStreaming: Warning: Failed to read file '../../../Engine/Content/Editor/Slate/Niagara/Common/DropZoneIndicator_Onto.png' error.
[2021.07.15-19.47.55:044][  0]LogSlate: Could not find file for Slate resource: ../../../Engine/Content/Editor/Slate/Niagara/Common/DropZoneIndicator_Onto.png
[2021.07.15-19.47.55:045][  0]LogStreaming: Warning: Failed to read file '../../../Engine/Content/Editor/Slate/Niagara/Common/DropZoneIndicator_Below.png' error.
[2021.07.15-19.47.55:045][  0]LogSlate: Could not find file for Slate resource: ../../../Engine/Content/Editor/Slate/Niagara/Common/DropZoneIndicator_Below.png
[2021.07.15-19.47.55:045][  0]LogStreaming: Warning: Failed to read file '../../../Engine/Content/Editor/Slate/Niagara/Common/RoundedSelection_16x.png' error.
[2021.07.15-19.47.55:045][  0]LogSlate: Could not find file for Slate resource: ../../../Engine/Content/Editor/Slate/Niagara/Common/RoundedSelection_16x.png
[2021.07.15-19.47.55:045][  0]LogStreaming: Warning: Failed to read file '../../../Engine/Content/Editor/Slate/Niagara/Common/FlatButton.png' error.
[2021.07.15-19.47.55:045][  0]LogSlate: Could not find file for Slate resource: ../../../Engine/Content/Editor/Slate/Niagara/Common/FlatButton.png
[2021.07.15-19.47.55:045][  0]LogImageWrapper: Warning: PNG Warning: Duplicate iCCP chunk
[2021.07.15-19.47.55:045][  0]LogImageWrapper: Warning: PNG Warning: Duplicate iCCP chunk
[2021.07.15-19.47.55:046][  0]LogInit: Display: Engine is initialized. Leaving FEngineLoop::Init()
[2021.07.15-19.47.55:048][  0]SourceControl: Source control is disabled
[2021.07.15-19.47.55:048][  0]LogUnrealEdMisc: Loading editor; pre map load, took 9.850
[2021.07.15-19.47.55:049][  0]Cmd: MAP LOAD FILE="../../../../Projects/UnrealPong/Content/Maps/Game.umap" TEMPLATE=0 SHOWPROGRESS=1 FEATURELEVEL=3
[2021.07.15-19.47.55:049][  0]LightingResults: New page: Lighting Build
[2021.07.15-19.47.55:050][  0]LogWorld: UWorld::CleanupWorld for Untitled, bSessionEnded=true, bCleanupResources=true
[2021.07.15-19.47.55:050][  0]LogSlate: InvalidateAllWidgets triggered.  All widgets were invalidated
[2021.07.15-19.47.55:051][  0]MapCheck: New page: Map Check
[2021.07.15-19.47.55:051][  0]LightingResults: New page: Lighting Build
[2021.07.15-19.47.55:056][  0]LogUObjectHash: Compacting FUObjectHashTables data took   0.78ms
[2021.07.15-19.47.55:072][  0]LogAudio: Display: Audio Device (ID: 1) registered with world 'Game'.
[2021.07.15-19.47.55:073][  0]LogAIModule: Creating AISystem for world Game
[2021.07.15-19.47.55:074][  0]LogEditorServer: Finished looking for orphan Actors (0.000 secs)
[2021.07.15-19.47.55:079][  0]LogUObjectHash: Compacting FUObjectHashTables data took   0.77ms
[2021.07.15-19.47.55:079][  0]Cmd: MAP CHECKDEP NOCLEARLOG
[2021.07.15-19.47.55:080][  0]MapCheck: Map check complete: 0 Error(s), 0 Warning(s), took 0.187ms to complete.
[2021.07.15-19.47.55:080][  0]LogFileHelpers: Loading map 'Game' took 0.052
[2021.07.15-19.47.55:084][  0]LogUnrealEdMisc: Total Editor Startup Time, took 9.902
[2021.07.15-19.47.55:198][  0]LogSlate: Updating window title bar state: overlay mode, drag disabled, window buttons hidden, title bar hidden
[2021.07.15-19.47.55:203][  0]LogSlate: Updating window title bar state: overlay mode, drag disabled, window buttons hidden, title bar hidden
[2021.07.15-19.47.55:208][  0]LogSlate: Updating window title bar state: overlay mode, drag disabled, window buttons hidden, title bar hidden
[2021.07.15-19.47.55:213][  0]LogSlate: Updating window title bar state: overlay mode, drag disabled, window buttons hidden, title bar hidden
[2021.07.15-19.47.55:226][  0]LogNativeClassHierarchy: Verbose: Native class hierarchy populated in 0.0092 seconds. Added 3834 classes and 936 folders.
[2021.07.15-19.47.55:243][  0]LogNativeClassHierarchy: Verbose: Native class hierarchy updated for 'WidgetCarousel' in 0.0002 seconds. Added 0 classes and 0 folders.
[2021.07.15-19.47.55:245][  0]LogNativeClassHierarchy: Verbose: Native class hierarchy updated for 'AddContentDialog' in 0.0002 seconds. Added 0 classes and 0 folders.
[2021.07.15-19.47.55:248][  0]LogNativeClassHierarchy: Verbose: Native class hierarchy updated for 'SceneOutliner' in 0.0002 seconds. Added 2 classes and 0 folders.
[2021.07.15-19.47.55:267][  0]LogSlate: Took 0.000122 seconds to synchronously load lazily loaded font '../../../Engine/Content/Slate/Fonts/Roboto-Regular.ttf' (155K)
[2021.07.15-19.47.55:268][  0]LogSlate: Took 0.000098 seconds to synchronously load lazily loaded font '../../../Engine/Content/Editor/Slate/Fonts/FontAwesome.ttf' (139K)
[2021.07.15-19.47.55:270][  0]LogSlate: Took 0.000110 seconds to synchronously load lazily loaded font '../../../Engine/Content/Slate/Fonts/Roboto-Bold.ttf' (160K)
[2021.07.15-19.47.55:347][  0]LogRenderer: Reallocating scene render targets to support 1616x836 Format 10 NumSamples 1 (Frame:1).
[2021.07.15-19.47.55:970][  0]LogNativeClassHierarchy: Verbose: Native class hierarchy updated for 'HierarchicalLODOutliner' in 0.0003 seconds. Added 0 classes and 0 folders.
[2021.07.15-19.47.55:970][  0]LogLoad: (Engine Initialization) Total time: 10.80 seconds
[2021.07.15-19.47.55:970][  0]LogLoad: (Engine Initialization) Total Blueprint compile time: 0.00 seconds
[2021.07.15-19.47.56:015][  0]LogAssetRegistry: Asset discovery search completed in 6.5226 seconds
[2021.07.15-19.47.56:019][  0]LogCollectionManager: Fixed up redirectors for 0 collections in 0.000003 seconds (updated 0 objects)
[2021.07.15-19.47.56:021][  0]LogContentStreaming: Texture pool size now 1000 MB
[2021.07.15-19.47.56:129][  6]LogActor: Warning: BP_PongWall_C /Engine/Transient.World_0:PersistentLevel.BP_PongWall_C_0 has natively added scene component(s), but none of them were set as the actor's RootComponent - picking one arbitrarily
[2021.07.15-19.47.56:150][  7]LogActor: Warning: BP_PongGoal_C /Engine/Transient.World_2:PersistentLevel.BP_PongGoal_C_0 has natively added scene component(s), but none of them were set as the actor's RootComponent - picking one arbitrarily
[2021.07.15-19.48.35:833][202]LogSlate: Took 0.000099 seconds to synchronously load lazily loaded font '../../../Engine/Content/Slate/Fonts/Roboto-Light.ttf' (167K)
[2021.07.15-19.48.35:846][202]Cmd: OBJ SAVEPACKAGE PACKAGE="/Game/Maps/Game" FILE="../../../../Projects/UnrealPong/Content/Maps/Game.umap" SILENT=true AUTOSAVING=false KEEPDIRTY=false
[2021.07.15-19.48.35:849][202]LogUObjectHash: Compacting FUObjectHashTables data took   0.60ms
[2021.07.15-19.48.35:856][202]LogSavePackage: Moving '../../../../Projects/UnrealPong/Saved/Game8EA2604149D1308840B61393D53A15DA.tmp' to '../../../../Projects/UnrealPong/Content/Maps/Game.umap'
[2021.07.15-19.48.35:871][202]AssetCheck: New page: Asset Save: Game
[2021.07.15-19.48.35:871][202]LogContentValidation: Display: Validating World /Game/Maps/Game.Game
