Log file open, 07/15/21 11:05:04
LogWindows: Failed to load 'aqProf.dll' (GetLastError=126)
LogWindows: File 'aqProf.dll' does not exist
LogWindows: Failed to load 'VtuneApi.dll' (GetLastError=126)
LogWindows: File 'VtuneApi.dll' does not exist
LogWindows: Failed to load 'VtuneApi32e.dll' (GetLastError=126)
LogWindows: File 'VtuneApi32e.dll' does not exist
LogConsoleResponse: Display: Failed to find resolution value strings in scalability ini. Falling back to default.
LogConsoleResponse: Display: Failed to find resolution value strings in scalability ini. Falling back to default.
LogInit: Display: Running engine for game: UnrealPong
LogPlatformFile: Not using cached read wrapper
LogTaskGraph: Started task graph with 5 named threads and 17 total threads with 3 sets of task threads.
LogStats: Stats thread started at 0.424422
LogICUInternationalization: ICU TimeZone Detection - Raw Offset: -7:00, Platform Override: ''
LogInit: Display: Loading text-based GConfig....
LogPluginManager: Mounting plugin MeshPainting
LogPluginManager: Mounting plugin XGEController
LogPluginManager: Mounting plugin Paper2D
LogPluginManager: Mounting plugin AISupport
LogPluginManager: Mounting plugin EnvironmentQueryEditor
LogPluginManager: Mounting plugin LiveLink
LogPluginManager: Mounting plugin LightPropagationVolume
LogPluginManager: Mounting plugin CameraShakePreviewer
LogPluginManager: Mounting plugin GameplayCameras
LogPluginManager: Mounting plugin OodleData
LogPluginManager: Mounting plugin OodleNetwork
LogPluginManager: Mounting plugin AnimationSharing
LogPluginManager: Mounting plugin CLionSourceCodeAccess
LogPluginManager: Mounting plugin CodeLiteSourceCodeAccess
LogPluginManager: Mounting plugin GitSourceControl
LogPluginManager: Mounting plugin KDevelopSourceCodeAccess
LogPluginManager: Mounting plugin NullSourceCodeAccess
LogPluginManager: Mounting plugin PerforceSourceControl
LogPluginManager: Mounting plugin PixWinPlugin
LogPluginManager: Mounting plugin PlasticSourceControl
LogPluginManager: Mounting plugin PluginUtils
LogPluginManager: Mounting plugin PropertyAccessNode
LogPluginManager: Mounting plugin RiderLink
LogPluginManager: Mounting plugin RiderSourceCodeAccess
LogPluginManager: Mounting plugin SubversionSourceControl
LogPluginManager: Mounting plugin TextureFormatOodle
LogPluginManager: Mounting plugin UObjectPlugin
LogPluginManager: Mounting plugin VisualStudioCodeSourceCodeAccess
LogPluginManager: Mounting plugin VisualStudioSourceCodeAccess
LogPluginManager: Mounting plugin XCodeSourceCodeAccess
LogPluginManager: Mounting plugin AssetManagerEditor
LogPluginManager: Mounting plugin CryptoKeys
LogPluginManager: Mounting plugin CurveEditorTools
LogPluginManager: Mounting plugin DataValidation
LogPluginManager: Mounting plugin FacialAnimation
LogPluginManager: Mounting plugin GameplayTagsEditor
LogPluginManager: Mounting plugin GeometryMode
LogPluginManager: Mounting plugin MacGraphicsSwitching
LogPluginManager: Mounting plugin MaterialAnalyzer
LogPluginManager: Mounting plugin MobileLauncherProfileWizard
LogPluginManager: Mounting plugin PluginBrowser
LogPluginManager: Mounting plugin SpeedTreeImporter
LogPluginManager: Mounting plugin DatasmithContent
LogPluginManager: Mounting plugin VariantManagerContent
LogPluginManager: Mounting plugin AlembicImporter
LogPluginManager: Mounting plugin AutomationUtils
LogPluginManager: Mounting plugin BackChannel
LogPluginManager: Mounting plugin ChaosCloth
LogPluginManager: Mounting plugin ChaosClothEditor
LogPluginManager: Mounting plugin ChaosEditor
LogPluginManager: Mounting plugin ChaosNiagara
LogPluginManager: Mounting plugin ChaosSolverPlugin
LogPluginManager: Mounting plugin CharacterAI
LogPluginManager: Mounting plugin GeometryCache
LogPluginManager: Mounting plugin GeometryCollectionPlugin
LogPluginManager: Mounting plugin GeometryProcessing
LogPluginManager: Mounting plugin MotoSynth
LogPluginManager: Mounting plugin OpenImageDenoise
LogPluginManager: Mounting plugin PlanarCut
LogPluginManager: Mounting plugin PlatformCrypto
LogPluginManager: Mounting plugin ProxyLODPlugin
LogPluginManager: Mounting plugin PythonScriptPlugin
LogPluginManager: Mounting plugin SkeletalReduction
LogPluginManager: Mounting plugin Niagara
LogPluginManager: Mounting plugin LuminPlatformFeatures
LogPluginManager: Mounting plugin MagicLeap
LogPluginManager: Mounting plugin MagicLeapLightEstimation
LogPluginManager: Mounting plugin MagicLeapMedia
LogPluginManager: Mounting plugin MagicLeapPassableWorld
LogPluginManager: Mounting plugin MLSDK
LogPluginManager: Mounting plugin AndroidMedia
LogPluginManager: Mounting plugin AvfMedia
LogPluginManager: Mounting plugin HardwareEncoders
LogPluginManager: Mounting plugin ImgMedia
LogPluginManager: Mounting plugin MediaCompositing
LogPluginManager: Mounting plugin MediaPlayerEditor
LogPluginManager: Mounting plugin WebMMedia
LogPluginManager: Mounting plugin WmfMedia
LogPluginManager: Mounting plugin TcpMessaging
LogPluginManager: Mounting plugin UdpMessaging
LogPluginManager: Mounting plugin ActorSequence
LogPluginManager: Mounting plugin LevelSequenceEditor
LogPluginManager: Mounting plugin MatineeToLevelSequence
LogPluginManager: Mounting plugin TemplateSequence
LogPluginManager: Mounting plugin OnlineSubsystem
LogPluginManager: Mounting plugin OnlineSubsystemNull
LogPluginManager: Mounting plugin OnlineSubsystemUtils
LogPluginManager: Mounting plugin LauncherChunkInstaller
LogPluginManager: Mounting plugin ActorLayerUtilities
LogPluginManager: Mounting plugin AndroidDeviceProfileSelector
LogPluginManager: Mounting plugin AndroidMoviePlayer
LogPluginManager: Mounting plugin AndroidPermission
LogPluginManager: Mounting plugin AppleImageUtils
LogPluginManager: Mounting plugin AppleMoviePlayer
LogPluginManager: Mounting plugin ArchVisCharacter
LogPluginManager: Mounting plugin AssetTags
LogPluginManager: Mounting plugin AudioCapture
LogPluginManager: Mounting plugin AudioSynesthesia
LogPluginManager: Mounting plugin CableComponent
LogPluginManager: Mounting plugin ChunkDownloader
LogPluginManager: Mounting plugin CustomMeshComponent
LogPluginManager: Mounting plugin EditableMesh
LogPluginManager: Mounting plugin ExampleDeviceProfileSelector
LogPluginManager: Mounting plugin GoogleCloudMessaging
LogPluginManager: Mounting plugin GooglePAD
LogPluginManager: Mounting plugin IOSDeviceProfileSelector
LogPluginManager: Mounting plugin LinuxDeviceProfileSelector
LogPluginManager: Mounting plugin LocationServicesBPLibrary
LogPluginManager: Mounting plugin MobilePatchingUtils
LogPluginManager: Mounting plugin OpenXR
LogPluginManager: Mounting plugin OpenXREyeTracker
LogPluginManager: Mounting plugin OpenXRHandTracking
LogPluginManager: Mounting plugin PhysXVehicles
LogPluginManager: Mounting plugin PostSplashScreen
LogPluginManager: Mounting plugin ProceduralMeshComponent
LogPluginManager: Mounting plugin PropertyAccessEditor
LogPluginManager: Mounting plugin RuntimePhysXCooking
LogPluginManager: Mounting plugin SignificanceManager
LogPluginManager: Mounting plugin SoundFields
LogPluginManager: Mounting plugin Synthesis
LogPluginManager: Mounting plugin WebMMoviePlayer
LogPluginManager: Mounting plugin WindowsMoviePlayer
LogPluginManager: Mounting plugin ScreenshotTools
LogPluginManager: Mounting plugin Takes
LogPluginManager: Mounting plugin ContentBrowserAssetDataSource
LogPluginManager: Mounting plugin ContentBrowserClassDataSource
LogPluginManager: Mounting plugin ContentBrowserFileDataSource
LogPluginManager: Mounting plugin OnlineSubsystemGooglePlay
LogPluginManager: Mounting plugin OnlineSubsystemIOS
LogPluginManager: Mounting plugin OculusVR
LogPluginManager: Mounting plugin SteamVR
LogPluginManager: Mounting plugin BPEditorExtension
LogPluginManager: Mounting plugin EpicStudioAnalytics
LogPluginManager: Mounting plugin ObjectBrowser
PixWinPlugin: PIX capture plugin failed to initialize! Check that the process is launched from PIX.
LogInit: Using libcurl 7.55.1-DEV
LogInit:  - built for x86_64-pc-win32
LogInit:  - supports SSL with OpenSSL/1.1.1
LogInit:  - supports HTTP deflate (compression) using libz 1.2.8
LogInit:  - other features:
LogInit:      CURL_VERSION_SSL
LogInit:      CURL_VERSION_LIBZ
LogInit:      CURL_VERSION_IPV6
LogInit:      CURL_VERSION_ASYNCHDNS
LogInit:      CURL_VERSION_LARGEFILE
LogInit:      CURL_VERSION_IDN
LogInit:  CurlRequestOptions (configurable via config and command line):
LogInit:  - bVerifyPeer = true  - Libcurl will verify peer certificate
LogInit:  - bUseHttpProxy = false  - Libcurl will NOT use HTTP proxy
LogInit:  - bDontReuseConnections = false  - Libcurl will reuse connections
LogInit:  - MaxHostConnections = 16  - Libcurl will limit the number of connections to a host
LogInit:  - LocalHostAddr = Default
LogInit:  - BufferSize = 65536
LogOnline: OSS: Creating online subsystem instance for: NULL
LogInit: WinSock: version 1.1 (2.2), MaxSocks=32767, MaxUdp=65467
LogOnline: OSS: TryLoadSubsystemAndSetDefault: Loaded subsystem for module [NULL]
LogInit: Build: ++UE4+Release-4.27-CL-0
LogInit: Engine Version: 4.27.0-0+++UE4+Release-4.27
LogInit: Compatible Engine Version: 4.27.0-0+++UE4+Release-4.27
LogInit: Net CL: 0
LogInit: OS: Windows 10 (Release 2009) (), CPU: AMD Ryzen 5 3600 6-Core Processor              , GPU: NVIDIA GeForce GTX 1080
LogInit: Compiled (64-bit): Jul 14 2021 08:36:12
LogInit: Compiled with Visual C++: 19.29.30038.01
LogInit: Build Configuration: Development
LogInit: Branch Name: ++UE4+Release-4.27
LogInit: Command Line:  /Game/Maps/Game -game -PIEVIACONSOLE -Multiprocess -server -log GameUserSettingsINI=C:/Users/zonks/Documents/Unreal/Projects/UnrealPong/Saved/Config/Windows/PIEGameUserSettings0.ini -MultiprocessSaveConfig -forcepassthrough -messaging -SessionName="Play in Standalone Game" -port=17777 -windowed
LogInit: Base Directory: C:/Users/zonks/Documents/Unreal/Engine/Engine/Binaries/Win64/
LogInit: Allocator: TBB
LogInit: Installed Engine Build: 0
LogDevObjectVersion: Number of dev versions registered: 29
LogDevObjectVersion:   Dev-Blueprints (B0D832E4-1F89-4F0D-ACCF-7EB736FD4AA2): 10
LogDevObjectVersion:   Dev-Build (E1C64328-A22C-4D53-A36C-8E866417BD8C): 0
LogDevObjectVersion:   Dev-Core (375EC13C-06E4-48FB-B500-84F0262A717E): 4
LogDevObjectVersion:   Dev-Editor (E4B068ED-F494-42E9-A231-DA0B2E46BB41): 40
LogDevObjectVersion:   Dev-Framework (CFFC743F-43B0-4480-9391-14DF171D2073): 37
LogDevObjectVersion:   Dev-Mobile (B02B49B5-BB20-44E9-A304-32B752E40360): 3
LogDevObjectVersion:   Dev-Networking (A4E4105C-59A1-49B5-A7C5-40C4547EDFEE): 0
LogDevObjectVersion:   Dev-Online (39C831C9-5AE6-47DC-9A44-9C173E1C8E7C): 0
LogDevObjectVersion:   Dev-Physics (78F01B33-EBEA-4F98-B9B4-84EACCB95AA2): 14
LogDevObjectVersion:   Dev-Platform (6631380F-2D4D-43E0-8009-CF276956A95A): 0
LogDevObjectVersion:   Dev-Rendering (12F88B9F-8875-4AFC-A67C-D90C383ABD29): 45
LogDevObjectVersion:   Dev-Sequencer (7B5AE74C-D270-4C10-A958-57980B212A5A): 13
LogDevObjectVersion:   Dev-VR (D7296918-1DD6-4BDD-9DE2-64A83CC13884): 3
LogDevObjectVersion:   Dev-LoadTimes (C2A15278-BFE7-4AFE-6C17-90FF531DF755): 1
LogDevObjectVersion:   Private-Geometry (6EACA3D4-40EC-4CC1-B786-8BED09428FC5): 3
LogDevObjectVersion:   Dev-AnimPhys (29E575DD-E0A3-4627-9D10-D276232CDCEA): 17
LogDevObjectVersion:   Dev-Anim (AF43A65D-7FD3-4947-9873-3E8ED9C1BB05): 15
LogDevObjectVersion:   Dev-ReflectionCapture (6B266CEC-1EC7-4B8F-A30B-E4D90942FC07): 1
LogDevObjectVersion:   Dev-Automation (0DF73D61-A23F-47EA-B727-89E90C41499A): 1
LogDevObjectVersion:   FortniteMain (601D1886-AC64-4F84-AA16-D3DE0DEAC7D6): 47
LogDevObjectVersion:   FortniteRelease (E7086368-6B23-4C58-8439-1B7016265E91): 1
LogDevObjectVersion:   Dev-Enterprise (9DFFBCD6-494F-0158-E221-12823C92A888): 10
LogDevObjectVersion:   Dev-Niagara (F2AED0AC-9AFE-416F-8664-AA7FFA26D6FC): 1
LogDevObjectVersion:   Dev-Destruction (174F1F0B-B4C6-45A5-B13F-2EE8D0FB917D): 10
LogDevObjectVersion:   Dev-Physics-Ext (35F94A83-E258-406C-A318-09F59610247C): 41
LogDevObjectVersion:   Dev-PhysicsMaterial-Chaos (B68FC16E-8B1B-42E2-B453-215C058844FE): 1
LogDevObjectVersion:   Dev-CineCamera (B2E18506-4273-CFC2-A54E-F4BB758BBA07): 1
LogDevObjectVersion:   Dev-VirtualProduction (64F58936-FD1B-42BA-BA96-7289D5D0FA4E): 1
LogDevObjectVersion:   Dev-MediaFramework (6F0ED827-A609-4895-9C91-998D90180EA4): 2
LogInit: Presizing for max 25165824 objects, including 0 objects not considered by GC, pre-allocating 0 bytes for permanent pool.
LogConfig: Applying CVar settings from Section [/Script/Engine.StreamingSettings] File [C:/Users/zonks/Documents/Unreal/Projects/UnrealPong/Saved/Config/Windows/Engine.ini]
LogConfig: Setting CVar [[s.MinBulkDataSizeForAsyncLoading:131072]]
LogConfig: Setting CVar [[s.AsyncLoadingThreadEnabled:0]]
LogConfig: Setting CVar [[s.EventDrivenLoaderEnabled:1]]
LogConfig: Setting CVar [[s.WarnIfTimeLimitExceeded:0]]
LogConfig: Setting CVar [[s.TimeLimitExceededMultiplier:1.5]]
LogConfig: Setting CVar [[s.TimeLimitExceededMinTime:0.005]]
LogConfig: Setting CVar [[s.UseBackgroundLevelStreaming:1]]
LogConfig: Setting CVar [[s.PriorityAsyncLoadingExtraTime:15.0]]
LogConfig: Setting CVar [[s.LevelStreamingActorsUpdateTimeLimit:5.0]]
LogConfig: Setting CVar [[s.PriorityLevelStreamingActorsUpdateExtraTime:5.0]]
LogConfig: Setting CVar [[s.LevelStreamingComponentsRegistrationGranularity:10]]
LogConfig: Setting CVar [[s.UnregisterComponentsTimeLimit:1.0]]
LogConfig: Setting CVar [[s.LevelStreamingComponentsUnregistrationGranularity:5]]
LogConfig: Setting CVar [[s.FlushStreamingOnExit:1]]
LogInit: Object subsystem initialized
LogConfig: Setting CVar [[con.DebugEarlyDefault:1]]
LogConfig: Setting CVar [[r.setres:1280x720]]
[2021.07.15-17.05.05:021][  0]LogConfig: Setting CVar [[con.DebugEarlyDefault:1]]
[2021.07.15-17.05.05:021][  0]LogConfig: Setting CVar [[r.setres:1280x720]]
[2021.07.15-17.05.05:022][  0]LogConfig: Applying CVar settings from Section [/Script/Engine.RendererSettings] File [C:/Users/zonks/Documents/Unreal/Projects/UnrealPong/Saved/Config/Windows/Engine.ini]
[2021.07.15-17.05.05:022][  0]LogConfig: Setting CVar [[r.GPUCrashDebugging:0]]
[2021.07.15-17.05.05:022][  0]LogConfig: Setting CVar [[r.DefaultFeature.AutoExposure.ExtendDefaultLuminanceRange:1]]
[2021.07.15-17.05.05:023][  0]LogConfig: Applying CVar settings from Section [/Script/Engine.RendererOverrideSettings] File [C:/Users/zonks/Documents/Unreal/Projects/UnrealPong/Saved/Config/Windows/Engine.ini]
[2021.07.15-17.05.05:023][  0]LogConfig: Applying CVar settings from Section [/Script/Engine.StreamingSettings] File [C:/Users/zonks/Documents/Unreal/Projects/UnrealPong/Saved/Config/Windows/Engine.ini]
[2021.07.15-17.05.05:024][  0]LogConfig: Setting CVar [[s.MinBulkDataSizeForAsyncLoading:131072]]
[2021.07.15-17.05.05:024][  0]LogConfig: Setting CVar [[s.AsyncLoadingThreadEnabled:0]]
[2021.07.15-17.05.05:024][  0]LogConfig: Setting CVar [[s.EventDrivenLoaderEnabled:1]]
[2021.07.15-17.05.05:025][  0]LogConfig: Setting CVar [[s.WarnIfTimeLimitExceeded:0]]
[2021.07.15-17.05.05:028][  0]LogConfig: Setting CVar [[s.TimeLimitExceededMultiplier:1.5]]
[2021.07.15-17.05.05:028][  0]LogConfig: Setting CVar [[s.TimeLimitExceededMinTime:0.005]]
[2021.07.15-17.05.05:029][  0]LogConfig: Setting CVar [[s.UseBackgroundLevelStreaming:1]]
[2021.07.15-17.05.05:029][  0]LogConfig: Setting CVar [[s.PriorityAsyncLoadingExtraTime:15.0]]
[2021.07.15-17.05.05:030][  0]LogConfig: Setting CVar [[s.LevelStreamingActorsUpdateTimeLimit:5.0]]
[2021.07.15-17.05.05:030][  0]LogConfig: Setting CVar [[s.PriorityLevelStreamingActorsUpdateExtraTime:5.0]]
[2021.07.15-17.05.05:030][  0]LogConfig: Setting CVar [[s.LevelStreamingComponentsRegistrationGranularity:10]]
[2021.07.15-17.05.05:031][  0]LogConfig: Setting CVar [[s.UnregisterComponentsTimeLimit:1.0]]
[2021.07.15-17.05.05:031][  0]LogConfig: Setting CVar [[s.LevelStreamingComponentsUnregistrationGranularity:5]]
[2021.07.15-17.05.05:031][  0]LogConfig: Setting CVar [[s.FlushStreamingOnExit:1]]
[2021.07.15-17.05.05:032][  0]LogConfig: Applying CVar settings from Section [/Script/Engine.GarbageCollectionSettings] File [C:/Users/zonks/Documents/Unreal/Projects/UnrealPong/Saved/Config/Windows/Engine.ini]
[2021.07.15-17.05.05:032][  0]LogConfig: Setting CVar [[gc.MaxObjectsNotConsideredByGC:1]]
[2021.07.15-17.05.05:032][  0]LogConfig: Setting CVar [[gc.SizeOfPermanentObjectPool:0]]
[2021.07.15-17.05.05:033][  0]LogConfig: Setting CVar [[gc.FlushStreamingOnGC:0]]
[2021.07.15-17.05.05:033][  0]LogConfig: Setting CVar [[gc.NumRetriesBeforeForcingGC:10]]
[2021.07.15-17.05.05:033][  0]LogConfig: Setting CVar [[gc.AllowParallelGC:1]]
[2021.07.15-17.05.05:034][  0]LogConfig: Setting CVar [[gc.TimeBetweenPurgingPendingKillObjects:61.1]]
[2021.07.15-17.05.05:034][  0]LogConfig: Setting CVar [[gc.MaxObjectsInEditor:25165824]]
[2021.07.15-17.05.05:034][  0]LogConfig: Setting CVar [[gc.IncrementalBeginDestroyEnabled:1]]
[2021.07.15-17.05.05:035][  0]LogConfig: Setting CVar [[gc.CreateGCClusters:1]]
[2021.07.15-17.05.05:035][  0]LogConfig: Setting CVar [[gc.MinGCClusterSize:5]]
[2021.07.15-17.05.05:036][  0]LogConfig: Setting CVar [[gc.ActorClusteringEnabled:0]]
[2021.07.15-17.05.05:036][  0]LogConfig: Setting CVar [[gc.BlueprintClusteringEnabled:0]]
[2021.07.15-17.05.05:036][  0]LogConfig: Setting CVar [[gc.UseDisregardForGCOnDedicatedServers:0]]
[2021.07.15-17.05.05:037][  0]LogConfig: Setting CVar [[gc.MultithreadedDestructionEnabled:1]]
[2021.07.15-17.05.05:037][  0]LogConfig: Applying CVar settings from Section [/Script/Engine.NetworkSettings] File [C:/Users/zonks/Documents/Unreal/Projects/UnrealPong/Saved/Config/Windows/Engine.ini]
[2021.07.15-17.05.05:038][  0]LogConfig: Applying CVar settings from Section [/Script/UnrealEd.CookerSettings] File [C:/Users/zonks/Documents/Unreal/Projects/UnrealPong/Saved/Config/Windows/Engine.ini]
[2021.07.15-17.05.05:038][  0]LogConfig: Applying CVar settings from Section [ViewDistanceQuality@3] File [C:/Users/zonks/Documents/Unreal/Projects/UnrealPong/Saved/Config/Windows/Scalability.ini]
[2021.07.15-17.05.05:038][  0]LogConfig: Setting CVar [[r.SkeletalMeshLODBias:0]]
[2021.07.15-17.05.05:039][  0]LogConfig: Setting CVar [[r.ViewDistanceScale:1.0]]
[2021.07.15-17.05.05:039][  0]LogConfig: Applying CVar settings from Section [AntiAliasingQuality@3] File [C:/Users/zonks/Documents/Unreal/Projects/UnrealPong/Saved/Config/Windows/Scalability.ini]
[2021.07.15-17.05.05:039][  0]LogConfig: Setting CVar [[r.PostProcessAAQuality:4]]
[2021.07.15-17.05.05:040][  0]LogConfig: Applying CVar settings from Section [ShadowQuality@3] File [C:/Users/zonks/Documents/Unreal/Projects/UnrealPong/Saved/Config/Windows/Scalability.ini]
[2021.07.15-17.05.05:040][  0]LogConfig: Setting CVar [[r.LightFunctionQuality:1]]
[2021.07.15-17.05.05:040][  0]LogConfig: Setting CVar [[r.ShadowQuality:5]]
[2021.07.15-17.05.05:041][  0]LogConfig: Setting CVar [[r.Shadow.CSM.MaxCascades:10]]
[2021.07.15-17.05.05:045][  0]LogConfig: Setting CVar [[r.Shadow.MaxResolution:2048]]
[2021.07.15-17.05.05:046][  0]LogConfig: Setting CVar [[r.Shadow.MaxCSMResolution:2048]]
[2021.07.15-17.05.05:046][  0]LogConfig: Setting CVar [[r.Shadow.RadiusThreshold:0.01]]
[2021.07.15-17.05.05:046][  0]LogConfig: Setting CVar [[r.Shadow.DistanceScale:1.0]]
[2021.07.15-17.05.05:047][  0]LogConfig: Setting CVar [[r.Shadow.CSM.TransitionScale:1.0]]
[2021.07.15-17.05.05:047][  0]LogConfig: Setting CVar [[r.Shadow.PreShadowResolutionFactor:1.0]]
[2021.07.15-17.05.05:047][  0]LogConfig: Setting CVar [[r.DistanceFieldShadowing:1]]
[2021.07.15-17.05.05:048][  0]LogConfig: Setting CVar [[r.DistanceFieldAO:1]]
[2021.07.15-17.05.05:048][  0]LogConfig: Setting CVar [[r.AOQuality:2]]
[2021.07.15-17.05.05:048][  0]LogConfig: Setting CVar [[r.VolumetricFog:1]]
[2021.07.15-17.05.05:049][  0]LogConfig: Setting CVar [[r.VolumetricFog.GridPixelSize:8]]
[2021.07.15-17.05.05:049][  0]LogConfig: Setting CVar [[r.VolumetricFog.GridSizeZ:128]]
[2021.07.15-17.05.05:050][  0]LogConfig: Setting CVar [[r.VolumetricFog.HistoryMissSupersampleCount:4]]
[2021.07.15-17.05.05:050][  0]LogConfig: Setting CVar [[r.LightMaxDrawDistanceScale:1]]
[2021.07.15-17.05.05:050][  0]LogConfig: Setting CVar [[r.CapsuleShadows:1]]
[2021.07.15-17.05.05:051][  0]LogConfig: Applying CVar settings from Section [PostProcessQuality@3] File [C:/Users/zonks/Documents/Unreal/Projects/UnrealPong/Saved/Config/Windows/Scalability.ini]
[2021.07.15-17.05.05:051][  0]LogConfig: Setting CVar [[r.MotionBlurQuality:4]]
[2021.07.15-17.05.05:051][  0]LogConfig: Setting CVar [[r.AmbientOcclusionMipLevelFactor:0.4]]
[2021.07.15-17.05.05:052][  0]LogConfig: Setting CVar [[r.AmbientOcclusionMaxQuality:100]]
[2021.07.15-17.05.05:052][  0]LogConfig: Setting CVar [[r.AmbientOcclusionLevels:-1]]
[2021.07.15-17.05.05:052][  0]LogConfig: Setting CVar [[r.AmbientOcclusionRadiusScale:1.0]]
[2021.07.15-17.05.05:053][  0]LogConfig: Setting CVar [[r.DepthOfFieldQuality:2]]
[2021.07.15-17.05.05:053][  0]LogConfig: Setting CVar [[r.RenderTargetPoolMin:400]]
[2021.07.15-17.05.05:054][  0]LogConfig: Setting CVar [[r.LensFlareQuality:2]]
[2021.07.15-17.05.05:054][  0]LogConfig: Setting CVar [[r.SceneColorFringeQuality:1]]
[2021.07.15-17.05.05:054][  0]LogConfig: Setting CVar [[r.EyeAdaptationQuality:2]]
[2021.07.15-17.05.05:055][  0]LogConfig: Setting CVar [[r.BloomQuality:5]]
[2021.07.15-17.05.05:055][  0]LogConfig: Setting CVar [[r.FastBlurThreshold:100]]
[2021.07.15-17.05.05:055][  0]LogConfig: Setting CVar [[r.Upscale.Quality:3]]
[2021.07.15-17.05.05:056][  0]LogConfig: Setting CVar [[r.Tonemapper.GrainQuantization:1]]
[2021.07.15-17.05.05:056][  0]LogConfig: Setting CVar [[r.LightShaftQuality:1]]
[2021.07.15-17.05.05:056][  0]LogConfig: Setting CVar [[r.Filter.SizeScale:1]]
[2021.07.15-17.05.05:057][  0]LogConfig: Setting CVar [[r.Tonemapper.Quality:5]]
[2021.07.15-17.05.05:061][  0]LogConfig: Setting CVar [[r.DOF.Gather.AccumulatorQuality:1        ; higher gathering accumulator quality]]
[2021.07.15-17.05.05:061][  0]LogConfig: Setting CVar [[r.DOF.Gather.PostfilterMethod:1          ; Median3x3 postfilering method]]
[2021.07.15-17.05.05:061][  0]LogConfig: Setting CVar [[r.DOF.Gather.EnableBokehSettings:0       ; no bokeh simulation when gathering]]
[2021.07.15-17.05.05:062][  0]LogConfig: Setting CVar [[r.DOF.Gather.RingCount:4                 ; medium number of samples when gathering]]
[2021.07.15-17.05.05:062][  0]LogConfig: Setting CVar [[r.DOF.Scatter.ForegroundCompositing:1    ; additive foreground scattering]]
[2021.07.15-17.05.05:063][  0]LogConfig: Setting CVar [[r.DOF.Scatter.BackgroundCompositing:2    ; additive background scattering]]
[2021.07.15-17.05.05:063][  0]LogConfig: Setting CVar [[r.DOF.Scatter.EnableBokehSettings:1      ; bokeh simulation when scattering]]
[2021.07.15-17.05.05:063][  0]LogConfig: Setting CVar [[r.DOF.Scatter.MaxSpriteRatio:0.1         ; only a maximum of 10% of scattered bokeh]]
[2021.07.15-17.05.05:064][  0]LogConfig: Setting CVar [[r.DOF.Recombine.Quality:1                ; cheap slight out of focus]]
[2021.07.15-17.05.05:064][  0]LogConfig: Setting CVar [[r.DOF.Recombine.EnableBokehSettings:0    ; no bokeh simulation on slight out of focus]]
[2021.07.15-17.05.05:064][  0]LogConfig: Setting CVar [[r.DOF.TemporalAAQuality:1                ; more stable temporal accumulation]]
[2021.07.15-17.05.05:065][  0]LogConfig: Setting CVar [[r.DOF.Kernel.MaxForegroundRadius:0.025]]
[2021.07.15-17.05.05:065][  0]LogConfig: Setting CVar [[r.DOF.Kernel.MaxBackgroundRadius:0.025]]
[2021.07.15-17.05.05:066][  0]LogConfig: Applying CVar settings from Section [TextureQuality@3] File [C:/Users/zonks/Documents/Unreal/Projects/UnrealPong/Saved/Config/Windows/Scalability.ini]
[2021.07.15-17.05.05:066][  0]LogConfig: Setting CVar [[r.Streaming.MipBias:0]]
[2021.07.15-17.05.05:066][  0]LogConfig: Setting CVar [[r.Streaming.AmortizeCPUToGPUCopy:0]]
[2021.07.15-17.05.05:067][  0]LogConfig: Setting CVar [[r.Streaming.MaxNumTexturesToStreamPerFrame:0]]
[2021.07.15-17.05.05:067][  0]LogConfig: Setting CVar [[r.Streaming.Boost:1]]
[2021.07.15-17.05.05:067][  0]LogConfig: Setting CVar [[r.MaxAnisotropy:8]]
[2021.07.15-17.05.05:068][  0]LogConfig: Setting CVar [[r.VT.MaxAnisotropy:8]]
[2021.07.15-17.05.05:068][  0]LogConfig: Setting CVar [[r.Streaming.LimitPoolSizeToVRAM:0]]
[2021.07.15-17.05.05:069][  0]LogConfig: Setting CVar [[r.Streaming.PoolSize:1000]]
[2021.07.15-17.05.05:069][  0]LogConfig: Setting CVar [[r.Streaming.MaxEffectiveScreenSize:0]]
[2021.07.15-17.05.05:069][  0]LogConfig: Applying CVar settings from Section [EffectsQuality@3] File [C:/Users/zonks/Documents/Unreal/Projects/UnrealPong/Saved/Config/Windows/Scalability.ini]
[2021.07.15-17.05.05:070][  0]LogConfig: Setting CVar [[r.TranslucencyLightingVolumeDim:64]]
[2021.07.15-17.05.05:070][  0]LogConfig: Setting CVar [[r.RefractionQuality:2]]
[2021.07.15-17.05.05:070][  0]LogConfig: Setting CVar [[r.SSR.Quality:3]]
[2021.07.15-17.05.05:071][  0]LogConfig: Setting CVar [[r.SSR.HalfResSceneColor:0]]
[2021.07.15-17.05.05:071][  0]LogConfig: Setting CVar [[r.SceneColorFormat:4]]
[2021.07.15-17.05.05:071][  0]LogConfig: Setting CVar [[r.DetailMode:2]]
[2021.07.15-17.05.05:072][  0]LogConfig: Setting CVar [[r.TranslucencyVolumeBlur:1]]
[2021.07.15-17.05.05:072][  0]LogConfig: Setting CVar [[r.MaterialQualityLevel:1 ; High quality]]
[2021.07.15-17.05.05:072][  0]LogConfig: Setting CVar [[r.AnisotropicMaterials:1]]
[2021.07.15-17.05.05:073][  0]LogConfig: Setting CVar [[r.SSS.Scale:1]]
[2021.07.15-17.05.05:078][  0]LogConfig: Setting CVar [[r.SSS.SampleSet:2]]
[2021.07.15-17.05.05:078][  0]LogConfig: Setting CVar [[r.SSS.Quality:1]]
[2021.07.15-17.05.05:079][  0]LogConfig: Setting CVar [[r.SSS.HalfRes:0]]
[2021.07.15-17.05.05:079][  0]LogConfig: Setting CVar [[r.SSGI.Quality:3]]
[2021.07.15-17.05.05:080][  0]LogConfig: Setting CVar [[r.EmitterSpawnRateScale:1.0]]
[2021.07.15-17.05.05:080][  0]LogConfig: Setting CVar [[r.ParticleLightQuality:2]]
[2021.07.15-17.05.05:081][  0]LogConfig: Setting CVar [[r.SkyAtmosphere.AerialPerspectiveLUT.FastApplyOnOpaque:1 ; Always have FastSkyLUT 1 in this case to avoid wrong sky]]
[2021.07.15-17.05.05:081][  0]LogConfig: Setting CVar [[r.SkyAtmosphere.AerialPerspectiveLUT.SampleCountMaxPerSlice:4]]
[2021.07.15-17.05.05:082][  0]LogConfig: Setting CVar [[r.SkyAtmosphere.AerialPerspectiveLUT.DepthResolution:16.0]]
[2021.07.15-17.05.05:082][  0]LogConfig: Setting CVar [[r.SkyAtmosphere.FastSkyLUT:1]]
[2021.07.15-17.05.05:082][  0]LogConfig: Setting CVar [[r.SkyAtmosphere.FastSkyLUT.SampleCountMin:4.0]]
[2021.07.15-17.05.05:083][  0]LogConfig: Setting CVar [[r.SkyAtmosphere.FastSkyLUT.SampleCountMax:128.0]]
[2021.07.15-17.05.05:084][  0]LogConfig: Setting CVar [[r.SkyAtmosphere.SampleCountMin:4.0]]
[2021.07.15-17.05.05:085][  0]LogConfig: Setting CVar [[r.SkyAtmosphere.SampleCountMax:128.0]]
[2021.07.15-17.05.05:085][  0]LogConfig: Setting CVar [[r.SkyAtmosphere.TransmittanceLUT.UseSmallFormat:0]]
[2021.07.15-17.05.05:085][  0]LogConfig: Setting CVar [[r.SkyAtmosphere.TransmittanceLUT.SampleCount:10.0]]
[2021.07.15-17.05.05:086][  0]LogConfig: Setting CVar [[r.SkyAtmosphere.MultiScatteringLUT.SampleCount:15.0]]
[2021.07.15-17.05.05:086][  0]LogConfig: Setting CVar [[r.SkyLight.RealTimeReflectionCapture:1]]
[2021.07.15-17.05.05:086][  0]LogConfig: Applying CVar settings from Section [FoliageQuality@3] File [C:/Users/zonks/Documents/Unreal/Projects/UnrealPong/Saved/Config/Windows/Scalability.ini]
[2021.07.15-17.05.05:087][  0]LogConfig: Setting CVar [[foliage.DensityScale:1.0]]
[2021.07.15-17.05.05:087][  0]LogConfig: Setting CVar [[grass.DensityScale:1.0]]
[2021.07.15-17.05.05:087][  0]LogConfig: Applying CVar settings from Section [ShadingQuality@3] File [C:/Users/zonks/Documents/Unreal/Projects/UnrealPong/Saved/Config/Windows/Scalability.ini]
[2021.07.15-17.05.05:088][  0]LogConfig: Setting CVar [[r.HairStrands.SkyLighting.IntegrationType:2]]
[2021.07.15-17.05.05:088][  0]LogConfig: Setting CVar [[r.HairStrands.SkyAO.SampleCount:4]]
[2021.07.15-17.05.05:088][  0]LogConfig: Setting CVar [[r.HairStrands.Visibility.MSAA.SamplePerPixel:4]]
[2021.07.15-17.05.05:089][  0]LogInit: Selected Device Profile: [Windows]
[2021.07.15-17.05.05:094][  0]LogInit: Applying CVar settings loaded from the selected device profile: [Windows]
[2021.07.15-17.05.05:094][  0]LogHAL: Display: Platform has ~ 32 GB [34298351616 / 34359738368 / 32], which maps to Largest [LargestMinGB=32, LargerMinGB=12, DefaultMinGB=8, SmallerMinGB=6, SmallestMinGB=0)
[2021.07.15-17.05.05:094][  0]LogInit: Going up to parent DeviceProfile []
[2021.07.15-17.05.05:095][  0]LogConfig: Applying CVar settings from Section [ViewDistanceQuality@3] File [C:/Users/zonks/Documents/Unreal/Projects/UnrealPong/Saved/Config/Windows/Scalability.ini]
[2021.07.15-17.05.05:095][  0]LogConfig: Setting CVar [[r.SkeletalMeshLODBias:0]]
[2021.07.15-17.05.05:096][  0]LogConfig: Setting CVar [[r.ViewDistanceScale:1.0]]
[2021.07.15-17.05.05:096][  0]LogConfig: Applying CVar settings from Section [AntiAliasingQuality@3] File [C:/Users/zonks/Documents/Unreal/Projects/UnrealPong/Saved/Config/Windows/Scalability.ini]
[2021.07.15-17.05.05:096][  0]LogConfig: Setting CVar [[r.PostProcessAAQuality:4]]
[2021.07.15-17.05.05:097][  0]LogConfig: Applying CVar settings from Section [ShadowQuality@3] File [C:/Users/zonks/Documents/Unreal/Projects/UnrealPong/Saved/Config/Windows/Scalability.ini]
[2021.07.15-17.05.05:098][  0]LogConfig: Setting CVar [[r.LightFunctionQuality:1]]
[2021.07.15-17.05.05:099][  0]LogConfig: Setting CVar [[r.ShadowQuality:5]]
[2021.07.15-17.05.05:099][  0]LogConfig: Setting CVar [[r.Shadow.CSM.MaxCascades:10]]
[2021.07.15-17.05.05:099][  0]LogConfig: Setting CVar [[r.Shadow.MaxResolution:2048]]
[2021.07.15-17.05.05:100][  0]LogConfig: Setting CVar [[r.Shadow.MaxCSMResolution:2048]]
[2021.07.15-17.05.05:100][  0]LogConfig: Setting CVar [[r.Shadow.RadiusThreshold:0.01]]
[2021.07.15-17.05.05:100][  0]LogConfig: Setting CVar [[r.Shadow.DistanceScale:1.0]]
[2021.07.15-17.05.05:101][  0]LogConfig: Setting CVar [[r.Shadow.CSM.TransitionScale:1.0]]
[2021.07.15-17.05.05:101][  0]LogConfig: Setting CVar [[r.Shadow.PreShadowResolutionFactor:1.0]]
[2021.07.15-17.05.05:101][  0]LogConfig: Setting CVar [[r.DistanceFieldShadowing:1]]
[2021.07.15-17.05.05:102][  0]LogConfig: Setting CVar [[r.DistanceFieldAO:1]]
[2021.07.15-17.05.05:102][  0]LogConfig: Setting CVar [[r.AOQuality:2]]
[2021.07.15-17.05.05:102][  0]LogConfig: Setting CVar [[r.VolumetricFog:1]]
[2021.07.15-17.05.05:103][  0]LogConfig: Setting CVar [[r.VolumetricFog.GridPixelSize:8]]
[2021.07.15-17.05.05:103][  0]LogConfig: Setting CVar [[r.VolumetricFog.GridSizeZ:128]]
[2021.07.15-17.05.05:104][  0]LogConfig: Setting CVar [[r.VolumetricFog.HistoryMissSupersampleCount:4]]
[2021.07.15-17.05.05:108][  0]LogConfig: Setting CVar [[r.LightMaxDrawDistanceScale:1]]
[2021.07.15-17.05.05:108][  0]LogConfig: Setting CVar [[r.CapsuleShadows:1]]
[2021.07.15-17.05.05:109][  0]LogConfig: Applying CVar settings from Section [PostProcessQuality@3] File [C:/Users/zonks/Documents/Unreal/Projects/UnrealPong/Saved/Config/Windows/Scalability.ini]
[2021.07.15-17.05.05:109][  0]LogConfig: Setting CVar [[r.MotionBlurQuality:4]]
[2021.07.15-17.05.05:109][  0]LogConfig: Setting CVar [[r.AmbientOcclusionMipLevelFactor:0.4]]
[2021.07.15-17.05.05:110][  0]LogConfig: Setting CVar [[r.AmbientOcclusionMaxQuality:100]]
[2021.07.15-17.05.05:110][  0]LogConfig: Setting CVar [[r.AmbientOcclusionLevels:-1]]
[2021.07.15-17.05.05:110][  0]LogConfig: Setting CVar [[r.AmbientOcclusionRadiusScale:1.0]]
[2021.07.15-17.05.05:111][  0]LogConfig: Setting CVar [[r.DepthOfFieldQuality:2]]
[2021.07.15-17.05.05:111][  0]LogConfig: Setting CVar [[r.RenderTargetPoolMin:400]]
[2021.07.15-17.05.05:112][  0]LogConfig: Setting CVar [[r.LensFlareQuality:2]]
[2021.07.15-17.05.05:112][  0]LogConfig: Setting CVar [[r.SceneColorFringeQuality:1]]
[2021.07.15-17.05.05:112][  0]LogConfig: Setting CVar [[r.EyeAdaptationQuality:2]]
[2021.07.15-17.05.05:113][  0]LogConfig: Setting CVar [[r.BloomQuality:5]]
[2021.07.15-17.05.05:113][  0]LogConfig: Setting CVar [[r.FastBlurThreshold:100]]
[2021.07.15-17.05.05:113][  0]LogConfig: Setting CVar [[r.Upscale.Quality:3]]
[2021.07.15-17.05.05:114][  0]LogConfig: Setting CVar [[r.Tonemapper.GrainQuantization:1]]
[2021.07.15-17.05.05:114][  0]LogConfig: Setting CVar [[r.LightShaftQuality:1]]
[2021.07.15-17.05.05:114][  0]LogConfig: Setting CVar [[r.Filter.SizeScale:1]]
[2021.07.15-17.05.05:115][  0]LogConfig: Setting CVar [[r.Tonemapper.Quality:5]]
[2021.07.15-17.05.05:115][  0]LogConfig: Setting CVar [[r.DOF.Gather.AccumulatorQuality:1        ; higher gathering accumulator quality]]
[2021.07.15-17.05.05:116][  0]LogConfig: Setting CVar [[r.DOF.Gather.PostfilterMethod:1          ; Median3x3 postfilering method]]
[2021.07.15-17.05.05:116][  0]LogConfig: Setting CVar [[r.DOF.Gather.EnableBokehSettings:0       ; no bokeh simulation when gathering]]
[2021.07.15-17.05.05:116][  0]LogConfig: Setting CVar [[r.DOF.Gather.RingCount:4                 ; medium number of samples when gathering]]
[2021.07.15-17.05.05:117][  0]LogConfig: Setting CVar [[r.DOF.Scatter.ForegroundCompositing:1    ; additive foreground scattering]]
[2021.07.15-17.05.05:117][  0]LogConfig: Setting CVar [[r.DOF.Scatter.BackgroundCompositing:2    ; additive background scattering]]
[2021.07.15-17.05.05:117][  0]LogConfig: Setting CVar [[r.DOF.Scatter.EnableBokehSettings:1      ; bokeh simulation when scattering]]
[2021.07.15-17.05.05:118][  0]LogConfig: Setting CVar [[r.DOF.Scatter.MaxSpriteRatio:0.1         ; only a maximum of 10% of scattered bokeh]]
[2021.07.15-17.05.05:118][  0]LogConfig: Setting CVar [[r.DOF.Recombine.Quality:1                ; cheap slight out of focus]]
[2021.07.15-17.05.05:118][  0]LogConfig: Setting CVar [[r.DOF.Recombine.EnableBokehSettings:0    ; no bokeh simulation on slight out of focus]]
[2021.07.15-17.05.05:119][  0]LogConfig: Setting CVar [[r.DOF.TemporalAAQuality:1                ; more stable temporal accumulation]]
[2021.07.15-17.05.05:119][  0]LogConfig: Setting CVar [[r.DOF.Kernel.MaxForegroundRadius:0.025]]
[2021.07.15-17.05.05:119][  0]LogConfig: Setting CVar [[r.DOF.Kernel.MaxBackgroundRadius:0.025]]
[2021.07.15-17.05.05:120][  0]LogConfig: Applying CVar settings from Section [TextureQuality@3] File [C:/Users/zonks/Documents/Unreal/Projects/UnrealPong/Saved/Config/Windows/Scalability.ini]
[2021.07.15-17.05.05:124][  0]LogConfig: Setting CVar [[r.Streaming.MipBias:0]]
[2021.07.15-17.05.05:124][  0]LogConfig: Setting CVar [[r.Streaming.AmortizeCPUToGPUCopy:0]]
[2021.07.15-17.05.05:125][  0]LogConfig: Setting CVar [[r.Streaming.MaxNumTexturesToStreamPerFrame:0]]
[2021.07.15-17.05.05:125][  0]LogConfig: Setting CVar [[r.Streaming.Boost:1]]
[2021.07.15-17.05.05:125][  0]LogConfig: Setting CVar [[r.MaxAnisotropy:8]]
[2021.07.15-17.05.05:126][  0]LogConfig: Setting CVar [[r.VT.MaxAnisotropy:8]]
[2021.07.15-17.05.05:126][  0]LogConfig: Setting CVar [[r.Streaming.LimitPoolSizeToVRAM:0]]
[2021.07.15-17.05.05:127][  0]LogConfig: Setting CVar [[r.Streaming.PoolSize:1000]]
[2021.07.15-17.05.05:127][  0]LogConfig: Setting CVar [[r.Streaming.MaxEffectiveScreenSize:0]]
[2021.07.15-17.05.05:127][  0]LogConfig: Applying CVar settings from Section [EffectsQuality@3] File [C:/Users/zonks/Documents/Unreal/Projects/UnrealPong/Saved/Config/Windows/Scalability.ini]
[2021.07.15-17.05.05:128][  0]LogConfig: Setting CVar [[r.TranslucencyLightingVolumeDim:64]]
[2021.07.15-17.05.05:128][  0]LogConfig: Setting CVar [[r.RefractionQuality:2]]
[2021.07.15-17.05.05:128][  0]LogConfig: Setting CVar [[r.SSR.Quality:3]]
[2021.07.15-17.05.05:129][  0]LogConfig: Setting CVar [[r.SSR.HalfResSceneColor:0]]
[2021.07.15-17.05.05:129][  0]LogConfig: Setting CVar [[r.SceneColorFormat:4]]
[2021.07.15-17.05.05:129][  0]LogConfig: Setting CVar [[r.DetailMode:2]]
[2021.07.15-17.05.05:130][  0]LogConfig: Setting CVar [[r.TranslucencyVolumeBlur:1]]
[2021.07.15-17.05.05:130][  0]LogConfig: Setting CVar [[r.MaterialQualityLevel:1 ; High quality]]
[2021.07.15-17.05.05:131][  0]LogConfig: Setting CVar [[r.AnisotropicMaterials:1]]
[2021.07.15-17.05.05:131][  0]LogConfig: Setting CVar [[r.SSS.Scale:1]]
[2021.07.15-17.05.05:131][  0]LogConfig: Setting CVar [[r.SSS.SampleSet:2]]
[2021.07.15-17.05.05:132][  0]LogConfig: Setting CVar [[r.SSS.Quality:1]]
[2021.07.15-17.05.05:132][  0]LogConfig: Setting CVar [[r.SSS.HalfRes:0]]
[2021.07.15-17.05.05:132][  0]LogConfig: Setting CVar [[r.SSGI.Quality:3]]
[2021.07.15-17.05.05:133][  0]LogConfig: Setting CVar [[r.EmitterSpawnRateScale:1.0]]
[2021.07.15-17.05.05:133][  0]LogConfig: Setting CVar [[r.ParticleLightQuality:2]]
[2021.07.15-17.05.05:133][  0]LogConfig: Setting CVar [[r.SkyAtmosphere.AerialPerspectiveLUT.FastApplyOnOpaque:1 ; Always have FastSkyLUT 1 in this case to avoid wrong sky]]
[2021.07.15-17.05.05:134][  0]LogConfig: Setting CVar [[r.SkyAtmosphere.AerialPerspectiveLUT.SampleCountMaxPerSlice:4]]
[2021.07.15-17.05.05:134][  0]LogConfig: Setting CVar [[r.SkyAtmosphere.AerialPerspectiveLUT.DepthResolution:16.0]]
[2021.07.15-17.05.05:134][  0]LogConfig: Setting CVar [[r.SkyAtmosphere.FastSkyLUT:1]]
[2021.07.15-17.05.05:135][  0]LogConfig: Setting CVar [[r.SkyAtmosphere.FastSkyLUT.SampleCountMin:4.0]]
[2021.07.15-17.05.05:139][  0]LogConfig: Setting CVar [[r.SkyAtmosphere.FastSkyLUT.SampleCountMax:128.0]]
[2021.07.15-17.05.05:139][  0]LogConfig: Setting CVar [[r.SkyAtmosphere.SampleCountMin:4.0]]
[2021.07.15-17.05.05:139][  0]LogConfig: Setting CVar [[r.SkyAtmosphere.SampleCountMax:128.0]]
[2021.07.15-17.05.05:140][  0]LogConfig: Setting CVar [[r.SkyAtmosphere.TransmittanceLUT.UseSmallFormat:0]]
[2021.07.15-17.05.05:140][  0]LogConfig: Setting CVar [[r.SkyAtmosphere.TransmittanceLUT.SampleCount:10.0]]
[2021.07.15-17.05.05:140][  0]LogConfig: Setting CVar [[r.SkyAtmosphere.MultiScatteringLUT.SampleCount:15.0]]
[2021.07.15-17.05.05:141][  0]LogConfig: Setting CVar [[r.SkyLight.RealTimeReflectionCapture:1]]
[2021.07.15-17.05.05:141][  0]LogConfig: Applying CVar settings from Section [FoliageQuality@3] File [C:/Users/zonks/Documents/Unreal/Projects/UnrealPong/Saved/Config/Windows/Scalability.ini]
[2021.07.15-17.05.05:141][  0]LogConfig: Setting CVar [[foliage.DensityScale:1.0]]
[2021.07.15-17.05.05:142][  0]LogConfig: Setting CVar [[grass.DensityScale:1.0]]
[2021.07.15-17.05.05:142][  0]LogConfig: Applying CVar settings from Section [ShadingQuality@3] File [C:/Users/zonks/Documents/Unreal/Projects/UnrealPong/Saved/Config/Windows/Scalability.ini]
[2021.07.15-17.05.05:143][  0]LogConfig: Setting CVar [[r.HairStrands.SkyLighting.IntegrationType:2]]
[2021.07.15-17.05.05:143][  0]LogConfig: Setting CVar [[r.HairStrands.SkyAO.SampleCount:4]]
[2021.07.15-17.05.05:143][  0]LogConfig: Setting CVar [[r.HairStrands.Visibility.MSAA.SamplePerPixel:4]]
[2021.07.15-17.05.05:144][  0]LogConfig: Applying CVar settings from Section [Startup] File [../../../Engine/Config/ConsoleVariables.ini]
[2021.07.15-17.05.05:144][  0]LogConfig: Setting CVar [[net.UseAdaptiveNetUpdateFrequency:0]]
[2021.07.15-17.05.05:144][  0]LogConfig: Setting CVar [[p.chaos.AllowCreatePhysxBodies:1]]
[2021.07.15-17.05.05:145][  0]LogConfig: Setting CVar [[fx.SkipVectorVMBackendOptimizations:1]]
[2021.07.15-17.05.05:145][  0]LogConfig: Applying CVar settings from Section [ConsoleVariables] File [C:/Users/zonks/Documents/Unreal/Projects/UnrealPong/Saved/Config/Windows/Engine.ini]
[2021.07.15-17.05.05:146][  0]LogConfig: Applying CVar settings from Section [ConsoleVariables] File [C:/Users/zonks/Documents/Unreal/Projects/UnrealPong/Saved/Config/Windows/Editor.ini]
[2021.07.15-17.05.05:146][  0]LogInit: Computer: ARGONAUT
[2021.07.15-17.05.05:146][  0]LogInit: User: zonks
[2021.07.15-17.05.05:147][  0]LogInit: CPU Page size=4096, Cores=6
[2021.07.15-17.05.05:147][  0]LogInit: High frequency timer resolution =10.000000 MHz
[2021.07.15-17.05.05:147][  0]LogMemory: Memory total: Physical=31.9GB (32GB approx)
[2021.07.15-17.05.05:148][  0]LogMemory: Platform Memory Stats for Windows
[2021.07.15-17.05.05:148][  0]LogMemory: Process Physical Memory: 136.96 MB used, 136.96 MB peak
[2021.07.15-17.05.05:148][  0]LogMemory: Process Virtual Memory: 116.71 MB used, 116.71 MB peak
[2021.07.15-17.05.05:149][  0]LogMemory: Physical Memory: 22284.84 MB used,  10424.62 MB free, 32709.46 MB total
[2021.07.15-17.05.05:149][  0]LogMemory: Virtual Memory: 134205880.00 MB used,  11847.66 MB free, 134217728.00 MB total
[2021.07.15-17.05.05:151][  0]LogWindows: WindowsPlatformFeatures disabled or dedicated server build
[2021.07.15-17.05.05:174][  0]LogInit: Physics initialised using underlying interface: PhysX
[2021.07.15-17.05.05:175][  0]LogInit: Using OS detected language (en-US).
[2021.07.15-17.05.05:175][  0]LogInit: Using OS detected locale (en-US).
[2021.07.15-17.05.05:178][  0]LogTextLocalizationManager: No specific localization for 'en-US' exists, so the 'en' localization will be used.
[2021.07.15-17.05.05:527][  0]LogTargetPlatformManager: Display: Loaded TargetPlatform 'WindowsNoEditor'
[2021.07.15-17.05.05:530][  0]LogTargetPlatformManager: Display: Loaded TargetPlatform 'Windows'
[2021.07.15-17.05.05:533][  0]LogTargetPlatformManager: Display: Loaded TargetPlatform 'WindowsClient'
[2021.07.15-17.05.05:535][  0]LogTargetPlatformManager: Display: Loaded TargetPlatform 'WindowsServer'
[2021.07.15-17.05.05:535][  0]LogTargetPlatformManager: Display: Building Assets For Windows
[2021.07.15-17.05.05:537][  0]LogAudioDebug: Display: Lib vorbis DLL was dynamically loaded.
[2021.07.15-17.05.05:553][  0]LogTextureFormatOodle: Display: Oodle Texture 2.9.0 init RDO Off
[2021.07.15-17.05.05:562][  0]LogRendererCore: Ray tracing is disabled. Reason: r.RayTracing=0.
[2021.07.15-17.05.05:562][  0]LogShaderCompilers: Guid format shader working directory is 14 characters bigger than the processId version (../../../../Projects/UnrealPong/Intermediate/Shaders/WorkingDirectory/25120/).
[2021.07.15-17.05.05:563][  0]LogShaderCompilers: Cleaned the shader compiler working directory 'C:/Users/zonks/AppData/Local/Temp/UnrealShaderWorkingDir/49673E134D6BCA9ECF1A68A97D2B534E/'.
[2021.07.15-17.05.05:563][  0]LogXGEController: Cannot use XGE Controller as Incredibuild is not installed on this machine.
[2021.07.15-17.05.05:563][  0]LogShaderCompilers: Cannot use XGE Shader Compiler as Incredibuild is not installed on this machine.
[2021.07.15-17.05.05:564][  0]LogShaderCompilers: Display: Using Local Shader Compiler.
[2021.07.15-17.05.06:024][  0]LogDerivedDataCache: Display: Max Cache Size: 512 MB
[2021.07.15-17.05.06:067][  0]LogDerivedDataCache: Loaded boot cache 0.04s 94MB ../../../../Projects/UnrealPong/DerivedDataCache/Boot.ddc.
[2021.07.15-17.05.06:067][  0]LogDerivedDataCache: Display: Loaded Boot cache: ../../../../Projects/UnrealPong/DerivedDataCache/Boot.ddc
[2021.07.15-17.05.06:069][  0]LogDerivedDataCache: FDerivedDataBackendGraph:  Pak pak cache file ../../../../Projects/UnrealPong/DerivedDataCache/DDC.ddp not found, will not use a pak cache.
[2021.07.15-17.05.06:069][  0]LogDerivedDataCache: Unable to find inner node Pak for hierarchical cache Hierarchy.
[2021.07.15-17.05.06:070][  0]LogDerivedDataCache: FDerivedDataBackendGraph:  EnginePak pak cache file ../../../Engine/DerivedDataCache/DDC.ddp not found, will not use a pak cache.
[2021.07.15-17.05.06:070][  0]LogDerivedDataCache: Unable to find inner node EnginePak for hierarchical cache Hierarchy.
[2021.07.15-17.05.06:077][  0]LogDerivedDataCache: Speed tests for ../../../Engine/DerivedDataCache took 0.01 seconds
[2021.07.15-17.05.06:077][  0]LogDerivedDataCache: Display: Performance to ../../../Engine/DerivedDataCache: Latency=0.03ms. RandomReadSpeed=1968.84MBs, RandomWriteSpeed=176.09MBs. Assigned SpeedClass 'Local'
[2021.07.15-17.05.06:078][  0]LogDerivedDataCache: Using Local data cache path ../../../Engine/DerivedDataCache: Writable
[2021.07.15-17.05.06:079][  0]LogDerivedDataCache: Warning: Shared data cache path (\\epicgames.net\root\DDC-Global-UE4) is unavailable so cache will be disabled.
[2021.07.15-17.05.06:080][  0]LogDerivedDataCache: Unable to find inner node Shared for hierarchical cache Hierarchy.
[2021.07.15-17.05.06:081][  0]LogInit: Using OS detected language (en-US).
[2021.07.15-17.05.06:081][  0]LogInit: Using OS detected locale (en-US).
[2021.07.15-17.05.06:082][  0]LogTextLocalizationManager: No localization for 'en-US' exists, so 'en' will be used for the language.
[2021.07.15-17.05.06:082][  0]LogTextLocalizationManager: No localization for 'en-US' exists, so 'en' will be used for the locale.
[2021.07.15-17.05.06:085][  0]LogTextLocalizationManager: Compacting localization data took   0.00ms
[2021.07.15-17.05.06:085][  0]LogAssetRegistry: FAssetRegistry took 0.0023 seconds to start up
[2021.07.15-17.05.06:230][  0]LogPackageLocalizationCache: Processed 27 localized package path(s) for 1 prioritized culture(s) in 0.000966 seconds
[2021.07.15-17.05.06:308][  0]LogInit: Selected Device Profile: [Windows]
[2021.07.15-17.05.06:308][  0]LogInit: Active device profile: [0000024D133FA100][0000024D0A048D40 49] Windows
[2021.07.15-17.05.06:309][  0]LogInit: Profiles: [0000024D133FA100][0000024D0A048D40 49] Windows, [0000024D133A5F00][0000024D0E6A3000 49] WindowsNoEditor, [0000024D133FA500][0000024D0E6A72C0 49] WindowsServer, [0000024D133A6200][0000024D0E6AB580 49] WindowsClient, [0000024D133FAD00][0000024D0E6AF840 49] IOS, [0000024D133A7E00][0000024D0E6B3B00 49] iPadAir, [0000024D133F9A00][0000024D0A04C200 49] iPadAir2, [0000024D13352000][0000024D0E6D0700 49] IPadPro, [0000024D13352100][0000024D0E6B6740 49] iPadAir3, [0000024D133F9E00][0000024D0E6C8A00 49] iPadAir4, [0000024D13351F00][0000024D0E6C4CC0 49] iPadMini2, [0000024D133F8200][0000024D0E6CCF80 49] iPadMini3, [0000024D13350C00][0000024D0A3E5240 49] iPadMini4, [0000024D133FAF00][0000024D0A3E9500 49] iPadMini5, [0000024D13365500][0000024D0A3FDA40 49] iPhone6, [0000024D13365600][0000024D0A3EDA80 49] iPodTouch6, [0000024D133A6900][0000024D0A400400 49] iPhone7, [0000024D133A6F00][0000024D0A3F4440 49] iPodTouch7, [0000024D13367600][0000024D0E6BA6C0 49] iPhone5S, [0000024D133A4A00][0000024D0A3F0980 49] iPhone6Plus, [0000024D13364700][0000024D0A404C40 49] iPhone6S, [0000024D133A6B00][0000024D0A12CF00 49] iPhone6SPlus, [0000024D13366900][0000024D0A1311C0 49] iPhone7Plus, [0000024D133A6000][0000024D0A135480 49] iPhoneSE, [0000024D13364C00][0000024D0A139740 49] iPhone8, [0000024D133A5D00][0000024D0A13DA00 49] iPhone8Plus, [0000024D13367F00][0000024D0A140140 49] iPhoneX, [0000024D133A7F00][0000024D0A144400 49] iPhoneXS, [0000024D13366400][0000024D0A3F8680 49] iPhoneXSMax, [0000024D133A7D00][0000024D0A148900 49] iPhoneXR, [0000024D13364100][0000024D0A150BC0 49] iPhone11, [0000024D133A4100][0000024D0A154E80 49] iPhone11Pro, [0000024D13365400][0000024D0A159140 49] iPhone11ProMax, [0000024D133A4F00][0000024D0A15D400 49] iPhoneSE2, [0000024D13366F00][0000024D0A1616C0 49] iPhone12Mini, [0000024D133A7200][0000024D0E407980 49] iPhone12, [0000024D13365A00][0000024D0E40A0C0 49] iPhone12Pro, [0000024D133A7700][0000024D0E40E380 49] iPhone12ProMax, [0000024D13366000][0000024D0E412640 49] iPadPro105, [0000024D133A5200][0000024D0A14C8C0 49] iPadPro129, [0000024D13364D00][0000024D0E416B40 49] iPadPro97, [0000024D133A6C00][0000024D0E41EE00 49] iPadPro2_129, [0000024D13365300][0000024D054090C0 49] iPad5, [0000024D133A4700][0000024D0540D380 49] iPad6, [0000024D13352B00][0000024D05411640 49] iPad7, [0000024D13438200][0000024D05415900 49] iPad8, [0000024D13353900][0000024D05419BC0 49] iPadPro11, [0000024D13365000][0000024D0541C300 49] iPadPro2_11, [0000024D13351200][0000024D054205C0 49] iPadPro3_129, [0000024D13364E00][0000024D05424880 49] iPadPro4_129, [0000024D13352E00][0000024D0E41AB00 49] AppleTV, [0000024D13366C00][0000024D05428D80 49] AppleTV4K, [0000024D13351400][0000024D05431040 49] TVOS, [0000024D13364300][0000024D0E423300 49] Mac, [0000024D13350500][0000024D0E4275C0 49] MacClient, [0000024D13365C00][0000024D0E42B880 49] MacNoEditor, [0000024D13353600][0000024D0E42FB40 49] MacServer, [0000024D133A5400][0000024D0E432280 49] Linux, [0000024D13350400][0000024D0E436540 49] LinuxAArch64, [0000024D133A7500][0000024D0E43A800 49] LinuxNoEditor, [0000024D13353F00][0000024D0E43EAC0 49] LinuxAArch64NoEditor, [0000024D133A6700][0000024D0542CD40 49] LinuxClient, [0000024D13351D00][0000024D0E442FC0 49] LinuxAArch64Client, [0000024D133A7000][0000024D0E44B280 49] LinuxServer, [0000024D13353000][0000024D0E44F540 49] LinuxAArch64Server, [0000024D133A7C00][0000024D0E453800 49] Android, [0000024D13353200][0000024D0E457AC0 49] Android_Low, [0000024D133A5700][0000024D0E45A200 49] Android_Mid, [0000024D13351100][0000024D0E45E4C0 49] Android_High, [0000024D133A4200][0000024D0E462780 49] Android_Default, [0000024D13351000][0000024D0E466A40 49] Android_Adreno4xx, [0000024D133A5900][0000024D0E6DAD00 49] Android_Adreno5xx_Low, [0000024D13351B00][0000024D0E446F80 49] Android_Adreno5xx, [0000024D133A5E00][0000024D0E6DF200 49] Android_Adreno6xx, [0000024D13353A00][0000024D0E6E74C0 49] Android_Adreno6xx_Vulkan, [0000024D133A7100][0000024D0E6EB780 49] Android_Mali_T6xx, [0000024D13353300][0000024D0E6EFA40 49] Android_Mali_T7xx, [0000024D133A4B00][0000024D0E6F2180 49] Android_Mali_T8xx, [0000024D13352300][0000024D0E6F6440 49] Android_Mali_G71, [0000024D133A7B00][0000024D0E6FA700 49] Android_Mali_G72, [0000024D13353E00][0000024D0E6FE9C0 49] Android_Mali_G72_Vulkan, [0000024D133A7800][0000024D0E702C80 49] Android_Mali_G76, [0000024D13352A00][0000024D0E706F40 49] Android_Mali_G76_Vulkan, [0000024D133A4600][0000024D0E6E31C0 49] Android_Mali_G77, [0000024D13353B00][0000024D0E70B440 49] Android_Mali_G77_Vulkan, [0000024D133A4E00][0000024D0E713700 49] Android_Mali_G710, [0000024D13353C00][0000024D0E7179C0 49] Android_Mali_G710_Vulkan, [0000024D133A6100][0000024D0E71A100 49] Android_Vulkan_SM5, [0000024D13351700][0000024D0E71E3C0 49] Android_PowerVR_G6xxx, [0000024D133A6500][0000024D0E722680 49] Android_PowerVR_GT7xxx, [0000024D13350E00][0000024D0E726940 49] Android_PowerVR_GE8xxx, [0000024D133A7300][0000024D0E72AC00 49] Android_PowerVR_GM9xxx, [0000024D13351800][0000024D0E72EEC0 49] Android_PowerVR_GM9xxx_Vulkan, [0000024D133A4500][0000024D0E733180 49] Android_TegraK1, [0000024D13351C00][0000024D0E70F400 49] Android_Unknown_Vulkan, [0000024D133F9300][0000024D0E73B6C0 49] Lumin, [0000024D13364400][0000024D09F29980 49] Lumin_Desktop, [0000024D133F8800][0000024D09F2C0C0 49] HoloLens, 
[2021.07.15-17.05.06:326][  0]LogMeshReduction: Using QuadricMeshReduction for automatic static mesh reduction
[2021.07.15-17.05.06:326][  0]LogMeshReduction: Using SimplygonMeshReduction for automatic skeletal mesh reduction
[2021.07.15-17.05.06:327][  0]LogMeshReduction: Using ProxyLODMeshReduction for automatic mesh merging
[2021.07.15-17.05.06:327][  0]LogMeshReduction: No distributed automatic mesh merging module available
[2021.07.15-17.05.06:327][  0]LogMeshMerging: No distributed automatic mesh merging module available
[2021.07.15-17.05.06:338][  0]LogNetVersion: UnrealPong 1.0.0, NetCL: 0, EngineNetVer: 17, GameNetVer: 0 (Checksum: 900575368)
[2021.07.15-17.05.06:442][  0]LogHMD: PokeAHoleMaterial loaded successfully
[2021.07.15-17.05.06:548][  0]LogPython: Using Python 3.7.7
[2021.07.15-17.05.06:921][  0]LogNiagaraDebuggerClient: Niagara Debugger Client Initialized | Session: 3C4AE4AC4E118B3B4A36A9ADA19CD001 | Instance: 530998E14D30FCFEE7529EB9B095F392 (ARGONAUT-25120).
[2021.07.15-17.05.06:939][  0]LogCollectionManager: Loaded 0 collections in 0.004318 seconds
[2021.07.15-17.05.06:941][  0]LogFileCache: Scanning file cache for directory 'C:/Users/zonks/Documents/Unreal/Projects/UnrealPong/Saved/Collections/' took 0.00s
[2021.07.15-17.05.06:942][  0]LogFileCache: Scanning file cache for directory 'C:/Users/zonks/Documents/Unreal/Projects/UnrealPong/Content/Developers/zonks/Collections/' took 0.00s
[2021.07.15-17.05.06:942][  0]LogFileCache: Scanning file cache for directory 'C:/Users/zonks/Documents/Unreal/Projects/UnrealPong/Content/Collections/' took 0.00s
[2021.07.15-17.05.06:942][  0]LogCollectionManager: Fixed up redirectors for 0 collections in 0.000001 seconds (updated 0 objects)
[2021.07.15-17.05.07:011][  0]LogTcpMessaging: Initializing TcpMessaging bridge
[2021.07.15-17.05.07:014][  0]LogUdpMessaging: Initializing bridge on interface 0.0.0.0:0 to multicast group 230.0.0.1:6666.
[2021.07.15-17.05.07:094][  0]SourceControl: Source control is disabled
[2021.07.15-17.05.07:096][  0]SourceControl: Source control is disabled
[2021.07.15-17.05.07:097][  0]SourceControl: Source control is disabled
[2021.07.15-17.05.07:100][  0]LogUProjectInfo: Found projects:
[2021.07.15-17.05.07:160][  0]LogOpenImageDenoise: OIDN starting up
[2021.07.15-17.05.07:184][  0]LogAndroidPermission: UAndroidPermissionCallbackProxy::GetInstance
[2021.07.15-17.05.07:200][  0]LogAudioCaptureCore: Display: No Audio Capture implementations found. Audio input will be silent.
[2021.07.15-17.05.07:200][  0]LogAudioCaptureCore: Display: No Audio Capture implementations found. Audio input will be silent.
[2021.07.15-17.05.07:257][  0]LogOcInput: OculusInput pre-init called
[2021.07.15-17.05.07:265][  0]LogUObjectArray: 21922 objects as part of root set at end of initial load.
[2021.07.15-17.05.07:265][  0]LogUObjectAllocator: 5924576 out of 0 bytes used by permanent object pool.
[2021.07.15-17.05.07:266][  0]LogUObjectArray: CloseDisregardForGC: 0/0 objects in disregard for GC pool
[2021.07.15-17.05.07:301][  0]LogClass: Display: IntProperty FPongServerData::CurrentPlayers is not initialized properly. Module:UnrealPong File:Public/Core/PongData.h
[2021.07.15-17.05.07:302][  0]LogClass: Display: 1 Uninitialized script struct members found including 0 object properties
[2021.07.15-17.05.07:303][  0]LogEngine: Initializing Engine...
[2021.07.15-17.05.07:304][  0]LogStats: UGameplayTagsManager::InitializeManager -  0.000 s
[2021.07.15-17.05.07:315][  0]LogInit: Initializing FReadOnlyCVARCache
[2021.07.15-17.05.07:316][  0]LogNetVersion: Set ProjectVersion to 1.0.0.0. Version Checksum will be recalculated on next use.
[2021.07.15-17.05.07:318][  0]LogInit: Texture streaming: Disabled
[2021.07.15-17.05.07:365][  0]LogUnrealPong: Found subsystem NULL
[2021.07.15-17.05.07:365][  0]LogInit: Display: Game Engine Initialized.
[2021.07.15-17.05.07:367][  0]LogNiagaraEditor: GEditor isn't valid! Particle reset commands will not work for Niagara components!
[2021.07.15-17.05.07:418][  0]LogInit: Display: Starting Game.
[2021.07.15-17.05.07:418][  0]LogNet: Browse: /Game/Maps/Game?Name=Player
[2021.07.15-17.05.07:420][  0]LogLoad: LoadMap: /Game/Maps/Game?Name=Player
[2021.07.15-17.05.07:420][  0]LogWorld: BeginTearingDown for /Temp/Untitled_0
[2021.07.15-17.05.07:423][  0]LogWorld: UWorld::CleanupWorld for Untitled, bSessionEnded=true, bCleanupResources=true
[2021.07.15-17.05.07:432][  0]LogUObjectHash: Compacting FUObjectHashTables data took   0.75ms
[2021.07.15-17.05.07:446][  0]LogAIModule: Creating AISystem for world Game
[2021.07.15-17.05.07:449][  0]LogLoad: Game class is 'BP_PongGameMode_C'
[2021.07.15-17.05.07:450][  0]LogNet: ReplicationDriverClass is null! Not using ReplicationDriver.
[2021.07.15-17.05.07:450][  0]LogNetCore: DDoS detection status: detection enabled: 0 analytics enabled: 0
[2021.07.15-17.05.07:450][  0]LogInit: WinSock: Socket queue. Rx: 131072 (config 131072) Tx: 131072 (config 131072)
[2021.07.15-17.05.07:451][  0]LogNet: Created socket for bind address: 0.0.0.0 on port 17777
[2021.07.15-17.05.07:451][  0]PacketHandlerLog: Loaded PacketHandler component: Engine.EngineHandlerComponentFactory (StatelessConnectHandlerComponent)
[2021.07.15-17.05.07:451][  0]LogNet: GameNetDriver IpNetDriver_0 IpNetDriver listening on port 17777
[2021.07.15-17.05.07:452][  0]LogWorld: Bringing World /Game/Maps/Game.Game up for play (max tick rate 30) at 2021.07.15-11.05.07
[2021.07.15-17.05.07:453][  0]LogWorld: Bringing up level for play took: 0.000668
[2021.07.15-17.05.07:453][  0]LogLoad: Took 0.033466 seconds to LoadMap(/Game/Maps/Game)
[2021.07.15-17.05.07:460][  0]LogInit: Display: Engine is initialized. Leaving FEngineLoop::Init()
[2021.07.15-17.05.07:460][  0]LogLoad: (Engine Initialization) Total time: 4.90 seconds
[2021.07.15-17.05.07:460][  0]LogLoad: (Engine Initialization) Total Blueprint compile time: 0.00 seconds
[2021.07.15-17.05.08:738][ 37]LogNet: NotifyAcceptingConnection accepted from: 127.0.0.1:51006
[2021.07.15-17.05.08:738][ 37]LogHandshake: SendConnectChallenge. Timestamp: 1.275893, Cookie: 086178025108184241227125213121230107154215052145179032228215
[2021.07.15-17.05.08:739][ 37]LogNet: NotifyAcceptingConnection accepted from: 127.0.0.1:51007
[2021.07.15-17.05.08:740][ 37]LogHandshake: SendConnectChallenge. Timestamp: 1.275893, Cookie: 031092008239173216037057164204232198193023081071215042056082
[2021.07.15-17.05.08:741][ 37]LogNet: NotifyAcceptingConnection accepted from: 127.0.0.1:51006
[2021.07.15-17.05.08:741][ 37]LogHandshake: SendChallengeAck. InCookie: 086178025108184241227125213121230107154215052145179032228215
[2021.07.15-17.05.08:742][ 37]LogNet: Server accepting post-challenge connection from: 127.0.0.1:51006
[2021.07.15-17.05.08:742][ 37]PacketHandlerLog: Loaded PacketHandler component: Engine.EngineHandlerComponentFactory (StatelessConnectHandlerComponent)
[2021.07.15-17.05.08:743][ 37]LogNet: NotifyAcceptedConnection: Name: Game, TimeStamp: 07/15/21 11:05:08, [UNetConnection] RemoteAddr: 127.0.0.1:51006, Name: IpConnection_0, Driver: GameNetDriver IpNetDriver_0, IsServer: YES, PC: NULL, Owner: NULL, UniqueId: INVALID
[2021.07.15-17.05.08:743][ 37]LogNet: AddClientConnection: Added client connection: [UNetConnection] RemoteAddr: 127.0.0.1:51006, Name: IpConnection_0, Driver: GameNetDriver IpNetDriver_0, IsServer: YES, PC: NULL, Owner: NULL, UniqueId: INVALID
[2021.07.15-17.05.08:744][ 37]LogNet: NotifyAcceptingConnection accepted from: 127.0.0.1:51007
[2021.07.15-17.05.08:744][ 37]LogHandshake: SendChallengeAck. InCookie: 031092008239173216037057164204232198193023081071215042056082
[2021.07.15-17.05.08:745][ 37]LogNet: Server accepting post-challenge connection from: 127.0.0.1:51007
[2021.07.15-17.05.08:746][ 37]PacketHandlerLog: Loaded PacketHandler component: Engine.EngineHandlerComponentFactory (StatelessConnectHandlerComponent)
[2021.07.15-17.05.08:746][ 37]LogNet: NotifyAcceptedConnection: Name: Game, TimeStamp: 07/15/21 11:05:08, [UNetConnection] RemoteAddr: 127.0.0.1:51007, Name: IpConnection_1, Driver: GameNetDriver IpNetDriver_0, IsServer: YES, PC: NULL, Owner: NULL, UniqueId: INVALID
[2021.07.15-17.05.08:746][ 37]LogNet: AddClientConnection: Added client connection: [UNetConnection] RemoteAddr: 127.0.0.1:51007, Name: IpConnection_1, Driver: GameNetDriver IpNetDriver_0, IsServer: YES, PC: NULL, Owner: NULL, UniqueId: INVALID
[2021.07.15-17.05.08:747][ 37]LogNet: NotifyAcceptingChannel Control 0 server World /Game/Maps/Game.Game: Accepted
[2021.07.15-17.05.08:747][ 37]LogNet: Remote platform little endian=1
[2021.07.15-17.05.08:748][ 37]LogNet: This platform little endian=1
[2021.07.15-17.05.08:749][ 37]LogNetVersion: UnrealPong 1.0.0.0, NetCL: 0, EngineNetVer: 17, GameNetVer: 0 (Checksum: 3366191228)
[2021.07.15-17.05.08:749][ 37]LogNet: NotifyAcceptingChannel Control 0 server World /Game/Maps/Game.Game: Accepted
[2021.07.15-17.05.08:750][ 37]LogNet: Remote platform little endian=1
[2021.07.15-17.05.08:750][ 37]LogNet: This platform little endian=1
[2021.07.15-17.05.08:751][ 37]LogNet: Login request: ?Name=Argonaut-2743D39F4499B6744A08A980C89EED8E userId: NULL:Argonaut-2743D39F4499B6744A08A980C89EED8E platform: NULL
[2021.07.15-17.05.08:751][ 37]LogNet: Login request: ?Name=Argonaut-11C20D784BC347E3E45C3FBD6C7B76AF userId: NULL:Argonaut-11C20D784BC347E3E45C3FBD6C7B76AF platform: NULL
[2021.07.15-17.05.08:752][ 37]LogNet: Client netspeed is 100000
[2021.07.15-17.05.08:772][ 38]LogNet: Join request: /Engine/Maps/Entry?Name=Argonaut-2743D39F4499B6744A08A980C89EED8E?SplitscreenCount=1
[2021.07.15-17.05.08:772][ 38]LogOnlineSession: Warning: OSS: No game present to join for session (GameSession)
[2021.07.15-17.05.08:774][ 38]LogGameMode: FindPlayerStart: PATHS NOT DEFINED or NO PLAYERSTART with positive rating
[2021.07.15-17.05.08:774][ 38]LogNet: Join succeeded: Argonaut-2743D39F449
[2021.07.15-17.05.08:774][ 38]LogNet: Client netspeed is 100000
[2021.07.15-17.05.08:775][ 38]LogNet: Join request: /Engine/Maps/Entry?Name=Argonaut-11C20D784BC347E3E45C3FBD6C7B76AF?SplitscreenCount=1
[2021.07.15-17.05.08:776][ 38]LogOnlineSession: Warning: OSS: No game present to join for session (GameSession)
[2021.07.15-17.05.08:776][ 38]LogGameMode: FindPlayerStart: PATHS NOT DEFINED or NO PLAYERSTART with positive rating
[2021.07.15-17.05.08:776][ 38]LogActor: Warning: PongBall /Game/Maps/Game.Game:PersistentLevel.PongBall_0 has natively added scene component(s), but none of them were set as the actor's RootComponent - picking one arbitrarily
[2021.07.15-17.05.08:777][ 38]LogNet: Join succeeded: Argonaut-11C20D784BC
[2021.07.15-17.05.31:906][739]LogNet: UChannel::ReceivedSequencedBunch: Bunch.bClose == true. ChIndex == 0. Calling ConditionalCleanUp.
[2021.07.15-17.05.31:906][739]LogNet: UChannel::CleanUp: ChIndex == 0. Closing connection. [UChannel] ChIndex: 0, Closing: 0 [UNetConnection] RemoteAddr: 127.0.0.1:51006, Name: IpConnection_0, Driver: GameNetDriver IpNetDriver_0, IsServer: YES, PC: BP_PongController_C_0, Owner: BP_PongController_C_0, UniqueId: NULL:Argonaut-2743D39F4499B6744A08A980C89EED8E
[2021.07.15-17.05.31:907][739]LogNet: UNetConnection::Close: [UNetConnection] RemoteAddr: 127.0.0.1:51006, Name: IpConnection_0, Driver: GameNetDriver IpNetDriver_0, IsServer: YES, PC: BP_PongController_C_0, Owner: BP_PongController_C_0, UniqueId: NULL:Argonaut-2743D39F4499B6744A08A980C89EED8E, Channels: 11, Time: 2021.07.15-17.05.31
[2021.07.15-17.05.31:908][739]LogNet: UChannel::Close: Sending CloseBunch. ChIndex == 0. Name: [UChannel] ChIndex: 0, Closing: 0 [UNetConnection] RemoteAddr: 127.0.0.1:51006, Name: IpConnection_0, Driver: GameNetDriver IpNetDriver_0, IsServer: YES, PC: BP_PongController_C_0, Owner: BP_PongController_C_0, UniqueId: NULL:Argonaut-2743D39F4499B6744A08A980C89EED8E
[2021.07.15-17.05.31:908][739]LogOnlineSession: Warning: OSS: No game present to leave for session (GameSession)
[2021.07.15-17.05.32:798][766]LogNet: UChannel::ReceivedSequencedBunch: Bunch.bClose == true. ChIndex == 0. Calling ConditionalCleanUp.
[2021.07.15-17.05.32:798][766]LogNet: UChannel::CleanUp: ChIndex == 0. Closing connection. [UChannel] ChIndex: 0, Closing: 0 [UNetConnection] RemoteAddr: 127.0.0.1:51007, Name: IpConnection_1, Driver: GameNetDriver IpNetDriver_0, IsServer: YES, PC: BP_PongController_C_1, Owner: BP_PongController_C_1, UniqueId: NULL:Argonaut-11C20D784BC347E3E45C3FBD6C7B76AF
[2021.07.15-17.05.32:799][766]LogNet: UNetConnection::Close: [UNetConnection] RemoteAddr: 127.0.0.1:51007, Name: IpConnection_1, Driver: GameNetDriver IpNetDriver_0, IsServer: YES, PC: BP_PongController_C_1, Owner: BP_PongController_C_1, UniqueId: NULL:Argonaut-11C20D784BC347E3E45C3FBD6C7B76AF, Channels: 9, Time: 2021.07.15-17.05.32
[2021.07.15-17.05.32:799][766]LogNet: UChannel::Close: Sending CloseBunch. ChIndex == 0. Name: [UChannel] ChIndex: 0, Closing: 0 [UNetConnection] RemoteAddr: 127.0.0.1:51007, Name: IpConnection_1, Driver: GameNetDriver IpNetDriver_0, IsServer: YES, PC: BP_PongController_C_1, Owner: BP_PongController_C_1, UniqueId: NULL:Argonaut-11C20D784BC347E3E45C3FBD6C7B76AF
[2021.07.15-17.05.32:800][766]LogOnlineSession: Warning: OSS: No game present to leave for session (GameSession)
