Log file open, 07/15/21 13:43:30
LogWindows: Failed to load 'aqProf.dll' (GetLastError=126)
LogWindows: File 'aqProf.dll' does not exist
LogWindows: Failed to load 'VtuneApi.dll' (GetLastError=126)
LogWindows: File 'VtuneApi.dll' does not exist
LogWindows: Failed to load 'VtuneApi32e.dll' (GetLastError=126)
LogWindows: File 'VtuneApi32e.dll' does not exist
LogConsoleResponse: Display: Failed to find resolution value strings in scalability ini. Falling back to default.
LogConsoleResponse: Display: Failed to find resolution value strings in scalability ini. Falling back to default.
LogInit: Display: Running engine for game: UnrealPong
LogPlatformFile: Not using cached read wrapper
LogTaskGraph: Started task graph with 5 named threads and 35 total threads with 3 sets of task threads.
LogStats: Stats thread started at 0.418234
LogICUInternationalization: ICU TimeZone Detection - Raw Offset: -7:00, Platform Override: ''
LogInit: Display: Loading text-based GConfig....
LogPluginManager: Mounting plugin MeshPainting
LogPluginManager: Mounting plugin XGEController
LogPluginManager: Mounting plugin Paper2D
LogPluginManager: Mounting plugin LiveLink
LogPluginManager: Mounting plugin AISupport
LogPluginManager: Mounting plugin EnvironmentQueryEditor
LogPluginManager: Mounting plugin GameplayCameras
LogPluginManager: Mounting plugin LightPropagationVolume
LogPluginManager: Mounting plugin CameraShakePreviewer
LogPluginManager: Mounting plugin OodleData
LogPluginManager: Mounting plugin OodleNetwork
LogPluginManager: Mounting plugin AssetManagerEditor
LogPluginManager: Mounting plugin CryptoKeys
LogPluginManager: Mounting plugin CurveEditorTools
LogPluginManager: Mounting plugin DataValidation
LogPluginManager: Mounting plugin DatasmithContent
LogPluginManager: Mounting plugin FacialAnimation
LogPluginManager: Mounting plugin GeometryMode
LogPluginManager: Mounting plugin GameplayTagsEditor
LogPluginManager: Mounting plugin MacGraphicsSwitching
LogPluginManager: Mounting plugin MaterialAnalyzer
LogPluginManager: Mounting plugin MobileLauncherProfileWizard
LogPluginManager: Mounting plugin SpeedTreeImporter
LogPluginManager: Mounting plugin PluginBrowser
LogPluginManager: Mounting plugin VariantManagerContent
LogPluginManager: Mounting plugin AnimationSharing
LogPluginManager: Mounting plugin Niagara
LogPluginManager: Mounting plugin CLionSourceCodeAccess
LogPluginManager: Mounting plugin CodeLiteSourceCodeAccess
LogPluginManager: Mounting plugin KDevelopSourceCodeAccess
LogPluginManager: Mounting plugin NullSourceCodeAccess
LogPluginManager: Mounting plugin GitSourceControl
LogPluginManager: Mounting plugin PerforceSourceControl
LogPluginManager: Mounting plugin PixWinPlugin
LogPluginManager: Mounting plugin PlasticSourceControl
LogPluginManager: Mounting plugin PluginUtils
LogPluginManager: Mounting plugin PropertyAccessNode
LogPluginManager: Mounting plugin RiderSourceCodeAccess
LogPluginManager: Mounting plugin SubversionSourceControl
LogPluginManager: Mounting plugin RiderLink
LogPluginManager: Mounting plugin TextureFormatOodle
LogPluginManager: Mounting plugin UObjectPlugin
LogPluginManager: Mounting plugin XCodeSourceCodeAccess
LogPluginManager: Mounting plugin VisualStudioSourceCodeAccess
LogPluginManager: Mounting plugin VisualStudioCodeSourceCodeAccess
LogPluginManager: Mounting plugin AlembicImporter
LogPluginManager: Mounting plugin AutomationUtils
LogPluginManager: Mounting plugin BackChannel
LogPluginManager: Mounting plugin ChaosCloth
LogPluginManager: Mounting plugin ChaosClothEditor
LogPluginManager: Mounting plugin ChaosSolverPlugin
LogPluginManager: Mounting plugin ChaosEditor
LogPluginManager: Mounting plugin ChaosNiagara
LogPluginManager: Mounting plugin CharacterAI
LogPluginManager: Mounting plugin AndroidMedia
LogPluginManager: Mounting plugin LuminPlatformFeatures
LogPluginManager: Mounting plugin AvfMedia
LogPluginManager: Mounting plugin MagicLeap
LogPluginManager: Mounting plugin HardwareEncoders
LogPluginManager: Mounting plugin ImgMedia
LogPluginManager: Mounting plugin MediaCompositing
LogPluginManager: Mounting plugin GeometryCache
LogPluginManager: Mounting plugin MagicLeapLightEstimation
LogPluginManager: Mounting plugin MediaPlayerEditor
LogPluginManager: Mounting plugin MagicLeapMedia
LogPluginManager: Mounting plugin TcpMessaging
LogPluginManager: Mounting plugin UdpMessaging
LogPluginManager: Mounting plugin MagicLeapPassableWorld
LogPluginManager: Mounting plugin WebMMedia
LogPluginManager: Mounting plugin MLSDK
LogPluginManager: Mounting plugin WmfMedia
LogPluginManager: Mounting plugin ActorSequence
LogPluginManager: Mounting plugin LevelSequenceEditor
LogPluginManager: Mounting plugin MatineeToLevelSequence
LogPluginManager: Mounting plugin TemplateSequence
LogPluginManager: Mounting plugin GeometryCollectionPlugin
LogPluginManager: Mounting plugin GeometryProcessing
LogPluginManager: Mounting plugin MotoSynth
LogPluginManager: Mounting plugin OpenImageDenoise
LogPluginManager: Mounting plugin PlanarCut
LogPluginManager: Mounting plugin PlatformCrypto
LogPluginManager: Mounting plugin PythonScriptPlugin
LogPluginManager: Mounting plugin ProxyLODPlugin
LogPluginManager: Mounting plugin OnlineSubsystem
LogPluginManager: Mounting plugin SkeletalReduction
LogPluginManager: Mounting plugin OnlineSubsystemNull
LogPluginManager: Mounting plugin OnlineSubsystemUtils
LogPluginManager: Mounting plugin LauncherChunkInstaller
LogPluginManager: Mounting plugin ActorLayerUtilities
LogPluginManager: Mounting plugin AndroidMoviePlayer
LogPluginManager: Mounting plugin AndroidDeviceProfileSelector
LogPluginManager: Mounting plugin AndroidPermission
LogPluginManager: Mounting plugin AppleImageUtils
LogPluginManager: Mounting plugin AppleMoviePlayer
LogPluginManager: Mounting plugin ArchVisCharacter
LogPluginManager: Mounting plugin AssetTags
LogPluginManager: Mounting plugin AudioCapture
LogPluginManager: Mounting plugin AudioSynesthesia
LogPluginManager: Mounting plugin CustomMeshComponent
LogPluginManager: Mounting plugin CableComponent
LogPluginManager: Mounting plugin ChunkDownloader
LogPluginManager: Mounting plugin EditableMesh
LogPluginManager: Mounting plugin ExampleDeviceProfileSelector
LogPluginManager: Mounting plugin GooglePAD
LogPluginManager: Mounting plugin GoogleCloudMessaging
LogPluginManager: Mounting plugin ScreenshotTools
LogPluginManager: Mounting plugin IOSDeviceProfileSelector
LogPluginManager: Mounting plugin LinuxDeviceProfileSelector
LogPluginManager: Mounting plugin LocationServicesBPLibrary
LogPluginManager: Mounting plugin MobilePatchingUtils
LogPluginManager: Mounting plugin OpenXR
LogPluginManager: Mounting plugin OpenXREyeTracker
LogPluginManager: Mounting plugin OpenXRHandTracking
LogPluginManager: Mounting plugin PhysXVehicles
LogPluginManager: Mounting plugin PostSplashScreen
LogPluginManager: Mounting plugin Takes
LogPluginManager: Mounting plugin ProceduralMeshComponent
LogPluginManager: Mounting plugin PropertyAccessEditor
LogPluginManager: Mounting plugin RuntimePhysXCooking
LogPluginManager: Mounting plugin SoundFields
LogPluginManager: Mounting plugin SignificanceManager
LogPluginManager: Mounting plugin Synthesis
LogPluginManager: Mounting plugin WebMMoviePlayer
LogPluginManager: Mounting plugin WindowsMoviePlayer
LogPluginManager: Mounting plugin ContentBrowserFileDataSource
LogPluginManager: Mounting plugin ContentBrowserClassDataSource
LogPluginManager: Mounting plugin ContentBrowserAssetDataSource
LogPluginManager: Mounting plugin OnlineSubsystemIOS
LogPluginManager: Mounting plugin OnlineSubsystemGooglePlay
LogPluginManager: Mounting plugin OculusVR
LogPluginManager: Mounting plugin SteamVR
LogPluginManager: Mounting plugin BPEditorExtension
LogPluginManager: Mounting plugin EpicStudioAnalytics
LogPluginManager: Mounting plugin ObjectBrowser
PixWinPlugin: PIX capture plugin failed to initialize! Check that the process is launched from PIX.
LogWindows: Failed to load 'amfrt64.dll' (GetLastError=126)
LogWindows: File 'amfrt64.dll' does not exist
LogD3D11RHI: Loaded GFSDK_Aftermath_Lib.x64.dll
LogD3D11RHI: D3D11 min allowed feature level: 11_0
LogD3D11RHI: D3D11 max allowed feature level: 11_0
LogD3D11RHI: D3D11 adapters:
LogD3D11RHI:    0. 'NVIDIA GeForce GTX 1080' (Feature Level 11_0)
LogD3D11RHI:       8079/0/16354 MB DedicatedVideo/DedicatedSystem/SharedSystem, Outputs:2, VendorId:0x10de
LogD3D11RHI:    1. 'Microsoft Basic Render Driver' (Feature Level 11_0)
LogD3D11RHI:       0/0/16354 MB DedicatedVideo/DedicatedSystem/SharedSystem, Outputs:0, VendorId:0x1414
LogD3D11RHI: Chosen D3D11 Adapter: 0
LogInit: Using libcurl 7.55.1-DEV
LogInit:  - built for x86_64-pc-win32
LogInit:  - supports SSL with OpenSSL/1.1.1
LogInit:  - supports HTTP deflate (compression) using libz 1.2.8
LogInit:  - other features:
LogInit:      CURL_VERSION_SSL
LogInit:      CURL_VERSION_LIBZ
LogInit:      CURL_VERSION_IPV6
LogInit:      CURL_VERSION_ASYNCHDNS
LogInit:      CURL_VERSION_LARGEFILE
LogInit:      CURL_VERSION_IDN
LogInit:  CurlRequestOptions (configurable via config and command line):
LogInit:  - bVerifyPeer = true  - Libcurl will verify peer certificate
LogInit:  - bUseHttpProxy = false  - Libcurl will NOT use HTTP proxy
LogInit:  - bDontReuseConnections = false  - Libcurl will reuse connections
LogInit:  - MaxHostConnections = 16  - Libcurl will limit the number of connections to a host
LogInit:  - LocalHostAddr = Default
LogInit:  - BufferSize = 65536
LogOnline: OSS: Creating online subsystem instance for: NULL
LogInit: WinSock: version 1.1 (2.2), MaxSocks=32767, MaxUdp=65467
LogOnline: OSS: TryLoadSubsystemAndSetDefault: Loaded subsystem for module [NULL]
LogOculusPluginWrapper: OculusPlugin initialized successfully
LogHMD: Failed initializing OVRPlugin 1.59.0
LogInit: Build: ++UE4+Release-4.27-CL-0
LogInit: Engine Version: 4.27.0-0+++UE4+Release-4.27
LogInit: Compatible Engine Version: 4.27.0-0+++UE4+Release-4.27
LogInit: Net CL: 0
LogInit: OS: Windows 10 (Release 2009) (), CPU: AMD Ryzen 5 3600 6-Core Processor              , GPU: NVIDIA GeForce GTX 1080
LogInit: Compiled (64-bit): Jul 14 2021 08:36:12
LogInit: Compiled with Visual C++: 19.29.30038.01
LogInit: Build Configuration: Development
LogInit: Branch Name: ++UE4+Release-4.27
LogInit: Command Line:  -skipcompile
LogInit: Base Directory: C:/Users/zonks/Documents/Unreal/Engine/Engine/Binaries/Win64/
LogInit: Allocator: TBB
LogInit: Installed Engine Build: 0
LogDevObjectVersion: Number of dev versions registered: 29
LogDevObjectVersion:   Dev-Blueprints (B0D832E4-1F89-4F0D-ACCF-7EB736FD4AA2): 10
LogDevObjectVersion:   Dev-Build (E1C64328-A22C-4D53-A36C-8E866417BD8C): 0
LogDevObjectVersion:   Dev-Core (375EC13C-06E4-48FB-B500-84F0262A717E): 4
LogDevObjectVersion:   Dev-Editor (E4B068ED-F494-42E9-A231-DA0B2E46BB41): 40
LogDevObjectVersion:   Dev-Framework (CFFC743F-43B0-4480-9391-14DF171D2073): 37
LogDevObjectVersion:   Dev-Mobile (B02B49B5-BB20-44E9-A304-32B752E40360): 3
LogDevObjectVersion:   Dev-Networking (A4E4105C-59A1-49B5-A7C5-40C4547EDFEE): 0
LogDevObjectVersion:   Dev-Online (39C831C9-5AE6-47DC-9A44-9C173E1C8E7C): 0
LogDevObjectVersion:   Dev-Physics (78F01B33-EBEA-4F98-B9B4-84EACCB95AA2): 14
LogDevObjectVersion:   Dev-Platform (6631380F-2D4D-43E0-8009-CF276956A95A): 0
LogDevObjectVersion:   Dev-Rendering (12F88B9F-8875-4AFC-A67C-D90C383ABD29): 45
LogDevObjectVersion:   Dev-Sequencer (7B5AE74C-D270-4C10-A958-57980B212A5A): 13
LogDevObjectVersion:   Dev-VR (D7296918-1DD6-4BDD-9DE2-64A83CC13884): 3
LogDevObjectVersion:   Dev-LoadTimes (C2A15278-BFE7-4AFE-6C17-90FF531DF755): 1
LogDevObjectVersion:   Private-Geometry (6EACA3D4-40EC-4CC1-B786-8BED09428FC5): 3
LogDevObjectVersion:   Dev-AnimPhys (29E575DD-E0A3-4627-9D10-D276232CDCEA): 17
LogDevObjectVersion:   Dev-Anim (AF43A65D-7FD3-4947-9873-3E8ED9C1BB05): 15
LogDevObjectVersion:   Dev-ReflectionCapture (6B266CEC-1EC7-4B8F-A30B-E4D90942FC07): 1
LogDevObjectVersion:   Dev-Automation (0DF73D61-A23F-47EA-B727-89E90C41499A): 1
LogDevObjectVersion:   FortniteMain (601D1886-AC64-4F84-AA16-D3DE0DEAC7D6): 47
LogDevObjectVersion:   FortniteRelease (E7086368-6B23-4C58-8439-1B7016265E91): 1
LogDevObjectVersion:   Dev-Enterprise (9DFFBCD6-494F-0158-E221-12823C92A888): 10
LogDevObjectVersion:   Dev-Niagara (F2AED0AC-9AFE-416F-8664-AA7FFA26D6FC): 1
LogDevObjectVersion:   Dev-Destruction (174F1F0B-B4C6-45A5-B13F-2EE8D0FB917D): 10
LogDevObjectVersion:   Dev-Physics-Ext (35F94A83-E258-406C-A318-09F59610247C): 41
LogDevObjectVersion:   Dev-PhysicsMaterial-Chaos (B68FC16E-8B1B-42E2-B453-215C058844FE): 1
LogDevObjectVersion:   Dev-CineCamera (B2E18506-4273-CFC2-A54E-F4BB758BBA07): 1
LogDevObjectVersion:   Dev-VirtualProduction (64F58936-FD1B-42BA-BA96-7289D5D0FA4E): 1
LogDevObjectVersion:   Dev-MediaFramework (6F0ED827-A609-4895-9C91-998D90180EA4): 2
LogInit: Presizing for max 25165824 objects, including 0 objects not considered by GC, pre-allocating 0 bytes for permanent pool.
LogConfig: Applying CVar settings from Section [/Script/Engine.StreamingSettings] File [C:/Users/zonks/Documents/Unreal/Projects/UnrealPong/Saved/Config/Windows/Engine.ini]
LogConfig: Setting CVar [[s.MinBulkDataSizeForAsyncLoading:131072]]
LogConfig: Setting CVar [[s.AsyncLoadingThreadEnabled:0]]
LogConfig: Setting CVar [[s.EventDrivenLoaderEnabled:1]]
LogConfig: Setting CVar [[s.WarnIfTimeLimitExceeded:0]]
LogConfig: Setting CVar [[s.TimeLimitExceededMultiplier:1.5]]
LogConfig: Setting CVar [[s.TimeLimitExceededMinTime:0.005]]
LogConfig: Setting CVar [[s.UseBackgroundLevelStreaming:1]]
LogConfig: Setting CVar [[s.PriorityAsyncLoadingExtraTime:15.0]]
LogConfig: Setting CVar [[s.LevelStreamingActorsUpdateTimeLimit:5.0]]
LogConfig: Setting CVar [[s.PriorityLevelStreamingActorsUpdateExtraTime:5.0]]
LogConfig: Setting CVar [[s.LevelStreamingComponentsRegistrationGranularity:10]]
LogConfig: Setting CVar [[s.UnregisterComponentsTimeLimit:1.0]]
LogConfig: Setting CVar [[s.LevelStreamingComponentsUnregistrationGranularity:5]]
LogConfig: Setting CVar [[s.FlushStreamingOnExit:1]]
LogInit: Object subsystem initialized
LogConfig: Setting CVar [[con.DebugEarlyDefault:1]]
LogConfig: Setting CVar [[r.setres:1280x720]]
[2021.07.15-19.43.31:906][  0]LogConfig: Setting CVar [[r.VSync:0]]
[2021.07.15-19.43.31:906][  0]LogConfig: Setting CVar [[r.RHICmdBypass:0]]
[2021.07.15-19.43.31:906][  0]LogConfig: Applying CVar settings from Section [/Script/Engine.RendererSettings] File [C:/Users/zonks/Documents/Unreal/Projects/UnrealPong/Saved/Config/Windows/Engine.ini]
[2021.07.15-19.43.31:906][  0]LogConfig: Setting CVar [[r.GPUCrashDebugging:0]]
[2021.07.15-19.43.31:906][  0]LogConfig: Setting CVar [[r.DefaultFeature.AutoExposure.ExtendDefaultLuminanceRange:1]]
[2021.07.15-19.43.31:906][  0]LogConfig: Applying CVar settings from Section [/Script/Engine.RendererOverrideSettings] File [C:/Users/zonks/Documents/Unreal/Projects/UnrealPong/Saved/Config/Windows/Engine.ini]
[2021.07.15-19.43.31:906][  0]LogConfig: Applying CVar settings from Section [/Script/Engine.StreamingSettings] File [C:/Users/zonks/Documents/Unreal/Projects/UnrealPong/Saved/Config/Windows/Engine.ini]
[2021.07.15-19.43.31:906][  0]LogConfig: Setting CVar [[s.MinBulkDataSizeForAsyncLoading:131072]]
[2021.07.15-19.43.31:906][  0]LogConfig: Setting CVar [[s.AsyncLoadingThreadEnabled:0]]
[2021.07.15-19.43.31:907][  0]LogConfig: Setting CVar [[s.EventDrivenLoaderEnabled:1]]
[2021.07.15-19.43.31:907][  0]LogConfig: Setting CVar [[s.WarnIfTimeLimitExceeded:0]]
[2021.07.15-19.43.31:907][  0]LogConfig: Setting CVar [[s.TimeLimitExceededMultiplier:1.5]]
[2021.07.15-19.43.31:907][  0]LogConfig: Setting CVar [[s.TimeLimitExceededMinTime:0.005]]
[2021.07.15-19.43.31:907][  0]LogConfig: Setting CVar [[s.UseBackgroundLevelStreaming:1]]
[2021.07.15-19.43.31:907][  0]LogConfig: Setting CVar [[s.PriorityAsyncLoadingExtraTime:15.0]]
[2021.07.15-19.43.31:907][  0]LogConfig: Setting CVar [[s.LevelStreamingActorsUpdateTimeLimit:5.0]]
[2021.07.15-19.43.31:907][  0]LogConfig: Setting CVar [[s.PriorityLevelStreamingActorsUpdateExtraTime:5.0]]
[2021.07.15-19.43.31:907][  0]LogConfig: Setting CVar [[s.LevelStreamingComponentsRegistrationGranularity:10]]
[2021.07.15-19.43.31:907][  0]LogConfig: Setting CVar [[s.UnregisterComponentsTimeLimit:1.0]]
[2021.07.15-19.43.31:907][  0]LogConfig: Setting CVar [[s.LevelStreamingComponentsUnregistrationGranularity:5]]
[2021.07.15-19.43.31:907][  0]LogConfig: Setting CVar [[s.FlushStreamingOnExit:1]]
[2021.07.15-19.43.31:907][  0]LogConfig: Applying CVar settings from Section [/Script/Engine.GarbageCollectionSettings] File [C:/Users/zonks/Documents/Unreal/Projects/UnrealPong/Saved/Config/Windows/Engine.ini]
[2021.07.15-19.43.31:907][  0]LogConfig: Setting CVar [[gc.MaxObjectsNotConsideredByGC:1]]
[2021.07.15-19.43.31:907][  0]LogConfig: Setting CVar [[gc.SizeOfPermanentObjectPool:0]]
[2021.07.15-19.43.31:907][  0]LogConfig: Setting CVar [[gc.FlushStreamingOnGC:0]]
[2021.07.15-19.43.31:907][  0]LogConfig: Setting CVar [[gc.NumRetriesBeforeForcingGC:10]]
[2021.07.15-19.43.31:907][  0]LogConfig: Setting CVar [[gc.AllowParallelGC:1]]
[2021.07.15-19.43.31:907][  0]LogConfig: Setting CVar [[gc.TimeBetweenPurgingPendingKillObjects:61.1]]
[2021.07.15-19.43.31:907][  0]LogConfig: Setting CVar [[gc.MaxObjectsInEditor:25165824]]
[2021.07.15-19.43.31:907][  0]LogConfig: Setting CVar [[gc.IncrementalBeginDestroyEnabled:1]]
[2021.07.15-19.43.31:908][  0]LogConfig: Setting CVar [[gc.CreateGCClusters:1]]
[2021.07.15-19.43.31:908][  0]LogConfig: Setting CVar [[gc.MinGCClusterSize:5]]
[2021.07.15-19.43.31:908][  0]LogConfig: Setting CVar [[gc.ActorClusteringEnabled:0]]
[2021.07.15-19.43.31:908][  0]LogConfig: Setting CVar [[gc.BlueprintClusteringEnabled:0]]
[2021.07.15-19.43.31:908][  0]LogConfig: Setting CVar [[gc.UseDisregardForGCOnDedicatedServers:0]]
[2021.07.15-19.43.31:908][  0]LogConfig: Setting CVar [[gc.MultithreadedDestructionEnabled:1]]
[2021.07.15-19.43.31:908][  0]LogConfig: Applying CVar settings from Section [/Script/Engine.NetworkSettings] File [C:/Users/zonks/Documents/Unreal/Projects/UnrealPong/Saved/Config/Windows/Engine.ini]
[2021.07.15-19.43.31:908][  0]LogConfig: Applying CVar settings from Section [/Script/UnrealEd.CookerSettings] File [C:/Users/zonks/Documents/Unreal/Projects/UnrealPong/Saved/Config/Windows/Engine.ini]
[2021.07.15-19.43.31:936][  0]LogConfig: Applying CVar settings from Section [ViewDistanceQuality@3] File [C:/Users/zonks/Documents/Unreal/Projects/UnrealPong/Saved/Config/Windows/Scalability.ini]
[2021.07.15-19.43.31:936][  0]LogConfig: Setting CVar [[r.SkeletalMeshLODBias:0]]
[2021.07.15-19.43.31:936][  0]LogConfig: Setting CVar [[r.ViewDistanceScale:1.0]]
[2021.07.15-19.43.31:937][  0]LogConfig: Applying CVar settings from Section [AntiAliasingQuality@3] File [C:/Users/zonks/Documents/Unreal/Projects/UnrealPong/Saved/Config/Windows/Scalability.ini]
[2021.07.15-19.43.31:937][  0]LogConfig: Setting CVar [[r.PostProcessAAQuality:4]]
[2021.07.15-19.43.31:937][  0]LogConfig: Applying CVar settings from Section [ShadowQuality@3] File [C:/Users/zonks/Documents/Unreal/Projects/UnrealPong/Saved/Config/Windows/Scalability.ini]
[2021.07.15-19.43.31:937][  0]LogConfig: Setting CVar [[r.LightFunctionQuality:1]]
[2021.07.15-19.43.31:937][  0]LogConfig: Setting CVar [[r.ShadowQuality:5]]
[2021.07.15-19.43.31:937][  0]LogConfig: Setting CVar [[r.Shadow.CSM.MaxCascades:10]]
[2021.07.15-19.43.31:937][  0]LogConfig: Setting CVar [[r.Shadow.MaxResolution:2048]]
[2021.07.15-19.43.31:937][  0]LogConfig: Setting CVar [[r.Shadow.MaxCSMResolution:2048]]
[2021.07.15-19.43.31:937][  0]LogConfig: Setting CVar [[r.Shadow.RadiusThreshold:0.01]]
[2021.07.15-19.43.31:937][  0]LogConfig: Setting CVar [[r.Shadow.DistanceScale:1.0]]
[2021.07.15-19.43.31:937][  0]LogConfig: Setting CVar [[r.Shadow.CSM.TransitionScale:1.0]]
[2021.07.15-19.43.31:937][  0]LogConfig: Setting CVar [[r.Shadow.PreShadowResolutionFactor:1.0]]
[2021.07.15-19.43.31:937][  0]LogConfig: Setting CVar [[r.DistanceFieldShadowing:1]]
[2021.07.15-19.43.31:937][  0]LogConfig: Setting CVar [[r.DistanceFieldAO:1]]
[2021.07.15-19.43.31:937][  0]LogConfig: Setting CVar [[r.AOQuality:2]]
[2021.07.15-19.43.31:937][  0]LogConfig: Setting CVar [[r.VolumetricFog:1]]
[2021.07.15-19.43.31:937][  0]LogConfig: Setting CVar [[r.VolumetricFog.GridPixelSize:8]]
[2021.07.15-19.43.31:938][  0]LogConfig: Setting CVar [[r.VolumetricFog.GridSizeZ:128]]
[2021.07.15-19.43.31:938][  0]LogConfig: Setting CVar [[r.VolumetricFog.HistoryMissSupersampleCount:4]]
[2021.07.15-19.43.31:938][  0]LogConfig: Setting CVar [[r.LightMaxDrawDistanceScale:1]]
[2021.07.15-19.43.31:938][  0]LogConfig: Setting CVar [[r.CapsuleShadows:1]]
[2021.07.15-19.43.31:938][  0]LogConfig: Applying CVar settings from Section [PostProcessQuality@3] File [C:/Users/zonks/Documents/Unreal/Projects/UnrealPong/Saved/Config/Windows/Scalability.ini]
[2021.07.15-19.43.31:938][  0]LogConfig: Setting CVar [[r.MotionBlurQuality:4]]
[2021.07.15-19.43.31:938][  0]LogConfig: Setting CVar [[r.AmbientOcclusionMipLevelFactor:0.4]]
[2021.07.15-19.43.31:938][  0]LogConfig: Setting CVar [[r.AmbientOcclusionMaxQuality:100]]
[2021.07.15-19.43.31:938][  0]LogConfig: Setting CVar [[r.AmbientOcclusionLevels:-1]]
[2021.07.15-19.43.31:938][  0]LogConfig: Setting CVar [[r.AmbientOcclusionRadiusScale:1.0]]
[2021.07.15-19.43.31:938][  0]LogConfig: Setting CVar [[r.DepthOfFieldQuality:2]]
[2021.07.15-19.43.31:938][  0]LogConfig: Setting CVar [[r.RenderTargetPoolMin:400]]
[2021.07.15-19.43.31:938][  0]LogConfig: Setting CVar [[r.LensFlareQuality:2]]
[2021.07.15-19.43.31:938][  0]LogConfig: Setting CVar [[r.SceneColorFringeQuality:1]]
[2021.07.15-19.43.31:938][  0]LogConfig: Setting CVar [[r.EyeAdaptationQuality:2]]
[2021.07.15-19.43.31:938][  0]LogConfig: Setting CVar [[r.BloomQuality:5]]
[2021.07.15-19.43.31:938][  0]LogConfig: Setting CVar [[r.FastBlurThreshold:100]]
[2021.07.15-19.43.31:938][  0]LogConfig: Setting CVar [[r.Upscale.Quality:3]]
[2021.07.15-19.43.31:938][  0]LogConfig: Setting CVar [[r.Tonemapper.GrainQuantization:1]]
[2021.07.15-19.43.31:939][  0]LogConfig: Setting CVar [[r.LightShaftQuality:1]]
[2021.07.15-19.43.31:939][  0]LogConfig: Setting CVar [[r.Filter.SizeScale:1]]
[2021.07.15-19.43.31:939][  0]LogConfig: Setting CVar [[r.Tonemapper.Quality:5]]
[2021.07.15-19.43.31:939][  0]LogConfig: Setting CVar [[r.DOF.Gather.AccumulatorQuality:1        ; higher gathering accumulator quality]]
[2021.07.15-19.43.31:939][  0]LogConfig: Setting CVar [[r.DOF.Gather.PostfilterMethod:1          ; Median3x3 postfilering method]]
[2021.07.15-19.43.31:939][  0]LogConfig: Setting CVar [[r.DOF.Gather.EnableBokehSettings:0       ; no bokeh simulation when gathering]]
[2021.07.15-19.43.31:939][  0]LogConfig: Setting CVar [[r.DOF.Gather.RingCount:4                 ; medium number of samples when gathering]]
[2021.07.15-19.43.31:939][  0]LogConfig: Setting CVar [[r.DOF.Scatter.ForegroundCompositing:1    ; additive foreground scattering]]
[2021.07.15-19.43.31:939][  0]LogConfig: Setting CVar [[r.DOF.Scatter.BackgroundCompositing:2    ; additive background scattering]]
[2021.07.15-19.43.31:939][  0]LogConfig: Setting CVar [[r.DOF.Scatter.EnableBokehSettings:1      ; bokeh simulation when scattering]]
[2021.07.15-19.43.31:939][  0]LogConfig: Setting CVar [[r.DOF.Scatter.MaxSpriteRatio:0.1         ; only a maximum of 10% of scattered bokeh]]
[2021.07.15-19.43.31:939][  0]LogConfig: Setting CVar [[r.DOF.Recombine.Quality:1                ; cheap slight out of focus]]
[2021.07.15-19.43.31:939][  0]LogConfig: Setting CVar [[r.DOF.Recombine.EnableBokehSettings:0    ; no bokeh simulation on slight out of focus]]
[2021.07.15-19.43.31:939][  0]LogConfig: Setting CVar [[r.DOF.TemporalAAQuality:1                ; more stable temporal accumulation]]
[2021.07.15-19.43.31:939][  0]LogConfig: Setting CVar [[r.DOF.Kernel.MaxForegroundRadius:0.025]]
[2021.07.15-19.43.31:939][  0]LogConfig: Setting CVar [[r.DOF.Kernel.MaxBackgroundRadius:0.025]]
[2021.07.15-19.43.31:939][  0]LogConfig: Applying CVar settings from Section [TextureQuality@3] File [C:/Users/zonks/Documents/Unreal/Projects/UnrealPong/Saved/Config/Windows/Scalability.ini]
[2021.07.15-19.43.31:939][  0]LogConfig: Setting CVar [[r.Streaming.MipBias:0]]
[2021.07.15-19.43.31:940][  0]LogConfig: Setting CVar [[r.Streaming.AmortizeCPUToGPUCopy:0]]
[2021.07.15-19.43.31:940][  0]LogConfig: Setting CVar [[r.Streaming.MaxNumTexturesToStreamPerFrame:0]]
[2021.07.15-19.43.31:940][  0]LogConfig: Setting CVar [[r.Streaming.Boost:1]]
[2021.07.15-19.43.31:940][  0]LogConfig: Setting CVar [[r.MaxAnisotropy:8]]
[2021.07.15-19.43.31:940][  0]LogConfig: Setting CVar [[r.VT.MaxAnisotropy:8]]
[2021.07.15-19.43.31:940][  0]LogConfig: Setting CVar [[r.Streaming.LimitPoolSizeToVRAM:0]]
[2021.07.15-19.43.31:940][  0]LogConfig: Setting CVar [[r.Streaming.PoolSize:1000]]
[2021.07.15-19.43.31:940][  0]LogConfig: Setting CVar [[r.Streaming.MaxEffectiveScreenSize:0]]
[2021.07.15-19.43.31:940][  0]LogConfig: Applying CVar settings from Section [EffectsQuality@3] File [C:/Users/zonks/Documents/Unreal/Projects/UnrealPong/Saved/Config/Windows/Scalability.ini]
[2021.07.15-19.43.31:940][  0]LogConfig: Setting CVar [[r.TranslucencyLightingVolumeDim:64]]
[2021.07.15-19.43.31:940][  0]LogConfig: Setting CVar [[r.RefractionQuality:2]]
[2021.07.15-19.43.31:940][  0]LogConfig: Setting CVar [[r.SSR.Quality:3]]
[2021.07.15-19.43.31:940][  0]LogConfig: Setting CVar [[r.SSR.HalfResSceneColor:0]]
[2021.07.15-19.43.31:940][  0]LogConfig: Setting CVar [[r.SceneColorFormat:4]]
[2021.07.15-19.43.31:940][  0]LogConfig: Setting CVar [[r.DetailMode:2]]
[2021.07.15-19.43.31:940][  0]LogConfig: Setting CVar [[r.TranslucencyVolumeBlur:1]]
[2021.07.15-19.43.31:940][  0]LogConfig: Setting CVar [[r.MaterialQualityLevel:1 ; High quality]]
[2021.07.15-19.43.31:940][  0]LogConfig: Setting CVar [[r.AnisotropicMaterials:1]]
[2021.07.15-19.43.31:941][  0]LogConfig: Setting CVar [[r.SSS.Scale:1]]
[2021.07.15-19.43.31:941][  0]LogConfig: Setting CVar [[r.SSS.SampleSet:2]]
[2021.07.15-19.43.31:941][  0]LogConfig: Setting CVar [[r.SSS.Quality:1]]
[2021.07.15-19.43.31:941][  0]LogConfig: Setting CVar [[r.SSS.HalfRes:0]]
[2021.07.15-19.43.31:941][  0]LogConfig: Setting CVar [[r.SSGI.Quality:3]]
[2021.07.15-19.43.31:941][  0]LogConfig: Setting CVar [[r.EmitterSpawnRateScale:1.0]]
[2021.07.15-19.43.31:941][  0]LogConfig: Setting CVar [[r.ParticleLightQuality:2]]
[2021.07.15-19.43.31:941][  0]LogConfig: Setting CVar [[r.SkyAtmosphere.AerialPerspectiveLUT.FastApplyOnOpaque:1 ; Always have FastSkyLUT 1 in this case to avoid wrong sky]]
[2021.07.15-19.43.31:941][  0]LogConfig: Setting CVar [[r.SkyAtmosphere.AerialPerspectiveLUT.SampleCountMaxPerSlice:4]]
[2021.07.15-19.43.31:941][  0]LogConfig: Setting CVar [[r.SkyAtmosphere.AerialPerspectiveLUT.DepthResolution:16.0]]
[2021.07.15-19.43.31:941][  0]LogConfig: Setting CVar [[r.SkyAtmosphere.FastSkyLUT:1]]
[2021.07.15-19.43.31:941][  0]LogConfig: Setting CVar [[r.SkyAtmosphere.FastSkyLUT.SampleCountMin:4.0]]
[2021.07.15-19.43.31:941][  0]LogConfig: Setting CVar [[r.SkyAtmosphere.FastSkyLUT.SampleCountMax:128.0]]
[2021.07.15-19.43.31:941][  0]LogConfig: Setting CVar [[r.SkyAtmosphere.SampleCountMin:4.0]]
[2021.07.15-19.43.31:941][  0]LogConfig: Setting CVar [[r.SkyAtmosphere.SampleCountMax:128.0]]
[2021.07.15-19.43.31:941][  0]LogConfig: Setting CVar [[r.SkyAtmosphere.TransmittanceLUT.UseSmallFormat:0]]
[2021.07.15-19.43.31:941][  0]LogConfig: Setting CVar [[r.SkyAtmosphere.TransmittanceLUT.SampleCount:10.0]]
[2021.07.15-19.43.31:941][  0]LogConfig: Setting CVar [[r.SkyAtmosphere.MultiScatteringLUT.SampleCount:15.0]]
[2021.07.15-19.43.31:942][  0]LogConfig: Setting CVar [[r.SkyLight.RealTimeReflectionCapture:1]]
[2021.07.15-19.43.31:942][  0]LogConfig: Applying CVar settings from Section [FoliageQuality@3] File [C:/Users/zonks/Documents/Unreal/Projects/UnrealPong/Saved/Config/Windows/Scalability.ini]
[2021.07.15-19.43.31:942][  0]LogConfig: Setting CVar [[foliage.DensityScale:1.0]]
[2021.07.15-19.43.31:942][  0]LogConfig: Setting CVar [[grass.DensityScale:1.0]]
[2021.07.15-19.43.31:942][  0]LogConfig: Applying CVar settings from Section [ShadingQuality@3] File [C:/Users/zonks/Documents/Unreal/Projects/UnrealPong/Saved/Config/Windows/Scalability.ini]
[2021.07.15-19.43.31:942][  0]LogConfig: Setting CVar [[r.HairStrands.SkyLighting.IntegrationType:2]]
[2021.07.15-19.43.31:942][  0]LogConfig: Setting CVar [[r.HairStrands.SkyAO.SampleCount:4]]
[2021.07.15-19.43.31:942][  0]LogConfig: Setting CVar [[r.HairStrands.Visibility.MSAA.SamplePerPixel:4]]
[2021.07.15-19.43.31:942][  0]LogInit: Selected Device Profile: [Windows]
[2021.07.15-19.43.31:942][  0]LogInit: Applying CVar settings loaded from the selected device profile: [Windows]
[2021.07.15-19.43.31:942][  0]LogHAL: Display: Platform has ~ 32 GB [34298351616 / 34359738368 / 32], which maps to Largest [LargestMinGB=32, LargerMinGB=12, DefaultMinGB=8, SmallerMinGB=6, SmallestMinGB=0)
[2021.07.15-19.43.31:942][  0]LogInit: Going up to parent DeviceProfile []
[2021.07.15-19.43.31:942][  0]LogConfig: Applying CVar settings from Section [ViewDistanceQuality@3] File [C:/Users/zonks/Documents/Unreal/Projects/UnrealPong/Saved/Config/Windows/Scalability.ini]
[2021.07.15-19.43.31:942][  0]LogConfig: Setting CVar [[r.SkeletalMeshLODBias:0]]
[2021.07.15-19.43.31:942][  0]LogConfig: Setting CVar [[r.ViewDistanceScale:1.0]]
[2021.07.15-19.43.31:943][  0]LogConfig: Applying CVar settings from Section [AntiAliasingQuality@3] File [C:/Users/zonks/Documents/Unreal/Projects/UnrealPong/Saved/Config/Windows/Scalability.ini]
[2021.07.15-19.43.31:943][  0]LogConfig: Setting CVar [[r.PostProcessAAQuality:4]]
[2021.07.15-19.43.31:943][  0]LogConfig: Applying CVar settings from Section [ShadowQuality@3] File [C:/Users/zonks/Documents/Unreal/Projects/UnrealPong/Saved/Config/Windows/Scalability.ini]
[2021.07.15-19.43.31:943][  0]LogConfig: Setting CVar [[r.LightFunctionQuality:1]]
[2021.07.15-19.43.31:943][  0]LogConfig: Setting CVar [[r.ShadowQuality:5]]
[2021.07.15-19.43.31:943][  0]LogConfig: Setting CVar [[r.Shadow.CSM.MaxCascades:10]]
[2021.07.15-19.43.31:943][  0]LogConfig: Setting CVar [[r.Shadow.MaxResolution:2048]]
[2021.07.15-19.43.31:943][  0]LogConfig: Setting CVar [[r.Shadow.MaxCSMResolution:2048]]
[2021.07.15-19.43.31:943][  0]LogConfig: Setting CVar [[r.Shadow.RadiusThreshold:0.01]]
[2021.07.15-19.43.31:943][  0]LogConfig: Setting CVar [[r.Shadow.DistanceScale:1.0]]
[2021.07.15-19.43.31:943][  0]LogConfig: Setting CVar [[r.Shadow.CSM.TransitionScale:1.0]]
[2021.07.15-19.43.31:943][  0]LogConfig: Setting CVar [[r.Shadow.PreShadowResolutionFactor:1.0]]
[2021.07.15-19.43.31:943][  0]LogConfig: Setting CVar [[r.DistanceFieldShadowing:1]]
[2021.07.15-19.43.31:943][  0]LogConfig: Setting CVar [[r.DistanceFieldAO:1]]
[2021.07.15-19.43.31:943][  0]LogConfig: Setting CVar [[r.AOQuality:2]]
[2021.07.15-19.43.31:943][  0]LogConfig: Setting CVar [[r.VolumetricFog:1]]
[2021.07.15-19.43.31:943][  0]LogConfig: Setting CVar [[r.VolumetricFog.GridPixelSize:8]]
[2021.07.15-19.43.31:943][  0]LogConfig: Setting CVar [[r.VolumetricFog.GridSizeZ:128]]
[2021.07.15-19.43.31:943][  0]LogConfig: Setting CVar [[r.VolumetricFog.HistoryMissSupersampleCount:4]]
[2021.07.15-19.43.31:944][  0]LogConfig: Setting CVar [[r.LightMaxDrawDistanceScale:1]]
[2021.07.15-19.43.31:944][  0]LogConfig: Setting CVar [[r.CapsuleShadows:1]]
[2021.07.15-19.43.31:944][  0]LogConfig: Applying CVar settings from Section [PostProcessQuality@3] File [C:/Users/zonks/Documents/Unreal/Projects/UnrealPong/Saved/Config/Windows/Scalability.ini]
[2021.07.15-19.43.31:944][  0]LogConfig: Setting CVar [[r.MotionBlurQuality:4]]
[2021.07.15-19.43.31:944][  0]LogConfig: Setting CVar [[r.AmbientOcclusionMipLevelFactor:0.4]]
[2021.07.15-19.43.31:944][  0]LogConfig: Setting CVar [[r.AmbientOcclusionMaxQuality:100]]
[2021.07.15-19.43.31:944][  0]LogConfig: Setting CVar [[r.AmbientOcclusionLevels:-1]]
[2021.07.15-19.43.31:944][  0]LogConfig: Setting CVar [[r.AmbientOcclusionRadiusScale:1.0]]
[2021.07.15-19.43.31:944][  0]LogConfig: Setting CVar [[r.DepthOfFieldQuality:2]]
[2021.07.15-19.43.31:944][  0]LogConfig: Setting CVar [[r.RenderTargetPoolMin:400]]
[2021.07.15-19.43.31:944][  0]LogConfig: Setting CVar [[r.LensFlareQuality:2]]
[2021.07.15-19.43.31:944][  0]LogConfig: Setting CVar [[r.SceneColorFringeQuality:1]]
[2021.07.15-19.43.31:944][  0]LogConfig: Setting CVar [[r.EyeAdaptationQuality:2]]
[2021.07.15-19.43.31:944][  0]LogConfig: Setting CVar [[r.BloomQuality:5]]
[2021.07.15-19.43.31:944][  0]LogConfig: Setting CVar [[r.FastBlurThreshold:100]]
[2021.07.15-19.43.31:944][  0]LogConfig: Setting CVar [[r.Upscale.Quality:3]]
[2021.07.15-19.43.31:944][  0]LogConfig: Setting CVar [[r.Tonemapper.GrainQuantization:1]]
[2021.07.15-19.43.31:944][  0]LogConfig: Setting CVar [[r.LightShaftQuality:1]]
[2021.07.15-19.43.31:944][  0]LogConfig: Setting CVar [[r.Filter.SizeScale:1]]
[2021.07.15-19.43.31:944][  0]LogConfig: Setting CVar [[r.Tonemapper.Quality:5]]
[2021.07.15-19.43.31:945][  0]LogConfig: Setting CVar [[r.DOF.Gather.AccumulatorQuality:1        ; higher gathering accumulator quality]]
[2021.07.15-19.43.31:945][  0]LogConfig: Setting CVar [[r.DOF.Gather.PostfilterMethod:1          ; Median3x3 postfilering method]]
[2021.07.15-19.43.31:945][  0]LogConfig: Setting CVar [[r.DOF.Gather.EnableBokehSettings:0       ; no bokeh simulation when gathering]]
[2021.07.15-19.43.31:945][  0]LogConfig: Setting CVar [[r.DOF.Gather.RingCount:4                 ; medium number of samples when gathering]]
[2021.07.15-19.43.31:945][  0]LogConfig: Setting CVar [[r.DOF.Scatter.ForegroundCompositing:1    ; additive foreground scattering]]
[2021.07.15-19.43.31:945][  0]LogConfig: Setting CVar [[r.DOF.Scatter.BackgroundCompositing:2    ; additive background scattering]]
[2021.07.15-19.43.31:945][  0]LogConfig: Setting CVar [[r.DOF.Scatter.EnableBokehSettings:1      ; bokeh simulation when scattering]]
[2021.07.15-19.43.31:945][  0]LogConfig: Setting CVar [[r.DOF.Scatter.MaxSpriteRatio:0.1         ; only a maximum of 10% of scattered bokeh]]
[2021.07.15-19.43.31:945][  0]LogConfig: Setting CVar [[r.DOF.Recombine.Quality:1                ; cheap slight out of focus]]
[2021.07.15-19.43.31:945][  0]LogConfig: Setting CVar [[r.DOF.Recombine.EnableBokehSettings:0    ; no bokeh simulation on slight out of focus]]
[2021.07.15-19.43.31:945][  0]LogConfig: Setting CVar [[r.DOF.TemporalAAQuality:1                ; more stable temporal accumulation]]
[2021.07.15-19.43.31:945][  0]LogConfig: Setting CVar [[r.DOF.Kernel.MaxForegroundRadius:0.025]]
[2021.07.15-19.43.31:945][  0]LogConfig: Setting CVar [[r.DOF.Kernel.MaxBackgroundRadius:0.025]]
[2021.07.15-19.43.31:945][  0]LogConfig: Applying CVar settings from Section [TextureQuality@3] File [C:/Users/zonks/Documents/Unreal/Projects/UnrealPong/Saved/Config/Windows/Scalability.ini]
[2021.07.15-19.43.31:945][  0]LogConfig: Setting CVar [[r.Streaming.MipBias:0]]
[2021.07.15-19.43.31:945][  0]LogConfig: Setting CVar [[r.Streaming.AmortizeCPUToGPUCopy:0]]
[2021.07.15-19.43.31:946][  0]LogConfig: Setting CVar [[r.Streaming.MaxNumTexturesToStreamPerFrame:0]]
[2021.07.15-19.43.31:946][  0]LogConfig: Setting CVar [[r.Streaming.Boost:1]]
[2021.07.15-19.43.31:946][  0]LogConfig: Setting CVar [[r.MaxAnisotropy:8]]
[2021.07.15-19.43.31:946][  0]LogConfig: Setting CVar [[r.VT.MaxAnisotropy:8]]
[2021.07.15-19.43.31:946][  0]LogConfig: Setting CVar [[r.Streaming.LimitPoolSizeToVRAM:0]]
[2021.07.15-19.43.31:946][  0]LogConfig: Setting CVar [[r.Streaming.PoolSize:1000]]
[2021.07.15-19.43.31:946][  0]LogConfig: Setting CVar [[r.Streaming.MaxEffectiveScreenSize:0]]
[2021.07.15-19.43.31:946][  0]LogConfig: Applying CVar settings from Section [EffectsQuality@3] File [C:/Users/zonks/Documents/Unreal/Projects/UnrealPong/Saved/Config/Windows/Scalability.ini]
[2021.07.15-19.43.31:946][  0]LogConfig: Setting CVar [[r.TranslucencyLightingVolumeDim:64]]
[2021.07.15-19.43.31:946][  0]LogConfig: Setting CVar [[r.RefractionQuality:2]]
[2021.07.15-19.43.31:946][  0]LogConfig: Setting CVar [[r.SSR.Quality:3]]
[2021.07.15-19.43.31:946][  0]LogConfig: Setting CVar [[r.SSR.HalfResSceneColor:0]]
[2021.07.15-19.43.31:946][  0]LogConfig: Setting CVar [[r.SceneColorFormat:4]]
[2021.07.15-19.43.31:946][  0]LogConfig: Setting CVar [[r.DetailMode:2]]
[2021.07.15-19.43.31:946][  0]LogConfig: Setting CVar [[r.TranslucencyVolumeBlur:1]]
[2021.07.15-19.43.31:946][  0]LogConfig: Setting CVar [[r.MaterialQualityLevel:1 ; High quality]]
[2021.07.15-19.43.31:946][  0]LogConfig: Setting CVar [[r.AnisotropicMaterials:1]]
[2021.07.15-19.43.31:946][  0]LogConfig: Setting CVar [[r.SSS.Scale:1]]
[2021.07.15-19.43.31:946][  0]LogConfig: Setting CVar [[r.SSS.SampleSet:2]]
[2021.07.15-19.43.31:946][  0]LogConfig: Setting CVar [[r.SSS.Quality:1]]
[2021.07.15-19.43.31:947][  0]LogConfig: Setting CVar [[r.SSS.HalfRes:0]]
[2021.07.15-19.43.31:947][  0]LogConfig: Setting CVar [[r.SSGI.Quality:3]]
[2021.07.15-19.43.31:947][  0]LogConfig: Setting CVar [[r.EmitterSpawnRateScale:1.0]]
[2021.07.15-19.43.31:947][  0]LogConfig: Setting CVar [[r.ParticleLightQuality:2]]
[2021.07.15-19.43.31:947][  0]LogConfig: Setting CVar [[r.SkyAtmosphere.AerialPerspectiveLUT.FastApplyOnOpaque:1 ; Always have FastSkyLUT 1 in this case to avoid wrong sky]]
[2021.07.15-19.43.31:947][  0]LogConfig: Setting CVar [[r.SkyAtmosphere.AerialPerspectiveLUT.SampleCountMaxPerSlice:4]]
[2021.07.15-19.43.31:947][  0]LogConfig: Setting CVar [[r.SkyAtmosphere.AerialPerspectiveLUT.DepthResolution:16.0]]
[2021.07.15-19.43.31:947][  0]LogConfig: Setting CVar [[r.SkyAtmosphere.FastSkyLUT:1]]
[2021.07.15-19.43.31:947][  0]LogConfig: Setting CVar [[r.SkyAtmosphere.FastSkyLUT.SampleCountMin:4.0]]
[2021.07.15-19.43.31:947][  0]LogConfig: Setting CVar [[r.SkyAtmosphere.FastSkyLUT.SampleCountMax:128.0]]
[2021.07.15-19.43.31:947][  0]LogConfig: Setting CVar [[r.SkyAtmosphere.SampleCountMin:4.0]]
[2021.07.15-19.43.31:947][  0]LogConfig: Setting CVar [[r.SkyAtmosphere.SampleCountMax:128.0]]
[2021.07.15-19.43.31:947][  0]LogConfig: Setting CVar [[r.SkyAtmosphere.TransmittanceLUT.UseSmallFormat:0]]
[2021.07.15-19.43.31:947][  0]LogConfig: Setting CVar [[r.SkyAtmosphere.TransmittanceLUT.SampleCount:10.0]]
[2021.07.15-19.43.31:947][  0]LogConfig: Setting CVar [[r.SkyAtmosphere.MultiScatteringLUT.SampleCount:15.0]]
[2021.07.15-19.43.31:947][  0]LogConfig: Setting CVar [[r.SkyLight.RealTimeReflectionCapture:1]]
[2021.07.15-19.43.31:947][  0]LogConfig: Applying CVar settings from Section [FoliageQuality@3] File [C:/Users/zonks/Documents/Unreal/Projects/UnrealPong/Saved/Config/Windows/Scalability.ini]
[2021.07.15-19.43.31:947][  0]LogConfig: Setting CVar [[foliage.DensityScale:1.0]]
[2021.07.15-19.43.31:947][  0]LogConfig: Setting CVar [[grass.DensityScale:1.0]]
[2021.07.15-19.43.31:948][  0]LogConfig: Applying CVar settings from Section [ShadingQuality@3] File [C:/Users/zonks/Documents/Unreal/Projects/UnrealPong/Saved/Config/Windows/Scalability.ini]
[2021.07.15-19.43.31:948][  0]LogConfig: Setting CVar [[r.HairStrands.SkyLighting.IntegrationType:2]]
[2021.07.15-19.43.31:948][  0]LogConfig: Setting CVar [[r.HairStrands.SkyAO.SampleCount:4]]
[2021.07.15-19.43.31:948][  0]LogConfig: Setting CVar [[r.HairStrands.Visibility.MSAA.SamplePerPixel:4]]
[2021.07.15-19.43.31:948][  0]LogConfig: Applying CVar settings from Section [Startup] File [../../../Engine/Config/ConsoleVariables.ini]
[2021.07.15-19.43.31:948][  0]LogConfig: Setting CVar [[net.UseAdaptiveNetUpdateFrequency:0]]
[2021.07.15-19.43.31:948][  0]LogConfig: Setting CVar [[p.chaos.AllowCreatePhysxBodies:1]]
[2021.07.15-19.43.31:948][  0]LogConfig: Setting CVar [[fx.SkipVectorVMBackendOptimizations:1]]
[2021.07.15-19.43.31:948][  0]LogConfig: Applying CVar settings from Section [ConsoleVariables] File [C:/Users/zonks/Documents/Unreal/Projects/UnrealPong/Saved/Config/Windows/Engine.ini]
[2021.07.15-19.43.31:948][  0]LogConfig: Applying CVar settings from Section [ConsoleVariables] File [C:/Users/zonks/Documents/Unreal/Projects/UnrealPong/Saved/Config/Windows/Editor.ini]
[2021.07.15-19.43.31:948][  0]LogInit: Computer: ARGONAUT
[2021.07.15-19.43.31:948][  0]LogInit: User: zonks
[2021.07.15-19.43.31:948][  0]LogInit: CPU Page size=4096, Cores=6
[2021.07.15-19.43.31:948][  0]LogInit: High frequency timer resolution =10.000000 MHz
[2021.07.15-19.43.31:948][  0]LogMemory: Memory total: Physical=31.9GB (32GB approx)
[2021.07.15-19.43.31:949][  0]LogMemory: Platform Memory Stats for Windows
[2021.07.15-19.43.31:949][  0]LogMemory: Process Physical Memory: 150.12 MB used, 150.12 MB peak
[2021.07.15-19.43.31:949][  0]LogMemory: Process Virtual Memory: 134.52 MB used, 137.82 MB peak
[2021.07.15-19.43.31:949][  0]LogMemory: Physical Memory: 17012.68 MB used,  15696.78 MB free, 32709.46 MB total
[2021.07.15-19.43.31:949][  0]LogMemory: Virtual Memory: 134199336.00 MB used,  18389.56 MB free, 134217728.00 MB total
[2021.07.15-19.43.31:958][  0]LogWindows: WindowsPlatformFeatures enabled
[2021.07.15-19.43.32:104][  0]LogInit: Physics initialised using underlying interface: PhysX
[2021.07.15-19.43.32:105][  0]LogInit: Using OS detected language (en-US).
[2021.07.15-19.43.32:105][  0]LogInit: Using OS detected locale (en-US).
[2021.07.15-19.43.32:110][  0]LogTextLocalizationManager: No specific localization for 'en-US' exists, so the 'en' localization will be used.
[2021.07.15-19.43.32:270][  0]LogInit: Setting process to per monitor DPI aware
[2021.07.15-19.43.32:304][  0]LogWindowsTextInputMethodSystem: Display: IME system deactivated.
[2021.07.15-19.43.32:330][  0]LogSlate: New Slate User Created.  User Index 0, Is Virtual User: 0
[2021.07.15-19.43.32:330][  0]LogSlate: Slate User Registered.  User Index 0, Is Virtual User: 0
[2021.07.15-19.43.32:451][  0]LogD3D11RHI: Creating new Direct3DDevice
[2021.07.15-19.43.32:451][  0]LogD3D11RHI:     GPU DeviceId: 0x1b80 (for the marketing name, search the web for "GPU Device Id")
[2021.07.15-19.43.32:451][  0]LogWindows: EnumDisplayDevices:
[2021.07.15-19.43.32:452][  0]LogWindows:    0. 'NVIDIA GeForce GTX 1080' (P:1 D:1)
[2021.07.15-19.43.32:452][  0]LogWindows:    1. 'NVIDIA GeForce GTX 1080' (P:0 D:1)
[2021.07.15-19.43.32:452][  0]LogWindows:    2. 'NVIDIA GeForce GTX 1080' (P:0 D:0)
[2021.07.15-19.43.32:452][  0]LogWindows:    3. 'NVIDIA GeForce GTX 1080' (P:0 D:0)
[2021.07.15-19.43.32:453][  0]LogWindows: DebugString: FoundDriverCount:4 
[2021.07.15-19.43.32:453][  0]LogD3D11RHI:     Adapter Name: NVIDIA GeForce GTX 1080
[2021.07.15-19.43.32:453][  0]LogD3D11RHI:   Driver Version: 471.11 (internal:30.0.14.7111, unified:471.11)
[2021.07.15-19.43.32:453][  0]LogD3D11RHI:      Driver Date: 6-21-2021
[2021.07.15-19.43.32:453][  0]LogRHI: Texture pool is 5655 MB (70% of 8079 MB)
[2021.07.15-19.43.32:526][  0]LogD3D11RHI: RHI has support for 64 bit atomics
[2021.07.15-19.43.32:526][  0]LogD3D11RHI: Async texture creation enabled
[2021.07.15-19.43.32:526][  0]LogD3D11RHI: Array index from any shader is supported
[2021.07.15-19.43.32:543][  0]LogD3D11RHI: GPU Timing Frequency: 1000.000000 (Debug: 2 1)
[2021.07.15-19.43.32:583][  0]LogRHI: GeForceNow SDK initialized: 1
[2021.07.15-19.43.33:020][  0]LogTargetPlatformManager: Display: Loaded TargetPlatform 'AllDesktop'
[2021.07.15-19.43.33:046][  0]LogTargetPlatformManager: Display: Loaded TargetPlatform 'Android'
[2021.07.15-19.43.33:046][  0]LogTargetPlatformManager: Display: Loaded TargetPlatform 'Android_ASTC'
[2021.07.15-19.43.33:046][  0]LogTargetPlatformManager: Display: Loaded TargetPlatform 'Android_DXT'
[2021.07.15-19.43.33:047][  0]LogTargetPlatformManager: Display: Loaded TargetPlatform 'Android_ETC2'
[2021.07.15-19.43.33:047][  0]LogTargetPlatformManager: Display: Loaded TargetPlatform 'AndroidClient'
[2021.07.15-19.43.33:047][  0]LogTargetPlatformManager: Display: Loaded TargetPlatform 'Android_ASTCClient'
[2021.07.15-19.43.33:047][  0]LogTargetPlatformManager: Display: Loaded TargetPlatform 'Android_DXTClient'
[2021.07.15-19.43.33:047][  0]LogTargetPlatformManager: Display: Loaded TargetPlatform 'Android_ETC2Client'
[2021.07.15-19.43.33:047][  0]LogTargetPlatformManager: Display: Loaded TargetPlatform 'Android_Multi'
[2021.07.15-19.43.33:047][  0]LogTargetPlatformManager: Display: Loaded TargetPlatform 'Android_MultiClient'
[2021.07.15-19.43.33:082][  0]LogTargetPlatformManager: Display: Loaded TargetPlatform 'IOSClient'
[2021.07.15-19.43.33:082][  0]LogTargetPlatformManager: Display: Loaded TargetPlatform 'IOS'
[2021.07.15-19.43.33:111][  0]LogTargetPlatformManager: Display: Loaded TargetPlatform 'Lumin'
[2021.07.15-19.43.33:112][  0]LogTargetPlatformManager: Display: Loaded TargetPlatform 'LuminClient'
[2021.07.15-19.43.33:126][  0]LogTargetPlatformManager: Display: Loaded TargetPlatform 'MacNoEditor'
[2021.07.15-19.43.33:136][  0]LogTargetPlatformManager: Display: Loaded TargetPlatform 'Mac'
[2021.07.15-19.43.33:147][  0]LogTargetPlatformManager: Display: Loaded TargetPlatform 'MacClient'
[2021.07.15-19.43.33:158][  0]LogTargetPlatformManager: Display: Loaded TargetPlatform 'MacServer'
[2021.07.15-19.43.33:174][  0]LogTargetPlatformManager: Display: Loaded TargetPlatform 'TVOSClient'
[2021.07.15-19.43.33:174][  0]LogTargetPlatformManager: Display: Loaded TargetPlatform 'TVOS'
[2021.07.15-19.43.33:189][  0]LogTargetPlatformManager: Display: Loaded TargetPlatform 'WindowsNoEditor'
[2021.07.15-19.43.33:200][  0]LogTargetPlatformManager: Display: Loaded TargetPlatform 'Windows'
[2021.07.15-19.43.33:210][  0]LogTargetPlatformManager: Display: Loaded TargetPlatform 'WindowsClient'
[2021.07.15-19.43.33:220][  0]LogTargetPlatformManager: Display: Loaded TargetPlatform 'WindowsServer'
[2021.07.15-19.43.33:221][  0]LogTargetPlatformManager: Display: Building Assets For Windows
[2021.07.15-19.43.33:260][  0]LogAudioDebug: Display: Lib vorbis DLL was dynamically loaded.
[2021.07.15-19.43.33:373][  0]LogTextureFormatOodle: Display: Oodle Texture 2.9.0 init RDO Off
[2021.07.15-19.43.33:515][  0]LogRendererCore: Ray tracing is disabled. Reason: r.RayTracing=0.
[2021.07.15-19.43.33:515][  0]LogShaderCompilers: Guid format shader working directory is 14 characters bigger than the processId version (../../../../Projects/UnrealPong/Intermediate/Shaders/WorkingDirectory/12136/).
[2021.07.15-19.43.33:515][  0]LogShaderCompilers: Cleaned the shader compiler working directory 'C:/Users/zonks/AppData/Local/Temp/UnrealShaderWorkingDir/ECC41F964D61CBE82CAA788314D4931E/'.
[2021.07.15-19.43.33:515][  0]LogXGEController: Cannot use XGE Controller as Incredibuild is not installed on this machine.
[2021.07.15-19.43.33:516][  0]LogShaderCompilers: Cannot use XGE Shader Compiler as Incredibuild is not installed on this machine.
[2021.07.15-19.43.33:516][  0]LogShaderCompilers: Display: Using Local Shader Compiler.
[2021.07.15-19.43.34:118][  0]LogDerivedDataCache: Display: Max Cache Size: 512 MB
[2021.07.15-19.43.34:153][  0]LogDerivedDataCache: Loaded boot cache 0.03s 94MB ../../../../Projects/UnrealPong/DerivedDataCache/Boot.ddc.
[2021.07.15-19.43.34:153][  0]LogDerivedDataCache: Display: Loaded Boot cache: ../../../../Projects/UnrealPong/DerivedDataCache/Boot.ddc
[2021.07.15-19.43.34:153][  0]LogDerivedDataCache: FDerivedDataBackendGraph:  Pak pak cache file ../../../../Projects/UnrealPong/DerivedDataCache/DDC.ddp not found, will not use a pak cache.
[2021.07.15-19.43.34:154][  0]LogDerivedDataCache: Unable to find inner node Pak for hierarchical cache Hierarchy.
[2021.07.15-19.43.34:154][  0]LogDerivedDataCache: FDerivedDataBackendGraph:  EnginePak pak cache file ../../../Engine/DerivedDataCache/DDC.ddp not found, will not use a pak cache.
[2021.07.15-19.43.34:154][  0]LogDerivedDataCache: Unable to find inner node EnginePak for hierarchical cache Hierarchy.
[2021.07.15-19.43.34:172][  0]LogDerivedDataCache: Speed tests for ../../../Engine/DerivedDataCache took 0.01 seconds
[2021.07.15-19.43.34:172][  0]LogDerivedDataCache: Display: Performance to ../../../Engine/DerivedDataCache: Latency=0.02ms. RandomReadSpeed=1724.84MBs, RandomWriteSpeed=100.28MBs. Assigned SpeedClass 'Local'
[2021.07.15-19.43.34:173][  0]LogDerivedDataCache: Using Local data cache path ../../../Engine/DerivedDataCache: Writable
[2021.07.15-19.43.34:180][  0]LogDerivedDataCache: Warning: Shared data cache path (\\epicgames.net\root\DDC-Global-UE4) is unavailable so cache will be disabled.
[2021.07.15-19.43.34:180][  0]LogDerivedDataCache: Unable to find inner node Shared for hierarchical cache Hierarchy.
[2021.07.15-19.43.34:220][  0]LogSlate: Using FreeType 2.10.0
[2021.07.15-19.43.34:221][  0]LogSlate: SlateFontServices - WITH_FREETYPE: 1, WITH_HARFBUZZ: 1
[2021.07.15-19.43.34:229][  0]LogHMD: Failed to enumerate extensions. Please check that you have a valid OpenXR runtime installed.
[2021.07.15-19.43.34:252][  0]LogAssetRegistry: FAssetRegistry took 0.0023 seconds to start up
[2021.07.15-19.43.34:443][  0]LogInit: Selected Device Profile: [Windows]
[2021.07.15-19.43.34:443][  0]LogInit: Active device profile: [000001DD0F726A00][000001DD0E8780C0 49] Windows
[2021.07.15-19.43.34:443][  0]LogInit: Profiles: [000001DD0F726A00][000001DD0E8780C0 49] Windows, [000001DD0F4ED200][000001DD0D0B6200 49] WindowsNoEditor, [000001DD0F726300][000001DD0D0BE340 49] WindowsServer, [000001DD0F4ED800][000001DD0E8804C0 49] WindowsClient, [000001DD0F725D00][000001DD0E894640 49] IOS, [000001DD0F4EDC00][000001DD0E8987C0 49] iPadAir, [000001DD0F724200][000001DD0E89C940 49] iPadAir2, [000001DD0F455500][000001DD0FC9CC00 49] IPadPro, [000001DD0F455600][000001DD0FC98C40 49] iPadAir3, [000001DD0F4EC700][000001DD0E7F8DC0 49] iPadAir4, [000001DD0F456700][000001DD0E7FCF40 49] iPadMini2, [000001DD0F4EF300][000001DD0E8010C0 49] iPadMini3, [000001DD0F457500][000001DD0FCA1240 49] iPadMini4, [000001DD0F4EC800][000001DD0D0C33C0 49] iPadMini5, [000001DD0F45D100][000001DD023DF680 49] iPhone6, [000001DD0F45D200][000001DD023DB6C0 49] iPodTouch6, [000001DD0F725B00][000001DD0FCAD980 49] iPhone7, [000001DD0F727000][000001DD0FCA59C0 49] iPodTouch7, [000001DD0F45C100][000001DD100A9B40 49] iPhone5S, [000001DD0F4EEC00][000001DD025F6140 49] iPhone6Plus, [000001DD0F45C600][000001DD0D0C6280 49] iPhone6S, [000001DD0F4EDF00][000001DD026063C0 49] iPhone6SPlus, [000001DD0F45DB00][000001DD0260A500 49] iPhone7Plus, [000001DD0F4ECC00][000001DD02612680 49] iPhoneSE, [000001DD0F45CB00][000001DD04C88800 49] iPhone8, [000001DD0F4ED900][000001DD04C96980 49] iPhone8Plus, [000001DD0F45E100][000001DD04C9AB00 49] iPhoneX, [000001DD0F4EDD00][000001DD04C9EC80 49] iPhoneXS, [000001DD0F45FD00][000001DD04CA2E00 49] iPhoneXSMax, [000001DD0F4ED300][000001DD04CA6F80 49] iPhoneXR, [000001DD0F45E600][000001DD04CAB100 49] iPhone11, [000001DD0F4EC400][000001DD04CAF280 49] iPhone11Pro, [000001DD0F45F800][000001DD04CB3400 49] iPhone11ProMax, [000001DD0F4EFB00][000001DD05129580 49] iPhoneSE2, [000001DD0F45D500][000001DD0512D700 49] iPhone12Mini, [000001DD0F4EE300][000001DD0FC2D880 49] iPhone12, [000001DD0F45DF00][000001DD0FC39A00 49] iPhone12Pro, [000001DD0F4EF900][000001DD0FC3DB80 49] iPhone12ProMax, [000001DD0F45DA00][000001DD0FC40180 49] iPadPro105, [000001DD0F4ED400][000001DD0E7B8300 49] iPadPro129, [000001DD0F45FF00][000001DD0260E440 49] iPadPro97, [000001DD0F4ECF00][000001DD0E7BC580 49] iPadPro2_129, [000001DD0F45C800][000001DD051306C0 49] iPad5, [000001DD0F4EE800][000001DD05138840 49] iPad6, [000001DD0F45D700][000001DD051489C0 49] iPad7, [000001DD0F4EE200][000001DD0514CB40 49] iPad8, [000001DD0F45D400][000001DD05150CC0 49] iPadPro11, [000001DD0F4EE000][000001DD0E7D6E40 49] iPadPro2_11, [000001DD0F45C400][000001DD0E7DAFC0 49] iPadPro3_129, [000001DD0F4EDA00][000001DD0E7DF140 49] iPadPro4_129, [000001DD0F45F500][000001DD100A52C0 49] AppleTV, [000001DD0F4EC200][000001DD100A1440 49] AppleTV4K, [000001DD0F45FE00][000001DD0D0BB5C0 49] TVOS, [000001DD0F4ED500][000001DD0FCA9740 49] Mac, [000001DD0F45F900][000001DD025F18C0 49] MacClient, [000001DD0F4EDE00][000001DD0E7B5A40 49] MacNoEditor, [000001DD0F45DD00][000001DD0E7E3BC0 49] MacServer, [000001DD0F4EE700][000001DD0E7E61C0 49] Linux, [000001DD0F45CC00][000001DD0E7EA340 49] LinuxAArch64, [000001DD0F4EEB00][000001DD0E7EE4C0 49] LinuxNoEditor, [000001DD0F45D600][000001DD05134600 49] LinuxAArch64NoEditor, [000001DD0F4EFA00][000001DD0E7F2740 49] LinuxClient, [000001DD0F45F400][000001DD10072880 49] LinuxAArch64Client, [000001DD0F4ED000][000001DD100769C0 49] LinuxServer, [000001DD0F45EF00][000001DD1007EB40 49] LinuxAArch64Server, [000001DD0F4EEA00][000001DD10082CC0 49] Android, [000001DD0F45E800][000001DD10086E40 49] Android_Low, [000001DD0F4EC600][000001DD1008AFC0 49] Android_Mid, [000001DD0F45C200][000001DD1008F140 49] Android_High, [000001DD0F4EFE00][000001DD100932C0 49] Android_Default, [000001DD0F45F200][000001DD10097440 49] Android_Adreno4xx, [000001DD0F4EC300][000001DD1009B5C0 49] Android_Adreno5xx_Low, [000001DD0F45ED00][000001DD0E74D740 49] Android_Adreno5xx, [000001DD0F455700][000001DD0E7518C0 49] Android_Adreno6xx, [000001DD0F724A00][000001DD0E755A40 49] Android_Adreno6xx_Vulkan, [000001DD0F454300][000001DD0E759BC0 49] Android_Mali_T6xx, [000001DD0F726000][000001DD0E75C1C0 49] Android_Mali_T7xx, [000001DD0F456E00][000001DD0E760340 49] Android_Mali_T8xx, [000001DD0F726700][000001DD0E7644C0 49] Android_Mali_G71, [000001DD0F455E00][000001DD0E768640 49] Android_Mali_G72, [000001DD0F727400][000001DD1007A780 49] Android_Mali_G72_Vulkan, [000001DD0F455000][000001DD0E76C8C0 49] Android_Mali_G76, [000001DD0F725600][000001DD0E770A00 49] Android_Mali_G76_Vulkan, [000001DD0F455C00][000001DD0E774B40 49] Android_Mali_G77, [000001DD0F726E00][000001DD0E77CCC0 49] Android_Mali_G77_Vulkan, [000001DD0F455400][000001DD0E780E40 49] Android_Mali_G710, [000001DD0F725800][000001DD02588FC0 49] Android_Mali_G710_Vulkan, [000001DD0F456000][000001DD0258D140 49] Android_Vulkan_SM5, [000001DD0F724B00][000001DD025912C0 49] Android_PowerVR_G6xxx, [000001DD0F455900][000001DD02595440 49] Android_PowerVR_GT7xxx, [000001DD0F726500][000001DD025995C0 49] Android_PowerVR_GE8xxx, [000001DD0F454900][000001DD0259D740 49] Android_PowerVR_GM9xxx, [000001DD0F727100][000001DD025A18C0 49] Android_PowerVR_GM9xxx_Vulkan, [000001DD0F454B00][000001DD025A5A40 49] Android_TegraK1, [000001DD0F726F00][000001DD025A9BC0 49] Android_Unknown_Vulkan, [000001DD0F457800][000001DD025AC1C0 49] Lumin, [000001DD0F726C00][000001DD025B0340 49] Lumin_Desktop, [000001DD0F457C00][000001DD025B44C0 49] HoloLens, 
[2021.07.15-19.43.34:631][  0]LogMeshReduction: Using QuadricMeshReduction for automatic static mesh reduction
[2021.07.15-19.43.34:631][  0]LogMeshReduction: Using SimplygonMeshReduction for automatic skeletal mesh reduction
[2021.07.15-19.43.34:632][  0]LogMeshReduction: Using ProxyLODMeshReduction for automatic mesh merging
[2021.07.15-19.43.34:632][  0]LogMeshReduction: No distributed automatic mesh merging module available
[2021.07.15-19.43.34:632][  0]LogMeshMerging: No distributed automatic mesh merging module available
[2021.07.15-19.43.34:656][  0]LogNetVersion: UnrealPong 1.0.0, NetCL: 0, EngineNetVer: 17, GameNetVer: 0 (Checksum: 900575368)
[2021.07.15-19.43.35:011][  0]LogHMD: PokeAHoleMaterial loaded successfully
[2021.07.15-19.43.35:016][  0]LogUObjectArray: 17160 objects as part of root set at end of initial load.
[2021.07.15-19.43.35:016][  0]LogUObjectAllocator: 4297728 out of 0 bytes used by permanent object pool.
[2021.07.15-19.43.35:016][  0]LogUObjectArray: CloseDisregardForGC: 0/0 objects in disregard for GC pool
[2021.07.15-19.43.35:632][  0]LogNiagaraDebuggerClient: Niagara Debugger Client Initialized | Session: F6AEA82F41513B5EC6A95BA466A11013 | Instance: 279DE4944F8465526654269D9ECC1C69 (ARGONAUT-12136).
[2021.07.15-19.43.35:707][  0]LogStreaming: Warning: Failed to read file '../../../Engine/Content/Editor/Slate/Niagara/MenuSeparator.png' error.
[2021.07.15-19.43.35:707][  0]LogSlate: Could not find file for Slate resource: ../../../Engine/Content/Editor/Slate/Niagara/MenuSeparator.png
[2021.07.15-19.43.35:707][  0]LogStreaming: Warning: Failed to read file '../../../Engine/Content/Editor/Slate/Niagara/Common/Selector.png' error.
[2021.07.15-19.43.35:707][  0]LogSlate: Could not find file for Slate resource: ../../../Engine/Content/Editor/Slate/Niagara/Common/Selector.png
[2021.07.15-19.43.35:708][  0]LogStreaming: Warning: Failed to read file '../../../Engine/Content/Editor/Slate/Niagara/Common/Selection.png' error.
[2021.07.15-19.43.35:708][  0]LogSlate: Could not find file for Slate resource: ../../../Engine/Content/Editor/Slate/Niagara/Common/Selection.png
[2021.07.15-19.43.35:708][  0]LogStreaming: Warning: Failed to read file '../../../Engine/Content/Editor/Slate/Niagara/Common/DropZoneIndicator_Above.png' error.
[2021.07.15-19.43.35:708][  0]LogSlate: Could not find file for Slate resource: ../../../Engine/Content/Editor/Slate/Niagara/Common/DropZoneIndicator_Above.png
[2021.07.15-19.43.35:708][  0]LogStreaming: Warning: Failed to read file '../../../Engine/Content/Editor/Slate/Niagara/Common/DropZoneIndicator_Onto.png' error.
[2021.07.15-19.43.35:708][  0]LogSlate: Could not find file for Slate resource: ../../../Engine/Content/Editor/Slate/Niagara/Common/DropZoneIndicator_Onto.png
[2021.07.15-19.43.35:708][  0]LogStreaming: Warning: Failed to read file '../../../Engine/Content/Editor/Slate/Niagara/Common/DropZoneIndicator_Below.png' error.
[2021.07.15-19.43.35:708][  0]LogSlate: Could not find file for Slate resource: ../../../Engine/Content/Editor/Slate/Niagara/Common/DropZoneIndicator_Below.png
[2021.07.15-19.43.35:708][  0]LogStreaming: Warning: Failed to read file '../../../Engine/Content/Editor/Slate/Niagara/Common/FlatButton.png' error.
[2021.07.15-19.43.35:708][  0]LogSlate: Could not find file for Slate resource: ../../../Engine/Content/Editor/Slate/Niagara/Common/FlatButton.png
[2021.07.15-19.43.35:708][  0]LogStreaming: Warning: Failed to read file '../../../Engine/Content/Editor/Slate/Niagara/Common/RoundedSelection_16x.png' error.
[2021.07.15-19.43.35:708][  0]LogSlate: Could not find file for Slate resource: ../../../Engine/Content/Editor/Slate/Niagara/Common/RoundedSelection_16x.png
[2021.07.15-19.43.35:708][  0]LogImageWrapper: Warning: PNG Warning: Duplicate iCCP chunk
[2021.07.15-19.43.35:708][  0]LogImageWrapper: Warning: PNG Warning: Duplicate iCCP chunk
[2021.07.15-19.43.35:987][  0]LogTcpMessaging: Initializing TcpMessaging bridge
[2021.07.15-19.43.35:999][  0]LogUdpMessaging: Initializing bridge on interface 0.0.0.0:0 to multicast group 230.0.0.1:6666.
[2021.07.15-19.43.36:041][  0]LogPython: Using Python 3.7.7
[2021.07.15-19.43.36:585][  0]LogEpicStudioAnalytics: StartUp StudioAnalytics
[2021.07.15-19.43.36:585][  0]LogAnalytics: Display: [StudioAnalytics.Dev] APIServer = https://datarouter.ol.epicgames.com/. AppVersion = 4.27.0-0+++UE4+Release-4.27
[2021.07.15-19.43.37:112][  0]SourceControl: Source control is disabled
[2021.07.15-19.43.37:113][  0]SourceControl: Source control is disabled
[2021.07.15-19.43.37:125][  0]SourceControl: Source control is disabled
[2021.07.15-19.43.37:135][  0]SourceControl: Source control is disabled
[2021.07.15-19.43.37:158][  0]SourceControl: Source control is disabled
[2021.07.15-19.43.37:190][  0]LogUProjectInfo: Found projects:
[2021.07.15-19.43.37:688][  0]LogOpenImageDenoise: OIDN starting up
[2021.07.15-19.43.37:731][  0]LogAndroidPermission: UAndroidPermissionCallbackProxy::GetInstance
[2021.07.15-19.43.37:801][  0]LogAudioCaptureCore: Display: No Audio Capture implementations found. Audio input will be silent.
[2021.07.15-19.43.37:801][  0]LogAudioCaptureCore: Display: No Audio Capture implementations found. Audio input will be silent.
[2021.07.15-19.43.38:044][  0]LogCollectionManager: Loaded 0 collections in 0.003014 seconds
[2021.07.15-19.43.38:097][  0]LogFileCache: Scanning file cache for directory 'C:/Users/zonks/Documents/Unreal/Projects/UnrealPong/Saved/Collections/' took 0.00s
[2021.07.15-19.43.38:097][  0]LogFileCache: Scanning file cache for directory 'C:/Users/zonks/Documents/Unreal/Projects/UnrealPong/Content/Developers/zonks/Collections/' took 0.00s
[2021.07.15-19.43.38:097][  0]LogFileCache: Scanning file cache for directory 'C:/Users/zonks/Documents/Unreal/Projects/UnrealPong/Content/Collections/' took 0.00s
[2021.07.15-19.43.38:097][  0]LogOcInput: OculusInput pre-init called
[2021.07.15-19.43.38:225][  0]LogStreaming: Warning: Failed to read file '../../../Engine/Content/Editor/Slate/Niagara/MenuSeparator.png' error.
[2021.07.15-19.43.38:225][  0]LogSlate: Could not find file for Slate resource: ../../../Engine/Content/Editor/Slate/Niagara/MenuSeparator.png
[2021.07.15-19.43.38:225][  0]LogStreaming: Warning: Failed to read file '../../../Engine/Content/Editor/Slate/Niagara/Common/Selector.png' error.
[2021.07.15-19.43.38:225][  0]LogSlate: Could not find file for Slate resource: ../../../Engine/Content/Editor/Slate/Niagara/Common/Selector.png
[2021.07.15-19.43.38:226][  0]LogStreaming: Warning: Failed to read file '../../../Engine/Content/Editor/Slate/Niagara/Common/Selection.png' error.
[2021.07.15-19.43.38:226][  0]LogSlate: Could not find file for Slate resource: ../../../Engine/Content/Editor/Slate/Niagara/Common/Selection.png
[2021.07.15-19.43.38:226][  0]LogStreaming: Warning: Failed to read file '../../../Engine/Content/Editor/Slate/Niagara/Common/DropZoneIndicator_Onto.png' error.
[2021.07.15-19.43.38:226][  0]LogSlate: Could not find file for Slate resource: ../../../Engine/Content/Editor/Slate/Niagara/Common/DropZoneIndicator_Onto.png
[2021.07.15-19.43.38:226][  0]LogStreaming: Warning: Failed to read file '../../../Engine/Content/Editor/Slate/Niagara/Common/DropZoneIndicator_Above.png' error.
[2021.07.15-19.43.38:226][  0]LogStreaming: Warning: Failed to read file '../../../Engine/Content/Editor/Slate/Niagara/Common/DropZoneIndicator_Below.png' error.
[2021.07.15-19.43.38:226][  0]LogSlate: Could not find file for Slate resource: ../../../Engine/Content/Editor/Slate/Niagara/Common/DropZoneIndicator_Below.png
[2021.07.15-19.43.38:227][  0]LogStreaming: Warning: Failed to read file '../../../Engine/Content/Editor/Slate/Niagara/Common/RoundedSelection_16x.png' error.
[2021.07.15-19.43.38:227][  0]LogSlate: Could not find file for Slate resource: ../../../Engine/Content/Editor/Slate/Niagara/Common/RoundedSelection_16x.png
[2021.07.15-19.43.38:227][  0]LogStreaming: Warning: Failed to read file '../../../Engine/Content/Editor/Slate/Niagara/Common/FlatButton.png' error.
[2021.07.15-19.43.38:227][  0]LogSlate: Could not find file for Slate resource: ../../../Engine/Content/Editor/Slate/Niagara/Common/FlatButton.png
[2021.07.15-19.43.38:227][  0]LogImageWrapper: Warning: PNG Warning: Duplicate iCCP chunk
[2021.07.15-19.43.38:227][  0]LogImageWrapper: Warning: PNG Warning: Duplicate iCCP chunk
[2021.07.15-19.43.38:227][  0]LogSlate: Could not find file for Slate resource: ../../../Engine/Content/Editor/Slate/Niagara/Common/DropZoneIndicator_Above.png
[2021.07.15-19.43.38:351][  0]LogClass: Display: IntProperty FPongServerData::CurrentPlayers is not initialized properly. Module:UnrealPong File:Public/Core/PongData.h
[2021.07.15-19.43.38:352][  0]LogClass: Display: 1 Uninitialized script struct members found including 0 object properties
[2021.07.15-19.43.38:352][  0]LogEngine: Initializing Engine...
[2021.07.15-19.43.38:353][  0]LogHMD: Failed to enumerate extensions. Please check that you have a valid OpenXR runtime installed.
[2021.07.15-19.43.38:353][  0]LogHMD: Failed to initialize OpenVR with code 110
[2021.07.15-19.43.38:354][  0]LogMagicLeap: Warning: VR disabled because ZI is not enabled.  To enable, in the editor, Edit -> Project Settings -> Plugins -> Magic Leap Plugin -> Enable Zero Iteration
[2021.07.15-19.43.38:355][  0]LogStats: UGameplayTagsManager::InitializeManager -  0.000 s
[2021.07.15-19.43.38:447][  0]LogInit: Initializing FReadOnlyCVARCache
[2021.07.15-19.43.38:461][  0]LogAIModule: Creating AISystem for world Untitled
[2021.07.15-19.43.38:468][  0]LogAudio: Display: Initializing Audio Device Manager...
[2021.07.15-19.43.38:478][  0]LogAudio: Display: Loading Default Audio Settings Objects...
[2021.07.15-19.43.38:478][  0]LogAudio: Display: No default SoundConcurrencyObject specified (or failed to load).
[2021.07.15-19.43.38:479][  0]LogAudio: Display: Audio Device Manager Initialized
[2021.07.15-19.43.38:479][  0]LogAudio: Display: Creating Audio Device:                 Id: 1, Scope: Shared, Realtime: True
[2021.07.15-19.43.38:479][  0]LogAudioMixer: Display: Audio Mixer Platform Settings:
[2021.07.15-19.43.38:479][  0]LogAudioMixer: Display: 	Sample Rate:						  48000
[2021.07.15-19.43.38:479][  0]LogAudioMixer: Display: 	Callback Buffer Frame Size Requested: 256
[2021.07.15-19.43.38:480][  0]LogAudioMixer: Display: 	Callback Buffer Frame Size To Use:	  256
[2021.07.15-19.43.38:480][  0]LogAudioMixer: Display: 	Number of buffers to queue:			  7
[2021.07.15-19.43.38:480][  0]LogAudioMixer: Display: 	Max Channels (voices):				  32
[2021.07.15-19.43.38:480][  0]LogAudioMixer: Display: 	Number of Async Source Workers:		  0
[2021.07.15-19.43.38:480][  0]LogAudio: Display: AudioDevice MaxSources: 32
[2021.07.15-19.43.38:480][  0]LogAudio: Display: Audio Spatialization Plugin: None (built-in).
[2021.07.15-19.43.38:480][  0]LogAudio: Display: Audio Reverb Plugin: None (built-in).
[2021.07.15-19.43.38:481][  0]LogAudio: Display: Audio Occlusion Plugin: None (built-in).
[2021.07.15-19.43.38:481][  0]LogAudioMixer: Display: Initializing audio mixer.
[2021.07.15-19.43.38:519][  0]LogAudioMixer: Display: 0: FrontLeft
[2021.07.15-19.43.38:519][  0]LogAudioMixer: Display: 1: FrontRight
[2021.07.15-19.43.38:561][  0]LogAudioMixer: Display: Using Audio Device VoiceMeeter Input (VB-Audio VoiceMeeter VAIO)
[2021.07.15-19.43.38:562][  0]LogAudioMixer: Display: Initializing Sound Submixes...
[2021.07.15-19.43.38:564][  0]LogAudioMixer: Display: Creating Master Submix 'MasterSubmixDefault'
[2021.07.15-19.43.38:564][  0]LogAudioMixer: Display: Creating Master Submix 'MasterReverbSubmixDefault'
[2021.07.15-19.43.38:565][  0]LogAudioMixer: Display: Creating Master Submix 'MasterEQSubmixDefault'
[2021.07.15-19.43.38:565][  0]LogAudioMixer: FMixerPlatformXAudio2::StartAudioStream() called
[2021.07.15-19.43.38:565][  0]LogAudioMixer: Display: Output buffers initialized: Frames=256, Channels=2, Samples=512
[2021.07.15-19.43.38:567][  0]LogAudioMixer: Display: Starting AudioMixerPlatformInterface::RunInternal()
[2021.07.15-19.43.38:567][  0]LogAudioMixer: Display: FMixerPlatformXAudio2::SubmitBuffer() called for the first time
[2021.07.15-19.43.38:567][  0]LogInit: FAudioDevice initialized.
[2021.07.15-19.43.38:567][  0]LogAudio: Display: Audio Device (ID: 1) registered with world 'Untitled'.
[2021.07.15-19.43.38:567][  0]LogNetVersion: Set ProjectVersion to 1.0.0.0. Version Checksum will be recalculated on next use.
[2021.07.15-19.43.38:614][  0]LogDerivedDataCache: Saved boot cache 0.05s 94MB ../../../../Projects/UnrealPong/DerivedDataCache/Boot.ddc.
[2021.07.15-19.43.38:614][  0]LogInit: Texture streaming: Enabled
[2021.07.15-19.43.38:644][  0]LogAnalytics: Display: [UEEditor.Perforce.Dev] APIServer = https://datarouter.ol.epicgames.com/. AppVersion = 4.27.0-0+++UE4+Release-4.27
[2021.07.15-19.43.38:655][  0]LogEngineSessionManager: EngineSessionManager initialized
[2021.07.15-19.43.38:655][  0]LogEngineSessionManager: EngineSessionManager sent abnormal shutdown report. Type=Debugger, SessionId={0A89425B-4505-E07F-FF73-5B98D435451E}
[2021.07.15-19.43.38:655][  0]LogEngineSessionManager: EngineSessionManager sent abnormal shutdown report. Type=Debugger, SessionId={3C52F8CF-48F7-143F-99B0-2A8BD9D3436F}
[2021.07.15-19.43.38:655][  0]LogEngineSessionManager: EngineSessionManager sent abnormal shutdown report. Type=Debugger, SessionId={4D636606-4079-50E7-D681-30B13C16A894}
[2021.07.15-19.43.38:656][  0]LogEditorSessionSummary: Verbose: Initializing EditorSessionSummaryWriter for editor session tracking
[2021.07.15-19.43.38:657][  0]LogEditorSessionSummary: EditorSessionSummaryWriter initialized
[2021.07.15-19.43.38:691][  0]LogInit: Transaction tracking system initialized
[2021.07.15-19.43.38:752][  0]BlueprintLog: New page: Editor Load
[2021.07.15-19.43.38:917][  0]LocalizationService: Localization service is disabled
[2021.07.15-19.43.38:983][  0]TimingProfiler: Initialize
[2021.07.15-19.43.38:983][  0]TimingProfiler: OnSessionChanged
[2021.07.15-19.43.38:983][  0]LoadingProfiler: Initialize
[2021.07.15-19.43.38:983][  0]LoadingProfiler: OnSessionChanged
[2021.07.15-19.43.38:983][  0]NetworkingProfiler: Initialize
[2021.07.15-19.43.38:983][  0]NetworkingProfiler: OnSessionChanged
[2021.07.15-19.43.38:984][  0]MemoryProfiler: Initialize
[2021.07.15-19.43.38:984][  0]MemoryProfiler: OnSessionChanged
[2021.07.15-19.43.39:184][  0]LogCook: Display: CookSettings for Memory: MemoryMaxUsedVirtual 0MiB, MemoryMaxUsedPhysical 16384MiB, MemoryMinFreeVirtual 0MiB, MemoryMinFreePhysical 1024MiB
[2021.07.15-19.43.39:184][  0]LogFileCache: Scanning file cache for directory 'C:/Users/zonks/Documents/Unreal/Projects/UnrealPong/Content/' took 0.00s
[2021.07.15-19.43.39:184][  0]LogCook: Display: Mobile HDR setting 1
[2021.07.15-19.43.39:298][  0]LogEncoderNVENC: Created D3D11 device for NVENC on 'NVIDIA GeForce GTX 1080'.
[2021.07.15-19.43.39:808][  0]LogStreaming: Warning: Failed to read file '../../../Engine/Content/Editor/Slate/Niagara/MenuSeparator.png' error.
[2021.07.15-19.43.39:808][  0]LogSlate: Could not find file for Slate resource: ../../../Engine/Content/Editor/Slate/Niagara/MenuSeparator.png
[2021.07.15-19.43.39:808][  0]LogStreaming: Warning: Failed to read file '../../../Engine/Content/Editor/Slate/Niagara/Common/Selector.png' error.
[2021.07.15-19.43.39:808][  0]LogSlate: Could not find file for Slate resource: ../../../Engine/Content/Editor/Slate/Niagara/Common/Selector.png
[2021.07.15-19.43.39:808][  0]LogStreaming: Warning: Failed to read file '../../../Engine/Content/Editor/Slate/Niagara/Common/Selection.png' error.
[2021.07.15-19.43.39:809][  0]LogSlate: Could not find file for Slate resource: ../../../Engine/Content/Editor/Slate/Niagara/Common/Selection.png
[2021.07.15-19.43.39:809][  0]LogStreaming: Warning: Failed to read file '../../../Engine/Content/Editor/Slate/Niagara/Common/DropZoneIndicator_Above.png' error.
[2021.07.15-19.43.39:809][  0]LogSlate: Could not find file for Slate resource: ../../../Engine/Content/Editor/Slate/Niagara/Common/DropZoneIndicator_Above.png
[2021.07.15-19.43.39:809][  0]LogStreaming: Warning: Failed to read file '../../../Engine/Content/Editor/Slate/Niagara/Common/DropZoneIndicator_Onto.png' error.
[2021.07.15-19.43.39:809][  0]LogSlate: Could not find file for Slate resource: ../../../Engine/Content/Editor/Slate/Niagara/Common/DropZoneIndicator_Onto.png
[2021.07.15-19.43.39:809][  0]LogStreaming: Warning: Failed to read file '../../../Engine/Content/Editor/Slate/Niagara/Common/DropZoneIndicator_Below.png' error.
[2021.07.15-19.43.39:809][  0]LogSlate: Could not find file for Slate resource: ../../../Engine/Content/Editor/Slate/Niagara/Common/DropZoneIndicator_Below.png
[2021.07.15-19.43.39:810][  0]LogStreaming: Warning: Failed to read file '../../../Engine/Content/Editor/Slate/Niagara/Common/FlatButton.png' error.
[2021.07.15-19.43.39:810][  0]LogSlate: Could not find file for Slate resource: ../../../Engine/Content/Editor/Slate/Niagara/Common/FlatButton.png
[2021.07.15-19.43.39:810][  0]LogStreaming: Warning: Failed to read file '../../../Engine/Content/Editor/Slate/Niagara/Common/RoundedSelection_16x.png' error.
[2021.07.15-19.43.39:810][  0]LogSlate: Could not find file for Slate resource: ../../../Engine/Content/Editor/Slate/Niagara/Common/RoundedSelection_16x.png
[2021.07.15-19.43.39:810][  0]LogImageWrapper: Warning: PNG Warning: Duplicate iCCP chunk
[2021.07.15-19.43.39:810][  0]LogImageWrapper: Warning: PNG Warning: Duplicate iCCP chunk
[2021.07.15-19.43.39:810][  0]LogInit: Display: Engine is initialized. Leaving FEngineLoop::Init()
[2021.07.15-19.43.39:813][  0]SourceControl: Source control is disabled
[2021.07.15-19.43.39:813][  0]LogUnrealEdMisc: Loading editor; pre map load, took 9.907
[2021.07.15-19.43.39:813][  0]Cmd: MAP LOAD FILE="../../../../Projects/UnrealPong/Content/Maps/Game.umap" TEMPLATE=0 SHOWPROGRESS=1 FEATURELEVEL=3
[2021.07.15-19.43.39:814][  0]LightingResults: New page: Lighting Build
[2021.07.15-19.43.39:815][  0]LogWorld: UWorld::CleanupWorld for Untitled, bSessionEnded=true, bCleanupResources=true
[2021.07.15-19.43.39:815][  0]LogSlate: InvalidateAllWidgets triggered.  All widgets were invalidated
[2021.07.15-19.43.39:815][  0]MapCheck: New page: Map Check
[2021.07.15-19.43.39:815][  0]LightingResults: New page: Lighting Build
[2021.07.15-19.43.39:828][  0]LogUObjectHash: Compacting FUObjectHashTables data took   0.77ms
[2021.07.15-19.43.39:845][  0]LogAudio: Display: Audio Device (ID: 1) registered with world 'Game'.
[2021.07.15-19.43.39:845][  0]LogAIModule: Creating AISystem for world Game
[2021.07.15-19.43.39:847][  0]LogEditorServer: Finished looking for orphan Actors (0.000 secs)
[2021.07.15-19.43.39:853][  0]LogUObjectHash: Compacting FUObjectHashTables data took   0.77ms
[2021.07.15-19.43.39:853][  0]Cmd: MAP CHECKDEP NOCLEARLOG
[2021.07.15-19.43.39:854][  0]MapCheck: Map check complete: 0 Error(s), 0 Warning(s), took 0.215ms to complete.
[2021.07.15-19.43.39:854][  0]LogFileHelpers: Loading map 'Game' took 0.053
[2021.07.15-19.43.39:858][  0]LogUnrealEdMisc: Total Editor Startup Time, took 9.960
[2021.07.15-19.43.39:954][  0]LogSlate: Updating window title bar state: overlay mode, drag disabled, window buttons hidden, title bar hidden
[2021.07.15-19.43.39:960][  0]LogSlate: Updating window title bar state: overlay mode, drag disabled, window buttons hidden, title bar hidden
[2021.07.15-19.43.39:965][  0]LogSlate: Updating window title bar state: overlay mode, drag disabled, window buttons hidden, title bar hidden
[2021.07.15-19.43.39:970][  0]LogSlate: Updating window title bar state: overlay mode, drag disabled, window buttons hidden, title bar hidden
[2021.07.15-19.43.39:983][  0]LogNativeClassHierarchy: Verbose: Native class hierarchy populated in 0.0095 seconds. Added 3834 classes and 936 folders.
[2021.07.15-19.43.40:000][  0]LogNativeClassHierarchy: Verbose: Native class hierarchy updated for 'WidgetCarousel' in 0.0002 seconds. Added 0 classes and 0 folders.
[2021.07.15-19.43.40:002][  0]LogNativeClassHierarchy: Verbose: Native class hierarchy updated for 'AddContentDialog' in 0.0002 seconds. Added 0 classes and 0 folders.
[2021.07.15-19.43.40:006][  0]LogNativeClassHierarchy: Verbose: Native class hierarchy updated for 'SceneOutliner' in 0.0002 seconds. Added 2 classes and 0 folders.
[2021.07.15-19.43.40:026][  0]LogSlate: Took 0.000133 seconds to synchronously load lazily loaded font '../../../Engine/Content/Slate/Fonts/Roboto-Regular.ttf' (155K)
[2021.07.15-19.43.40:027][  0]LogSlate: Took 0.000116 seconds to synchronously load lazily loaded font '../../../Engine/Content/Editor/Slate/Fonts/FontAwesome.ttf' (139K)
[2021.07.15-19.43.40:028][  0]LogSlate: Took 0.000119 seconds to synchronously load lazily loaded font '../../../Engine/Content/Slate/Fonts/Roboto-Bold.ttf' (160K)
[2021.07.15-19.43.40:106][  0]LogRenderer: Reallocating scene render targets to support 1616x836 Format 10 NumSamples 1 (Frame:1).
[2021.07.15-19.43.40:736][  0]LogNativeClassHierarchy: Verbose: Native class hierarchy updated for 'HierarchicalLODOutliner' in 0.0003 seconds. Added 0 classes and 0 folders.
[2021.07.15-19.43.40:736][  0]LogLoad: (Engine Initialization) Total time: 10.86 seconds
[2021.07.15-19.43.40:737][  0]LogLoad: (Engine Initialization) Total Blueprint compile time: 0.00 seconds
[2021.07.15-19.43.40:782][  0]LogAssetRegistry: Asset discovery search completed in 6.5305 seconds
[2021.07.15-19.43.40:787][  0]LogCollectionManager: Fixed up redirectors for 0 collections in 0.000003 seconds (updated 0 objects)
[2021.07.15-19.43.40:788][  0]LogContentStreaming: Texture pool size now 1000 MB
[2021.07.15-19.43.40:879][  5]LogActor: Warning: BP_PongWall_C /Engine/Transient.World_0:PersistentLevel.BP_PongWall_C_0 has natively added scene component(s), but none of them were set as the actor's RootComponent - picking one arbitrarily
[2021.07.15-19.43.40:899][  6]LogActor: Warning: BP_PongGoal_C /Engine/Transient.World_2:PersistentLevel.BP_PongGoal_C_0 has natively added scene component(s), but none of them were set as the actor's RootComponent - picking one arbitrarily
[2021.07.15-19.44.29:202][470]LogSlate: Took 0.000108 seconds to synchronously load lazily loaded font '../../../Engine/Content/Slate/Fonts/Roboto-Light.ttf' (167K)
[2021.07.15-19.44.29:215][470]Cmd: OBJ SAVEPACKAGE PACKAGE="/Game/Maps/Game" FILE="../../../../Projects/UnrealPong/Content/Maps/Game.umap" SILENT=true AUTOSAVING=false KEEPDIRTY=false
[2021.07.15-19.44.29:219][470]LogUObjectHash: Compacting FUObjectHashTables data took   0.60ms
[2021.07.15-19.44.29:226][470]LogSavePackage: Moving '../../../../Projects/UnrealPong/Saved/GameABBCC5844DBC2EC463FF89ADCA02418D.tmp' to '../../../../Projects/UnrealPong/Content/Maps/Game.umap'
[2021.07.15-19.44.29:242][470]AssetCheck: New page: Asset Save: Game
[2021.07.15-19.44.29:242][470]LogContentValidation: Display: Validating World /Game/Maps/Game.Game
