Log file open, 07/15/21 13:40:49
LogWindows: Failed to load 'aqProf.dll' (GetLastError=126)
LogWindows: File 'aqProf.dll' does not exist
LogWindows: Failed to load 'VtuneApi.dll' (GetLastError=126)
LogWindows: File 'VtuneApi.dll' does not exist
LogWindows: Failed to load 'VtuneApi32e.dll' (GetLastError=126)
LogWindows: File 'VtuneApi32e.dll' does not exist
LogConsoleResponse: Display: Failed to find resolution value strings in scalability ini. Falling back to default.
LogConsoleResponse: Display: Failed to find resolution value strings in scalability ini. Falling back to default.
LogInit: Display: Running engine for game: UnrealPong
LogPlatformFile: Not using cached read wrapper
LogTaskGraph: Started task graph with 5 named threads and 35 total threads with 3 sets of task threads.
LogStats: Stats thread started at 0.413947
LogICUInternationalization: ICU TimeZone Detection - Raw Offset: -7:00, Platform Override: ''
LogInit: Display: Loading text-based GConfig....
LogPluginManager: Mounting plugin MeshPainting
LogPluginManager: Mounting plugin XGEController
LogPluginManager: Mounting plugin LiveLink
LogPluginManager: Mounting plugin AISupport
LogPluginManager: Mounting plugin Paper2D
LogPluginManager: Mounting plugin LightPropagationVolume
LogPluginManager: Mounting plugin OodleData
LogPluginManager: Mounting plugin CameraShakePreviewer
LogPluginManager: Mounting plugin EnvironmentQueryEditor
LogPluginManager: Mounting plugin OodleNetwork
LogPluginManager: Mounting plugin DataValidation
LogPluginManager: Mounting plugin FacialAnimation
LogPluginManager: Mounting plugin AssetManagerEditor
LogPluginManager: Mounting plugin CurveEditorTools
LogPluginManager: Mounting plugin GeometryMode
LogPluginManager: Mounting plugin GameplayTagsEditor
LogPluginManager: Mounting plugin CryptoKeys
LogPluginManager: Mounting plugin MacGraphicsSwitching
LogPluginManager: Mounting plugin MaterialAnalyzer
LogPluginManager: Mounting plugin AlembicImporter
LogPluginManager: Mounting plugin PluginBrowser
LogPluginManager: Mounting plugin AutomationUtils
LogPluginManager: Mounting plugin MobileLauncherProfileWizard
LogPluginManager: Mounting plugin BackChannel
LogPluginManager: Mounting plugin ChaosClothEditor
LogPluginManager: Mounting plugin AnimationSharing
LogPluginManager: Mounting plugin ChaosCloth
LogPluginManager: Mounting plugin ChaosEditor
LogPluginManager: Mounting plugin ChaosNiagara
LogPluginManager: Mounting plugin SpeedTreeImporter
LogPluginManager: Mounting plugin CodeLiteSourceCodeAccess
LogPluginManager: Mounting plugin CLionSourceCodeAccess
LogPluginManager: Mounting plugin ChaosSolverPlugin
LogPluginManager: Mounting plugin GitSourceControl
LogPluginManager: Mounting plugin KDevelopSourceCodeAccess
LogPluginManager: Mounting plugin NullSourceCodeAccess
LogPluginManager: Mounting plugin CharacterAI
LogPluginManager: Mounting plugin Niagara
LogPluginManager: Mounting plugin PerforceSourceControl
LogPluginManager: Mounting plugin PlasticSourceControl
LogPluginManager: Mounting plugin PixWinPlugin
LogPluginManager: Mounting plugin PluginUtils
LogPluginManager: Mounting plugin PropertyAccessNode
LogPluginManager: Mounting plugin RiderLink
LogPluginManager: Mounting plugin RiderSourceCodeAccess
LogPluginManager: Mounting plugin SubversionSourceControl
LogPluginManager: Mounting plugin GeometryCache
LogPluginManager: Mounting plugin UObjectPlugin
LogPluginManager: Mounting plugin VisualStudioCodeSourceCodeAccess
LogPluginManager: Mounting plugin TextureFormatOodle
LogPluginManager: Mounting plugin XCodeSourceCodeAccess
LogPluginManager: Mounting plugin VisualStudioSourceCodeAccess
LogPluginManager: Mounting plugin GeometryProcessing
LogPluginManager: Mounting plugin GeometryCollectionPlugin
LogPluginManager: Mounting plugin OpenImageDenoise
LogPluginManager: Mounting plugin PlatformCrypto
LogPluginManager: Mounting plugin PlanarCut
LogPluginManager: Mounting plugin PythonScriptPlugin
LogPluginManager: Mounting plugin ProxyLODPlugin
LogPluginManager: Mounting plugin SkeletalReduction
LogPluginManager: Mounting plugin MotoSynth
LogPluginManager: Mounting plugin UdpMessaging
LogPluginManager: Mounting plugin TcpMessaging
LogPluginManager: Mounting plugin AndroidMedia
LogPluginManager: Mounting plugin AvfMedia
LogPluginManager: Mounting plugin HardwareEncoders
LogPluginManager: Mounting plugin ImgMedia
LogPluginManager: Mounting plugin ActorSequence
LogPluginManager: Mounting plugin MediaCompositing
LogPluginManager: Mounting plugin MediaPlayerEditor
LogPluginManager: Mounting plugin MatineeToLevelSequence
LogPluginManager: Mounting plugin LevelSequenceEditor
LogPluginManager: Mounting plugin TemplateSequence
LogPluginManager: Mounting plugin WmfMedia
LogPluginManager: Mounting plugin WebMMedia
LogPluginManager: Mounting plugin LuminPlatformFeatures
LogPluginManager: Mounting plugin MagicLeap
LogPluginManager: Mounting plugin MagicLeapLightEstimation
LogPluginManager: Mounting plugin MagicLeapMedia
LogPluginManager: Mounting plugin MagicLeapPassableWorld
LogPluginManager: Mounting plugin LauncherChunkInstaller
LogPluginManager: Mounting plugin MLSDK
LogPluginManager: Mounting plugin OnlineSubsystem
LogPluginManager: Mounting plugin OnlineSubsystemNull
LogPluginManager: Mounting plugin OnlineSubsystemUtils
LogPluginManager: Mounting plugin ActorLayerUtilities
LogPluginManager: Mounting plugin AndroidDeviceProfileSelector
LogPluginManager: Mounting plugin AndroidPermission
LogPluginManager: Mounting plugin AppleImageUtils
LogPluginManager: Mounting plugin AssetTags
LogPluginManager: Mounting plugin AudioCapture
LogPluginManager: Mounting plugin ArchVisCharacter
LogPluginManager: Mounting plugin AudioSynesthesia
LogPluginManager: Mounting plugin CableComponent
LogPluginManager: Mounting plugin CustomMeshComponent
LogPluginManager: Mounting plugin ChunkDownloader
LogPluginManager: Mounting plugin EditableMesh
LogPluginManager: Mounting plugin ExampleDeviceProfileSelector
LogPluginManager: Mounting plugin GoogleCloudMessaging
LogPluginManager: Mounting plugin GooglePAD
LogPluginManager: Mounting plugin AppleMoviePlayer
LogPluginManager: Mounting plugin AndroidMoviePlayer
LogPluginManager: Mounting plugin ScreenshotTools
LogPluginManager: Mounting plugin IOSDeviceProfileSelector
LogPluginManager: Mounting plugin LinuxDeviceProfileSelector
LogPluginManager: Mounting plugin LocationServicesBPLibrary
LogPluginManager: Mounting plugin MobilePatchingUtils
LogPluginManager: Mounting plugin OpenXR
LogPluginManager: Mounting plugin OpenXREyeTracker
LogPluginManager: Mounting plugin OpenXRHandTracking
LogPluginManager: Mounting plugin PhysXVehicles
LogPluginManager: Mounting plugin Takes
LogPluginManager: Mounting plugin PropertyAccessEditor
LogPluginManager: Mounting plugin ProceduralMeshComponent
LogPluginManager: Mounting plugin RuntimePhysXCooking
LogPluginManager: Mounting plugin SignificanceManager
LogPluginManager: Mounting plugin SoundFields
LogPluginManager: Mounting plugin Synthesis
LogPluginManager: Mounting plugin WebMMoviePlayer
LogPluginManager: Mounting plugin PostSplashScreen
LogPluginManager: Mounting plugin WindowsMoviePlayer
LogPluginManager: Mounting plugin GameplayCameras
LogPluginManager: Mounting plugin DatasmithContent
LogPluginManager: Mounting plugin VariantManagerContent
LogPluginManager: Mounting plugin ContentBrowserAssetDataSource
LogPluginManager: Mounting plugin ContentBrowserClassDataSource
LogPluginManager: Mounting plugin ContentBrowserFileDataSource
LogPluginManager: Mounting plugin OnlineSubsystemGooglePlay
LogPluginManager: Mounting plugin OnlineSubsystemIOS
LogPluginManager: Mounting plugin OculusVR
LogPluginManager: Mounting plugin SteamVR
LogPluginManager: Mounting plugin BPEditorExtension
LogPluginManager: Mounting plugin EpicStudioAnalytics
LogPluginManager: Mounting plugin ObjectBrowser
PixWinPlugin: PIX capture plugin failed to initialize! Check that the process is launched from PIX.
LogWindows: Failed to load 'amfrt64.dll' (GetLastError=126)
LogWindows: File 'amfrt64.dll' does not exist
LogD3D11RHI: Loaded GFSDK_Aftermath_Lib.x64.dll
LogD3D11RHI: D3D11 min allowed feature level: 11_0
LogD3D11RHI: D3D11 max allowed feature level: 11_0
LogD3D11RHI: D3D11 adapters:
LogD3D11RHI:    0. 'NVIDIA GeForce GTX 1080' (Feature Level 11_0)
LogD3D11RHI:       8079/0/16354 MB DedicatedVideo/DedicatedSystem/SharedSystem, Outputs:2, VendorId:0x10de
LogD3D11RHI:    1. 'Microsoft Basic Render Driver' (Feature Level 11_0)
LogD3D11RHI:       0/0/16354 MB DedicatedVideo/DedicatedSystem/SharedSystem, Outputs:0, VendorId:0x1414
LogD3D11RHI: Chosen D3D11 Adapter: 0
LogInit: Using libcurl 7.55.1-DEV
LogInit:  - built for x86_64-pc-win32
LogInit:  - supports SSL with OpenSSL/1.1.1
LogInit:  - supports HTTP deflate (compression) using libz 1.2.8
LogInit:  - other features:
LogInit:      CURL_VERSION_SSL
LogInit:      CURL_VERSION_LIBZ
LogInit:      CURL_VERSION_IPV6
LogInit:      CURL_VERSION_ASYNCHDNS
LogInit:      CURL_VERSION_LARGEFILE
LogInit:      CURL_VERSION_IDN
LogInit:  CurlRequestOptions (configurable via config and command line):
LogInit:  - bVerifyPeer = true  - Libcurl will verify peer certificate
LogInit:  - bUseHttpProxy = false  - Libcurl will NOT use HTTP proxy
LogInit:  - bDontReuseConnections = false  - Libcurl will reuse connections
LogInit:  - MaxHostConnections = 16  - Libcurl will limit the number of connections to a host
LogInit:  - LocalHostAddr = Default
LogInit:  - BufferSize = 65536
LogOnline: OSS: Creating online subsystem instance for: NULL
LogInit: WinSock: version 1.1 (2.2), MaxSocks=32767, MaxUdp=65467
LogOnline: OSS: TryLoadSubsystemAndSetDefault: Loaded subsystem for module [NULL]
LogOculusPluginWrapper: OculusPlugin initialized successfully
LogHMD: Failed initializing OVRPlugin 1.59.0
LogInit: Build: ++UE4+Release-4.27-CL-0
LogInit: Engine Version: 4.27.0-0+++UE4+Release-4.27
LogInit: Compatible Engine Version: 4.27.0-0+++UE4+Release-4.27
LogInit: Net CL: 0
LogInit: OS: Windows 10 (Release 2009) (), CPU: AMD Ryzen 5 3600 6-Core Processor              , GPU: NVIDIA GeForce GTX 1080
LogInit: Compiled (64-bit): Jul 14 2021 08:36:12
LogInit: Compiled with Visual C++: 19.29.30038.01
LogInit: Build Configuration: Development
LogInit: Branch Name: ++UE4+Release-4.27
LogInit: Command Line: -log -game
LogInit: Base Directory: C:/Users/zonks/Documents/Unreal/Engine/Engine/Binaries/Win64/
LogInit: Allocator: TBB
LogInit: Installed Engine Build: 0
LogDevObjectVersion: Number of dev versions registered: 29
LogDevObjectVersion:   Dev-Blueprints (B0D832E4-1F89-4F0D-ACCF-7EB736FD4AA2): 10
LogDevObjectVersion:   Dev-Build (E1C64328-A22C-4D53-A36C-8E866417BD8C): 0
LogDevObjectVersion:   Dev-Core (375EC13C-06E4-48FB-B500-84F0262A717E): 4
LogDevObjectVersion:   Dev-Editor (E4B068ED-F494-42E9-A231-DA0B2E46BB41): 40
LogDevObjectVersion:   Dev-Framework (CFFC743F-43B0-4480-9391-14DF171D2073): 37
LogDevObjectVersion:   Dev-Mobile (B02B49B5-BB20-44E9-A304-32B752E40360): 3
LogDevObjectVersion:   Dev-Networking (A4E4105C-59A1-49B5-A7C5-40C4547EDFEE): 0
LogDevObjectVersion:   Dev-Online (39C831C9-5AE6-47DC-9A44-9C173E1C8E7C): 0
LogDevObjectVersion:   Dev-Physics (78F01B33-EBEA-4F98-B9B4-84EACCB95AA2): 14
LogDevObjectVersion:   Dev-Platform (6631380F-2D4D-43E0-8009-CF276956A95A): 0
LogDevObjectVersion:   Dev-Rendering (12F88B9F-8875-4AFC-A67C-D90C383ABD29): 45
LogDevObjectVersion:   Dev-Sequencer (7B5AE74C-D270-4C10-A958-57980B212A5A): 13
LogDevObjectVersion:   Dev-VR (D7296918-1DD6-4BDD-9DE2-64A83CC13884): 3
LogDevObjectVersion:   Dev-LoadTimes (C2A15278-BFE7-4AFE-6C17-90FF531DF755): 1
LogDevObjectVersion:   Private-Geometry (6EACA3D4-40EC-4CC1-B786-8BED09428FC5): 3
LogDevObjectVersion:   Dev-AnimPhys (29E575DD-E0A3-4627-9D10-D276232CDCEA): 17
LogDevObjectVersion:   Dev-Anim (AF43A65D-7FD3-4947-9873-3E8ED9C1BB05): 15
LogDevObjectVersion:   Dev-ReflectionCapture (6B266CEC-1EC7-4B8F-A30B-E4D90942FC07): 1
LogDevObjectVersion:   Dev-Automation (0DF73D61-A23F-47EA-B727-89E90C41499A): 1
LogDevObjectVersion:   FortniteMain (601D1886-AC64-4F84-AA16-D3DE0DEAC7D6): 47
LogDevObjectVersion:   FortniteRelease (E7086368-6B23-4C58-8439-1B7016265E91): 1
LogDevObjectVersion:   Dev-Enterprise (9DFFBCD6-494F-0158-E221-12823C92A888): 10
LogDevObjectVersion:   Dev-Niagara (F2AED0AC-9AFE-416F-8664-AA7FFA26D6FC): 1
LogDevObjectVersion:   Dev-Destruction (174F1F0B-B4C6-45A5-B13F-2EE8D0FB917D): 10
LogDevObjectVersion:   Dev-Physics-Ext (35F94A83-E258-406C-A318-09F59610247C): 41
LogDevObjectVersion:   Dev-PhysicsMaterial-Chaos (B68FC16E-8B1B-42E2-B453-215C058844FE): 1
LogDevObjectVersion:   Dev-CineCamera (B2E18506-4273-CFC2-A54E-F4BB758BBA07): 1
LogDevObjectVersion:   Dev-VirtualProduction (64F58936-FD1B-42BA-BA96-7289D5D0FA4E): 1
LogDevObjectVersion:   Dev-MediaFramework (6F0ED827-A609-4895-9C91-998D90180EA4): 2
LogInit: Presizing for max 25165824 objects, including 0 objects not considered by GC, pre-allocating 0 bytes for permanent pool.
LogConfig: Applying CVar settings from Section [/Script/Engine.StreamingSettings] File [C:/Users/zonks/Documents/Unreal/Projects/UnrealPong/Saved/Config/Windows/Engine.ini]
LogConfig: Setting CVar [[s.MinBulkDataSizeForAsyncLoading:131072]]
LogConfig: Setting CVar [[s.AsyncLoadingThreadEnabled:0]]
LogConfig: Setting CVar [[s.EventDrivenLoaderEnabled:1]]
LogConfig: Setting CVar [[s.WarnIfTimeLimitExceeded:0]]
LogConfig: Setting CVar [[s.TimeLimitExceededMultiplier:1.5]]
LogConfig: Setting CVar [[s.TimeLimitExceededMinTime:0.005]]
LogConfig: Setting CVar [[s.UseBackgroundLevelStreaming:1]]
LogConfig: Setting CVar [[s.PriorityAsyncLoadingExtraTime:15.0]]
LogConfig: Setting CVar [[s.LevelStreamingActorsUpdateTimeLimit:5.0]]
LogConfig: Setting CVar [[s.PriorityLevelStreamingActorsUpdateExtraTime:5.0]]
LogConfig: Setting CVar [[s.LevelStreamingComponentsRegistrationGranularity:10]]
LogConfig: Setting CVar [[s.UnregisterComponentsTimeLimit:1.0]]
LogConfig: Setting CVar [[s.LevelStreamingComponentsUnregistrationGranularity:5]]
LogConfig: Setting CVar [[s.FlushStreamingOnExit:1]]
LogInit: Object subsystem initialized
LogConfig: Setting CVar [[con.DebugEarlyDefault:1]]
LogConfig: Setting CVar [[r.setres:1280x720]]
[2021.07.15-19.40.50:338][  0]LogConfig: Setting CVar [[con.DebugEarlyDefault:1]]
[2021.07.15-19.40.50:339][  0]LogConfig: Setting CVar [[r.setres:1280x720]]
[2021.07.15-19.40.50:339][  0]LogConfig: Applying CVar settings from Section [/Script/Engine.RendererSettings] File [C:/Users/zonks/Documents/Unreal/Projects/UnrealPong/Saved/Config/Windows/Engine.ini]
[2021.07.15-19.40.50:340][  0]LogConfig: Setting CVar [[r.GPUCrashDebugging:0]]
[2021.07.15-19.40.50:340][  0]LogConfig: Setting CVar [[r.DefaultFeature.AutoExposure.ExtendDefaultLuminanceRange:1]]
[2021.07.15-19.40.50:340][  0]LogConfig: Applying CVar settings from Section [/Script/Engine.RendererOverrideSettings] File [C:/Users/zonks/Documents/Unreal/Projects/UnrealPong/Saved/Config/Windows/Engine.ini]
[2021.07.15-19.40.50:341][  0]LogConfig: Applying CVar settings from Section [/Script/Engine.StreamingSettings] File [C:/Users/zonks/Documents/Unreal/Projects/UnrealPong/Saved/Config/Windows/Engine.ini]
[2021.07.15-19.40.50:342][  0]LogConfig: Setting CVar [[s.MinBulkDataSizeForAsyncLoading:131072]]
[2021.07.15-19.40.50:342][  0]LogConfig: Setting CVar [[s.AsyncLoadingThreadEnabled:0]]
[2021.07.15-19.40.50:342][  0]LogConfig: Setting CVar [[s.EventDrivenLoaderEnabled:1]]
[2021.07.15-19.40.50:343][  0]LogConfig: Setting CVar [[s.WarnIfTimeLimitExceeded:0]]
[2021.07.15-19.40.50:343][  0]LogConfig: Setting CVar [[s.TimeLimitExceededMultiplier:1.5]]
[2021.07.15-19.40.50:344][  0]LogConfig: Setting CVar [[s.TimeLimitExceededMinTime:0.005]]
[2021.07.15-19.40.50:348][  0]LogConfig: Setting CVar [[s.UseBackgroundLevelStreaming:1]]
[2021.07.15-19.40.50:349][  0]LogConfig: Setting CVar [[s.PriorityAsyncLoadingExtraTime:15.0]]
[2021.07.15-19.40.50:350][  0]LogConfig: Setting CVar [[s.LevelStreamingActorsUpdateTimeLimit:5.0]]
[2021.07.15-19.40.50:350][  0]LogConfig: Setting CVar [[s.PriorityLevelStreamingActorsUpdateExtraTime:5.0]]
[2021.07.15-19.40.50:351][  0]LogConfig: Setting CVar [[s.LevelStreamingComponentsRegistrationGranularity:10]]
[2021.07.15-19.40.50:351][  0]LogConfig: Setting CVar [[s.UnregisterComponentsTimeLimit:1.0]]
[2021.07.15-19.40.50:352][  0]LogConfig: Setting CVar [[s.LevelStreamingComponentsUnregistrationGranularity:5]]
[2021.07.15-19.40.50:352][  0]LogConfig: Setting CVar [[s.FlushStreamingOnExit:1]]
[2021.07.15-19.40.50:353][  0]LogConfig: Applying CVar settings from Section [/Script/Engine.GarbageCollectionSettings] File [C:/Users/zonks/Documents/Unreal/Projects/UnrealPong/Saved/Config/Windows/Engine.ini]
[2021.07.15-19.40.50:353][  0]LogConfig: Setting CVar [[gc.MaxObjectsNotConsideredByGC:1]]
[2021.07.15-19.40.50:354][  0]LogConfig: Setting CVar [[gc.SizeOfPermanentObjectPool:0]]
[2021.07.15-19.40.50:354][  0]LogConfig: Setting CVar [[gc.FlushStreamingOnGC:0]]
[2021.07.15-19.40.50:354][  0]LogConfig: Setting CVar [[gc.NumRetriesBeforeForcingGC:10]]
[2021.07.15-19.40.50:355][  0]LogConfig: Setting CVar [[gc.AllowParallelGC:1]]
[2021.07.15-19.40.50:355][  0]LogConfig: Setting CVar [[gc.TimeBetweenPurgingPendingKillObjects:61.1]]
[2021.07.15-19.40.50:356][  0]LogConfig: Setting CVar [[gc.MaxObjectsInEditor:25165824]]
[2021.07.15-19.40.50:356][  0]LogConfig: Setting CVar [[gc.IncrementalBeginDestroyEnabled:1]]
[2021.07.15-19.40.50:356][  0]LogConfig: Setting CVar [[gc.CreateGCClusters:1]]
[2021.07.15-19.40.50:357][  0]LogConfig: Setting CVar [[gc.MinGCClusterSize:5]]
[2021.07.15-19.40.50:357][  0]LogConfig: Setting CVar [[gc.ActorClusteringEnabled:0]]
[2021.07.15-19.40.50:358][  0]LogConfig: Setting CVar [[gc.BlueprintClusteringEnabled:0]]
[2021.07.15-19.40.50:358][  0]LogConfig: Setting CVar [[gc.UseDisregardForGCOnDedicatedServers:0]]
[2021.07.15-19.40.50:358][  0]LogConfig: Setting CVar [[gc.MultithreadedDestructionEnabled:1]]
[2021.07.15-19.40.50:359][  0]LogConfig: Applying CVar settings from Section [/Script/Engine.NetworkSettings] File [C:/Users/zonks/Documents/Unreal/Projects/UnrealPong/Saved/Config/Windows/Engine.ini]
[2021.07.15-19.40.50:360][  0]LogConfig: Applying CVar settings from Section [/Script/UnrealEd.CookerSettings] File [C:/Users/zonks/Documents/Unreal/Projects/UnrealPong/Saved/Config/Windows/Engine.ini]
[2021.07.15-19.40.50:386][  0]LogConfig: Applying CVar settings from Section [ViewDistanceQuality@3] File [C:/Users/zonks/Documents/Unreal/Projects/UnrealPong/Saved/Config/Windows/Scalability.ini]
[2021.07.15-19.40.50:386][  0]LogConfig: Setting CVar [[r.SkeletalMeshLODBias:0]]
[2021.07.15-19.40.50:387][  0]LogConfig: Setting CVar [[r.ViewDistanceScale:1.0]]
[2021.07.15-19.40.50:387][  0]LogConfig: Applying CVar settings from Section [AntiAliasingQuality@3] File [C:/Users/zonks/Documents/Unreal/Projects/UnrealPong/Saved/Config/Windows/Scalability.ini]
[2021.07.15-19.40.50:388][  0]LogConfig: Setting CVar [[r.PostProcessAAQuality:4]]
[2021.07.15-19.40.50:388][  0]LogConfig: Applying CVar settings from Section [ShadowQuality@3] File [C:/Users/zonks/Documents/Unreal/Projects/UnrealPong/Saved/Config/Windows/Scalability.ini]
[2021.07.15-19.40.50:389][  0]LogConfig: Setting CVar [[r.LightFunctionQuality:1]]
[2021.07.15-19.40.50:389][  0]LogConfig: Setting CVar [[r.ShadowQuality:5]]
[2021.07.15-19.40.50:390][  0]LogConfig: Setting CVar [[r.Shadow.CSM.MaxCascades:10]]
[2021.07.15-19.40.50:390][  0]LogConfig: Setting CVar [[r.Shadow.MaxResolution:2048]]
[2021.07.15-19.40.50:391][  0]LogConfig: Setting CVar [[r.Shadow.MaxCSMResolution:2048]]
[2021.07.15-19.40.50:391][  0]LogConfig: Setting CVar [[r.Shadow.RadiusThreshold:0.01]]
[2021.07.15-19.40.50:392][  0]LogConfig: Setting CVar [[r.Shadow.DistanceScale:1.0]]
[2021.07.15-19.40.50:395][  0]LogConfig: Setting CVar [[r.Shadow.CSM.TransitionScale:1.0]]
[2021.07.15-19.40.50:395][  0]LogConfig: Setting CVar [[r.Shadow.PreShadowResolutionFactor:1.0]]
[2021.07.15-19.40.50:396][  0]LogConfig: Setting CVar [[r.DistanceFieldShadowing:1]]
[2021.07.15-19.40.50:396][  0]LogConfig: Setting CVar [[r.DistanceFieldAO:1]]
[2021.07.15-19.40.50:397][  0]LogConfig: Setting CVar [[r.AOQuality:2]]
[2021.07.15-19.40.50:397][  0]LogConfig: Setting CVar [[r.VolumetricFog:1]]
[2021.07.15-19.40.50:398][  0]LogConfig: Setting CVar [[r.VolumetricFog.GridPixelSize:8]]
[2021.07.15-19.40.50:398][  0]LogConfig: Setting CVar [[r.VolumetricFog.GridSizeZ:128]]
[2021.07.15-19.40.50:398][  0]LogConfig: Setting CVar [[r.VolumetricFog.HistoryMissSupersampleCount:4]]
[2021.07.15-19.40.50:399][  0]LogConfig: Setting CVar [[r.LightMaxDrawDistanceScale:1]]
[2021.07.15-19.40.50:400][  0]LogConfig: Setting CVar [[r.CapsuleShadows:1]]
[2021.07.15-19.40.50:400][  0]LogConfig: Applying CVar settings from Section [PostProcessQuality@3] File [C:/Users/zonks/Documents/Unreal/Projects/UnrealPong/Saved/Config/Windows/Scalability.ini]
[2021.07.15-19.40.50:401][  0]LogConfig: Setting CVar [[r.MotionBlurQuality:4]]
[2021.07.15-19.40.50:401][  0]LogConfig: Setting CVar [[r.AmbientOcclusionMipLevelFactor:0.4]]
[2021.07.15-19.40.50:402][  0]LogConfig: Setting CVar [[r.AmbientOcclusionMaxQuality:100]]
[2021.07.15-19.40.50:402][  0]LogConfig: Setting CVar [[r.AmbientOcclusionLevels:-1]]
[2021.07.15-19.40.50:403][  0]LogConfig: Setting CVar [[r.AmbientOcclusionRadiusScale:1.0]]
[2021.07.15-19.40.50:403][  0]LogConfig: Setting CVar [[r.DepthOfFieldQuality:2]]
[2021.07.15-19.40.50:404][  0]LogConfig: Setting CVar [[r.RenderTargetPoolMin:400]]
[2021.07.15-19.40.50:404][  0]LogConfig: Setting CVar [[r.LensFlareQuality:2]]
[2021.07.15-19.40.50:404][  0]LogConfig: Setting CVar [[r.SceneColorFringeQuality:1]]
[2021.07.15-19.40.50:405][  0]LogConfig: Setting CVar [[r.EyeAdaptationQuality:2]]
[2021.07.15-19.40.50:405][  0]LogConfig: Setting CVar [[r.BloomQuality:5]]
[2021.07.15-19.40.50:405][  0]LogConfig: Setting CVar [[r.FastBlurThreshold:100]]
[2021.07.15-19.40.50:406][  0]LogConfig: Setting CVar [[r.Upscale.Quality:3]]
[2021.07.15-19.40.50:406][  0]LogConfig: Setting CVar [[r.Tonemapper.GrainQuantization:1]]
[2021.07.15-19.40.50:407][  0]LogConfig: Setting CVar [[r.LightShaftQuality:1]]
[2021.07.15-19.40.50:407][  0]LogConfig: Setting CVar [[r.Filter.SizeScale:1]]
[2021.07.15-19.40.50:408][  0]LogConfig: Setting CVar [[r.Tonemapper.Quality:5]]
[2021.07.15-19.40.50:412][  0]LogConfig: Setting CVar [[r.DOF.Gather.AccumulatorQuality:1        ; higher gathering accumulator quality]]
[2021.07.15-19.40.50:412][  0]LogConfig: Setting CVar [[r.DOF.Gather.PostfilterMethod:1          ; Median3x3 postfilering method]]
[2021.07.15-19.40.50:414][  0]LogConfig: Setting CVar [[r.DOF.Gather.EnableBokehSettings:0       ; no bokeh simulation when gathering]]
[2021.07.15-19.40.50:414][  0]LogConfig: Setting CVar [[r.DOF.Gather.RingCount:4                 ; medium number of samples when gathering]]
[2021.07.15-19.40.50:415][  0]LogConfig: Setting CVar [[r.DOF.Scatter.ForegroundCompositing:1    ; additive foreground scattering]]
[2021.07.15-19.40.50:416][  0]LogConfig: Setting CVar [[r.DOF.Scatter.BackgroundCompositing:2    ; additive background scattering]]
[2021.07.15-19.40.50:416][  0]LogConfig: Setting CVar [[r.DOF.Scatter.EnableBokehSettings:1      ; bokeh simulation when scattering]]
[2021.07.15-19.40.50:417][  0]LogConfig: Setting CVar [[r.DOF.Scatter.MaxSpriteRatio:0.1         ; only a maximum of 10% of scattered bokeh]]
[2021.07.15-19.40.50:417][  0]LogConfig: Setting CVar [[r.DOF.Recombine.Quality:1                ; cheap slight out of focus]]
[2021.07.15-19.40.50:417][  0]LogConfig: Setting CVar [[r.DOF.Recombine.EnableBokehSettings:0    ; no bokeh simulation on slight out of focus]]
[2021.07.15-19.40.50:418][  0]LogConfig: Setting CVar [[r.DOF.TemporalAAQuality:1                ; more stable temporal accumulation]]
[2021.07.15-19.40.50:418][  0]LogConfig: Setting CVar [[r.DOF.Kernel.MaxForegroundRadius:0.025]]
[2021.07.15-19.40.50:419][  0]LogConfig: Setting CVar [[r.DOF.Kernel.MaxBackgroundRadius:0.025]]
[2021.07.15-19.40.50:419][  0]LogConfig: Applying CVar settings from Section [TextureQuality@3] File [C:/Users/zonks/Documents/Unreal/Projects/UnrealPong/Saved/Config/Windows/Scalability.ini]
[2021.07.15-19.40.50:420][  0]LogConfig: Setting CVar [[r.Streaming.MipBias:0]]
[2021.07.15-19.40.50:420][  0]LogConfig: Setting CVar [[r.Streaming.AmortizeCPUToGPUCopy:0]]
[2021.07.15-19.40.50:421][  0]LogConfig: Setting CVar [[r.Streaming.MaxNumTexturesToStreamPerFrame:0]]
[2021.07.15-19.40.50:421][  0]LogConfig: Setting CVar [[r.Streaming.Boost:1]]
[2021.07.15-19.40.50:421][  0]LogConfig: Setting CVar [[r.MaxAnisotropy:8]]
[2021.07.15-19.40.50:422][  0]LogConfig: Setting CVar [[r.VT.MaxAnisotropy:8]]
[2021.07.15-19.40.50:423][  0]LogConfig: Setting CVar [[r.Streaming.LimitPoolSizeToVRAM:0]]
[2021.07.15-19.40.50:423][  0]LogConfig: Setting CVar [[r.Streaming.PoolSize:1000]]
[2021.07.15-19.40.50:424][  0]LogConfig: Setting CVar [[r.Streaming.MaxEffectiveScreenSize:0]]
[2021.07.15-19.40.50:427][  0]LogConfig: Applying CVar settings from Section [EffectsQuality@3] File [C:/Users/zonks/Documents/Unreal/Projects/UnrealPong/Saved/Config/Windows/Scalability.ini]
[2021.07.15-19.40.50:428][  0]LogConfig: Setting CVar [[r.TranslucencyLightingVolumeDim:64]]
[2021.07.15-19.40.50:429][  0]LogConfig: Setting CVar [[r.RefractionQuality:2]]
[2021.07.15-19.40.50:429][  0]LogConfig: Setting CVar [[r.SSR.Quality:3]]
[2021.07.15-19.40.50:429][  0]LogConfig: Setting CVar [[r.SSR.HalfResSceneColor:0]]
[2021.07.15-19.40.50:430][  0]LogConfig: Setting CVar [[r.SceneColorFormat:4]]
[2021.07.15-19.40.50:430][  0]LogConfig: Setting CVar [[r.DetailMode:2]]
[2021.07.15-19.40.50:431][  0]LogConfig: Setting CVar [[r.TranslucencyVolumeBlur:1]]
[2021.07.15-19.40.50:431][  0]LogConfig: Setting CVar [[r.MaterialQualityLevel:1 ; High quality]]
[2021.07.15-19.40.50:432][  0]LogConfig: Setting CVar [[r.AnisotropicMaterials:1]]
[2021.07.15-19.40.50:432][  0]LogConfig: Setting CVar [[r.SSS.Scale:1]]
[2021.07.15-19.40.50:433][  0]LogConfig: Setting CVar [[r.SSS.SampleSet:2]]
[2021.07.15-19.40.50:433][  0]LogConfig: Setting CVar [[r.SSS.Quality:1]]
[2021.07.15-19.40.50:434][  0]LogConfig: Setting CVar [[r.SSS.HalfRes:0]]
[2021.07.15-19.40.50:434][  0]LogConfig: Setting CVar [[r.SSGI.Quality:3]]
[2021.07.15-19.40.50:435][  0]LogConfig: Setting CVar [[r.EmitterSpawnRateScale:1.0]]
[2021.07.15-19.40.50:435][  0]LogConfig: Setting CVar [[r.ParticleLightQuality:2]]
[2021.07.15-19.40.50:435][  0]LogConfig: Setting CVar [[r.SkyAtmosphere.AerialPerspectiveLUT.FastApplyOnOpaque:1 ; Always have FastSkyLUT 1 in this case to avoid wrong sky]]
[2021.07.15-19.40.50:436][  0]LogConfig: Setting CVar [[r.SkyAtmosphere.AerialPerspectiveLUT.SampleCountMaxPerSlice:4]]
[2021.07.15-19.40.50:436][  0]LogConfig: Setting CVar [[r.SkyAtmosphere.AerialPerspectiveLUT.DepthResolution:16.0]]
[2021.07.15-19.40.50:437][  0]LogConfig: Setting CVar [[r.SkyAtmosphere.FastSkyLUT:1]]
[2021.07.15-19.40.50:437][  0]LogConfig: Setting CVar [[r.SkyAtmosphere.FastSkyLUT.SampleCountMin:4.0]]
[2021.07.15-19.40.50:438][  0]LogConfig: Setting CVar [[r.SkyAtmosphere.FastSkyLUT.SampleCountMax:128.0]]
[2021.07.15-19.40.50:438][  0]LogConfig: Setting CVar [[r.SkyAtmosphere.SampleCountMin:4.0]]
[2021.07.15-19.40.50:439][  0]LogConfig: Setting CVar [[r.SkyAtmosphere.SampleCountMax:128.0]]
[2021.07.15-19.40.50:439][  0]LogConfig: Setting CVar [[r.SkyAtmosphere.TransmittanceLUT.UseSmallFormat:0]]
[2021.07.15-19.40.50:440][  0]LogConfig: Setting CVar [[r.SkyAtmosphere.TransmittanceLUT.SampleCount:10.0]]
[2021.07.15-19.40.50:444][  0]LogConfig: Setting CVar [[r.SkyAtmosphere.MultiScatteringLUT.SampleCount:15.0]]
[2021.07.15-19.40.50:445][  0]LogConfig: Setting CVar [[r.SkyLight.RealTimeReflectionCapture:1]]
[2021.07.15-19.40.50:446][  0]LogConfig: Applying CVar settings from Section [FoliageQuality@3] File [C:/Users/zonks/Documents/Unreal/Projects/UnrealPong/Saved/Config/Windows/Scalability.ini]
[2021.07.15-19.40.50:446][  0]LogConfig: Setting CVar [[foliage.DensityScale:1.0]]
[2021.07.15-19.40.50:447][  0]LogConfig: Setting CVar [[grass.DensityScale:1.0]]
[2021.07.15-19.40.50:447][  0]LogConfig: Applying CVar settings from Section [ShadingQuality@3] File [C:/Users/zonks/Documents/Unreal/Projects/UnrealPong/Saved/Config/Windows/Scalability.ini]
[2021.07.15-19.40.50:448][  0]LogConfig: Setting CVar [[r.HairStrands.SkyLighting.IntegrationType:2]]
[2021.07.15-19.40.50:449][  0]LogConfig: Setting CVar [[r.HairStrands.SkyAO.SampleCount:4]]
[2021.07.15-19.40.50:449][  0]LogConfig: Setting CVar [[r.HairStrands.Visibility.MSAA.SamplePerPixel:4]]
[2021.07.15-19.40.50:449][  0]LogInit: Selected Device Profile: [Windows]
[2021.07.15-19.40.50:450][  0]LogInit: Applying CVar settings loaded from the selected device profile: [Windows]
[2021.07.15-19.40.50:451][  0]LogHAL: Display: Platform has ~ 32 GB [34298351616 / 34359738368 / 32], which maps to Largest [LargestMinGB=32, LargerMinGB=12, DefaultMinGB=8, SmallerMinGB=6, SmallestMinGB=0)
[2021.07.15-19.40.50:451][  0]LogInit: Going up to parent DeviceProfile []
[2021.07.15-19.40.50:452][  0]LogConfig: Applying CVar settings from Section [ViewDistanceQuality@3] File [C:/Users/zonks/Documents/Unreal/Projects/UnrealPong/Saved/Config/Windows/Scalability.ini]
[2021.07.15-19.40.50:452][  0]LogConfig: Setting CVar [[r.SkeletalMeshLODBias:0]]
[2021.07.15-19.40.50:452][  0]LogConfig: Setting CVar [[r.ViewDistanceScale:1.0]]
[2021.07.15-19.40.50:453][  0]LogConfig: Applying CVar settings from Section [AntiAliasingQuality@3] File [C:/Users/zonks/Documents/Unreal/Projects/UnrealPong/Saved/Config/Windows/Scalability.ini]
[2021.07.15-19.40.50:453][  0]LogConfig: Setting CVar [[r.PostProcessAAQuality:4]]
[2021.07.15-19.40.50:454][  0]LogConfig: Applying CVar settings from Section [ShadowQuality@3] File [C:/Users/zonks/Documents/Unreal/Projects/UnrealPong/Saved/Config/Windows/Scalability.ini]
[2021.07.15-19.40.50:454][  0]LogConfig: Setting CVar [[r.LightFunctionQuality:1]]
[2021.07.15-19.40.50:454][  0]LogConfig: Setting CVar [[r.ShadowQuality:5]]
[2021.07.15-19.40.50:455][  0]LogConfig: Setting CVar [[r.Shadow.CSM.MaxCascades:10]]
[2021.07.15-19.40.50:455][  0]LogConfig: Setting CVar [[r.Shadow.MaxResolution:2048]]
[2021.07.15-19.40.50:456][  0]LogConfig: Setting CVar [[r.Shadow.MaxCSMResolution:2048]]
[2021.07.15-19.40.50:460][  0]LogConfig: Setting CVar [[r.Shadow.RadiusThreshold:0.01]]
[2021.07.15-19.40.50:461][  0]LogConfig: Setting CVar [[r.Shadow.DistanceScale:1.0]]
[2021.07.15-19.40.50:462][  0]LogConfig: Setting CVar [[r.Shadow.CSM.TransitionScale:1.0]]
[2021.07.15-19.40.50:462][  0]LogConfig: Setting CVar [[r.Shadow.PreShadowResolutionFactor:1.0]]
[2021.07.15-19.40.50:463][  0]LogConfig: Setting CVar [[r.DistanceFieldShadowing:1]]
[2021.07.15-19.40.50:463][  0]LogConfig: Setting CVar [[r.DistanceFieldAO:1]]
[2021.07.15-19.40.50:464][  0]LogConfig: Setting CVar [[r.AOQuality:2]]
[2021.07.15-19.40.50:464][  0]LogConfig: Setting CVar [[r.VolumetricFog:1]]
[2021.07.15-19.40.50:465][  0]LogConfig: Setting CVar [[r.VolumetricFog.GridPixelSize:8]]
[2021.07.15-19.40.50:465][  0]LogConfig: Setting CVar [[r.VolumetricFog.GridSizeZ:128]]
[2021.07.15-19.40.50:466][  0]LogConfig: Setting CVar [[r.VolumetricFog.HistoryMissSupersampleCount:4]]
[2021.07.15-19.40.50:466][  0]LogConfig: Setting CVar [[r.LightMaxDrawDistanceScale:1]]
[2021.07.15-19.40.50:467][  0]LogConfig: Setting CVar [[r.CapsuleShadows:1]]
[2021.07.15-19.40.50:467][  0]LogConfig: Applying CVar settings from Section [PostProcessQuality@3] File [C:/Users/zonks/Documents/Unreal/Projects/UnrealPong/Saved/Config/Windows/Scalability.ini]
[2021.07.15-19.40.50:468][  0]LogConfig: Setting CVar [[r.MotionBlurQuality:4]]
[2021.07.15-19.40.50:468][  0]LogConfig: Setting CVar [[r.AmbientOcclusionMipLevelFactor:0.4]]
[2021.07.15-19.40.50:469][  0]LogConfig: Setting CVar [[r.AmbientOcclusionMaxQuality:100]]
[2021.07.15-19.40.50:469][  0]LogConfig: Setting CVar [[r.AmbientOcclusionLevels:-1]]
[2021.07.15-19.40.50:470][  0]LogConfig: Setting CVar [[r.AmbientOcclusionRadiusScale:1.0]]
[2021.07.15-19.40.50:470][  0]LogConfig: Setting CVar [[r.DepthOfFieldQuality:2]]
[2021.07.15-19.40.50:471][  0]LogConfig: Setting CVar [[r.RenderTargetPoolMin:400]]
[2021.07.15-19.40.50:471][  0]LogConfig: Setting CVar [[r.LensFlareQuality:2]]
[2021.07.15-19.40.50:472][  0]LogConfig: Setting CVar [[r.SceneColorFringeQuality:1]]
[2021.07.15-19.40.50:475][  0]LogConfig: Setting CVar [[r.EyeAdaptationQuality:2]]
[2021.07.15-19.40.50:477][  0]LogConfig: Setting CVar [[r.BloomQuality:5]]
[2021.07.15-19.40.50:477][  0]LogConfig: Setting CVar [[r.FastBlurThreshold:100]]
[2021.07.15-19.40.50:478][  0]LogConfig: Setting CVar [[r.Upscale.Quality:3]]
[2021.07.15-19.40.50:479][  0]LogConfig: Setting CVar [[r.Tonemapper.GrainQuantization:1]]
[2021.07.15-19.40.50:479][  0]LogConfig: Setting CVar [[r.LightShaftQuality:1]]
[2021.07.15-19.40.50:479][  0]LogConfig: Setting CVar [[r.Filter.SizeScale:1]]
[2021.07.15-19.40.50:480][  0]LogConfig: Setting CVar [[r.Tonemapper.Quality:5]]
[2021.07.15-19.40.50:480][  0]LogConfig: Setting CVar [[r.DOF.Gather.AccumulatorQuality:1        ; higher gathering accumulator quality]]
[2021.07.15-19.40.50:481][  0]LogConfig: Setting CVar [[r.DOF.Gather.PostfilterMethod:1          ; Median3x3 postfilering method]]
[2021.07.15-19.40.50:481][  0]LogConfig: Setting CVar [[r.DOF.Gather.EnableBokehSettings:0       ; no bokeh simulation when gathering]]
[2021.07.15-19.40.50:482][  0]LogConfig: Setting CVar [[r.DOF.Gather.RingCount:4                 ; medium number of samples when gathering]]
[2021.07.15-19.40.50:482][  0]LogConfig: Setting CVar [[r.DOF.Scatter.ForegroundCompositing:1    ; additive foreground scattering]]
[2021.07.15-19.40.50:483][  0]LogConfig: Setting CVar [[r.DOF.Scatter.BackgroundCompositing:2    ; additive background scattering]]
[2021.07.15-19.40.50:484][  0]LogConfig: Setting CVar [[r.DOF.Scatter.EnableBokehSettings:1      ; bokeh simulation when scattering]]
[2021.07.15-19.40.50:484][  0]LogConfig: Setting CVar [[r.DOF.Scatter.MaxSpriteRatio:0.1         ; only a maximum of 10% of scattered bokeh]]
[2021.07.15-19.40.50:485][  0]LogConfig: Setting CVar [[r.DOF.Recombine.Quality:1                ; cheap slight out of focus]]
[2021.07.15-19.40.50:485][  0]LogConfig: Setting CVar [[r.DOF.Recombine.EnableBokehSettings:0    ; no bokeh simulation on slight out of focus]]
[2021.07.15-19.40.50:485][  0]LogConfig: Setting CVar [[r.DOF.TemporalAAQuality:1                ; more stable temporal accumulation]]
[2021.07.15-19.40.50:486][  0]LogConfig: Setting CVar [[r.DOF.Kernel.MaxForegroundRadius:0.025]]
[2021.07.15-19.40.50:486][  0]LogConfig: Setting CVar [[r.DOF.Kernel.MaxBackgroundRadius:0.025]]
[2021.07.15-19.40.50:487][  0]LogConfig: Applying CVar settings from Section [TextureQuality@3] File [C:/Users/zonks/Documents/Unreal/Projects/UnrealPong/Saved/Config/Windows/Scalability.ini]
[2021.07.15-19.40.50:487][  0]LogConfig: Setting CVar [[r.Streaming.MipBias:0]]
[2021.07.15-19.40.50:488][  0]LogConfig: Setting CVar [[r.Streaming.AmortizeCPUToGPUCopy:0]]
[2021.07.15-19.40.50:491][  0]LogConfig: Setting CVar [[r.Streaming.MaxNumTexturesToStreamPerFrame:0]]
[2021.07.15-19.40.50:493][  0]LogConfig: Setting CVar [[r.Streaming.Boost:1]]
[2021.07.15-19.40.50:494][  0]LogConfig: Setting CVar [[r.MaxAnisotropy:8]]
[2021.07.15-19.40.50:494][  0]LogConfig: Setting CVar [[r.VT.MaxAnisotropy:8]]
[2021.07.15-19.40.50:495][  0]LogConfig: Setting CVar [[r.Streaming.LimitPoolSizeToVRAM:0]]
[2021.07.15-19.40.50:495][  0]LogConfig: Setting CVar [[r.Streaming.PoolSize:1000]]
[2021.07.15-19.40.50:495][  0]LogConfig: Setting CVar [[r.Streaming.MaxEffectiveScreenSize:0]]
[2021.07.15-19.40.50:496][  0]LogConfig: Applying CVar settings from Section [EffectsQuality@3] File [C:/Users/zonks/Documents/Unreal/Projects/UnrealPong/Saved/Config/Windows/Scalability.ini]
[2021.07.15-19.40.50:496][  0]LogConfig: Setting CVar [[r.TranslucencyLightingVolumeDim:64]]
[2021.07.15-19.40.50:497][  0]LogConfig: Setting CVar [[r.RefractionQuality:2]]
[2021.07.15-19.40.50:497][  0]LogConfig: Setting CVar [[r.SSR.Quality:3]]
[2021.07.15-19.40.50:498][  0]LogConfig: Setting CVar [[r.SSR.HalfResSceneColor:0]]
[2021.07.15-19.40.50:498][  0]LogConfig: Setting CVar [[r.SceneColorFormat:4]]
[2021.07.15-19.40.50:499][  0]LogConfig: Setting CVar [[r.DetailMode:2]]
[2021.07.15-19.40.50:499][  0]LogConfig: Setting CVar [[r.TranslucencyVolumeBlur:1]]
[2021.07.15-19.40.50:500][  0]LogConfig: Setting CVar [[r.MaterialQualityLevel:1 ; High quality]]
[2021.07.15-19.40.50:500][  0]LogConfig: Setting CVar [[r.AnisotropicMaterials:1]]
[2021.07.15-19.40.50:501][  0]LogConfig: Setting CVar [[r.SSS.Scale:1]]
[2021.07.15-19.40.50:501][  0]LogConfig: Setting CVar [[r.SSS.SampleSet:2]]
[2021.07.15-19.40.50:501][  0]LogConfig: Setting CVar [[r.SSS.Quality:1]]
[2021.07.15-19.40.50:502][  0]LogConfig: Setting CVar [[r.SSS.HalfRes:0]]
[2021.07.15-19.40.50:502][  0]LogConfig: Setting CVar [[r.SSGI.Quality:3]]
[2021.07.15-19.40.50:503][  0]LogConfig: Setting CVar [[r.EmitterSpawnRateScale:1.0]]
[2021.07.15-19.40.50:503][  0]LogConfig: Setting CVar [[r.ParticleLightQuality:2]]
[2021.07.15-19.40.50:503][  0]LogConfig: Setting CVar [[r.SkyAtmosphere.AerialPerspectiveLUT.FastApplyOnOpaque:1 ; Always have FastSkyLUT 1 in this case to avoid wrong sky]]
[2021.07.15-19.40.50:504][  0]LogConfig: Setting CVar [[r.SkyAtmosphere.AerialPerspectiveLUT.SampleCountMaxPerSlice:4]]
[2021.07.15-19.40.50:508][  0]LogConfig: Setting CVar [[r.SkyAtmosphere.AerialPerspectiveLUT.DepthResolution:16.0]]
[2021.07.15-19.40.50:508][  0]LogConfig: Setting CVar [[r.SkyAtmosphere.FastSkyLUT:1]]
[2021.07.15-19.40.50:510][  0]LogConfig: Setting CVar [[r.SkyAtmosphere.FastSkyLUT.SampleCountMin:4.0]]
[2021.07.15-19.40.50:510][  0]LogConfig: Setting CVar [[r.SkyAtmosphere.FastSkyLUT.SampleCountMax:128.0]]
[2021.07.15-19.40.50:511][  0]LogConfig: Setting CVar [[r.SkyAtmosphere.SampleCountMin:4.0]]
[2021.07.15-19.40.50:511][  0]LogConfig: Setting CVar [[r.SkyAtmosphere.SampleCountMax:128.0]]
[2021.07.15-19.40.50:512][  0]LogConfig: Setting CVar [[r.SkyAtmosphere.TransmittanceLUT.UseSmallFormat:0]]
[2021.07.15-19.40.50:513][  0]LogConfig: Setting CVar [[r.SkyAtmosphere.TransmittanceLUT.SampleCount:10.0]]
[2021.07.15-19.40.50:513][  0]LogConfig: Setting CVar [[r.SkyAtmosphere.MultiScatteringLUT.SampleCount:15.0]]
[2021.07.15-19.40.50:513][  0]LogConfig: Setting CVar [[r.SkyLight.RealTimeReflectionCapture:1]]
[2021.07.15-19.40.50:514][  0]LogConfig: Applying CVar settings from Section [FoliageQuality@3] File [C:/Users/zonks/Documents/Unreal/Projects/UnrealPong/Saved/Config/Windows/Scalability.ini]
[2021.07.15-19.40.50:515][  0]LogConfig: Setting CVar [[foliage.DensityScale:1.0]]
[2021.07.15-19.40.50:515][  0]LogConfig: Setting CVar [[grass.DensityScale:1.0]]
[2021.07.15-19.40.50:515][  0]LogConfig: Applying CVar settings from Section [ShadingQuality@3] File [C:/Users/zonks/Documents/Unreal/Projects/UnrealPong/Saved/Config/Windows/Scalability.ini]
[2021.07.15-19.40.50:516][  0]LogConfig: Setting CVar [[r.HairStrands.SkyLighting.IntegrationType:2]]
[2021.07.15-19.40.50:516][  0]LogConfig: Setting CVar [[r.HairStrands.SkyAO.SampleCount:4]]
[2021.07.15-19.40.50:517][  0]LogConfig: Setting CVar [[r.HairStrands.Visibility.MSAA.SamplePerPixel:4]]
[2021.07.15-19.40.50:517][  0]LogConfig: Applying CVar settings from Section [Startup] File [../../../Engine/Config/ConsoleVariables.ini]
[2021.07.15-19.40.50:518][  0]LogConfig: Setting CVar [[net.UseAdaptiveNetUpdateFrequency:0]]
[2021.07.15-19.40.50:518][  0]LogConfig: Setting CVar [[p.chaos.AllowCreatePhysxBodies:1]]
[2021.07.15-19.40.50:518][  0]LogConfig: Setting CVar [[fx.SkipVectorVMBackendOptimizations:1]]
[2021.07.15-19.40.50:519][  0]LogConfig: Applying CVar settings from Section [ConsoleVariables] File [C:/Users/zonks/Documents/Unreal/Projects/UnrealPong/Saved/Config/Windows/Engine.ini]
[2021.07.15-19.40.50:519][  0]LogConfig: Applying CVar settings from Section [ConsoleVariables] File [C:/Users/zonks/Documents/Unreal/Projects/UnrealPong/Saved/Config/Windows/Editor.ini]
[2021.07.15-19.40.50:520][  0]LogInit: Computer: ARGONAUT
[2021.07.15-19.40.50:524][  0]LogInit: User: zonks
[2021.07.15-19.40.50:526][  0]LogInit: CPU Page size=4096, Cores=6
[2021.07.15-19.40.50:526][  0]LogInit: High frequency timer resolution =10.000000 MHz
[2021.07.15-19.40.50:527][  0]LogMemory: Memory total: Physical=31.9GB (32GB approx)
[2021.07.15-19.40.50:527][  0]LogMemory: Platform Memory Stats for Windows
[2021.07.15-19.40.50:528][  0]LogMemory: Process Physical Memory: 149.77 MB used, 149.77 MB peak
[2021.07.15-19.40.50:528][  0]LogMemory: Process Virtual Memory: 133.64 MB used, 136.81 MB peak
[2021.07.15-19.40.50:528][  0]LogMemory: Physical Memory: 18663.66 MB used,  14045.80 MB free, 32709.46 MB total
[2021.07.15-19.40.50:529][  0]LogMemory: Virtual Memory: 134202992.00 MB used,  14736.26 MB free, 134217728.00 MB total
[2021.07.15-19.40.50:533][  0]LogWindows: WindowsPlatformFeatures enabled
[2021.07.15-19.40.50:560][  0]LogInit: Physics initialised using underlying interface: PhysX
[2021.07.15-19.40.50:560][  0]LogInit: Using OS detected language (en-US).
[2021.07.15-19.40.50:561][  0]LogInit: Using OS detected locale (en-US).
[2021.07.15-19.40.50:564][  0]LogTextLocalizationManager: No specific localization for 'en-US' exists, so the 'en' localization will be used.
[2021.07.15-19.40.50:727][  0]LogWindowsTextInputMethodSystem: Display: IME system deactivated.
[2021.07.15-19.40.50:782][  0]LogSlate: New Slate User Created.  User Index 0, Is Virtual User: 0
[2021.07.15-19.40.50:782][  0]LogSlate: Slate User Registered.  User Index 0, Is Virtual User: 0
[2021.07.15-19.40.50:825][  0]LogD3D11RHI: Creating new Direct3DDevice
[2021.07.15-19.40.50:826][  0]LogD3D11RHI:     GPU DeviceId: 0x1b80 (for the marketing name, search the web for "GPU Device Id")
[2021.07.15-19.40.50:827][  0]LogWindows: EnumDisplayDevices:
[2021.07.15-19.40.50:827][  0]LogWindows:    0. 'NVIDIA GeForce GTX 1080' (P:1 D:1)
[2021.07.15-19.40.50:828][  0]LogWindows:    1. 'NVIDIA GeForce GTX 1080' (P:0 D:1)
[2021.07.15-19.40.50:829][  0]LogWindows:    2. 'NVIDIA GeForce GTX 1080' (P:0 D:0)
[2021.07.15-19.40.50:829][  0]LogWindows:    3. 'NVIDIA GeForce GTX 1080' (P:0 D:0)
[2021.07.15-19.40.50:829][  0]LogWindows: DebugString: FoundDriverCount:4 
[2021.07.15-19.40.50:830][  0]LogD3D11RHI:     Adapter Name: NVIDIA GeForce GTX 1080
[2021.07.15-19.40.50:830][  0]LogD3D11RHI:   Driver Version: 471.11 (internal:30.0.14.7111, unified:471.11)
[2021.07.15-19.40.50:831][  0]LogD3D11RHI:      Driver Date: 6-21-2021
[2021.07.15-19.40.50:831][  0]LogRHI: Texture pool is 5655 MB (70% of 8079 MB)
[2021.07.15-19.40.50:905][  0]LogD3D11RHI: RHI has support for 64 bit atomics
[2021.07.15-19.40.50:905][  0]LogD3D11RHI: Async texture creation enabled
[2021.07.15-19.40.50:907][  0]LogD3D11RHI: Array index from any shader is supported
[2021.07.15-19.40.50:931][  0]LogD3D11RHI: GPU Timing Frequency: 1000.000000 (Debug: 2 2)
[2021.07.15-19.40.50:953][  0]LogRHI: GeForceNow SDK initialized: 1
[2021.07.15-19.40.51:157][  0]LogTargetPlatformManager: Display: Loaded TargetPlatform 'WindowsNoEditor'
[2021.07.15-19.40.51:162][  0]LogTargetPlatformManager: Display: Loaded TargetPlatform 'Windows'
[2021.07.15-19.40.51:165][  0]LogTargetPlatformManager: Display: Loaded TargetPlatform 'WindowsClient'
[2021.07.15-19.40.51:169][  0]LogTargetPlatformManager: Display: Loaded TargetPlatform 'WindowsServer'
[2021.07.15-19.40.51:169][  0]LogTargetPlatformManager: Display: Building Assets For Windows
[2021.07.15-19.40.51:175][  0]LogAudioDebug: Display: Lib vorbis DLL was dynamically loaded.
[2021.07.15-19.40.51:203][  0]LogTextureFormatOodle: Display: Oodle Texture 2.9.0 init RDO Off
[2021.07.15-19.40.51:225][  0]LogRendererCore: Ray tracing is disabled. Reason: r.RayTracing=0.
[2021.07.15-19.40.51:225][  0]LogShaderCompilers: Guid format shader working directory is 14 characters bigger than the processId version (../../../../Projects/UnrealPong/Intermediate/Shaders/WorkingDirectory/11220/).
[2021.07.15-19.40.51:225][  0]LogShaderCompilers: Cleaned the shader compiler working directory 'C:/Users/zonks/AppData/Local/Temp/UnrealShaderWorkingDir/307E04C044B450677840EC82139910FD/'.
[2021.07.15-19.40.51:226][  0]LogXGEController: Cannot use XGE Controller as Incredibuild is not installed on this machine.
[2021.07.15-19.40.51:226][  0]LogShaderCompilers: Cannot use XGE Shader Compiler as Incredibuild is not installed on this machine.
[2021.07.15-19.40.51:227][  0]LogShaderCompilers: Display: Using Local Shader Compiler.
[2021.07.15-19.40.51:857][  0]LogDerivedDataCache: Display: Max Cache Size: 512 MB
[2021.07.15-19.40.51:898][  0]LogDerivedDataCache: Loaded boot cache 0.04s 94MB ../../../../Projects/UnrealPong/DerivedDataCache/Boot.ddc.
[2021.07.15-19.40.51:898][  0]LogDerivedDataCache: Display: Loaded Boot cache: ../../../../Projects/UnrealPong/DerivedDataCache/Boot.ddc
[2021.07.15-19.40.51:900][  0]LogDerivedDataCache: FDerivedDataBackendGraph:  Pak pak cache file ../../../../Projects/UnrealPong/DerivedDataCache/DDC.ddp not found, will not use a pak cache.
[2021.07.15-19.40.51:900][  0]LogDerivedDataCache: Unable to find inner node Pak for hierarchical cache Hierarchy.
[2021.07.15-19.40.51:901][  0]LogDerivedDataCache: FDerivedDataBackendGraph:  EnginePak pak cache file ../../../Engine/DerivedDataCache/DDC.ddp not found, will not use a pak cache.
[2021.07.15-19.40.51:901][  0]LogDerivedDataCache: Unable to find inner node EnginePak for hierarchical cache Hierarchy.
[2021.07.15-19.40.51:910][  0]LogDerivedDataCache: Speed tests for ../../../Engine/DerivedDataCache took 0.01 seconds
[2021.07.15-19.40.51:911][  0]LogDerivedDataCache: Display: Performance to ../../../Engine/DerivedDataCache: Latency=0.02ms. RandomReadSpeed=1695.58MBs, RandomWriteSpeed=167.01MBs. Assigned SpeedClass 'Local'
[2021.07.15-19.40.51:912][  0]LogDerivedDataCache: Using Local data cache path ../../../Engine/DerivedDataCache: Writable
[2021.07.15-19.40.51:920][  0]LogDerivedDataCache: Warning: Shared data cache path (\\epicgames.net\root\DDC-Global-UE4) is unavailable so cache will be disabled.
[2021.07.15-19.40.51:921][  0]LogDerivedDataCache: Unable to find inner node Shared for hierarchical cache Hierarchy.
[2021.07.15-19.40.51:956][  0]LogSlate: Using FreeType 2.10.0
[2021.07.15-19.40.51:956][  0]LogSlate: SlateFontServices - WITH_FREETYPE: 1, WITH_HARFBUZZ: 1
[2021.07.15-19.40.51:959][  0]LogHMD: Failed to enumerate extensions. Please check that you have a valid OpenXR runtime installed.
[2021.07.15-19.40.52:020][  0]LogInit: Using OS detected language (en-US).
[2021.07.15-19.40.52:020][  0]LogInit: Using OS detected locale (en-US).
[2021.07.15-19.40.52:021][  0]LogTextLocalizationManager: No localization for 'en-US' exists, so 'en' will be used for the language.
[2021.07.15-19.40.52:022][  0]LogTextLocalizationManager: No localization for 'en-US' exists, so 'en' will be used for the locale.
[2021.07.15-19.40.52:022][  0]LogSlate: FontCache flush requested. Reason: Culture for localization was changed
[2021.07.15-19.40.52:022][  0]LogSlate: FontCache flush requested. Reason: Culture for localization was changed
[2021.07.15-19.40.52:026][  0]LogTextLocalizationManager: Compacting localization data took   0.00ms
[2021.07.15-19.40.52:026][  0]LogAssetRegistry: FAssetRegistry took 0.0018 seconds to start up
[2021.07.15-19.40.52:197][  0]LogPackageLocalizationCache: Processed 27 localized package path(s) for 1 prioritized culture(s) in 0.033218 seconds
[2021.07.15-19.40.52:255][  0]LogInit: Selected Device Profile: [Windows]
[2021.07.15-19.40.52:255][  0]LogInit: Active device profile: [000001E1FAAB1500][000001E1F2332C80 49] Windows
[2021.07.15-19.40.52:256][  0]LogInit: Profiles: [000001E1FAAB1500][000001E1F2332C80 49] Windows, [000001E1FAA4F000][000001E1F233AE00 49] WindowsNoEditor, [000001E1FAAB2800][000001E1F2B86F80 49] WindowsServer, [000001E1FAA4DB00][000001E1F2B8B100 49] WindowsClient, [000001E1FAAB3900][000001E1F2B8F280 49] IOS, [000001E1FAA4CB00][000001E1F23373C0 49] iPadAir, [000001E1FAAB0B00][000001E1F2B93500 49] iPadAir2, [000001E1FAA0A500][000001E1F2B9B740 49] IPadPro, [000001E1FAA0A600][000001E1F2B97780 49] iPadAir3, [000001E1FAA4D700][000001E1F2BA3900 49] iPadAir4, [000001E1FAA0B700][000001E1F2BA7A80 49] iPadMini2, [000001E1FAA4F300][000001E1F2BABC00 49] iPadMini3, [000001E1FAA09F00][000001E1F2BAE200 49] iPadMini4, [000001E1FAA4E200][000001E1F2BB2380 49] iPadMini5, [000001E1FAA45E00][000001E1F2BBA640 49] iPhone6, [000001E1FAA45F00][000001E1F2BB6680 49] iPodTouch6, [000001E1FAAB3500][000001E1F2BC2940 49] iPhone7, [000001E1FAAB3600][000001E1F2BBE980 49] iPodTouch7, [000001E1FAA46D00][000001E1F2BC6B00 49] iPhone5S, [000001E1FAAB2200][000001E1F2BCAC80 49] iPhone6Plus, [000001E1FAA47800][000001E1F2BCEE00 49] iPhone6S, [000001E1FAAB3700][000001E1F2BD2F80 49] iPhone6SPlus, [000001E1FAA46F00][000001E1F2BD7100 49] iPhone7Plus, [000001E1FAAB2F00][000001E1F2BDB280 49] iPhoneSE, [000001E1FAA45300][000001E1F2BDF400 49] iPhone8, [000001E1FAAB0D00][000001E1F2B9F540 49] iPhone8Plus, [000001E1FAA44E00][000001E1F2BE3680 49] iPhoneX, [000001E1FAAB3B00][000001E1F2BE77C0 49] iPhoneXS, [000001E1FAA44B00][000001E1F2BEB900 49] iPhoneXSMax, [000001E1FAAB3E00][000001E1FAD85A80 49] iPhoneXR, [000001E1FAA46E00][000001E1FAD89C00 49] iPhone11, [000001E1FAAB2900][000001E1FAD8C200 49] iPhone11Pro, [000001E1FAA4EE00][000001E1FAD90380 49] iPhone11ProMax, [000001E1FAA47900][000001E1FAD94500 49] iPhoneSE2, [000001E1FAA4E500][000001E1FAD98680 49] iPhone12Mini, [000001E1FAA45D00][000001E1FAD9C800 49] iPhone12, [000001E1FAA4E700][000001E1FADA0980 49] iPhone12Pro, [000001E1FAA44F00][000001E1FADA4B00 49] iPhone12ProMax, [000001E1FAA4EC00][000001E1FADA8C80 49] iPadPro105, [000001E1FAA44D00][000001E1FADACE00 49] iPadPro129, [000001E1FAAB1300][000001E1FADB0F80 49] iPadPro97, [000001E1FAA47600][000001E1FADB5100 49] iPadPro2_129, [000001E1FAAB2A00][000001E1FADB9280 49] iPad5, [000001E1FAA47100][000001E1FADBD400 49] iPad6, [000001E1FAAB3C00][000001E1FADC1580 49] iPad7, [000001E1FAA47A00][000001E1FAD816C0 49] iPad8, [000001E1FAAB2000][000001E1FADC5800 49] iPadPro11, [000001E1FAA45A00][000001E1FADC9940 49] iPadPro2_11, [000001E1FAAB3000][000001E1FADCDA80 49] iPadPro3_129, [000001E1FAA44400][000001E1FADD5C00 49] iPadPro4_129, [000001E1FAAB0C00][000001E1FADD8200 49] AppleTV, [000001E1FAA46000][000001E1FADDC380 49] AppleTV4K, [000001E1FAAB2500][000001E1FADE0500 49] TVOS, [000001E1FAA46700][000001E1FADE4680 49] Mac, [000001E1FAAB1800][000001E1FADE8800 49] MacClient, [000001E1FAA46100][000001E1FADEC980 49] MacNoEditor, [000001E1FAAB0200][000001E1FADF0B00 49] MacServer, [000001E1FAA46500][000001E1FADF4C80 49] Linux, [000001E1FAAB0400][000001E1FADF8E00 49] LinuxAArch64, [000001E1FAA45400][000001E1FADFCF80 49] LinuxNoEditor, [000001E1FAAB2700][000001E1FAE01100 49] LinuxAArch64NoEditor, [000001E1FAA45700][000001E1FAE05280 49] LinuxClient, [000001E1FAAB2600][000001E1FAE09400 49] LinuxAArch64Client, [000001E1FAA44800][000001E1FAE0D580 49] LinuxServer, [000001E1FAAB3100][000001E1FAE11700 49] LinuxAArch64Server, [000001E1FAA47200][000001E1FAE15880 49] Android, [000001E1FAAB1100][000001E1FADD19C0 49] Android_Low, [000001E1FAA47B00][000001E1FAE19B00 49] Android_Mid, [000001E1FAAB2D00][000001E1FAE1C0C0 49] Android_High, [000001E1FAA44700][000001E1FAE24240 49] Android_Default, [000001E1FAAB0F00][000001E1FAE283C0 49] Android_Adreno4xx, [000001E1FAA46A00][000001E1FAE2C540 49] Android_Adreno5xx_Low, [000001E1FAAB0A00][000001E1FAE306C0 49] Android_Adreno5xx, [000001E1FAA44500][000001E1FAE34840 49] Android_Adreno6xx, [000001E1FAAB3300][000001E1FAE389C0 49] Android_Adreno6xx_Vulkan, [000001E1FAA44600][000001E1FAE3CB40 49] Android_Mali_T6xx, [000001E1FAAB2400][000001E1FAE40CC0 49] Android_Mali_T7xx, [000001E1FAA45600][000001E1FAE44E40 49] Android_Mali_T8xx, [000001E1FAAB1B00][000001E1FAE48FC0 49] Android_Mali_G71, [000001E1FAA44A00][000001E1FAE4D140 49] Android_Mali_G72, [000001E1FAAB0700][000001E1FAE512C0 49] Android_Mali_G72_Vulkan, [000001E1FAA47000][000001E1FAE55440 49] Android_Mali_G76, [000001E1FAAB1F00][000001E1FAE595C0 49] Android_Mali_G76_Vulkan, [000001E1FAA46600][000001E1FAE5D740 49] Android_Mali_G77, [000001E1FAAB3D00][000001E1FAE618C0 49] Android_Mali_G77_Vulkan, [000001E1FAA44900][000001E1FAE65A40 49] Android_Mali_G710, [000001E1FAA0A700][000001E1FAE21B80 49] Android_Mali_G710_Vulkan, [000001E1FAA4C900][000001E1FAE68140 49] Android_Vulkan_SM5, [000001E1FAA09E00][000001E1FAE6C280 49] Android_PowerVR_G6xxx, [000001E1FAA4F900][000001E1FAE703C0 49] Android_PowerVR_GT7xxx, [000001E1FAA08400][000001E1FAE78540 49] Android_PowerVR_GE8xxx, [000001E1FAA4D200][000001E1FAE7C6C0 49] Android_PowerVR_GM9xxx, [000001E1FAA0A800][000001E1FAE80840 49] Android_PowerVR_GM9xxx_Vulkan, [000001E1FAA4E000][000001E1FAE849C0 49] Android_TegraK1, [000001E1FAA0BD00][000001E1FAE88B40 49] Android_Unknown_Vulkan, [000001E1FAA4D900][000001E1FAE8CCC0 49] Lumin, [000001E1FAA0B400][000001E1FAE90E40 49] Lumin_Desktop, [000001E1FAA4C800][000001E1FAE94FC0 49] HoloLens, 
[2021.07.15-19.40.52:288][  0]LogMeshReduction: Using QuadricMeshReduction for automatic static mesh reduction
[2021.07.15-19.40.52:288][  0]LogMeshReduction: Using SimplygonMeshReduction for automatic skeletal mesh reduction
[2021.07.15-19.40.52:289][  0]LogMeshReduction: Using ProxyLODMeshReduction for automatic mesh merging
[2021.07.15-19.40.52:290][  0]LogMeshReduction: No distributed automatic mesh merging module available
[2021.07.15-19.40.52:290][  0]LogMeshMerging: No distributed automatic mesh merging module available
[2021.07.15-19.40.52:397][  0]LogNetVersion: UnrealPong 1.0.0, NetCL: 0, EngineNetVer: 17, GameNetVer: 0 (Checksum: 900575368)
[2021.07.15-19.40.52:653][  0]LogHMD: PokeAHoleMaterial loaded successfully
[2021.07.15-19.40.52:733][  0]LogMoviePlayer: Initializing movie player
[2021.07.15-19.40.52:825][  0]LogNiagaraDebuggerClient: Niagara Debugger Client Initialized | Session: BBD88CDF41C4F872A464A88902CF9AC4 | Instance: CEDE30AF419344E2437F2EB1ED439413 (ARGONAUT-11220).
[2021.07.15-19.40.52:844][  0]LogCollectionManager: Loaded 0 collections in 0.003286 seconds
[2021.07.15-19.40.52:846][  0]LogFileCache: Scanning file cache for directory 'C:/Users/zonks/Documents/Unreal/Projects/UnrealPong/Saved/Collections/' took 0.00s
[2021.07.15-19.40.52:846][  0]LogFileCache: Scanning file cache for directory 'C:/Users/zonks/Documents/Unreal/Projects/UnrealPong/Content/Developers/zonks/Collections/' took 0.00s
[2021.07.15-19.40.52:847][  0]LogFileCache: Scanning file cache for directory 'C:/Users/zonks/Documents/Unreal/Projects/UnrealPong/Content/Collections/' took 0.00s
[2021.07.15-19.40.52:847][  0]LogCollectionManager: Fixed up redirectors for 0 collections in 0.000001 seconds (updated 0 objects)
[2021.07.15-19.40.52:863][  0]LogStreaming: Warning: Failed to read file '../../../Engine/Content/Editor/Slate/Niagara/MenuSeparator.png' error.
[2021.07.15-19.40.52:864][  0]LogSlate: Could not find file for Slate resource: ../../../Engine/Content/Editor/Slate/Niagara/MenuSeparator.png
[2021.07.15-19.40.52:864][  0]LogStreaming: Warning: Failed to read file '../../../Engine/Content/Editor/Slate/Niagara/Common/Selection.png' error.
[2021.07.15-19.40.52:865][  0]LogSlate: Could not find file for Slate resource: ../../../Engine/Content/Editor/Slate/Niagara/Common/Selection.png
[2021.07.15-19.40.52:865][  0]LogStreaming: Warning: Failed to read file '../../../Engine/Content/Editor/Slate/Niagara/Common/Selector.png' error.
[2021.07.15-19.40.52:866][  0]LogSlate: Could not find file for Slate resource: ../../../Engine/Content/Editor/Slate/Niagara/Common/Selector.png
[2021.07.15-19.40.52:866][  0]LogStreaming: Warning: Failed to read file '../../../Engine/Content/Editor/Slate/Niagara/Common/DropZoneIndicator_Above.png' error.
[2021.07.15-19.40.52:866][  0]LogSlate: Could not find file for Slate resource: ../../../Engine/Content/Editor/Slate/Niagara/Common/DropZoneIndicator_Above.png
[2021.07.15-19.40.52:866][  0]LogStreaming: Warning: Failed to read file '../../../Engine/Content/Editor/Slate/Niagara/Common/DropZoneIndicator_Onto.png' error.
[2021.07.15-19.40.52:867][  0]LogSlate: Could not find file for Slate resource: ../../../Engine/Content/Editor/Slate/Niagara/Common/DropZoneIndicator_Onto.png
[2021.07.15-19.40.52:868][  0]LogStreaming: Warning: Failed to read file '../../../Engine/Content/Editor/Slate/Niagara/Common/DropZoneIndicator_Below.png' error.
[2021.07.15-19.40.52:868][  0]LogSlate: Could not find file for Slate resource: ../../../Engine/Content/Editor/Slate/Niagara/Common/DropZoneIndicator_Below.png
[2021.07.15-19.40.52:868][  0]LogStreaming: Warning: Failed to read file '../../../Engine/Content/Editor/Slate/Niagara/Common/RoundedSelection_16x.png' error.
[2021.07.15-19.40.52:872][  0]LogSlate: Could not find file for Slate resource: ../../../Engine/Content/Editor/Slate/Niagara/Common/RoundedSelection_16x.png
[2021.07.15-19.40.52:872][  0]LogStreaming: Warning: Failed to read file '../../../Engine/Content/Editor/Slate/Niagara/Common/FlatButton.png' error.
[2021.07.15-19.40.52:873][  0]LogSlate: Could not find file for Slate resource: ../../../Engine/Content/Editor/Slate/Niagara/Common/FlatButton.png
[2021.07.15-19.40.52:873][  0]LogImageWrapper: Warning: PNG Warning: Duplicate iCCP chunk
[2021.07.15-19.40.52:874][  0]LogImageWrapper: Warning: PNG Warning: Duplicate iCCP chunk
[2021.07.15-19.40.52:875][  0]LogPython: Using Python 3.7.7
[2021.07.15-19.40.53:438][  0]SourceControl: Source control is disabled
[2021.07.15-19.40.53:440][  0]SourceControl: Source control is disabled
[2021.07.15-19.40.53:442][  0]SourceControl: Source control is disabled
[2021.07.15-19.40.53:458][  0]LogUProjectInfo: Found projects:
[2021.07.15-19.40.53:487][  0]LogOpenImageDenoise: OIDN starting up
[2021.07.15-19.40.53:521][  0]LogAndroidPermission: UAndroidPermissionCallbackProxy::GetInstance
[2021.07.15-19.40.53:533][  0]LogAudioCaptureCore: Display: No Audio Capture implementations found. Audio input will be silent.
[2021.07.15-19.40.53:533][  0]LogAudioCaptureCore: Display: No Audio Capture implementations found. Audio input will be silent.
[2021.07.15-19.40.53:598][  0]LogOcInput: OculusInput pre-init called
[2021.07.15-19.40.53:607][  0]LogUObjectArray: 22183 objects as part of root set at end of initial load.
[2021.07.15-19.40.53:607][  0]LogUObjectAllocator: 6025488 out of 0 bytes used by permanent object pool.
[2021.07.15-19.40.53:608][  0]LogUObjectArray: CloseDisregardForGC: 0/0 objects in disregard for GC pool
[2021.07.15-19.40.53:657][  0]LogClass: Display: IntProperty FPongServerData::CurrentPlayers is not initialized properly. Module:UnrealPong File:Public/Core/PongData.h
[2021.07.15-19.40.53:657][  0]LogClass: Display: 1 Uninitialized script struct members found including 0 object properties
[2021.07.15-19.40.53:659][  0]LogEngine: Initializing Engine...
[2021.07.15-19.40.53:659][  0]LogHMD: Failed to enumerate extensions. Please check that you have a valid OpenXR runtime installed.
[2021.07.15-19.40.53:660][  0]LogHMD: Failed to initialize OpenVR with code 110
[2021.07.15-19.40.53:660][  0]LogMagicLeap: Warning: VR disabled because ZI is not enabled.  To enable, in the editor, Edit -> Project Settings -> Plugins -> Magic Leap Plugin -> Enable Zero Iteration
[2021.07.15-19.40.53:663][  0]LogStats: UGameplayTagsManager::InitializeManager -  0.000 s
[2021.07.15-19.40.53:746][  0]LogInit: Initializing FReadOnlyCVARCache
[2021.07.15-19.40.53:747][  0]LogAudio: Display: Initializing Audio Device Manager...
[2021.07.15-19.40.53:751][  0]LogAudio: Display: Loading Default Audio Settings Objects...
[2021.07.15-19.40.53:752][  0]LogAudio: Display: No default SoundConcurrencyObject specified (or failed to load).
[2021.07.15-19.40.53:753][  0]LogAudio: Display: Audio Device Manager Initialized
[2021.07.15-19.40.53:753][  0]LogAudio: Display: Creating Audio Device:                 Id: 1, Scope: Shared, Realtime: True
[2021.07.15-19.40.53:754][  0]LogAudioMixer: Display: Audio Mixer Platform Settings:
[2021.07.15-19.40.53:754][  0]LogAudioMixer: Display: 	Sample Rate:						  48000
[2021.07.15-19.40.53:755][  0]LogAudioMixer: Display: 	Callback Buffer Frame Size Requested: 256
[2021.07.15-19.40.53:755][  0]LogAudioMixer: Display: 	Callback Buffer Frame Size To Use:	  256
[2021.07.15-19.40.53:756][  0]LogAudioMixer: Display: 	Number of buffers to queue:			  7
[2021.07.15-19.40.53:757][  0]LogAudioMixer: Display: 	Max Channels (voices):				  32
[2021.07.15-19.40.53:757][  0]LogAudioMixer: Display: 	Number of Async Source Workers:		  0
[2021.07.15-19.40.53:758][  0]LogAudio: Display: AudioDevice MaxSources: 32
[2021.07.15-19.40.53:759][  0]LogAudio: Display: Audio Spatialization Plugin: None (built-in).
[2021.07.15-19.40.53:759][  0]LogAudio: Display: Audio Reverb Plugin: None (built-in).
[2021.07.15-19.40.53:759][  0]LogAudio: Display: Audio Occlusion Plugin: None (built-in).
[2021.07.15-19.40.53:760][  0]LogAudioMixer: Display: Initializing audio mixer.
[2021.07.15-19.40.53:785][  0]LogAudioMixer: Display: 0: FrontLeft
[2021.07.15-19.40.53:785][  0]LogAudioMixer: Display: 1: FrontRight
[2021.07.15-19.40.53:798][  0]LogAudioMixer: Display: Using Audio Device VoiceMeeter Input (VB-Audio VoiceMeeter VAIO)
[2021.07.15-19.40.53:801][  0]LogAudioMixer: Display: Initializing Sound Submixes...
[2021.07.15-19.40.53:804][  0]LogAudioMixer: Display: Creating Master Submix 'MasterSubmixDefault'
[2021.07.15-19.40.53:804][  0]LogAudioMixer: Display: Creating Master Submix 'MasterReverbSubmixDefault'
[2021.07.15-19.40.53:805][  0]LogAudioMixer: Display: Creating Master Submix 'MasterEQSubmixDefault'
[2021.07.15-19.40.53:805][  0]LogAudioMixer: FMixerPlatformXAudio2::StartAudioStream() called
[2021.07.15-19.40.53:806][  0]LogAudioMixer: Display: Output buffers initialized: Frames=256, Channels=2, Samples=512
[2021.07.15-19.40.53:807][  0]LogAudioMixer: Display: Starting AudioMixerPlatformInterface::RunInternal()
[2021.07.15-19.40.53:807][  0]LogAudioMixer: Display: FMixerPlatformXAudio2::SubmitBuffer() called for the first time
[2021.07.15-19.40.53:807][  0]LogInit: FAudioDevice initialized.
[2021.07.15-19.40.53:809][  0]LogNetVersion: Set ProjectVersion to 1.0.0.0. Version Checksum will be recalculated on next use.
[2021.07.15-19.40.53:860][  0]LogDerivedDataCache: Saved boot cache 0.05s 94MB ../../../../Projects/UnrealPong/DerivedDataCache/Boot.ddc.
[2021.07.15-19.40.53:861][  0]LogInit: Texture streaming: Enabled
[2021.07.15-19.40.53:942][  0]LogUnrealPong: Found subsystem NULL
[2021.07.15-19.40.53:943][  0]LogAudio: Display: Audio Device (ID: 1) registered with world 'Untitled'.
[2021.07.15-19.40.53:944][  0]LogSlate: Updating window title bar state: overlay mode, drag disabled, window buttons hidden, title bar hidden
[2021.07.15-19.40.53:945][  0]LogInit: Display: Game Engine Initialized.
[2021.07.15-19.40.53:945][  0]LogNiagaraEditor: GEditor isn't valid! Particle reset commands will not work for Niagara components!
[2021.07.15-19.40.53:991][  0]LogEncoderNVENC: Created D3D11 device for NVENC on 'NVIDIA GeForce GTX 1080'.
[2021.07.15-19.40.54:090][  0]LogStreaming: Warning: Failed to read file '../../../Engine/Content/Editor/Slate/Niagara/MenuSeparator.png' error.
[2021.07.15-19.40.54:091][  0]LogSlate: Could not find file for Slate resource: ../../../Engine/Content/Editor/Slate/Niagara/MenuSeparator.png
[2021.07.15-19.40.54:091][  0]LogStreaming: Warning: Failed to read file '../../../Engine/Content/Editor/Slate/Niagara/Common/Selection.png' error.
[2021.07.15-19.40.54:092][  0]LogSlate: Could not find file for Slate resource: ../../../Engine/Content/Editor/Slate/Niagara/Common/Selection.png
[2021.07.15-19.40.54:092][  0]LogStreaming: Warning: Failed to read file '../../../Engine/Content/Editor/Slate/Niagara/Common/Selector.png' error.
[2021.07.15-19.40.54:093][  0]LogSlate: Could not find file for Slate resource: ../../../Engine/Content/Editor/Slate/Niagara/Common/Selector.png
[2021.07.15-19.40.54:093][  0]LogStreaming: Warning: Failed to read file '../../../Engine/Content/Editor/Slate/Niagara/Common/DropZoneIndicator_Above.png' error.
[2021.07.15-19.40.54:094][  0]LogSlate: Could not find file for Slate resource: ../../../Engine/Content/Editor/Slate/Niagara/Common/DropZoneIndicator_Above.png
[2021.07.15-19.40.54:094][  0]LogStreaming: Warning: Failed to read file '../../../Engine/Content/Editor/Slate/Niagara/Common/DropZoneIndicator_Below.png' error.
[2021.07.15-19.40.54:095][  0]LogSlate: Could not find file for Slate resource: ../../../Engine/Content/Editor/Slate/Niagara/Common/DropZoneIndicator_Below.png
[2021.07.15-19.40.54:095][  0]LogStreaming: Warning: Failed to read file '../../../Engine/Content/Editor/Slate/Niagara/Common/DropZoneIndicator_Onto.png' error.
[2021.07.15-19.40.54:096][  0]LogSlate: Could not find file for Slate resource: ../../../Engine/Content/Editor/Slate/Niagara/Common/DropZoneIndicator_Onto.png
[2021.07.15-19.40.54:096][  0]LogStreaming: Warning: Failed to read file '../../../Engine/Content/Editor/Slate/Niagara/Common/RoundedSelection_16x.png' error.
[2021.07.15-19.40.54:097][  0]LogSlate: Could not find file for Slate resource: ../../../Engine/Content/Editor/Slate/Niagara/Common/RoundedSelection_16x.png
[2021.07.15-19.40.54:097][  0]LogStreaming: Warning: Failed to read file '../../../Engine/Content/Editor/Slate/Niagara/Common/FlatButton.png' error.
[2021.07.15-19.40.54:098][  0]LogSlate: Could not find file for Slate resource: ../../../Engine/Content/Editor/Slate/Niagara/Common/FlatButton.png
[2021.07.15-19.40.54:098][  0]LogImageWrapper: Warning: PNG Warning: Duplicate iCCP chunk
[2021.07.15-19.40.54:099][  0]LogImageWrapper: Warning: PNG Warning: Duplicate iCCP chunk
[2021.07.15-19.40.54:100][  0]LogInit: Display: Starting Game.
[2021.07.15-19.40.54:100][  0]LogNet: Browse: /Game/Maps/MainMenu?Name=Player
[2021.07.15-19.40.54:100][  0]LogLoad: LoadMap: /Game/Maps/MainMenu?Name=Player
[2021.07.15-19.40.54:100][  0]LogWorld: BeginTearingDown for /Temp/Untitled_0
[2021.07.15-19.40.54:102][  0]LogWorld: UWorld::CleanupWorld for Untitled, bSessionEnded=true, bCleanupResources=true
[2021.07.15-19.40.54:105][  0]LogSlate: InvalidateAllWidgets triggered.  All widgets were invalidated
[2021.07.15-19.40.54:110][  0]LogAudio: Display: Audio Device unregistered from world 'None'.
[2021.07.15-19.40.54:112][  0]LogUObjectHash: Compacting FUObjectHashTables data took   0.81ms
[2021.07.15-19.40.54:117][  0]LogAudio: Display: Audio Device (ID: 1) registered with world 'MainMenu'.
[2021.07.15-19.40.54:123][  0]LogAIModule: Creating AISystem for world MainMenu
[2021.07.15-19.40.54:123][  0]LogLoad: Game class is 'GameModeBase'
[2021.07.15-19.40.54:124][  0]LogWorld: Bringing World /Game/Maps/MainMenu.MainMenu up for play (max tick rate 0) at 2021.07.15-13.40.54
[2021.07.15-19.40.54:125][  0]LogWorld: Bringing up level for play took: 0.000672
[2021.07.15-19.40.54:125][  0]LogGameMode: FindPlayerStart: PATHS NOT DEFINED or NO PLAYERSTART with positive rating
[2021.07.15-19.40.54:127][  0]LogViewport: Display: Viewport MouseLockMode Changed, LockOnCapture -> DoNotLock
[2021.07.15-19.40.54:127][  0]LogViewport: Display: Viewport HideCursorDuringCapture Changed, False -> True
[2021.07.15-19.40.54:128][  0]LogViewport: Display: Viewport MouseCaptureMode Changed, CapturePermanently_IncludingInitialMouseDown -> CaptureDuringMouseDown
[2021.07.15-19.40.54:129][  0]LogLoad: Took 0.028540 seconds to LoadMap(/Game/Maps/MainMenu)
[2021.07.15-19.40.54:258][  0]LogSlate: Took 0.000156 seconds to synchronously load lazily loaded font '../../../Engine/Content/Slate/Fonts/Roboto-Regular.ttf' (155K)
[2021.07.15-19.40.54:322][  0]LogRenderer: Reallocating scene render targets to support 2560x1440 Format 10 NumSamples 1 (Frame:1).
[2021.07.15-19.40.54:322][  0]LogInit: Display: Engine is initialized. Leaving FEngineLoop::Init()
[2021.07.15-19.40.54:324][  0]LogLoad: (Engine Initialization) Total time: 5.39 seconds
[2021.07.15-19.40.54:324][  0]LogLoad: (Engine Initialization) Total Blueprint compile time: 0.00 seconds
[2021.07.15-19.40.54:327][  0]LogContentStreaming: Texture pool size now 1000 MB
[2021.07.15-19.40.54:330][  0]LogSlate: InvalidateAllWidgets triggered.  All widgets were invalidated
[2021.07.15-19.40.54:349][  1]LogSlate: Took 0.000101 seconds to synchronously load lazily loaded font '../../../Engine/Content/Slate/Fonts/Roboto-Regular.ttf' (155K)
[2021.07.15-19.40.57:002][503]LogUnrealPong: Starting Find Session
[2021.07.15-19.41.02:001][642]LogUnrealPong: Finished Find Session
[2021.07.15-19.41.02:001][642]LogUnrealPong: Found session names: B8DBFD1848291E6857FFCF817ED3403D
[2021.07.15-19.41.02:002][642]LogUnrealPong: Open public connections: 2
[2021.07.15-19.41.03:353][949]LogUnrealPongUI: Selected Index 0
[2021.07.15-19.41.03:353][949]LogUnrealPong: Joining 192.168.50.106:7777
[2021.07.15-19.41.03:354][949]LogNet: Browse: 192.168.50.106/Game/Maps/MainMenu
[2021.07.15-19.41.03:355][949]LogInit: WinSock: Socket queue. Rx: 32768 (config 32768) Tx: 32768 (config 32768)
[2021.07.15-19.41.03:356][949]LogNet: Created socket for bind address: 0.0.0.0 on port 0
[2021.07.15-19.41.03:356][949]PacketHandlerLog: Loaded PacketHandler component: Engine.EngineHandlerComponentFactory (StatelessConnectHandlerComponent)
[2021.07.15-19.41.03:357][949]LogNet: Game client on port 7777, rate 100000
[2021.07.15-19.41.04:367][188]LogHandshake: SendChallengeResponse. Timestamp: 17.324391, Cookie: 136169251195220110158236097118045119015205213133040141017162
[2021.07.15-19.41.04:378][189]LogNetVersion: UnrealPong 1.0.0.0, NetCL: 0, EngineNetVer: 17, GameNetVer: 0 (Checksum: 3366191228)
[2021.07.15-19.41.04:378][189]LogNet: UPendingNetGame::SendInitialJoin: Sending hello. [UNetConnection] RemoteAddr: 192.168.50.106:7777, Name: IpConnection_0, Driver: PendingNetDriver IpNetDriver_0, IsServer: NO, PC: NULL, Owner: NULL, UniqueId: INVALID
[2021.07.15-19.41.04:403][195]LogNet: Welcomed by server (Level: /Game/Maps/Game, Game: /Game/Blueprints/BP_PongGameMode.BP_PongGameMode_C)
[2021.07.15-19.41.04:403][195]LogLoad: LoadMap: 192.168.50.106/Game/Maps/Game?game=/Game/Blueprints/BP_PongGameMode.BP_PongGameMode_C
[2021.07.15-19.41.04:404][195]LogWorld: BeginTearingDown for /Game/Maps/MainMenu
[2021.07.15-19.41.04:405][195]LogWorld: UWorld::CleanupWorld for MainMenu, bSessionEnded=true, bCleanupResources=true
[2021.07.15-19.41.04:405][195]LogSlate: InvalidateAllWidgets triggered.  All widgets were invalidated
[2021.07.15-19.41.04:410][195]LogAudio: Display: Audio Device unregistered from world 'None'.
[2021.07.15-19.41.04:416][195]LogUObjectHash: Compacting FUObjectHashTables data took   0.73ms
[2021.07.15-19.41.04:429][195]LogAudio: Display: Audio Device (ID: 1) registered with world 'Game'.
[2021.07.15-19.41.04:431][195]LogWorld: Bringing World /Game/Maps/Game.Game up for play (max tick rate 0) at 2021.07.15-13.41.04
[2021.07.15-19.41.04:431][195]LogWorld: Bringing up level for play took: 0.000986
[2021.07.15-19.41.04:432][195]LogLoad: Took 0.029169 seconds to LoadMap(/Game/Maps/Game)
[2021.07.15-19.41.04:470][198]LogOnlineSession: Warning: OSS: No game present to join for session (GameSession)
[2021.07.15-19.41.04:472][198]LogOnlineSession: Warning: OSS: No game present to join for session (GameSession)
[2021.07.15-19.41.07:631][150]LogNet: Warning: UNetDriver::ProcessRemoteFunction: No owning connection for actor BP_PongGameState_C_0. Function IncrementScore will not be processed.
[2021.07.15-19.41.07:634][151]LogNet: Warning: UNetDriver::ProcessRemoteFunction: No owning connection for actor BP_PongGameState_C_0. Function IncrementScore will not be processed.
[2021.07.15-19.41.12:798][713]LogNet: Warning: UNetDriver::ProcessRemoteFunction: No owning connection for actor BP_PongGameState_C_0. Function IncrementScore will not be processed.
[2021.07.15-19.41.12:801][714]LogNet: Warning: UNetDriver::ProcessRemoteFunction: No owning connection for actor BP_PongGameState_C_0. Function IncrementScore will not be processed.
[2021.07.15-19.41.27:522][469]LogNet: Warning: UNetDriver::ProcessRemoteFunction: No owning connection for actor BP_PongGameState_C_0. Function IncrementScore will not be processed.
[2021.07.15-19.41.28:926][554]LogNet: Error: UEngine::BroadcastNetworkFailure: FailureType = FailureReceived, ErrorString = Host closed the connection., Driver = GameNetDriver IpNetDriver_0
[2021.07.15-19.41.28:928][554]LogNet: Warning: Network Failure: GameNetDriver[FailureReceived]: Host closed the connection.
[2021.07.15-19.41.28:929][554]LogNet: NetworkFailure: FailureReceived, Error: 'Host closed the connection.'
[2021.07.15-19.41.28:929][554]LogNet: UNetConnection::Close: [UNetConnection] RemoteAddr: 192.168.50.106:7777, Name: IpConnection_0, Driver: GameNetDriver IpNetDriver_0, IsServer: NO, PC: BP_PongController_C_0, Owner: BP_PongController_C_0, UniqueId: NULL:Argonaut-5E71BE764061ECA7AD108BA3F5E4E9DE, Channels: 12, Time: 2021.07.15-19.41.28
[2021.07.15-19.41.28:930][554]LogNet: UChannel::Close: Sending CloseBunch. ChIndex == 0. Name: [UChannel] ChIndex: 0, Closing: 0 [UNetConnection] RemoteAddr: 192.168.50.106:7777, Name: IpConnection_0, Driver: GameNetDriver IpNetDriver_0, IsServer: NO, PC: BP_PongController_C_0, Owner: BP_PongController_C_0, UniqueId: NULL:Argonaut-5E71BE764061ECA7AD108BA3F5E4E9DE
[2021.07.15-19.41.28:930][554]LogNet: Error: UEngine::BroadcastNetworkFailure: FailureType = ConnectionLost, ErrorString = Your connection to the host has been lost., Driver = GameNetDriver IpNetDriver_0
[2021.07.15-19.41.28:932][555]LogNet: Browse: /Game/Maps/MainMenu
[2021.07.15-19.41.28:932][555]LogLoad: LoadMap: /Game/Maps/MainMenu
[2021.07.15-19.41.28:933][555]LogWorld: BeginTearingDown for /Game/Maps/Game
[2021.07.15-19.41.28:934][555]LogNet: World NetDriver shutdown IpNetDriver_0 [GameNetDriver]
[2021.07.15-19.41.28:934][555]LogNet: DestroyNamedNetDriver IpNetDriver_0 [GameNetDriver]
[2021.07.15-19.41.28:934][555]LogExit: GameNetDriver IpNetDriver_0 shut down
[2021.07.15-19.41.28:936][555]LogWorld: UWorld::CleanupWorld for Game, bSessionEnded=true, bCleanupResources=true
[2021.07.15-19.41.28:936][555]LogSlate: InvalidateAllWidgets triggered.  All widgets were invalidated
[2021.07.15-19.41.28:939][555]LogAudio: Display: Audio Device unregistered from world 'None'.
[2021.07.15-19.41.28:941][555]LogUObjectHash: Compacting FUObjectHashTables data took   0.58ms
[2021.07.15-19.41.28:944][555]LogAudio: Display: Audio Device (ID: 1) registered with world 'MainMenu'.
[2021.07.15-19.41.28:945][555]LogAIModule: Creating AISystem for world MainMenu
[2021.07.15-19.41.28:948][555]LogLoad: Game class is 'GameModeBase'
[2021.07.15-19.41.28:949][555]LogWorld: Bringing World /Game/Maps/MainMenu.MainMenu up for play (max tick rate 0) at 2021.07.15-13.41.28
[2021.07.15-19.41.28:949][555]LogWorld: Bringing up level for play took: 0.000720
[2021.07.15-19.41.28:950][555]LogGameMode: FindPlayerStart: PATHS NOT DEFINED or NO PLAYERSTART with positive rating
[2021.07.15-19.41.28:951][555]LogLoad: Took 0.018387 seconds to LoadMap(/Game/Maps/MainMenu)
