Log file open, 07/15/21 13:18:23
LogWindows: Failed to load 'aqProf.dll' (GetLastError=126)
LogWindows: File 'aqProf.dll' does not exist
LogWindows: Failed to load 'VtuneApi.dll' (GetLastError=126)
LogWindows: File 'VtuneApi.dll' does not exist
LogWindows: Failed to load 'VtuneApi32e.dll' (GetLastError=126)
LogWindows: File 'VtuneApi32e.dll' does not exist
LogConsoleResponse: Display: Failed to find resolution value strings in scalability ini. Falling back to default.
LogConsoleResponse: Display: Failed to find resolution value strings in scalability ini. Falling back to default.
LogInit: Display: Running engine for game: UnrealPong
LogPlatformFile: Not using cached read wrapper
LogTaskGraph: Started task graph with 5 named threads and 35 total threads with 3 sets of task threads.
LogStats: Stats thread started at 0.420626
LogICUInternationalization: ICU TimeZone Detection - Raw Offset: -7:00, Platform Override: ''
LogInit: Display: Loading text-based GConfig....
LogPluginManager: Mounting plugin MeshPainting
LogPluginManager: Mounting plugin XGEController
LogPluginManager: Mounting plugin Paper2D
LogPluginManager: Mounting plugin LiveLink
LogPluginManager: Mounting plugin AISupport
LogPluginManager: Mounting plugin EnvironmentQueryEditor
LogPluginManager: Mounting plugin CameraShakePreviewer
LogPluginManager: Mounting plugin LightPropagationVolume
LogPluginManager: Mounting plugin GameplayCameras
LogPluginManager: Mounting plugin OodleData
LogPluginManager: Mounting plugin OodleNetwork
LogPluginManager: Mounting plugin AssetManagerEditor
LogPluginManager: Mounting plugin CryptoKeys
LogPluginManager: Mounting plugin CurveEditorTools
LogPluginManager: Mounting plugin DataValidation
LogPluginManager: Mounting plugin GameplayTagsEditor
LogPluginManager: Mounting plugin FacialAnimation
LogPluginManager: Mounting plugin DatasmithContent
LogPluginManager: Mounting plugin GeometryMode
LogPluginManager: Mounting plugin MacGraphicsSwitching
LogPluginManager: Mounting plugin MaterialAnalyzer
LogPluginManager: Mounting plugin PluginBrowser
LogPluginManager: Mounting plugin MobileLauncherProfileWizard
LogPluginManager: Mounting plugin SpeedTreeImporter
LogPluginManager: Mounting plugin VariantManagerContent
LogPluginManager: Mounting plugin AnimationSharing
LogPluginManager: Mounting plugin CLionSourceCodeAccess
LogPluginManager: Mounting plugin CodeLiteSourceCodeAccess
LogPluginManager: Mounting plugin GitSourceControl
LogPluginManager: Mounting plugin NullSourceCodeAccess
LogPluginManager: Mounting plugin PerforceSourceControl
LogPluginManager: Mounting plugin PixWinPlugin
LogPluginManager: Mounting plugin KDevelopSourceCodeAccess
LogPluginManager: Mounting plugin PlasticSourceControl
LogPluginManager: Mounting plugin PluginUtils
LogPluginManager: Mounting plugin PropertyAccessNode
LogPluginManager: Mounting plugin RiderLink
LogPluginManager: Mounting plugin RiderSourceCodeAccess
LogPluginManager: Mounting plugin SubversionSourceControl
LogPluginManager: Mounting plugin TextureFormatOodle
LogPluginManager: Mounting plugin UObjectPlugin
LogPluginManager: Mounting plugin VisualStudioCodeSourceCodeAccess
LogPluginManager: Mounting plugin VisualStudioSourceCodeAccess
LogPluginManager: Mounting plugin XCodeSourceCodeAccess
LogPluginManager: Mounting plugin Niagara
LogPluginManager: Mounting plugin AndroidMedia
LogPluginManager: Mounting plugin AvfMedia
LogPluginManager: Mounting plugin AlembicImporter
LogPluginManager: Mounting plugin HardwareEncoders
LogPluginManager: Mounting plugin AutomationUtils
LogPluginManager: Mounting plugin LuminPlatformFeatures
LogPluginManager: Mounting plugin ImgMedia
LogPluginManager: Mounting plugin BackChannel
LogPluginManager: Mounting plugin MagicLeap
LogPluginManager: Mounting plugin ActorSequence
LogPluginManager: Mounting plugin ChaosCloth
LogPluginManager: Mounting plugin MediaCompositing
LogPluginManager: Mounting plugin LevelSequenceEditor
LogPluginManager: Mounting plugin MatineeToLevelSequence
LogPluginManager: Mounting plugin ChaosClothEditor
LogPluginManager: Mounting plugin ChaosEditor
LogPluginManager: Mounting plugin MediaPlayerEditor
LogPluginManager: Mounting plugin WebMMedia
LogPluginManager: Mounting plugin ChaosNiagara
LogPluginManager: Mounting plugin MagicLeapLightEstimation
LogPluginManager: Mounting plugin WmfMedia
LogPluginManager: Mounting plugin MagicLeapMedia
LogPluginManager: Mounting plugin ChaosSolverPlugin
LogPluginManager: Mounting plugin CharacterAI
LogPluginManager: Mounting plugin TemplateSequence
LogPluginManager: Mounting plugin TcpMessaging
LogPluginManager: Mounting plugin UdpMessaging
LogPluginManager: Mounting plugin MagicLeapPassableWorld
LogPluginManager: Mounting plugin MLSDK
LogPluginManager: Mounting plugin LauncherChunkInstaller
LogPluginManager: Mounting plugin GeometryCache
LogPluginManager: Mounting plugin OnlineSubsystem
LogPluginManager: Mounting plugin OnlineSubsystemNull
LogPluginManager: Mounting plugin OnlineSubsystemUtils
LogPluginManager: Mounting plugin GeometryCollectionPlugin
LogPluginManager: Mounting plugin GeometryProcessing
LogPluginManager: Mounting plugin OpenImageDenoise
LogPluginManager: Mounting plugin PlatformCrypto
LogPluginManager: Mounting plugin MotoSynth
LogPluginManager: Mounting plugin PlanarCut
LogPluginManager: Mounting plugin PythonScriptPlugin
LogPluginManager: Mounting plugin ProxyLODPlugin
LogPluginManager: Mounting plugin SkeletalReduction
LogPluginManager: Mounting plugin ActorLayerUtilities
LogPluginManager: Mounting plugin ScreenshotTools
LogPluginManager: Mounting plugin AndroidDeviceProfileSelector
LogPluginManager: Mounting plugin AndroidMoviePlayer
LogPluginManager: Mounting plugin AndroidPermission
LogPluginManager: Mounting plugin AppleMoviePlayer
LogPluginManager: Mounting plugin AppleImageUtils
LogPluginManager: Mounting plugin AudioCapture
LogPluginManager: Mounting plugin AssetTags
LogPluginManager: Mounting plugin ArchVisCharacter
LogPluginManager: Mounting plugin AudioSynesthesia
LogPluginManager: Mounting plugin CableComponent
LogPluginManager: Mounting plugin ChunkDownloader
LogPluginManager: Mounting plugin EditableMesh
LogPluginManager: Mounting plugin GoogleCloudMessaging
LogPluginManager: Mounting plugin ExampleDeviceProfileSelector
LogPluginManager: Mounting plugin CustomMeshComponent
LogPluginManager: Mounting plugin GooglePAD
LogPluginManager: Mounting plugin IOSDeviceProfileSelector
LogPluginManager: Mounting plugin LinuxDeviceProfileSelector
LogPluginManager: Mounting plugin LocationServicesBPLibrary
LogPluginManager: Mounting plugin Takes
LogPluginManager: Mounting plugin MobilePatchingUtils
LogPluginManager: Mounting plugin OpenXREyeTracker
LogPluginManager: Mounting plugin OpenXR
LogPluginManager: Mounting plugin OpenXRHandTracking
LogPluginManager: Mounting plugin PostSplashScreen
LogPluginManager: Mounting plugin PhysXVehicles
LogPluginManager: Mounting plugin PropertyAccessEditor
LogPluginManager: Mounting plugin ProceduralMeshComponent
LogPluginManager: Mounting plugin RuntimePhysXCooking
LogPluginManager: Mounting plugin SoundFields
LogPluginManager: Mounting plugin SignificanceManager
LogPluginManager: Mounting plugin Synthesis
LogPluginManager: Mounting plugin WebMMoviePlayer
LogPluginManager: Mounting plugin WindowsMoviePlayer
LogPluginManager: Mounting plugin ContentBrowserClassDataSource
LogPluginManager: Mounting plugin ContentBrowserFileDataSource
LogPluginManager: Mounting plugin ContentBrowserAssetDataSource
LogPluginManager: Mounting plugin OnlineSubsystemIOS
LogPluginManager: Mounting plugin OnlineSubsystemGooglePlay
LogPluginManager: Mounting plugin OculusVR
LogPluginManager: Mounting plugin SteamVR
LogPluginManager: Mounting plugin BPEditorExtension
LogPluginManager: Mounting plugin EpicStudioAnalytics
LogPluginManager: Mounting plugin ObjectBrowser
PixWinPlugin: PIX capture plugin failed to initialize! Check that the process is launched from PIX.
LogWindows: Failed to load 'amfrt64.dll' (GetLastError=126)
LogWindows: File 'amfrt64.dll' does not exist
LogD3D11RHI: Loaded GFSDK_Aftermath_Lib.x64.dll
LogD3D11RHI: D3D11 min allowed feature level: 11_0
LogD3D11RHI: D3D11 max allowed feature level: 11_0
LogD3D11RHI: D3D11 adapters:
LogD3D11RHI:    0. 'NVIDIA GeForce GTX 1080' (Feature Level 11_0)
LogD3D11RHI:       8079/0/16354 MB DedicatedVideo/DedicatedSystem/SharedSystem, Outputs:2, VendorId:0x10de
LogD3D11RHI:    1. 'Microsoft Basic Render Driver' (Feature Level 11_0)
LogD3D11RHI:       0/0/16354 MB DedicatedVideo/DedicatedSystem/SharedSystem, Outputs:0, VendorId:0x1414
LogD3D11RHI: Chosen D3D11 Adapter: 0
LogInit: Using libcurl 7.55.1-DEV
LogInit:  - built for x86_64-pc-win32
LogInit:  - supports SSL with OpenSSL/1.1.1
LogInit:  - supports HTTP deflate (compression) using libz 1.2.8
LogInit:  - other features:
LogInit:      CURL_VERSION_SSL
LogInit:      CURL_VERSION_LIBZ
LogInit:      CURL_VERSION_IPV6
LogInit:      CURL_VERSION_ASYNCHDNS
LogInit:      CURL_VERSION_LARGEFILE
LogInit:      CURL_VERSION_IDN
LogInit:  CurlRequestOptions (configurable via config and command line):
LogInit:  - bVerifyPeer = true  - Libcurl will verify peer certificate
LogInit:  - bUseHttpProxy = false  - Libcurl will NOT use HTTP proxy
LogInit:  - bDontReuseConnections = false  - Libcurl will reuse connections
LogInit:  - MaxHostConnections = 16  - Libcurl will limit the number of connections to a host
LogInit:  - LocalHostAddr = Default
LogInit:  - BufferSize = 65536
LogOnline: OSS: Creating online subsystem instance for: NULL
LogInit: WinSock: version 1.1 (2.2), MaxSocks=32767, MaxUdp=65467
LogOnline: OSS: TryLoadSubsystemAndSetDefault: Loaded subsystem for module [NULL]
LogOculusPluginWrapper: OculusPlugin initialized successfully
LogHMD: Failed initializing OVRPlugin 1.59.0
LogInit: Build: ++UE4+Release-4.27-CL-0
LogInit: Engine Version: 4.27.0-0+++UE4+Release-4.27
LogInit: Compatible Engine Version: 4.27.0-0+++UE4+Release-4.27
LogInit: Net CL: 0
LogInit: OS: Windows 10 (Release 2009) (), CPU: AMD Ryzen 5 3600 6-Core Processor              , GPU: NVIDIA GeForce GTX 1080
LogInit: Compiled (64-bit): Jul 14 2021 08:36:12
LogInit: Compiled with Visual C++: 19.29.30038.01
LogInit: Build Configuration: Development
LogInit: Branch Name: ++UE4+Release-4.27
LogInit: Command Line:  -skipcompile
LogInit: Base Directory: C:/Users/zonks/Documents/Unreal/Engine/Engine/Binaries/Win64/
LogInit: Allocator: TBB
LogInit: Installed Engine Build: 0
LogDevObjectVersion: Number of dev versions registered: 29
LogDevObjectVersion:   Dev-Blueprints (B0D832E4-1F89-4F0D-ACCF-7EB736FD4AA2): 10
LogDevObjectVersion:   Dev-Build (E1C64328-A22C-4D53-A36C-8E866417BD8C): 0
LogDevObjectVersion:   Dev-Core (375EC13C-06E4-48FB-B500-84F0262A717E): 4
LogDevObjectVersion:   Dev-Editor (E4B068ED-F494-42E9-A231-DA0B2E46BB41): 40
LogDevObjectVersion:   Dev-Framework (CFFC743F-43B0-4480-9391-14DF171D2073): 37
LogDevObjectVersion:   Dev-Mobile (B02B49B5-BB20-44E9-A304-32B752E40360): 3
LogDevObjectVersion:   Dev-Networking (A4E4105C-59A1-49B5-A7C5-40C4547EDFEE): 0
LogDevObjectVersion:   Dev-Online (39C831C9-5AE6-47DC-9A44-9C173E1C8E7C): 0
LogDevObjectVersion:   Dev-Physics (78F01B33-EBEA-4F98-B9B4-84EACCB95AA2): 14
LogDevObjectVersion:   Dev-Platform (6631380F-2D4D-43E0-8009-CF276956A95A): 0
LogDevObjectVersion:   Dev-Rendering (12F88B9F-8875-4AFC-A67C-D90C383ABD29): 45
LogDevObjectVersion:   Dev-Sequencer (7B5AE74C-D270-4C10-A958-57980B212A5A): 13
LogDevObjectVersion:   Dev-VR (D7296918-1DD6-4BDD-9DE2-64A83CC13884): 3
LogDevObjectVersion:   Dev-LoadTimes (C2A15278-BFE7-4AFE-6C17-90FF531DF755): 1
LogDevObjectVersion:   Private-Geometry (6EACA3D4-40EC-4CC1-B786-8BED09428FC5): 3
LogDevObjectVersion:   Dev-AnimPhys (29E575DD-E0A3-4627-9D10-D276232CDCEA): 17
LogDevObjectVersion:   Dev-Anim (AF43A65D-7FD3-4947-9873-3E8ED9C1BB05): 15
LogDevObjectVersion:   Dev-ReflectionCapture (6B266CEC-1EC7-4B8F-A30B-E4D90942FC07): 1
LogDevObjectVersion:   Dev-Automation (0DF73D61-A23F-47EA-B727-89E90C41499A): 1
LogDevObjectVersion:   FortniteMain (601D1886-AC64-4F84-AA16-D3DE0DEAC7D6): 47
LogDevObjectVersion:   FortniteRelease (E7086368-6B23-4C58-8439-1B7016265E91): 1
LogDevObjectVersion:   Dev-Enterprise (9DFFBCD6-494F-0158-E221-12823C92A888): 10
LogDevObjectVersion:   Dev-Niagara (F2AED0AC-9AFE-416F-8664-AA7FFA26D6FC): 1
LogDevObjectVersion:   Dev-Destruction (174F1F0B-B4C6-45A5-B13F-2EE8D0FB917D): 10
LogDevObjectVersion:   Dev-Physics-Ext (35F94A83-E258-406C-A318-09F59610247C): 41
LogDevObjectVersion:   Dev-PhysicsMaterial-Chaos (B68FC16E-8B1B-42E2-B453-215C058844FE): 1
LogDevObjectVersion:   Dev-CineCamera (B2E18506-4273-CFC2-A54E-F4BB758BBA07): 1
LogDevObjectVersion:   Dev-VirtualProduction (64F58936-FD1B-42BA-BA96-7289D5D0FA4E): 1
LogDevObjectVersion:   Dev-MediaFramework (6F0ED827-A609-4895-9C91-998D90180EA4): 2
LogInit: Presizing for max 25165824 objects, including 0 objects not considered by GC, pre-allocating 0 bytes for permanent pool.
LogConfig: Applying CVar settings from Section [/Script/Engine.StreamingSettings] File [C:/Users/zonks/Documents/Unreal/Projects/UnrealPong/Saved/Config/Windows/Engine.ini]
LogConfig: Setting CVar [[s.MinBulkDataSizeForAsyncLoading:131072]]
LogConfig: Setting CVar [[s.AsyncLoadingThreadEnabled:0]]
LogConfig: Setting CVar [[s.EventDrivenLoaderEnabled:1]]
LogConfig: Setting CVar [[s.WarnIfTimeLimitExceeded:0]]
LogConfig: Setting CVar [[s.TimeLimitExceededMultiplier:1.5]]
LogConfig: Setting CVar [[s.TimeLimitExceededMinTime:0.005]]
LogConfig: Setting CVar [[s.UseBackgroundLevelStreaming:1]]
LogConfig: Setting CVar [[s.PriorityAsyncLoadingExtraTime:15.0]]
LogConfig: Setting CVar [[s.LevelStreamingActorsUpdateTimeLimit:5.0]]
LogConfig: Setting CVar [[s.PriorityLevelStreamingActorsUpdateExtraTime:5.0]]
LogConfig: Setting CVar [[s.LevelStreamingComponentsRegistrationGranularity:10]]
LogConfig: Setting CVar [[s.UnregisterComponentsTimeLimit:1.0]]
LogConfig: Setting CVar [[s.LevelStreamingComponentsUnregistrationGranularity:5]]
LogConfig: Setting CVar [[s.FlushStreamingOnExit:1]]
LogInit: Object subsystem initialized
LogConfig: Setting CVar [[con.DebugEarlyDefault:1]]
LogConfig: Setting CVar [[r.setres:1280x720]]
[2021.07.15-19.18.24:806][  0]LogConfig: Setting CVar [[r.VSync:0]]
[2021.07.15-19.18.24:806][  0]LogConfig: Setting CVar [[r.RHICmdBypass:0]]
[2021.07.15-19.18.24:806][  0]LogConfig: Applying CVar settings from Section [/Script/Engine.RendererSettings] File [C:/Users/zonks/Documents/Unreal/Projects/UnrealPong/Saved/Config/Windows/Engine.ini]
[2021.07.15-19.18.24:806][  0]LogConfig: Setting CVar [[r.GPUCrashDebugging:0]]
[2021.07.15-19.18.24:806][  0]LogConfig: Setting CVar [[r.DefaultFeature.AutoExposure.ExtendDefaultLuminanceRange:1]]
[2021.07.15-19.18.24:806][  0]LogConfig: Applying CVar settings from Section [/Script/Engine.RendererOverrideSettings] File [C:/Users/zonks/Documents/Unreal/Projects/UnrealPong/Saved/Config/Windows/Engine.ini]
[2021.07.15-19.18.24:806][  0]LogConfig: Applying CVar settings from Section [/Script/Engine.StreamingSettings] File [C:/Users/zonks/Documents/Unreal/Projects/UnrealPong/Saved/Config/Windows/Engine.ini]
[2021.07.15-19.18.24:806][  0]LogConfig: Setting CVar [[s.MinBulkDataSizeForAsyncLoading:131072]]
[2021.07.15-19.18.24:807][  0]LogConfig: Setting CVar [[s.AsyncLoadingThreadEnabled:0]]
[2021.07.15-19.18.24:807][  0]LogConfig: Setting CVar [[s.EventDrivenLoaderEnabled:1]]
[2021.07.15-19.18.24:807][  0]LogConfig: Setting CVar [[s.WarnIfTimeLimitExceeded:0]]
[2021.07.15-19.18.24:807][  0]LogConfig: Setting CVar [[s.TimeLimitExceededMultiplier:1.5]]
[2021.07.15-19.18.24:807][  0]LogConfig: Setting CVar [[s.TimeLimitExceededMinTime:0.005]]
[2021.07.15-19.18.24:807][  0]LogConfig: Setting CVar [[s.UseBackgroundLevelStreaming:1]]
[2021.07.15-19.18.24:807][  0]LogConfig: Setting CVar [[s.PriorityAsyncLoadingExtraTime:15.0]]
[2021.07.15-19.18.24:807][  0]LogConfig: Setting CVar [[s.LevelStreamingActorsUpdateTimeLimit:5.0]]
[2021.07.15-19.18.24:807][  0]LogConfig: Setting CVar [[s.PriorityLevelStreamingActorsUpdateExtraTime:5.0]]
[2021.07.15-19.18.24:807][  0]LogConfig: Setting CVar [[s.LevelStreamingComponentsRegistrationGranularity:10]]
[2021.07.15-19.18.24:807][  0]LogConfig: Setting CVar [[s.UnregisterComponentsTimeLimit:1.0]]
[2021.07.15-19.18.24:807][  0]LogConfig: Setting CVar [[s.LevelStreamingComponentsUnregistrationGranularity:5]]
[2021.07.15-19.18.24:807][  0]LogConfig: Setting CVar [[s.FlushStreamingOnExit:1]]
[2021.07.15-19.18.24:807][  0]LogConfig: Applying CVar settings from Section [/Script/Engine.GarbageCollectionSettings] File [C:/Users/zonks/Documents/Unreal/Projects/UnrealPong/Saved/Config/Windows/Engine.ini]
[2021.07.15-19.18.24:807][  0]LogConfig: Setting CVar [[gc.MaxObjectsNotConsideredByGC:1]]
[2021.07.15-19.18.24:807][  0]LogConfig: Setting CVar [[gc.SizeOfPermanentObjectPool:0]]
[2021.07.15-19.18.24:807][  0]LogConfig: Setting CVar [[gc.FlushStreamingOnGC:0]]
[2021.07.15-19.18.24:807][  0]LogConfig: Setting CVar [[gc.NumRetriesBeforeForcingGC:10]]
[2021.07.15-19.18.24:807][  0]LogConfig: Setting CVar [[gc.AllowParallelGC:1]]
[2021.07.15-19.18.24:807][  0]LogConfig: Setting CVar [[gc.TimeBetweenPurgingPendingKillObjects:61.1]]
[2021.07.15-19.18.24:808][  0]LogConfig: Setting CVar [[gc.MaxObjectsInEditor:25165824]]
[2021.07.15-19.18.24:808][  0]LogConfig: Setting CVar [[gc.IncrementalBeginDestroyEnabled:1]]
[2021.07.15-19.18.24:808][  0]LogConfig: Setting CVar [[gc.CreateGCClusters:1]]
[2021.07.15-19.18.24:808][  0]LogConfig: Setting CVar [[gc.MinGCClusterSize:5]]
[2021.07.15-19.18.24:808][  0]LogConfig: Setting CVar [[gc.ActorClusteringEnabled:0]]
[2021.07.15-19.18.24:808][  0]LogConfig: Setting CVar [[gc.BlueprintClusteringEnabled:0]]
[2021.07.15-19.18.24:808][  0]LogConfig: Setting CVar [[gc.UseDisregardForGCOnDedicatedServers:0]]
[2021.07.15-19.18.24:808][  0]LogConfig: Setting CVar [[gc.MultithreadedDestructionEnabled:1]]
[2021.07.15-19.18.24:808][  0]LogConfig: Applying CVar settings from Section [/Script/Engine.NetworkSettings] File [C:/Users/zonks/Documents/Unreal/Projects/UnrealPong/Saved/Config/Windows/Engine.ini]
[2021.07.15-19.18.24:808][  0]LogConfig: Applying CVar settings from Section [/Script/UnrealEd.CookerSettings] File [C:/Users/zonks/Documents/Unreal/Projects/UnrealPong/Saved/Config/Windows/Engine.ini]
[2021.07.15-19.18.24:832][  0]LogConfig: Applying CVar settings from Section [ViewDistanceQuality@3] File [C:/Users/zonks/Documents/Unreal/Projects/UnrealPong/Saved/Config/Windows/Scalability.ini]
[2021.07.15-19.18.24:832][  0]LogConfig: Setting CVar [[r.SkeletalMeshLODBias:0]]
[2021.07.15-19.18.24:832][  0]LogConfig: Setting CVar [[r.ViewDistanceScale:1.0]]
[2021.07.15-19.18.24:832][  0]LogConfig: Applying CVar settings from Section [AntiAliasingQuality@3] File [C:/Users/zonks/Documents/Unreal/Projects/UnrealPong/Saved/Config/Windows/Scalability.ini]
[2021.07.15-19.18.24:832][  0]LogConfig: Setting CVar [[r.PostProcessAAQuality:4]]
[2021.07.15-19.18.24:833][  0]LogConfig: Applying CVar settings from Section [ShadowQuality@3] File [C:/Users/zonks/Documents/Unreal/Projects/UnrealPong/Saved/Config/Windows/Scalability.ini]
[2021.07.15-19.18.24:833][  0]LogConfig: Setting CVar [[r.LightFunctionQuality:1]]
[2021.07.15-19.18.24:833][  0]LogConfig: Setting CVar [[r.ShadowQuality:5]]
[2021.07.15-19.18.24:833][  0]LogConfig: Setting CVar [[r.Shadow.CSM.MaxCascades:10]]
[2021.07.15-19.18.24:833][  0]LogConfig: Setting CVar [[r.Shadow.MaxResolution:2048]]
[2021.07.15-19.18.24:833][  0]LogConfig: Setting CVar [[r.Shadow.MaxCSMResolution:2048]]
[2021.07.15-19.18.24:833][  0]LogConfig: Setting CVar [[r.Shadow.RadiusThreshold:0.01]]
[2021.07.15-19.18.24:833][  0]LogConfig: Setting CVar [[r.Shadow.DistanceScale:1.0]]
[2021.07.15-19.18.24:833][  0]LogConfig: Setting CVar [[r.Shadow.CSM.TransitionScale:1.0]]
[2021.07.15-19.18.24:833][  0]LogConfig: Setting CVar [[r.Shadow.PreShadowResolutionFactor:1.0]]
[2021.07.15-19.18.24:833][  0]LogConfig: Setting CVar [[r.DistanceFieldShadowing:1]]
[2021.07.15-19.18.24:833][  0]LogConfig: Setting CVar [[r.DistanceFieldAO:1]]
[2021.07.15-19.18.24:833][  0]LogConfig: Setting CVar [[r.AOQuality:2]]
[2021.07.15-19.18.24:833][  0]LogConfig: Setting CVar [[r.VolumetricFog:1]]
[2021.07.15-19.18.24:833][  0]LogConfig: Setting CVar [[r.VolumetricFog.GridPixelSize:8]]
[2021.07.15-19.18.24:833][  0]LogConfig: Setting CVar [[r.VolumetricFog.GridSizeZ:128]]
[2021.07.15-19.18.24:833][  0]LogConfig: Setting CVar [[r.VolumetricFog.HistoryMissSupersampleCount:4]]
[2021.07.15-19.18.24:833][  0]LogConfig: Setting CVar [[r.LightMaxDrawDistanceScale:1]]
[2021.07.15-19.18.24:833][  0]LogConfig: Setting CVar [[r.CapsuleShadows:1]]
[2021.07.15-19.18.24:833][  0]LogConfig: Applying CVar settings from Section [PostProcessQuality@3] File [C:/Users/zonks/Documents/Unreal/Projects/UnrealPong/Saved/Config/Windows/Scalability.ini]
[2021.07.15-19.18.24:834][  0]LogConfig: Setting CVar [[r.MotionBlurQuality:4]]
[2021.07.15-19.18.24:834][  0]LogConfig: Setting CVar [[r.AmbientOcclusionMipLevelFactor:0.4]]
[2021.07.15-19.18.24:834][  0]LogConfig: Setting CVar [[r.AmbientOcclusionMaxQuality:100]]
[2021.07.15-19.18.24:834][  0]LogConfig: Setting CVar [[r.AmbientOcclusionLevels:-1]]
[2021.07.15-19.18.24:834][  0]LogConfig: Setting CVar [[r.AmbientOcclusionRadiusScale:1.0]]
[2021.07.15-19.18.24:834][  0]LogConfig: Setting CVar [[r.DepthOfFieldQuality:2]]
[2021.07.15-19.18.24:834][  0]LogConfig: Setting CVar [[r.RenderTargetPoolMin:400]]
[2021.07.15-19.18.24:834][  0]LogConfig: Setting CVar [[r.LensFlareQuality:2]]
[2021.07.15-19.18.24:834][  0]LogConfig: Setting CVar [[r.SceneColorFringeQuality:1]]
[2021.07.15-19.18.24:834][  0]LogConfig: Setting CVar [[r.EyeAdaptationQuality:2]]
[2021.07.15-19.18.24:834][  0]LogConfig: Setting CVar [[r.BloomQuality:5]]
[2021.07.15-19.18.24:834][  0]LogConfig: Setting CVar [[r.FastBlurThreshold:100]]
[2021.07.15-19.18.24:834][  0]LogConfig: Setting CVar [[r.Upscale.Quality:3]]
[2021.07.15-19.18.24:834][  0]LogConfig: Setting CVar [[r.Tonemapper.GrainQuantization:1]]
[2021.07.15-19.18.24:834][  0]LogConfig: Setting CVar [[r.LightShaftQuality:1]]
[2021.07.15-19.18.24:834][  0]LogConfig: Setting CVar [[r.Filter.SizeScale:1]]
[2021.07.15-19.18.24:834][  0]LogConfig: Setting CVar [[r.Tonemapper.Quality:5]]
[2021.07.15-19.18.24:834][  0]LogConfig: Setting CVar [[r.DOF.Gather.AccumulatorQuality:1        ; higher gathering accumulator quality]]
[2021.07.15-19.18.24:834][  0]LogConfig: Setting CVar [[r.DOF.Gather.PostfilterMethod:1          ; Median3x3 postfilering method]]
[2021.07.15-19.18.24:834][  0]LogConfig: Setting CVar [[r.DOF.Gather.EnableBokehSettings:0       ; no bokeh simulation when gathering]]
[2021.07.15-19.18.24:834][  0]LogConfig: Setting CVar [[r.DOF.Gather.RingCount:4                 ; medium number of samples when gathering]]
[2021.07.15-19.18.24:834][  0]LogConfig: Setting CVar [[r.DOF.Scatter.ForegroundCompositing:1    ; additive foreground scattering]]
[2021.07.15-19.18.24:835][  0]LogConfig: Setting CVar [[r.DOF.Scatter.BackgroundCompositing:2    ; additive background scattering]]
[2021.07.15-19.18.24:835][  0]LogConfig: Setting CVar [[r.DOF.Scatter.EnableBokehSettings:1      ; bokeh simulation when scattering]]
[2021.07.15-19.18.24:835][  0]LogConfig: Setting CVar [[r.DOF.Scatter.MaxSpriteRatio:0.1         ; only a maximum of 10% of scattered bokeh]]
[2021.07.15-19.18.24:835][  0]LogConfig: Setting CVar [[r.DOF.Recombine.Quality:1                ; cheap slight out of focus]]
[2021.07.15-19.18.24:835][  0]LogConfig: Setting CVar [[r.DOF.Recombine.EnableBokehSettings:0    ; no bokeh simulation on slight out of focus]]
[2021.07.15-19.18.24:835][  0]LogConfig: Setting CVar [[r.DOF.TemporalAAQuality:1                ; more stable temporal accumulation]]
[2021.07.15-19.18.24:835][  0]LogConfig: Setting CVar [[r.DOF.Kernel.MaxForegroundRadius:0.025]]
[2021.07.15-19.18.24:835][  0]LogConfig: Setting CVar [[r.DOF.Kernel.MaxBackgroundRadius:0.025]]
[2021.07.15-19.18.24:835][  0]LogConfig: Applying CVar settings from Section [TextureQuality@3] File [C:/Users/zonks/Documents/Unreal/Projects/UnrealPong/Saved/Config/Windows/Scalability.ini]
[2021.07.15-19.18.24:835][  0]LogConfig: Setting CVar [[r.Streaming.MipBias:0]]
[2021.07.15-19.18.24:835][  0]LogConfig: Setting CVar [[r.Streaming.AmortizeCPUToGPUCopy:0]]
[2021.07.15-19.18.24:835][  0]LogConfig: Setting CVar [[r.Streaming.MaxNumTexturesToStreamPerFrame:0]]
[2021.07.15-19.18.24:835][  0]LogConfig: Setting CVar [[r.Streaming.Boost:1]]
[2021.07.15-19.18.24:835][  0]LogConfig: Setting CVar [[r.MaxAnisotropy:8]]
[2021.07.15-19.18.24:835][  0]LogConfig: Setting CVar [[r.VT.MaxAnisotropy:8]]
[2021.07.15-19.18.24:835][  0]LogConfig: Setting CVar [[r.Streaming.LimitPoolSizeToVRAM:0]]
[2021.07.15-19.18.24:835][  0]LogConfig: Setting CVar [[r.Streaming.PoolSize:1000]]
[2021.07.15-19.18.24:835][  0]LogConfig: Setting CVar [[r.Streaming.MaxEffectiveScreenSize:0]]
[2021.07.15-19.18.24:835][  0]LogConfig: Applying CVar settings from Section [EffectsQuality@3] File [C:/Users/zonks/Documents/Unreal/Projects/UnrealPong/Saved/Config/Windows/Scalability.ini]
[2021.07.15-19.18.24:835][  0]LogConfig: Setting CVar [[r.TranslucencyLightingVolumeDim:64]]
[2021.07.15-19.18.24:835][  0]LogConfig: Setting CVar [[r.RefractionQuality:2]]
[2021.07.15-19.18.24:836][  0]LogConfig: Setting CVar [[r.SSR.Quality:3]]
[2021.07.15-19.18.24:836][  0]LogConfig: Setting CVar [[r.SSR.HalfResSceneColor:0]]
[2021.07.15-19.18.24:836][  0]LogConfig: Setting CVar [[r.SceneColorFormat:4]]
[2021.07.15-19.18.24:836][  0]LogConfig: Setting CVar [[r.DetailMode:2]]
[2021.07.15-19.18.24:836][  0]LogConfig: Setting CVar [[r.TranslucencyVolumeBlur:1]]
[2021.07.15-19.18.24:836][  0]LogConfig: Setting CVar [[r.MaterialQualityLevel:1 ; High quality]]
[2021.07.15-19.18.24:836][  0]LogConfig: Setting CVar [[r.AnisotropicMaterials:1]]
[2021.07.15-19.18.24:836][  0]LogConfig: Setting CVar [[r.SSS.Scale:1]]
[2021.07.15-19.18.24:836][  0]LogConfig: Setting CVar [[r.SSS.SampleSet:2]]
[2021.07.15-19.18.24:836][  0]LogConfig: Setting CVar [[r.SSS.Quality:1]]
[2021.07.15-19.18.24:836][  0]LogConfig: Setting CVar [[r.SSS.HalfRes:0]]
[2021.07.15-19.18.24:836][  0]LogConfig: Setting CVar [[r.SSGI.Quality:3]]
[2021.07.15-19.18.24:836][  0]LogConfig: Setting CVar [[r.EmitterSpawnRateScale:1.0]]
[2021.07.15-19.18.24:836][  0]LogConfig: Setting CVar [[r.ParticleLightQuality:2]]
[2021.07.15-19.18.24:836][  0]LogConfig: Setting CVar [[r.SkyAtmosphere.AerialPerspectiveLUT.FastApplyOnOpaque:1 ; Always have FastSkyLUT 1 in this case to avoid wrong sky]]
[2021.07.15-19.18.24:836][  0]LogConfig: Setting CVar [[r.SkyAtmosphere.AerialPerspectiveLUT.SampleCountMaxPerSlice:4]]
[2021.07.15-19.18.24:836][  0]LogConfig: Setting CVar [[r.SkyAtmosphere.AerialPerspectiveLUT.DepthResolution:16.0]]
[2021.07.15-19.18.24:836][  0]LogConfig: Setting CVar [[r.SkyAtmosphere.FastSkyLUT:1]]
[2021.07.15-19.18.24:836][  0]LogConfig: Setting CVar [[r.SkyAtmosphere.FastSkyLUT.SampleCountMin:4.0]]
[2021.07.15-19.18.24:836][  0]LogConfig: Setting CVar [[r.SkyAtmosphere.FastSkyLUT.SampleCountMax:128.0]]
[2021.07.15-19.18.24:837][  0]LogConfig: Setting CVar [[r.SkyAtmosphere.SampleCountMin:4.0]]
[2021.07.15-19.18.24:837][  0]LogConfig: Setting CVar [[r.SkyAtmosphere.SampleCountMax:128.0]]
[2021.07.15-19.18.24:837][  0]LogConfig: Setting CVar [[r.SkyAtmosphere.TransmittanceLUT.UseSmallFormat:0]]
[2021.07.15-19.18.24:837][  0]LogConfig: Setting CVar [[r.SkyAtmosphere.TransmittanceLUT.SampleCount:10.0]]
[2021.07.15-19.18.24:837][  0]LogConfig: Setting CVar [[r.SkyAtmosphere.MultiScatteringLUT.SampleCount:15.0]]
[2021.07.15-19.18.24:837][  0]LogConfig: Setting CVar [[r.SkyLight.RealTimeReflectionCapture:1]]
[2021.07.15-19.18.24:837][  0]LogConfig: Applying CVar settings from Section [FoliageQuality@3] File [C:/Users/zonks/Documents/Unreal/Projects/UnrealPong/Saved/Config/Windows/Scalability.ini]
[2021.07.15-19.18.24:837][  0]LogConfig: Setting CVar [[foliage.DensityScale:1.0]]
[2021.07.15-19.18.24:837][  0]LogConfig: Setting CVar [[grass.DensityScale:1.0]]
[2021.07.15-19.18.24:837][  0]LogConfig: Applying CVar settings from Section [ShadingQuality@3] File [C:/Users/zonks/Documents/Unreal/Projects/UnrealPong/Saved/Config/Windows/Scalability.ini]
[2021.07.15-19.18.24:837][  0]LogConfig: Setting CVar [[r.HairStrands.SkyLighting.IntegrationType:2]]
[2021.07.15-19.18.24:837][  0]LogConfig: Setting CVar [[r.HairStrands.SkyAO.SampleCount:4]]
[2021.07.15-19.18.24:837][  0]LogConfig: Setting CVar [[r.HairStrands.Visibility.MSAA.SamplePerPixel:4]]
[2021.07.15-19.18.24:837][  0]LogInit: Selected Device Profile: [Windows]
[2021.07.15-19.18.24:837][  0]LogInit: Applying CVar settings loaded from the selected device profile: [Windows]
[2021.07.15-19.18.24:837][  0]LogHAL: Display: Platform has ~ 32 GB [34298351616 / 34359738368 / 32], which maps to Largest [LargestMinGB=32, LargerMinGB=12, DefaultMinGB=8, SmallerMinGB=6, SmallestMinGB=0)
[2021.07.15-19.18.24:837][  0]LogInit: Going up to parent DeviceProfile []
[2021.07.15-19.18.24:837][  0]LogConfig: Applying CVar settings from Section [ViewDistanceQuality@3] File [C:/Users/zonks/Documents/Unreal/Projects/UnrealPong/Saved/Config/Windows/Scalability.ini]
[2021.07.15-19.18.24:838][  0]LogConfig: Setting CVar [[r.SkeletalMeshLODBias:0]]
[2021.07.15-19.18.24:838][  0]LogConfig: Setting CVar [[r.ViewDistanceScale:1.0]]
[2021.07.15-19.18.24:838][  0]LogConfig: Applying CVar settings from Section [AntiAliasingQuality@3] File [C:/Users/zonks/Documents/Unreal/Projects/UnrealPong/Saved/Config/Windows/Scalability.ini]
[2021.07.15-19.18.24:838][  0]LogConfig: Setting CVar [[r.PostProcessAAQuality:4]]
[2021.07.15-19.18.24:838][  0]LogConfig: Applying CVar settings from Section [ShadowQuality@3] File [C:/Users/zonks/Documents/Unreal/Projects/UnrealPong/Saved/Config/Windows/Scalability.ini]
[2021.07.15-19.18.24:838][  0]LogConfig: Setting CVar [[r.LightFunctionQuality:1]]
[2021.07.15-19.18.24:838][  0]LogConfig: Setting CVar [[r.ShadowQuality:5]]
[2021.07.15-19.18.24:838][  0]LogConfig: Setting CVar [[r.Shadow.CSM.MaxCascades:10]]
[2021.07.15-19.18.24:838][  0]LogConfig: Setting CVar [[r.Shadow.MaxResolution:2048]]
[2021.07.15-19.18.24:838][  0]LogConfig: Setting CVar [[r.Shadow.MaxCSMResolution:2048]]
[2021.07.15-19.18.24:838][  0]LogConfig: Setting CVar [[r.Shadow.RadiusThreshold:0.01]]
[2021.07.15-19.18.24:838][  0]LogConfig: Setting CVar [[r.Shadow.DistanceScale:1.0]]
[2021.07.15-19.18.24:838][  0]LogConfig: Setting CVar [[r.Shadow.CSM.TransitionScale:1.0]]
[2021.07.15-19.18.24:838][  0]LogConfig: Setting CVar [[r.Shadow.PreShadowResolutionFactor:1.0]]
[2021.07.15-19.18.24:838][  0]LogConfig: Setting CVar [[r.DistanceFieldShadowing:1]]
[2021.07.15-19.18.24:838][  0]LogConfig: Setting CVar [[r.DistanceFieldAO:1]]
[2021.07.15-19.18.24:838][  0]LogConfig: Setting CVar [[r.AOQuality:2]]
[2021.07.15-19.18.24:838][  0]LogConfig: Setting CVar [[r.VolumetricFog:1]]
[2021.07.15-19.18.24:838][  0]LogConfig: Setting CVar [[r.VolumetricFog.GridPixelSize:8]]
[2021.07.15-19.18.24:838][  0]LogConfig: Setting CVar [[r.VolumetricFog.GridSizeZ:128]]
[2021.07.15-19.18.24:838][  0]LogConfig: Setting CVar [[r.VolumetricFog.HistoryMissSupersampleCount:4]]
[2021.07.15-19.18.24:839][  0]LogConfig: Setting CVar [[r.LightMaxDrawDistanceScale:1]]
[2021.07.15-19.18.24:839][  0]LogConfig: Setting CVar [[r.CapsuleShadows:1]]
[2021.07.15-19.18.24:839][  0]LogConfig: Applying CVar settings from Section [PostProcessQuality@3] File [C:/Users/zonks/Documents/Unreal/Projects/UnrealPong/Saved/Config/Windows/Scalability.ini]
[2021.07.15-19.18.24:839][  0]LogConfig: Setting CVar [[r.MotionBlurQuality:4]]
[2021.07.15-19.18.24:839][  0]LogConfig: Setting CVar [[r.AmbientOcclusionMipLevelFactor:0.4]]
[2021.07.15-19.18.24:839][  0]LogConfig: Setting CVar [[r.AmbientOcclusionMaxQuality:100]]
[2021.07.15-19.18.24:839][  0]LogConfig: Setting CVar [[r.AmbientOcclusionLevels:-1]]
[2021.07.15-19.18.24:839][  0]LogConfig: Setting CVar [[r.AmbientOcclusionRadiusScale:1.0]]
[2021.07.15-19.18.24:839][  0]LogConfig: Setting CVar [[r.DepthOfFieldQuality:2]]
[2021.07.15-19.18.24:839][  0]LogConfig: Setting CVar [[r.RenderTargetPoolMin:400]]
[2021.07.15-19.18.24:839][  0]LogConfig: Setting CVar [[r.LensFlareQuality:2]]
[2021.07.15-19.18.24:839][  0]LogConfig: Setting CVar [[r.SceneColorFringeQuality:1]]
[2021.07.15-19.18.24:839][  0]LogConfig: Setting CVar [[r.EyeAdaptationQuality:2]]
[2021.07.15-19.18.24:839][  0]LogConfig: Setting CVar [[r.BloomQuality:5]]
[2021.07.15-19.18.24:839][  0]LogConfig: Setting CVar [[r.FastBlurThreshold:100]]
[2021.07.15-19.18.24:839][  0]LogConfig: Setting CVar [[r.Upscale.Quality:3]]
[2021.07.15-19.18.24:839][  0]LogConfig: Setting CVar [[r.Tonemapper.GrainQuantization:1]]
[2021.07.15-19.18.24:839][  0]LogConfig: Setting CVar [[r.LightShaftQuality:1]]
[2021.07.15-19.18.24:839][  0]LogConfig: Setting CVar [[r.Filter.SizeScale:1]]
[2021.07.15-19.18.24:839][  0]LogConfig: Setting CVar [[r.Tonemapper.Quality:5]]
[2021.07.15-19.18.24:839][  0]LogConfig: Setting CVar [[r.DOF.Gather.AccumulatorQuality:1        ; higher gathering accumulator quality]]
[2021.07.15-19.18.24:839][  0]LogConfig: Setting CVar [[r.DOF.Gather.PostfilterMethod:1          ; Median3x3 postfilering method]]
[2021.07.15-19.18.24:840][  0]LogConfig: Setting CVar [[r.DOF.Gather.EnableBokehSettings:0       ; no bokeh simulation when gathering]]
[2021.07.15-19.18.24:840][  0]LogConfig: Setting CVar [[r.DOF.Gather.RingCount:4                 ; medium number of samples when gathering]]
[2021.07.15-19.18.24:840][  0]LogConfig: Setting CVar [[r.DOF.Scatter.ForegroundCompositing:1    ; additive foreground scattering]]
[2021.07.15-19.18.24:840][  0]LogConfig: Setting CVar [[r.DOF.Scatter.BackgroundCompositing:2    ; additive background scattering]]
[2021.07.15-19.18.24:840][  0]LogConfig: Setting CVar [[r.DOF.Scatter.EnableBokehSettings:1      ; bokeh simulation when scattering]]
[2021.07.15-19.18.24:840][  0]LogConfig: Setting CVar [[r.DOF.Scatter.MaxSpriteRatio:0.1         ; only a maximum of 10% of scattered bokeh]]
[2021.07.15-19.18.24:840][  0]LogConfig: Setting CVar [[r.DOF.Recombine.Quality:1                ; cheap slight out of focus]]
[2021.07.15-19.18.24:840][  0]LogConfig: Setting CVar [[r.DOF.Recombine.EnableBokehSettings:0    ; no bokeh simulation on slight out of focus]]
[2021.07.15-19.18.24:840][  0]LogConfig: Setting CVar [[r.DOF.TemporalAAQuality:1                ; more stable temporal accumulation]]
[2021.07.15-19.18.24:840][  0]LogConfig: Setting CVar [[r.DOF.Kernel.MaxForegroundRadius:0.025]]
[2021.07.15-19.18.24:840][  0]LogConfig: Setting CVar [[r.DOF.Kernel.MaxBackgroundRadius:0.025]]
[2021.07.15-19.18.24:840][  0]LogConfig: Applying CVar settings from Section [TextureQuality@3] File [C:/Users/zonks/Documents/Unreal/Projects/UnrealPong/Saved/Config/Windows/Scalability.ini]
[2021.07.15-19.18.24:840][  0]LogConfig: Setting CVar [[r.Streaming.MipBias:0]]
[2021.07.15-19.18.24:840][  0]LogConfig: Setting CVar [[r.Streaming.AmortizeCPUToGPUCopy:0]]
[2021.07.15-19.18.24:840][  0]LogConfig: Setting CVar [[r.Streaming.MaxNumTexturesToStreamPerFrame:0]]
[2021.07.15-19.18.24:840][  0]LogConfig: Setting CVar [[r.Streaming.Boost:1]]
[2021.07.15-19.18.24:840][  0]LogConfig: Setting CVar [[r.MaxAnisotropy:8]]
[2021.07.15-19.18.24:840][  0]LogConfig: Setting CVar [[r.VT.MaxAnisotropy:8]]
[2021.07.15-19.18.24:840][  0]LogConfig: Setting CVar [[r.Streaming.LimitPoolSizeToVRAM:0]]
[2021.07.15-19.18.24:840][  0]LogConfig: Setting CVar [[r.Streaming.PoolSize:1000]]
[2021.07.15-19.18.24:841][  0]LogConfig: Setting CVar [[r.Streaming.MaxEffectiveScreenSize:0]]
[2021.07.15-19.18.24:841][  0]LogConfig: Applying CVar settings from Section [EffectsQuality@3] File [C:/Users/zonks/Documents/Unreal/Projects/UnrealPong/Saved/Config/Windows/Scalability.ini]
[2021.07.15-19.18.24:841][  0]LogConfig: Setting CVar [[r.TranslucencyLightingVolumeDim:64]]
[2021.07.15-19.18.24:841][  0]LogConfig: Setting CVar [[r.RefractionQuality:2]]
[2021.07.15-19.18.24:841][  0]LogConfig: Setting CVar [[r.SSR.Quality:3]]
[2021.07.15-19.18.24:841][  0]LogConfig: Setting CVar [[r.SSR.HalfResSceneColor:0]]
[2021.07.15-19.18.24:841][  0]LogConfig: Setting CVar [[r.SceneColorFormat:4]]
[2021.07.15-19.18.24:841][  0]LogConfig: Setting CVar [[r.DetailMode:2]]
[2021.07.15-19.18.24:841][  0]LogConfig: Setting CVar [[r.TranslucencyVolumeBlur:1]]
[2021.07.15-19.18.24:841][  0]LogConfig: Setting CVar [[r.MaterialQualityLevel:1 ; High quality]]
[2021.07.15-19.18.24:841][  0]LogConfig: Setting CVar [[r.AnisotropicMaterials:1]]
[2021.07.15-19.18.24:841][  0]LogConfig: Setting CVar [[r.SSS.Scale:1]]
[2021.07.15-19.18.24:841][  0]LogConfig: Setting CVar [[r.SSS.SampleSet:2]]
[2021.07.15-19.18.24:841][  0]LogConfig: Setting CVar [[r.SSS.Quality:1]]
[2021.07.15-19.18.24:841][  0]LogConfig: Setting CVar [[r.SSS.HalfRes:0]]
[2021.07.15-19.18.24:841][  0]LogConfig: Setting CVar [[r.SSGI.Quality:3]]
[2021.07.15-19.18.24:841][  0]LogConfig: Setting CVar [[r.EmitterSpawnRateScale:1.0]]
[2021.07.15-19.18.24:841][  0]LogConfig: Setting CVar [[r.ParticleLightQuality:2]]
[2021.07.15-19.18.24:841][  0]LogConfig: Setting CVar [[r.SkyAtmosphere.AerialPerspectiveLUT.FastApplyOnOpaque:1 ; Always have FastSkyLUT 1 in this case to avoid wrong sky]]
[2021.07.15-19.18.24:841][  0]LogConfig: Setting CVar [[r.SkyAtmosphere.AerialPerspectiveLUT.SampleCountMaxPerSlice:4]]
[2021.07.15-19.18.24:841][  0]LogConfig: Setting CVar [[r.SkyAtmosphere.AerialPerspectiveLUT.DepthResolution:16.0]]
[2021.07.15-19.18.24:842][  0]LogConfig: Setting CVar [[r.SkyAtmosphere.FastSkyLUT:1]]
[2021.07.15-19.18.24:842][  0]LogConfig: Setting CVar [[r.SkyAtmosphere.FastSkyLUT.SampleCountMin:4.0]]
[2021.07.15-19.18.24:842][  0]LogConfig: Setting CVar [[r.SkyAtmosphere.FastSkyLUT.SampleCountMax:128.0]]
[2021.07.15-19.18.24:842][  0]LogConfig: Setting CVar [[r.SkyAtmosphere.SampleCountMin:4.0]]
[2021.07.15-19.18.24:842][  0]LogConfig: Setting CVar [[r.SkyAtmosphere.SampleCountMax:128.0]]
[2021.07.15-19.18.24:842][  0]LogConfig: Setting CVar [[r.SkyAtmosphere.TransmittanceLUT.UseSmallFormat:0]]
[2021.07.15-19.18.24:842][  0]LogConfig: Setting CVar [[r.SkyAtmosphere.TransmittanceLUT.SampleCount:10.0]]
[2021.07.15-19.18.24:842][  0]LogConfig: Setting CVar [[r.SkyAtmosphere.MultiScatteringLUT.SampleCount:15.0]]
[2021.07.15-19.18.24:842][  0]LogConfig: Setting CVar [[r.SkyLight.RealTimeReflectionCapture:1]]
[2021.07.15-19.18.24:842][  0]LogConfig: Applying CVar settings from Section [FoliageQuality@3] File [C:/Users/zonks/Documents/Unreal/Projects/UnrealPong/Saved/Config/Windows/Scalability.ini]
[2021.07.15-19.18.24:842][  0]LogConfig: Setting CVar [[foliage.DensityScale:1.0]]
[2021.07.15-19.18.24:842][  0]LogConfig: Setting CVar [[grass.DensityScale:1.0]]
[2021.07.15-19.18.24:842][  0]LogConfig: Applying CVar settings from Section [ShadingQuality@3] File [C:/Users/zonks/Documents/Unreal/Projects/UnrealPong/Saved/Config/Windows/Scalability.ini]
[2021.07.15-19.18.24:842][  0]LogConfig: Setting CVar [[r.HairStrands.SkyLighting.IntegrationType:2]]
[2021.07.15-19.18.24:842][  0]LogConfig: Setting CVar [[r.HairStrands.SkyAO.SampleCount:4]]
[2021.07.15-19.18.24:842][  0]LogConfig: Setting CVar [[r.HairStrands.Visibility.MSAA.SamplePerPixel:4]]
[2021.07.15-19.18.24:842][  0]LogConfig: Applying CVar settings from Section [Startup] File [../../../Engine/Config/ConsoleVariables.ini]
[2021.07.15-19.18.24:843][  0]LogConfig: Setting CVar [[net.UseAdaptiveNetUpdateFrequency:0]]
[2021.07.15-19.18.24:843][  0]LogConfig: Setting CVar [[p.chaos.AllowCreatePhysxBodies:1]]
[2021.07.15-19.18.24:843][  0]LogConfig: Setting CVar [[fx.SkipVectorVMBackendOptimizations:1]]
[2021.07.15-19.18.24:843][  0]LogConfig: Applying CVar settings from Section [ConsoleVariables] File [C:/Users/zonks/Documents/Unreal/Projects/UnrealPong/Saved/Config/Windows/Engine.ini]
[2021.07.15-19.18.24:843][  0]LogConfig: Applying CVar settings from Section [ConsoleVariables] File [C:/Users/zonks/Documents/Unreal/Projects/UnrealPong/Saved/Config/Windows/Editor.ini]
[2021.07.15-19.18.24:843][  0]LogInit: Computer: ARGONAUT
[2021.07.15-19.18.24:843][  0]LogInit: User: zonks
[2021.07.15-19.18.24:843][  0]LogInit: CPU Page size=4096, Cores=6
[2021.07.15-19.18.24:843][  0]LogInit: High frequency timer resolution =10.000000 MHz
[2021.07.15-19.18.24:843][  0]LogMemory: Memory total: Physical=31.9GB (32GB approx)
[2021.07.15-19.18.24:843][  0]LogMemory: Platform Memory Stats for Windows
[2021.07.15-19.18.24:843][  0]LogMemory: Process Physical Memory: 147.83 MB used, 147.84 MB peak
[2021.07.15-19.18.24:843][  0]LogMemory: Process Virtual Memory: 131.19 MB used, 134.50 MB peak
[2021.07.15-19.18.24:843][  0]LogMemory: Physical Memory: 16612.77 MB used,  16096.69 MB free, 32709.46 MB total
[2021.07.15-19.18.24:843][  0]LogMemory: Virtual Memory: 134198952.00 MB used,  18779.32 MB free, 134217728.00 MB total
[2021.07.15-19.18.24:853][  0]LogWindows: WindowsPlatformFeatures enabled
[2021.07.15-19.18.25:001][  0]LogInit: Physics initialised using underlying interface: PhysX
[2021.07.15-19.18.25:002][  0]LogInit: Using OS detected language (en-US).
[2021.07.15-19.18.25:002][  0]LogInit: Using OS detected locale (en-US).
[2021.07.15-19.18.25:009][  0]LogTextLocalizationManager: No specific localization for 'en-US' exists, so the 'en' localization will be used.
[2021.07.15-19.18.25:166][  0]LogInit: Setting process to per monitor DPI aware
[2021.07.15-19.18.25:200][  0]LogWindowsTextInputMethodSystem: Display: IME system deactivated.
[2021.07.15-19.18.25:222][  0]LogSlate: New Slate User Created.  User Index 0, Is Virtual User: 0
[2021.07.15-19.18.25:222][  0]LogSlate: Slate User Registered.  User Index 0, Is Virtual User: 0
[2021.07.15-19.18.25:331][  0]LogD3D11RHI: Creating new Direct3DDevice
[2021.07.15-19.18.25:331][  0]LogD3D11RHI:     GPU DeviceId: 0x1b80 (for the marketing name, search the web for "GPU Device Id")
[2021.07.15-19.18.25:332][  0]LogWindows: EnumDisplayDevices:
[2021.07.15-19.18.25:332][  0]LogWindows:    0. 'NVIDIA GeForce GTX 1080' (P:1 D:1)
[2021.07.15-19.18.25:332][  0]LogWindows:    1. 'NVIDIA GeForce GTX 1080' (P:0 D:1)
[2021.07.15-19.18.25:332][  0]LogWindows:    2. 'NVIDIA GeForce GTX 1080' (P:0 D:0)
[2021.07.15-19.18.25:332][  0]LogWindows:    3. 'NVIDIA GeForce GTX 1080' (P:0 D:0)
[2021.07.15-19.18.25:333][  0]LogWindows: DebugString: FoundDriverCount:4 
[2021.07.15-19.18.25:333][  0]LogD3D11RHI:     Adapter Name: NVIDIA GeForce GTX 1080
[2021.07.15-19.18.25:333][  0]LogD3D11RHI:   Driver Version: 471.11 (internal:30.0.14.7111, unified:471.11)
[2021.07.15-19.18.25:333][  0]LogD3D11RHI:      Driver Date: 6-21-2021
[2021.07.15-19.18.25:333][  0]LogRHI: Texture pool is 5655 MB (70% of 8079 MB)
[2021.07.15-19.18.25:403][  0]LogD3D11RHI: RHI has support for 64 bit atomics
[2021.07.15-19.18.25:403][  0]LogD3D11RHI: Async texture creation enabled
[2021.07.15-19.18.25:403][  0]LogD3D11RHI: Array index from any shader is supported
[2021.07.15-19.18.25:420][  0]LogD3D11RHI: GPU Timing Frequency: 1000.000000 (Debug: 2 1)
[2021.07.15-19.18.25:462][  0]LogRHI: GeForceNow SDK initialized: 1
[2021.07.15-19.18.25:691][  0]LogTargetPlatformManager: Display: Loaded TargetPlatform 'AllDesktop'
[2021.07.15-19.18.25:718][  0]LogTargetPlatformManager: Display: Loaded TargetPlatform 'Android'
[2021.07.15-19.18.25:718][  0]LogTargetPlatformManager: Display: Loaded TargetPlatform 'Android_ASTC'
[2021.07.15-19.18.25:718][  0]LogTargetPlatformManager: Display: Loaded TargetPlatform 'Android_DXT'
[2021.07.15-19.18.25:718][  0]LogTargetPlatformManager: Display: Loaded TargetPlatform 'Android_ETC2'
[2021.07.15-19.18.25:718][  0]LogTargetPlatformManager: Display: Loaded TargetPlatform 'AndroidClient'
[2021.07.15-19.18.25:718][  0]LogTargetPlatformManager: Display: Loaded TargetPlatform 'Android_ASTCClient'
[2021.07.15-19.18.25:718][  0]LogTargetPlatformManager: Display: Loaded TargetPlatform 'Android_DXTClient'
[2021.07.15-19.18.25:718][  0]LogTargetPlatformManager: Display: Loaded TargetPlatform 'Android_ETC2Client'
[2021.07.15-19.18.25:718][  0]LogTargetPlatformManager: Display: Loaded TargetPlatform 'Android_Multi'
[2021.07.15-19.18.25:718][  0]LogTargetPlatformManager: Display: Loaded TargetPlatform 'Android_MultiClient'
[2021.07.15-19.18.25:757][  0]LogTargetPlatformManager: Display: Loaded TargetPlatform 'IOSClient'
[2021.07.15-19.18.25:757][  0]LogTargetPlatformManager: Display: Loaded TargetPlatform 'IOS'
[2021.07.15-19.18.25:787][  0]LogTargetPlatformManager: Display: Loaded TargetPlatform 'Lumin'
[2021.07.15-19.18.25:787][  0]LogTargetPlatformManager: Display: Loaded TargetPlatform 'LuminClient'
[2021.07.15-19.18.25:801][  0]LogTargetPlatformManager: Display: Loaded TargetPlatform 'MacNoEditor'
[2021.07.15-19.18.25:812][  0]LogTargetPlatformManager: Display: Loaded TargetPlatform 'Mac'
[2021.07.15-19.18.25:822][  0]LogTargetPlatformManager: Display: Loaded TargetPlatform 'MacClient'
[2021.07.15-19.18.25:833][  0]LogTargetPlatformManager: Display: Loaded TargetPlatform 'MacServer'
[2021.07.15-19.18.25:849][  0]LogTargetPlatformManager: Display: Loaded TargetPlatform 'TVOSClient'
[2021.07.15-19.18.25:849][  0]LogTargetPlatformManager: Display: Loaded TargetPlatform 'TVOS'
[2021.07.15-19.18.25:863][  0]LogTargetPlatformManager: Display: Loaded TargetPlatform 'WindowsNoEditor'
[2021.07.15-19.18.25:874][  0]LogTargetPlatformManager: Display: Loaded TargetPlatform 'Windows'
[2021.07.15-19.18.25:884][  0]LogTargetPlatformManager: Display: Loaded TargetPlatform 'WindowsClient'
[2021.07.15-19.18.25:895][  0]LogTargetPlatformManager: Display: Loaded TargetPlatform 'WindowsServer'
[2021.07.15-19.18.25:895][  0]LogTargetPlatformManager: Display: Building Assets For Windows
[2021.07.15-19.18.25:935][  0]LogAudioDebug: Display: Lib vorbis DLL was dynamically loaded.
[2021.07.15-19.18.26:048][  0]LogTextureFormatOodle: Display: Oodle Texture 2.9.0 init RDO Off
[2021.07.15-19.18.26:189][  0]LogRendererCore: Ray tracing is disabled. Reason: r.RayTracing=0.
[2021.07.15-19.18.26:189][  0]LogShaderCompilers: Guid format shader working directory is 14 characters bigger than the processId version (../../../../Projects/UnrealPong/Intermediate/Shaders/WorkingDirectory/27532/).
[2021.07.15-19.18.26:189][  0]LogShaderCompilers: Cleaned the shader compiler working directory 'C:/Users/zonks/AppData/Local/Temp/UnrealShaderWorkingDir/7699545A4FA4F65B00BA26A104E65367/'.
[2021.07.15-19.18.26:189][  0]LogXGEController: Cannot use XGE Controller as Incredibuild is not installed on this machine.
[2021.07.15-19.18.26:189][  0]LogShaderCompilers: Cannot use XGE Shader Compiler as Incredibuild is not installed on this machine.
[2021.07.15-19.18.26:189][  0]LogShaderCompilers: Display: Using Local Shader Compiler.
[2021.07.15-19.18.26:797][  0]LogDerivedDataCache: Display: Max Cache Size: 512 MB
[2021.07.15-19.18.26:836][  0]LogDerivedDataCache: Loaded boot cache 0.04s 94MB ../../../../Projects/UnrealPong/DerivedDataCache/Boot.ddc.
[2021.07.15-19.18.26:836][  0]LogDerivedDataCache: Display: Loaded Boot cache: ../../../../Projects/UnrealPong/DerivedDataCache/Boot.ddc
[2021.07.15-19.18.26:837][  0]LogDerivedDataCache: FDerivedDataBackendGraph:  Pak pak cache file ../../../../Projects/UnrealPong/DerivedDataCache/DDC.ddp not found, will not use a pak cache.
[2021.07.15-19.18.26:837][  0]LogDerivedDataCache: Unable to find inner node Pak for hierarchical cache Hierarchy.
[2021.07.15-19.18.26:837][  0]LogDerivedDataCache: FDerivedDataBackendGraph:  EnginePak pak cache file ../../../Engine/DerivedDataCache/DDC.ddp not found, will not use a pak cache.
[2021.07.15-19.18.26:837][  0]LogDerivedDataCache: Unable to find inner node EnginePak for hierarchical cache Hierarchy.
[2021.07.15-19.18.26:852][  0]LogDerivedDataCache: Speed tests for ../../../Engine/DerivedDataCache took 0.01 seconds
[2021.07.15-19.18.26:852][  0]LogDerivedDataCache: Display: Performance to ../../../Engine/DerivedDataCache: Latency=0.02ms. RandomReadSpeed=1747.53MBs, RandomWriteSpeed=181.14MBs. Assigned SpeedClass 'Local'
[2021.07.15-19.18.26:853][  0]LogDerivedDataCache: Using Local data cache path ../../../Engine/DerivedDataCache: Writable
[2021.07.15-19.18.26:889][  0]LogDerivedDataCache: Warning: Shared data cache path (\\epicgames.net\root\DDC-Global-UE4) is unavailable so cache will be disabled.
[2021.07.15-19.18.26:889][  0]LogDerivedDataCache: Unable to find inner node Shared for hierarchical cache Hierarchy.
[2021.07.15-19.18.26:929][  0]LogSlate: Using FreeType 2.10.0
[2021.07.15-19.18.26:929][  0]LogSlate: SlateFontServices - WITH_FREETYPE: 1, WITH_HARFBUZZ: 1
[2021.07.15-19.18.26:938][  0]LogHMD: Failed to enumerate extensions. Please check that you have a valid OpenXR runtime installed.
[2021.07.15-19.18.26:962][  0]LogAssetRegistry: FAssetRegistry took 0.0024 seconds to start up
[2021.07.15-19.18.27:155][  0]LogInit: Selected Device Profile: [Windows]
[2021.07.15-19.18.27:155][  0]LogInit: Active device profile: [000002276FB33600][000002276CBB5500 49] Windows
[2021.07.15-19.18.27:155][  0]LogInit: Profiles: [000002276FB33600][000002276CBB5500 49] Windows, [000002276FAF8C00][000002276F17F680 49] WindowsNoEditor, [000002276FB30B00][00000227701E1800 49] WindowsServer, [000002276FAFB500][00000227701E5980 49] WindowsClient, [000002276FB33400][0000022770209B00 49] IOS, [000002276FAF9100][000002277020C100 49] iPadAir, [000002276FB31000][000002276CBB8240 49] iPadAir2, [000002276FA8C800][0000022770214480 49] IPadPro, [000002276FA8C900][00000227702104C0 49] iPadAir3, [000002276FB32F00][000002277058C640 49] iPadAir4, [000002276FA8F700][00000227702CA7C0 49] iPadMini2, [000002276FB31200][00000227702CE940 49] iPadMini3, [000002276FA8D900][00000227702D2AC0 49] iPadMini4, [000002276FB32B00][00000227709C4C40 49] iPadMini5, [000002276FAFB100][00000227650CCF00 49] iPhone6, [000002276FAFAC00][00000227650BCF40 49] iPodTouch6, [000002276FA8BE00][00000227650D5200 49] iPhone7, [000002276FA8BF00][00000227650D1240 49] iPodTouch7, [000002276FAFB800][00000227650D93C0 49] iPhone5S, [000002276FA89000][00000227650DD540 49] iPhone6Plus, [000002276FAFA400][00000227650E56C0 49] iPhone6S, [000002276FA8AE00][00000227650F3840 49] iPhone6SPlus, [000002276FAF8400][00000227650F79C0 49] iPhone7Plus, [000002276FA89500][00000227650FBB40 49] iPhoneSE, [000002276FAF9F00][00000227650FE140 49] iPhone8, [000002276FA8A900][00000227651022C0 49] iPhone8Plus, [000002276FAF8600][0000022770588400 49] iPhoneX, [000002276FA89A00][0000022765106540 49] iPhoneXS, [000002276FAFAE00][000002276510A680 49] iPhoneXSMax, [000002276FA8B000][000002277045E7C0 49] iPhoneXR, [000002276FAF9400][0000022770466940 49] iPhone11, [000002276FA8BA00][000002277091AAC0 49] iPhone11Pro, [000002276FAFA600][000002277094AC40 49] iPhone11ProMax, [000002276FA8AA00][000002277094EDC0 49] iPhoneSE2, [000002276FAFA800][0000022770956F40 49] iPhone12Mini, [000002276FA88F00][00000227705170C0 49] iPhone12, [000002276FAFB200][000002277051F240 49] iPhone12Pro, [000002276FA89200][00000227701E93C0 49] iPhone12ProMax, [000002276FAF8100][00000227701ED540 49] iPadPro105, [000002276FA89900][00000227701FD6C0 49] iPadPro129, [000002276FAFAD00][0000022770201840 49] iPadPro97, [000002276FA8A100][00000227702059C0 49] iPadPro2_129, [000002276FAFBF00][000002276507DB40 49] iPad5, [000002276FA8A000][0000022765080140 49] iPad6, [000002276FAF9D00][00000227705382C0 49] iPad7, [000002276FA89E00][00000227709CC440 49] iPad8, [000002276FAF9C00][0000022770462580 49] iPadPro11, [000002276FA8AC00][00000227709C86C0 49] iPadPro2_11, [000002276FAFB600][000002276671E800 49] iPadPro3_129, [000002276FA88900][0000022766722940 49] iPadPro4_129, [000002276FAF9000][0000022770952AC0 49] AppleTV, [000002276FA8A600][000002277053CC40 49] AppleTV4K, [000002276FAFB400][0000022770540DC0 49] TVOS, [000002276FA8BC00][0000022770544F40 49] Mac, [000002276FAFB700][00000227705490C0 49] MacClient, [000002276FA8B900][000002277054D240 49] MacNoEditor, [000002276FAF9800][00000227705513C0 49] MacServer, [000002276FA88100][0000022770555540 49] Linux, [000002276FAF8900][00000227705596C0 49] LinuxAArch64, [000002276FA88300][000002277055D840 49] LinuxNoEditor, [000002276FAFBB00][00000227705619C0 49] LinuxAArch64NoEditor, [000002276FA89B00][0000022770565B40 49] LinuxClient, [000002276FAF8A00][0000022770568140 49] LinuxAArch64Client, [000002276FA8ED00][000002277056C2C0 49] LinuxServer, [000002276FBFCA00][0000022770570440 49] LinuxAArch64Server, [000002276FA8DE00][00000227705745C0 49] Android, [000002276FBFC200][0000022770578740 49] Android_Low, [000002276FA8DD00][000002277051A880 49] Android_Mid, [000002276FBFC800][000002277057C9C0 49] Android_High, [000002276FA8C200][0000022770580B00 49] Android_Default, [000002276FBFDB00][000002277046AC80 49] Android_Adreno4xx, [000002276FA8D000][000002277046EE00 49] Android_Adreno5xx_Low, [000002276FBFD200][0000022770472F80 49] Android_Adreno5xx, [000002276FA8D800][0000022770477100 49] Android_Adreno6xx, [000002276FBFC500][000002277047B280 49] Android_Adreno6xx_Vulkan, [000002276FA8D600][000002277047F400 49] Android_Mali_T6xx, [000002276FBFC300][0000022770483580 49] Android_Mali_T7xx, [000002276FA8F100][0000022770487700 49] Android_Mali_T8xx, [000002276FBFE000][000002277048B880 49] Android_Mali_G71, [000002276FA8EC00][000002277048FA00 49] Android_Mali_G72, [000002276FBFCB00][0000022770493B80 49] Android_Mali_G72_Vulkan, [000002276FA8CC00][00000227701C0180 49] Android_Mali_G76, [000002276FBFC900][00000227701C4300 49] Android_Mali_G76_Vulkan, [000002276FA8D400][00000227701C8480 49] Android_Mali_G77, [000002276FBFD800][00000227701CC600 49] Android_Mali_G77_Vulkan, [000002276FA8CA00][00000227701D0780 49] Android_Mali_G710, [000002276FBFDA00][00000227701D4900 49] Android_Mali_G710_Vulkan, [000002276FA8EF00][0000022770584A40 49] Android_Vulkan_SM5, [000002276FBFC400][00000227701D8B80 49] Android_PowerVR_G6xxx, [000002276FA8FA00][00000227701DCCC0 49] Android_PowerVR_GT7xxx, [000002276FBFD000][000002277098AE40 49] Android_PowerVR_GE8xxx, [000002276FAF9500][000002277098EFC0 49] Android_PowerVR_GM9xxx, [000002276FA88B00][0000022770993140 49] Android_PowerVR_GM9xxx_Vulkan, [000002276FAF9A00][00000227709972C0 49] Android_TegraK1, [000002276FA8AB00][000002277099B440 49] Android_Unknown_Vulkan, [000002276FAF9B00][000002277099F5C0 49] Lumin, [000002276FA88E00][00000227709A3740 49] Lumin_Desktop, [000002276FAF9700][00000227709A78C0 49] HoloLens, 
[2021.07.15-19.18.27:337][  0]LogMeshReduction: Using QuadricMeshReduction for automatic static mesh reduction
[2021.07.15-19.18.27:337][  0]LogMeshReduction: Using SimplygonMeshReduction for automatic skeletal mesh reduction
[2021.07.15-19.18.27:337][  0]LogMeshReduction: Using ProxyLODMeshReduction for automatic mesh merging
[2021.07.15-19.18.27:337][  0]LogMeshReduction: No distributed automatic mesh merging module available
[2021.07.15-19.18.27:337][  0]LogMeshMerging: No distributed automatic mesh merging module available
[2021.07.15-19.18.27:359][  0]LogNetVersion: UnrealPong 1.0.0, NetCL: 0, EngineNetVer: 17, GameNetVer: 0 (Checksum: 900575368)
[2021.07.15-19.18.27:707][  0]LogHMD: PokeAHoleMaterial loaded successfully
[2021.07.15-19.18.27:712][  0]LogUObjectArray: 17160 objects as part of root set at end of initial load.
[2021.07.15-19.18.27:712][  0]LogUObjectAllocator: 4297728 out of 0 bytes used by permanent object pool.
[2021.07.15-19.18.27:712][  0]LogUObjectArray: CloseDisregardForGC: 0/0 objects in disregard for GC pool
[2021.07.15-19.18.28:393][  0]LogNiagaraDebuggerClient: Niagara Debugger Client Initialized | Session: D0B8B41143972A230FF1D59AE8CB3042 | Instance: DFB2E4EB491F9CDC95388F8C24A3523D (ARGONAUT-27532).
[2021.07.15-19.18.28:671][  0]LogStreaming: Warning: Failed to read file '../../../Engine/Content/Editor/Slate/Niagara/MenuSeparator.png' error.
[2021.07.15-19.18.28:671][  0]LogSlate: Could not find file for Slate resource: ../../../Engine/Content/Editor/Slate/Niagara/MenuSeparator.png
[2021.07.15-19.18.28:671][  0]LogStreaming: Warning: Failed to read file '../../../Engine/Content/Editor/Slate/Niagara/Common/Selector.png' error.
[2021.07.15-19.18.28:672][  0]LogSlate: Could not find file for Slate resource: ../../../Engine/Content/Editor/Slate/Niagara/Common/Selector.png
[2021.07.15-19.18.28:672][  0]LogStreaming: Warning: Failed to read file '../../../Engine/Content/Editor/Slate/Niagara/Common/Selection.png' error.
[2021.07.15-19.18.28:672][  0]LogSlate: Could not find file for Slate resource: ../../../Engine/Content/Editor/Slate/Niagara/Common/Selection.png
[2021.07.15-19.18.28:672][  0]LogStreaming: Warning: Failed to read file '../../../Engine/Content/Editor/Slate/Niagara/Common/DropZoneIndicator_Above.png' error.
[2021.07.15-19.18.28:672][  0]LogSlate: Could not find file for Slate resource: ../../../Engine/Content/Editor/Slate/Niagara/Common/DropZoneIndicator_Above.png
[2021.07.15-19.18.28:672][  0]LogStreaming: Warning: Failed to read file '../../../Engine/Content/Editor/Slate/Niagara/Common/DropZoneIndicator_Onto.png' error.
[2021.07.15-19.18.28:672][  0]LogSlate: Could not find file for Slate resource: ../../../Engine/Content/Editor/Slate/Niagara/Common/DropZoneIndicator_Onto.png
[2021.07.15-19.18.28:672][  0]LogStreaming: Warning: Failed to read file '../../../Engine/Content/Editor/Slate/Niagara/Common/DropZoneIndicator_Below.png' error.
[2021.07.15-19.18.28:672][  0]LogSlate: Could not find file for Slate resource: ../../../Engine/Content/Editor/Slate/Niagara/Common/DropZoneIndicator_Below.png
[2021.07.15-19.18.28:673][  0]LogStreaming: Warning: Failed to read file '../../../Engine/Content/Editor/Slate/Niagara/Common/RoundedSelection_16x.png' error.
[2021.07.15-19.18.28:673][  0]LogSlate: Could not find file for Slate resource: ../../../Engine/Content/Editor/Slate/Niagara/Common/RoundedSelection_16x.png
[2021.07.15-19.18.28:673][  0]LogStreaming: Warning: Failed to read file '../../../Engine/Content/Editor/Slate/Niagara/Common/FlatButton.png' error.
[2021.07.15-19.18.28:673][  0]LogSlate: Could not find file for Slate resource: ../../../Engine/Content/Editor/Slate/Niagara/Common/FlatButton.png
[2021.07.15-19.18.28:673][  0]LogImageWrapper: Warning: PNG Warning: Duplicate iCCP chunk
[2021.07.15-19.18.28:673][  0]LogImageWrapper: Warning: PNG Warning: Duplicate iCCP chunk
[2021.07.15-19.18.28:701][  0]LogTcpMessaging: Initializing TcpMessaging bridge
[2021.07.15-19.18.28:712][  0]LogUdpMessaging: Initializing bridge on interface 0.0.0.0:0 to multicast group 230.0.0.1:6666.
[2021.07.15-19.18.28:742][  0]LogPython: Using Python 3.7.7
[2021.07.15-19.18.29:291][  0]LogEpicStudioAnalytics: StartUp StudioAnalytics
[2021.07.15-19.18.29:291][  0]LogAnalytics: Display: [StudioAnalytics.Dev] APIServer = https://datarouter.ol.epicgames.com/. AppVersion = 4.27.0-0+++UE4+Release-4.27
[2021.07.15-19.18.29:793][  0]SourceControl: Source control is disabled
[2021.07.15-19.18.29:793][  0]SourceControl: Source control is disabled
[2021.07.15-19.18.29:805][  0]SourceControl: Source control is disabled
[2021.07.15-19.18.29:816][  0]SourceControl: Source control is disabled
[2021.07.15-19.18.29:850][  0]SourceControl: Source control is disabled
[2021.07.15-19.18.29:869][  0]LogUProjectInfo: Found projects:
[2021.07.15-19.18.30:362][  0]LogOpenImageDenoise: OIDN starting up
[2021.07.15-19.18.30:439][  0]LogAndroidPermission: UAndroidPermissionCallbackProxy::GetInstance
[2021.07.15-19.18.30:482][  0]LogAudioCaptureCore: Display: No Audio Capture implementations found. Audio input will be silent.
[2021.07.15-19.18.30:482][  0]LogAudioCaptureCore: Display: No Audio Capture implementations found. Audio input will be silent.
[2021.07.15-19.18.30:725][  0]LogCollectionManager: Loaded 0 collections in 0.003046 seconds
[2021.07.15-19.18.30:779][  0]LogFileCache: Scanning file cache for directory 'C:/Users/zonks/Documents/Unreal/Projects/UnrealPong/Saved/Collections/' took 0.00s
[2021.07.15-19.18.30:780][  0]LogFileCache: Scanning file cache for directory 'C:/Users/zonks/Documents/Unreal/Projects/UnrealPong/Content/Developers/zonks/Collections/' took 0.00s
[2021.07.15-19.18.30:780][  0]LogFileCache: Scanning file cache for directory 'C:/Users/zonks/Documents/Unreal/Projects/UnrealPong/Content/Collections/' took 0.00s
[2021.07.15-19.18.30:780][  0]LogOcInput: OculusInput pre-init called
[2021.07.15-19.18.30:920][  0]LogStreaming: Warning: Failed to read file '../../../Engine/Content/Editor/Slate/Niagara/MenuSeparator.png' error.
[2021.07.15-19.18.30:920][  0]LogSlate: Could not find file for Slate resource: ../../../Engine/Content/Editor/Slate/Niagara/MenuSeparator.png
[2021.07.15-19.18.30:920][  0]LogStreaming: Warning: Failed to read file '../../../Engine/Content/Editor/Slate/Niagara/Common/Selector.png' error.
[2021.07.15-19.18.30:920][  0]LogSlate: Could not find file for Slate resource: ../../../Engine/Content/Editor/Slate/Niagara/Common/Selector.png
[2021.07.15-19.18.30:920][  0]LogStreaming: Warning: Failed to read file '../../../Engine/Content/Editor/Slate/Niagara/Common/Selection.png' error.
[2021.07.15-19.18.30:920][  0]LogSlate: Could not find file for Slate resource: ../../../Engine/Content/Editor/Slate/Niagara/Common/Selection.png
[2021.07.15-19.18.30:921][  0]LogStreaming: Warning: Failed to read file '../../../Engine/Content/Editor/Slate/Niagara/Common/DropZoneIndicator_Onto.png' error.
[2021.07.15-19.18.30:921][  0]LogSlate: Could not find file for Slate resource: ../../../Engine/Content/Editor/Slate/Niagara/Common/DropZoneIndicator_Onto.png
[2021.07.15-19.18.30:921][  0]LogStreaming: Warning: Failed to read file '../../../Engine/Content/Editor/Slate/Niagara/Common/DropZoneIndicator_Above.png' error.
[2021.07.15-19.18.30:921][  0]LogSlate: Could not find file for Slate resource: ../../../Engine/Content/Editor/Slate/Niagara/Common/DropZoneIndicator_Above.png
[2021.07.15-19.18.30:921][  0]LogStreaming: Warning: Failed to read file '../../../Engine/Content/Editor/Slate/Niagara/Common/DropZoneIndicator_Below.png' error.
[2021.07.15-19.18.30:921][  0]LogSlate: Could not find file for Slate resource: ../../../Engine/Content/Editor/Slate/Niagara/Common/DropZoneIndicator_Below.png
[2021.07.15-19.18.30:921][  0]LogStreaming: Warning: Failed to read file '../../../Engine/Content/Editor/Slate/Niagara/Common/RoundedSelection_16x.png' error.
[2021.07.15-19.18.30:921][  0]LogSlate: Could not find file for Slate resource: ../../../Engine/Content/Editor/Slate/Niagara/Common/RoundedSelection_16x.png
[2021.07.15-19.18.30:922][  0]LogStreaming: Warning: Failed to read file '../../../Engine/Content/Editor/Slate/Niagara/Common/FlatButton.png' error.
[2021.07.15-19.18.30:922][  0]LogSlate: Could not find file for Slate resource: ../../../Engine/Content/Editor/Slate/Niagara/Common/FlatButton.png
[2021.07.15-19.18.30:922][  0]LogImageWrapper: Warning: PNG Warning: Duplicate iCCP chunk
[2021.07.15-19.18.30:922][  0]LogImageWrapper: Warning: PNG Warning: Duplicate iCCP chunk
[2021.07.15-19.18.31:028][  0]LogClass: Display: IntProperty FPongServerData::CurrentPlayers is not initialized properly. Module:UnrealPong File:Public/Core/PongData.h
[2021.07.15-19.18.31:028][  0]LogClass: Display: 1 Uninitialized script struct members found including 0 object properties
[2021.07.15-19.18.31:029][  0]LogEngine: Initializing Engine...
[2021.07.15-19.18.31:030][  0]LogHMD: Failed to enumerate extensions. Please check that you have a valid OpenXR runtime installed.
[2021.07.15-19.18.31:031][  0]LogHMD: Failed to initialize OpenVR with code 110
[2021.07.15-19.18.31:031][  0]LogMagicLeap: Warning: VR disabled because ZI is not enabled.  To enable, in the editor, Edit -> Project Settings -> Plugins -> Magic Leap Plugin -> Enable Zero Iteration
[2021.07.15-19.18.31:032][  0]LogStats: UGameplayTagsManager::InitializeManager -  0.000 s
[2021.07.15-19.18.31:122][  0]LogInit: Initializing FReadOnlyCVARCache
[2021.07.15-19.18.31:138][  0]LogAIModule: Creating AISystem for world Untitled
[2021.07.15-19.18.31:142][  0]LogAudio: Display: Initializing Audio Device Manager...
[2021.07.15-19.18.31:152][  0]LogAudio: Display: Loading Default Audio Settings Objects...
[2021.07.15-19.18.31:153][  0]LogAudio: Display: No default SoundConcurrencyObject specified (or failed to load).
[2021.07.15-19.18.31:153][  0]LogAudio: Display: Audio Device Manager Initialized
[2021.07.15-19.18.31:153][  0]LogAudio: Display: Creating Audio Device:                 Id: 1, Scope: Shared, Realtime: True
[2021.07.15-19.18.31:153][  0]LogAudioMixer: Display: Audio Mixer Platform Settings:
[2021.07.15-19.18.31:153][  0]LogAudioMixer: Display: 	Sample Rate:						  48000
[2021.07.15-19.18.31:154][  0]LogAudioMixer: Display: 	Callback Buffer Frame Size Requested: 256
[2021.07.15-19.18.31:154][  0]LogAudioMixer: Display: 	Callback Buffer Frame Size To Use:	  256
[2021.07.15-19.18.31:154][  0]LogAudioMixer: Display: 	Number of buffers to queue:			  7
[2021.07.15-19.18.31:154][  0]LogAudioMixer: Display: 	Max Channels (voices):				  32
[2021.07.15-19.18.31:154][  0]LogAudioMixer: Display: 	Number of Async Source Workers:		  0
[2021.07.15-19.18.31:154][  0]LogAudio: Display: AudioDevice MaxSources: 32
[2021.07.15-19.18.31:155][  0]LogAudio: Display: Audio Spatialization Plugin: None (built-in).
[2021.07.15-19.18.31:155][  0]LogAudio: Display: Audio Reverb Plugin: None (built-in).
[2021.07.15-19.18.31:155][  0]LogAudio: Display: Audio Occlusion Plugin: None (built-in).
[2021.07.15-19.18.31:155][  0]LogAudioMixer: Display: Initializing audio mixer.
[2021.07.15-19.18.31:194][  0]LogAudioMixer: Display: 0: FrontLeft
[2021.07.15-19.18.31:194][  0]LogAudioMixer: Display: 1: FrontRight
[2021.07.15-19.18.31:235][  0]LogAudioMixer: Display: Using Audio Device VoiceMeeter Input (VB-Audio VoiceMeeter VAIO)
[2021.07.15-19.18.31:236][  0]LogAudioMixer: Display: Initializing Sound Submixes...
[2021.07.15-19.18.31:238][  0]LogAudioMixer: Display: Creating Master Submix 'MasterSubmixDefault'
[2021.07.15-19.18.31:239][  0]LogAudioMixer: Display: Creating Master Submix 'MasterReverbSubmixDefault'
[2021.07.15-19.18.31:239][  0]LogAudioMixer: Display: Creating Master Submix 'MasterEQSubmixDefault'
[2021.07.15-19.18.31:239][  0]LogAudioMixer: FMixerPlatformXAudio2::StartAudioStream() called
[2021.07.15-19.18.31:240][  0]LogAudioMixer: Display: Output buffers initialized: Frames=256, Channels=2, Samples=512
[2021.07.15-19.18.31:241][  0]LogAudioMixer: Display: Starting AudioMixerPlatformInterface::RunInternal()
[2021.07.15-19.18.31:241][  0]LogAudioMixer: Display: FMixerPlatformXAudio2::SubmitBuffer() called for the first time
[2021.07.15-19.18.31:241][  0]LogInit: FAudioDevice initialized.
[2021.07.15-19.18.31:241][  0]LogAudio: Display: Audio Device (ID: 1) registered with world 'Untitled'.
[2021.07.15-19.18.31:241][  0]LogNetVersion: Set ProjectVersion to 1.0.0.0. Version Checksum will be recalculated on next use.
[2021.07.15-19.18.31:287][  0]LogDerivedDataCache: Saved boot cache 0.05s 94MB ../../../../Projects/UnrealPong/DerivedDataCache/Boot.ddc.
[2021.07.15-19.18.31:290][  0]LogInit: Texture streaming: Enabled
[2021.07.15-19.18.31:319][  0]LogAnalytics: Display: [UEEditor.Perforce.Dev] APIServer = https://datarouter.ol.epicgames.com/. AppVersion = 4.27.0-0+++UE4+Release-4.27
[2021.07.15-19.18.31:329][  0]LogEngineSessionManager: EngineSessionManager initialized
[2021.07.15-19.18.31:329][  0]LogEngineSessionManager: EngineSessionManager sent abnormal shutdown report. Type=Debugger, SessionId={D1D83FE4-45E1-FBEA-FB48-3EB03E1874EC}
[2021.07.15-19.18.31:329][  0]LogEditorSessionSummary: Verbose: Initializing EditorSessionSummaryWriter for editor session tracking
[2021.07.15-19.18.31:331][  0]LogEditorSessionSummary: EditorSessionSummaryWriter initialized
[2021.07.15-19.18.31:363][  0]LogInit: Transaction tracking system initialized
[2021.07.15-19.18.31:422][  0]BlueprintLog: New page: Editor Load
[2021.07.15-19.18.31:585][  0]LocalizationService: Localization service is disabled
[2021.07.15-19.18.31:652][  0]TimingProfiler: Initialize
[2021.07.15-19.18.31:652][  0]TimingProfiler: OnSessionChanged
[2021.07.15-19.18.31:652][  0]LoadingProfiler: Initialize
[2021.07.15-19.18.31:652][  0]LoadingProfiler: OnSessionChanged
[2021.07.15-19.18.31:652][  0]NetworkingProfiler: Initialize
[2021.07.15-19.18.31:653][  0]NetworkingProfiler: OnSessionChanged
[2021.07.15-19.18.31:653][  0]MemoryProfiler: Initialize
[2021.07.15-19.18.31:653][  0]MemoryProfiler: OnSessionChanged
[2021.07.15-19.18.31:858][  0]LogCook: Display: CookSettings for Memory: MemoryMaxUsedVirtual 0MiB, MemoryMaxUsedPhysical 16384MiB, MemoryMinFreeVirtual 0MiB, MemoryMinFreePhysical 1024MiB
[2021.07.15-19.18.31:858][  0]LogFileCache: Scanning file cache for directory 'C:/Users/zonks/Documents/Unreal/Projects/UnrealPong/Content/' took 0.00s
[2021.07.15-19.18.31:859][  0]LogCook: Display: Mobile HDR setting 1
[2021.07.15-19.18.31:980][  0]LogEncoderNVENC: Created D3D11 device for NVENC on 'NVIDIA GeForce GTX 1080'.
[2021.07.15-19.18.32:495][  0]LogStreaming: Warning: Failed to read file '../../../Engine/Content/Editor/Slate/Niagara/MenuSeparator.png' error.
[2021.07.15-19.18.32:496][  0]LogSlate: Could not find file for Slate resource: ../../../Engine/Content/Editor/Slate/Niagara/MenuSeparator.png
[2021.07.15-19.18.32:496][  0]LogStreaming: Warning: Failed to read file '../../../Engine/Content/Editor/Slate/Niagara/Common/Selector.png' error.
[2021.07.15-19.18.32:496][  0]LogSlate: Could not find file for Slate resource: ../../../Engine/Content/Editor/Slate/Niagara/Common/Selector.png
[2021.07.15-19.18.32:496][  0]LogStreaming: Warning: Failed to read file '../../../Engine/Content/Editor/Slate/Niagara/Common/Selection.png' error.
[2021.07.15-19.18.32:496][  0]LogSlate: Could not find file for Slate resource: ../../../Engine/Content/Editor/Slate/Niagara/Common/Selection.png
[2021.07.15-19.18.32:496][  0]LogStreaming: Warning: Failed to read file '../../../Engine/Content/Editor/Slate/Niagara/Common/DropZoneIndicator_Onto.png' error.
[2021.07.15-19.18.32:496][  0]LogSlate: Could not find file for Slate resource: ../../../Engine/Content/Editor/Slate/Niagara/Common/DropZoneIndicator_Onto.png
[2021.07.15-19.18.32:496][  0]LogStreaming: Warning: Failed to read file '../../../Engine/Content/Editor/Slate/Niagara/Common/DropZoneIndicator_Below.png' error.
[2021.07.15-19.18.32:497][  0]LogSlate: Could not find file for Slate resource: ../../../Engine/Content/Editor/Slate/Niagara/Common/DropZoneIndicator_Below.png
[2021.07.15-19.18.32:497][  0]LogStreaming: Warning: Failed to read file '../../../Engine/Content/Editor/Slate/Niagara/Common/DropZoneIndicator_Above.png' error.
[2021.07.15-19.18.32:497][  0]LogSlate: Could not find file for Slate resource: ../../../Engine/Content/Editor/Slate/Niagara/Common/DropZoneIndicator_Above.png
[2021.07.15-19.18.32:497][  0]LogStreaming: Warning: Failed to read file '../../../Engine/Content/Editor/Slate/Niagara/Common/RoundedSelection_16x.png' error.
[2021.07.15-19.18.32:497][  0]LogSlate: Could not find file for Slate resource: ../../../Engine/Content/Editor/Slate/Niagara/Common/RoundedSelection_16x.png
[2021.07.15-19.18.32:497][  0]LogStreaming: Warning: Failed to read file '../../../Engine/Content/Editor/Slate/Niagara/Common/FlatButton.png' error.
[2021.07.15-19.18.32:497][  0]LogImageWrapper: Warning: PNG Warning: Duplicate iCCP chunk
[2021.07.15-19.18.32:498][  0]LogSlate: Could not find file for Slate resource: ../../../Engine/Content/Editor/Slate/Niagara/Common/FlatButton.png
[2021.07.15-19.18.32:498][  0]LogImageWrapper: Warning: PNG Warning: Duplicate iCCP chunk
[2021.07.15-19.18.32:498][  0]LogInit: Display: Engine is initialized. Leaving FEngineLoop::Init()
[2021.07.15-19.18.32:501][  0]SourceControl: Source control is disabled
[2021.07.15-19.18.32:501][  0]LogUnrealEdMisc: Loading editor; pre map load, took 9.696
[2021.07.15-19.18.32:501][  0]Cmd: MAP LOAD FILE="../../../../Projects/UnrealPong/Content/Maps/Game.umap" TEMPLATE=0 SHOWPROGRESS=1 FEATURELEVEL=3
[2021.07.15-19.18.32:502][  0]LightingResults: New page: Lighting Build
[2021.07.15-19.18.32:503][  0]LogWorld: UWorld::CleanupWorld for Untitled, bSessionEnded=true, bCleanupResources=true
[2021.07.15-19.18.32:503][  0]LogSlate: InvalidateAllWidgets triggered.  All widgets were invalidated
[2021.07.15-19.18.32:503][  0]MapCheck: New page: Map Check
[2021.07.15-19.18.32:503][  0]LightingResults: New page: Lighting Build
[2021.07.15-19.18.32:509][  0]LogUObjectHash: Compacting FUObjectHashTables data took   0.79ms
[2021.07.15-19.18.32:524][  0]LogAudio: Display: Audio Device (ID: 1) registered with world 'Game'.
[2021.07.15-19.18.32:525][  0]LogAIModule: Creating AISystem for world Game
[2021.07.15-19.18.32:527][  0]LogEditorServer: Finished looking for orphan Actors (0.000 secs)
[2021.07.15-19.18.32:533][  0]LogUObjectHash: Compacting FUObjectHashTables data took   1.05ms
[2021.07.15-19.18.32:534][  0]Cmd: MAP CHECKDEP NOCLEARLOG
[2021.07.15-19.18.32:534][  0]MapCheck: Map check complete: 0 Error(s), 0 Warning(s), took 0.35ms to complete.
[2021.07.15-19.18.32:535][  0]LogFileHelpers: Loading map 'Game' took 0.034
[2021.07.15-19.18.32:537][  0]LogUnrealEdMisc: Total Editor Startup Time, took 9.730
[2021.07.15-19.18.32:643][  0]LogSlate: Updating window title bar state: overlay mode, drag disabled, window buttons hidden, title bar hidden
[2021.07.15-19.18.32:649][  0]LogSlate: Updating window title bar state: overlay mode, drag disabled, window buttons hidden, title bar hidden
[2021.07.15-19.18.32:654][  0]LogSlate: Updating window title bar state: overlay mode, drag disabled, window buttons hidden, title bar hidden
[2021.07.15-19.18.32:659][  0]LogSlate: Updating window title bar state: overlay mode, drag disabled, window buttons hidden, title bar hidden
[2021.07.15-19.18.32:671][  0]LogNativeClassHierarchy: Verbose: Native class hierarchy populated in 0.0090 seconds. Added 3833 classes and 936 folders.
[2021.07.15-19.18.32:689][  0]LogNativeClassHierarchy: Verbose: Native class hierarchy updated for 'WidgetCarousel' in 0.0002 seconds. Added 0 classes and 0 folders.
[2021.07.15-19.18.32:690][  0]LogNativeClassHierarchy: Verbose: Native class hierarchy updated for 'AddContentDialog' in 0.0002 seconds. Added 0 classes and 0 folders.
[2021.07.15-19.18.32:694][  0]LogNativeClassHierarchy: Verbose: Native class hierarchy updated for 'SceneOutliner' in 0.0002 seconds. Added 2 classes and 0 folders.
[2021.07.15-19.18.32:714][  0]LogSlate: Took 0.000135 seconds to synchronously load lazily loaded font '../../../Engine/Content/Slate/Fonts/Roboto-Regular.ttf' (155K)
[2021.07.15-19.18.32:715][  0]LogSlate: Took 0.000137 seconds to synchronously load lazily loaded font '../../../Engine/Content/Editor/Slate/Fonts/FontAwesome.ttf' (139K)
[2021.07.15-19.18.32:717][  0]LogSlate: Took 0.000127 seconds to synchronously load lazily loaded font '../../../Engine/Content/Slate/Fonts/Roboto-Bold.ttf' (160K)
[2021.07.15-19.18.32:795][  0]LogRenderer: Reallocating scene render targets to support 1616x836 Format 10 NumSamples 1 (Frame:1).
[2021.07.15-19.18.33:418][  0]LogNativeClassHierarchy: Verbose: Native class hierarchy updated for 'HierarchicalLODOutliner' in 0.0003 seconds. Added 0 classes and 0 folders.
[2021.07.15-19.18.33:419][  0]LogLoad: (Engine Initialization) Total time: 10.62 seconds
[2021.07.15-19.18.33:419][  0]LogLoad: (Engine Initialization) Total Blueprint compile time: 0.00 seconds
[2021.07.15-19.18.33:463][  0]LogAssetRegistry: Asset discovery search completed in 6.5026 seconds
[2021.07.15-19.18.33:468][  0]LogCollectionManager: Fixed up redirectors for 0 collections in 0.000002 seconds (updated 0 objects)
[2021.07.15-19.18.33:470][  0]LogContentStreaming: Texture pool size now 1000 MB
[2021.07.15-19.18.33:576][  6]LogActor: Warning: BP_PongWall_C /Engine/Transient.World_0:PersistentLevel.BP_PongWall_C_0 has natively added scene component(s), but none of them were set as the actor's RootComponent - picking one arbitrarily
[2021.07.15-19.18.33:596][  7]LogActor: Warning: BP_PongGoal_C /Engine/Transient.World_2:PersistentLevel.BP_PongGoal_C_0 has natively added scene component(s), but none of them were set as the actor's RootComponent - picking one arbitrarily
[2021.07.15-19.18.36:932][160]LogSlate: Took 0.000109 seconds to synchronously load lazily loaded font '../../../Engine/Content/Slate/Fonts/Roboto-Light.ttf' (167K)
[2021.07.15-19.18.36:997][160]LogSlate: Took 0.000147 seconds to synchronously load lazily loaded font '../../../Engine/Content/Slate/Fonts/Roboto-BoldCondensed.ttf' (158K)
[2021.07.15-19.18.50:756][919]Running C:/Users/zonks/Documents/Unreal/Engine/Engine/Binaries/DotNET/UnrealBuildTool.exe  -projectfiles -project="C:/Users/zonks/Documents/Unreal/Projects/UnrealPong/UnrealPong.uproject" -game -engine -progress
[2021.07.15-19.18.51:160][919]Discovering modules, targets and source code for project...
[2021.07.15-19.18.53:565][919]Binding IntelliSense data...
[2021.07.15-19.18.56:285][919]Binding IntelliSense data... 100%
[2021.07.15-19.18.56:285][919]Writing project files...
[2021.07.15-19.19.00:005][919]Writing project files... 100%
[2021.07.15-19.19.00:112][919]Candidate modules for hot reload:
[2021.07.15-19.19.00:112][919]  UnrealPong
[2021.07.15-19.19.00:112][919]Building UnrealBuildTool...
[2021.07.15-19.19.00:112][919]Building UnrealBuildTool in C:/Users/zonks/Documents/Unreal/Engine/...
[2021.07.15-19.19.00:113][919]Running: C:\Windows\Microsoft.NET\Framework\v4.0.30319\MSBuild.exe /nologo /verbosity:quiet "C:/Users/zonks/Documents/Unreal/Engine/Engine/Source/Programs/UnrealBuildTool/UnrealBuildTool.csproj" /property:Configuration=Development /property:Platform=AnyCPU
[2021.07.15-19.19.00:761][919]Launching UnrealBuildTool... [C:/Users/zonks/Documents/Unreal/Engine/Engine/Binaries/DotNET/UnrealBuildTool.exe  -ModuleWithSuffix=UnrealPong,0515 UnrealPongEditor Win64 Development -Project="C:/Users/zonks/Documents/Unreal/Projects/UnrealPong/UnrealPong.uproject" "C:/Users/zonks/Documents/Unreal/Projects/UnrealPong/UnrealPong.uproject"  -IgnoreJunk]
[2021.07.15-19.19.10:774][919]CompilerResultsLog: New page: Compilation - Jul 15, 2021, 7:19:10 AM
[2021.07.15-19.19.10:774][919]CompilerResultsLog: Creating makefile for UnrealPongEditor (no existing makefile)
[2021.07.15-19.19.10:774][919]CompilerResultsLog: Creating makefile for UnrealHeaderTool (no existing makefile)
[2021.07.15-19.19.10:775][919]CompilerResultsLog: Parsing headers for UnrealPongEditor
[2021.07.15-19.19.10:775][919]CompilerResultsLog:   Running UnrealHeaderTool "C:\Users\zonks\Documents\Unreal\Projects\UnrealPong\UnrealPong.uproject" "C:\Users\zonks\Documents\Unreal\Projects\UnrealPong\Intermediate\Build\Win64\UnrealPongEditor\Development\UnrealPongEditor.uhtmanifest" -LogCmds="loginit warning, logexit warning, logdatabase error" -Unattended -WarningsAsErrors -abslog="C:\Users\zonks\Documents\Unreal\Engine\Engine\Programs\UnrealBuildTool\Log_UHT.txt"
[2021.07.15-19.19.10:775][919]CompilerResultsLog: LogInit: Display: Loading text-based GConfig....
[2021.07.15-19.19.10:775][919]CompilerResultsLog: Reflection code generated for UnrealPongEditor in 3.5106023 seconds
[2021.07.15-19.19.10:776][919]CompilerResultsLog: Building UnrealPongEditor...
[2021.07.15-19.19.10:776][919]CompilerResultsLog: Using Visual Studio 2019 14.29.30038 toolchain (C:\Program Files (x86)\Microsoft Visual Studio\2019\Community\VC\Tools\MSVC\14.29.30037) and Windows 10.0.18362.0 SDK (C:\Program Files (x86)\Windows Kits\10).
[2021.07.15-19.19.10:776][919]CompilerResultsLog: Building 6 actions with 12 processes...
[2021.07.15-19.19.10:776][919]CompilerResultsLog:   [1/6] UnrealPong.init.gen.cpp
[2021.07.15-19.19.10:776][919]CompilerResultsLog:   [2/6] PongPlayerState.cpp
[2021.07.15-19.19.10:776][919]CompilerResultsLog:   [3/6] PongPlayerState.gen.cpp
[2021.07.15-19.19.10:777][919]CompilerResultsLog:   [4/6] UE4Editor-UnrealPong-0515.lib
[2021.07.15-19.19.10:777][919]CompilerResultsLog:      Creating library C:\Users\zonks\Documents\Unreal\Projects\UnrealPong\Intermediate\Build\Win64\UE4Editor\Development\UnrealPong\UE4Editor-UnrealPong-0515.lib and object C:\Users\zonks\Documents\Unreal\Projects\UnrealPong\Intermediate\Build\Win64\UE4Editor\Development\UnrealPong\UE4Editor-UnrealPong-0515.exp
[2021.07.15-19.19.10:777][919]CompilerResultsLog:   [5/6] UE4Editor-UnrealPong-0515.dll
[2021.07.15-19.19.10:777][919]CompilerResultsLog:      Creating library C:\Users\zonks\Documents\Unreal\Projects\UnrealPong\Intermediate\Build\Win64\UE4Editor\Development\UnrealPong\UE4Editor-UnrealPong-0515.suppressed.lib and object C:\Users\zonks\Documents\Unreal\Projects\UnrealPong\Intermediate\Build\Win64\UE4Editor\Development\UnrealPong\UE4Editor-UnrealPong-0515.suppressed.exp
[2021.07.15-19.19.10:778][919]CompilerResultsLog:   [6/6] UnrealPongEditor.target
[2021.07.15-19.19.10:778][919]CompilerResultsLog: Total time in Parallel executor: 1.56 seconds
[2021.07.15-19.19.10:778][919]CompilerResultsLog: Total execution time: 9.74 seconds
[2021.07.15-19.19.10:778][919]LogMainFrame: MainFrame: Module compiling took 10.672 seconds
[2021.07.15-19.19.10:829][919]LogClass: Could not find existing class PongPlayerState in package /Script/UnrealPong for HotReload, assuming new class
[2021.07.15-19.19.10:830][919]LogClass: PongServerData HotReload.
[2021.07.15-19.19.10:837][919]LogNativeClassHierarchy: Verbose: Native class hierarchy updated for 'UnrealPong' in 0.0003 seconds. Added 15 classes and 6 folders.
[2021.07.15-19.19.10:841][919]Display: HotReload successful (22 functions remapped  1 scriptstructs remapped)
[2021.07.15-19.19.10:892][919]LogNativeClassHierarchy: Verbose: Native class hierarchy populated in 0.0123 seconds. Added 3834 classes and 936 folders.
[2021.07.15-19.19.10:892][919]Display: HotReload took 10.8s.
[2021.07.15-19.19.10:892][919]Warning: HotReload operation took 10.8s.
[2021.07.15-19.19.10:920][919]LogSlate: Window 'Add C++ Class' being destroyed
[2021.07.15-19.19.10:925][919]LogHotReload: New module detected: UE4Editor-UnrealPong-0515.dll
[2021.07.15-19.19.10:970][920]LogHotReload: Starting Hot-Reload from IDE
[2021.07.15-19.19.11:040][920]LogNativeClassHierarchy: Verbose: Native class hierarchy updated for 'UnrealPong' in 0.0006 seconds. Added 15 classes and 6 folders.
[2021.07.15-19.19.11:046][920]Display: HotReload successful (0 functions remapped  1 scriptstructs remapped)
[2021.07.15-19.19.11:061][920]LogNativeClassHierarchy: Verbose: Native class hierarchy populated in 0.0122 seconds. Added 3834 classes and 936 folders.
[2021.07.15-19.19.11:064][920]Display: HotReload took  0.1s.
[2021.07.15-19.19.25:862][965]LogAudioMixer: Display: Audio Buffer Underrun (starvation) detected.
